{"/Users/jzempel/Sites/zendeskgarden/react-components/packages/autocomplete/src/containers/AutocompleteContainer.js": {"path":"/Users/jzempel/Sites/zendeskgarden/react-components/packages/autocomplete/src/containers/AutocompleteContainer.js","statementMap":{"0":{"start":{"line":31,"column":20},"end":{"line":33,"column":1}},"1":{"start":{"line":32,"column":22},"end":{"line":32,"column":34}},"2":{"start":{"line":36,"column":21},"end":{"line":122,"column":3}},"3":{"start":{"line":124,"column":24},"end":{"line":128,"column":3}},"4":{"start":{"line":131,"column":4},"end":{"line":131,"column":19}},"5":{"start":{"line":133,"column":4},"end":{"line":138,"column":6}},"6":{"start":{"line":140,"column":4},"end":{"line":140,"column":58}},"7":{"start":{"line":141,"column":4},"end":{"line":141,"column":83}},"8":{"start":{"line":143,"column":4},"end":{"line":143,"column":56}},"9":{"start":{"line":144,"column":4},"end":{"line":144,"column":79}},"10":{"start":{"line":148,"column":27},"end":{"line":148,"column":52}},"11":{"start":{"line":149,"column":31},"end":{"line":151,"column":28}},"12":{"start":{"line":157,"column":4},"end":{"line":167,"column":5}},"13":{"start":{"line":158,"column":18},"end":{"line":158,"column":66}},"14":{"start":{"line":159,"column":23},"end":{"line":159,"column":69}},"15":{"start":{"line":162,"column":6},"end":{"line":166,"column":7}},"16":{"start":{"line":170,"column":32},"end":{"line":174,"column":3}},"17":{"start":{"line":171,"column":23},"end":{"line":171,"column":53}},"18":{"start":{"line":173,"column":4},"end":{"line":173,"column":84}},"19":{"start":{"line":176,"column":30},"end":{"line":180,"column":3}},"20":{"start":{"line":177,"column":26},"end":{"line":177,"column":59}},"21":{"start":{"line":179,"column":4},"end":{"line":179,"column":85}},"22":{"start":{"line":182,"column":15},"end":{"line":188,"column":3}},"23":{"start":{"line":183,"column":25},"end":{"line":183,"column":35}},"24":{"start":{"line":184,"column":19},"end":{"line":184,"column":52}},"25":{"start":{"line":186,"column":4},"end":{"line":186,"column":46}},"26":{"start":{"line":187,"column":4},"end":{"line":187,"column":40}},"27":{"start":{"line":190,"column":17},"end":{"line":192,"column":3}},"28":{"start":{"line":191,"column":4},"end":{"line":191,"column":72}},"29":{"start":{"line":194,"column":18},"end":{"line":197,"column":3}},"30":{"start":{"line":195,"column":4},"end":{"line":195,"column":46}},"31":{"start":{"line":196,"column":4},"end":{"line":196,"column":47}},"32":{"start":{"line":199,"column":15},"end":{"line":201,"column":3}},"33":{"start":{"line":200,"column":4},"end":{"line":200,"column":43}},"34":{"start":{"line":203,"column":38},"end":{"line":210,"column":3}},"35":{"start":{"line":204,"column":4},"end":{"line":209,"column":5}},"36":{"start":{"line":205,"column":6},"end":{"line":208,"column":7}},"37":{"start":{"line":206,"column":8},"end":{"line":206,"column":48}},"38":{"start":{"line":207,"column":8},"end":{"line":207,"column":27}},"39":{"start":{"line":212,"column":34},"end":{"line":224,"column":3}},"40":{"start":{"line":213,"column":23},"end":{"line":213,"column":48}},"41":{"start":{"line":215,"column":4},"end":{"line":223,"column":5}},"42":{"start":{"line":216,"column":6},"end":{"line":222,"column":7}},"43":{"start":{"line":217,"column":8},"end":{"line":217,"column":28}},"44":{"start":{"line":218,"column":8},"end":{"line":218,"column":27}},"45":{"start":{"line":219,"column":13},"end":{"line":222,"column":7}},"46":{"start":{"line":220,"column":8},"end":{"line":220,"column":44}},"47":{"start":{"line":221,"column":8},"end":{"line":221,"column":27}},"48":{"start":{"line":226,"column":27},"end":{"line":317,"column":3}},"49":{"start":{"line":228,"column":6},"end":{"line":232,"column":7}},"50":{"start":{"line":229,"column":8},"end":{"line":229,"column":46}},"51":{"start":{"line":231,"column":8},"end":{"line":231,"column":50}},"52":{"start":{"line":235,"column":6},"end":{"line":239,"column":7}},"53":{"start":{"line":236,"column":8},"end":{"line":236,"column":50}},"54":{"start":{"line":238,"column":8},"end":{"line":238,"column":46}},"55":{"start":{"line":242,"column":25},"end":{"line":242,"column":50}},"56":{"start":{"line":244,"column":6},"end":{"line":250,"column":7}},"57":{"start":{"line":245,"column":8},"end":{"line":245,"column":47}},"58":{"start":{"line":246,"column":8},"end":{"line":246,"column":27}},"59":{"start":{"line":247,"column":13},"end":{"line":250,"column":7}},"60":{"start":{"line":248,"column":8},"end":{"line":248,"column":45}},"61":{"start":{"line":249,"column":8},"end":{"line":249,"column":27}},"62":{"start":{"line":253,"column":25},"end":{"line":253,"column":50}},"63":{"start":{"line":255,"column":6},"end":{"line":261,"column":7}},"64":{"start":{"line":256,"column":8},"end":{"line":256,"column":46}},"65":{"start":{"line":257,"column":8},"end":{"line":257,"column":27}},"66":{"start":{"line":258,"column":13},"end":{"line":261,"column":7}},"67":{"start":{"line":259,"column":8},"end":{"line":259,"column":28}},"68":{"start":{"line":260,"column":8},"end":{"line":260,"column":27}},"69":{"start":{"line":264,"column":25},"end":{"line":264,"column":50}},"70":{"start":{"line":266,"column":6},"end":{"line":269,"column":7}},"71":{"start":{"line":267,"column":8},"end":{"line":267,"column":29}},"72":{"start":{"line":268,"column":8},"end":{"line":268,"column":27}},"73":{"start":{"line":272,"column":25},"end":{"line":272,"column":50}},"74":{"start":{"line":274,"column":6},"end":{"line":285,"column":7}},"75":{"start":{"line":275,"column":8},"end":{"line":279,"column":9}},"76":{"start":{"line":276,"column":10},"end":{"line":276,"column":84}},"77":{"start":{"line":277,"column":15},"end":{"line":279,"column":9}},"78":{"start":{"line":278,"column":10},"end":{"line":278,"column":47}},"79":{"start":{"line":281,"column":8},"end":{"line":281,"column":27}},"80":{"start":{"line":282,"column":13},"end":{"line":285,"column":7}},"81":{"start":{"line":283,"column":8},"end":{"line":283,"column":28}},"82":{"start":{"line":284,"column":8},"end":{"line":284,"column":27}},"83":{"start":{"line":288,"column":25},"end":{"line":288,"column":50}},"84":{"start":{"line":290,"column":6},"end":{"line":296,"column":7}},"85":{"start":{"line":291,"column":8},"end":{"line":291,"column":46}},"86":{"start":{"line":292,"column":8},"end":{"line":292,"column":27}},"87":{"start":{"line":294,"column":8},"end":{"line":294,"column":47}},"88":{"start":{"line":295,"column":8},"end":{"line":295,"column":27}},"89":{"start":{"line":299,"column":25},"end":{"line":299,"column":50}},"90":{"start":{"line":301,"column":6},"end":{"line":307,"column":7}},"91":{"start":{"line":302,"column":8},"end":{"line":302,"column":50}},"92":{"start":{"line":303,"column":8},"end":{"line":303,"column":27}},"93":{"start":{"line":305,"column":8},"end":{"line":305,"column":46}},"94":{"start":{"line":306,"column":8},"end":{"line":306,"column":27}},"95":{"start":{"line":310,"column":25},"end":{"line":310,"column":50}},"96":{"start":{"line":312,"column":6},"end":{"line":315,"column":7}},"97":{"start":{"line":313,"column":8},"end":{"line":313,"column":28}},"98":{"start":{"line":314,"column":8},"end":{"line":314,"column":27}},"99":{"start":{"line":319,"column":14},"end":{"line":320,"column":86}},"100":{"start":{"line":320,"column":4},"end":{"line":320,"column":86}},"101":{"start":{"line":322,"column":13},"end":{"line":323,"column":85}},"102":{"start":{"line":323,"column":4},"end":{"line":323,"column":85}},"103":{"start":{"line":325,"column":18},"end":{"line":362,"column":3}},"104":{"start":{"line":334,"column":50},"end":{"line":334,"column":75}},"105":{"start":{"line":336,"column":4},"end":{"line":361,"column":6}},"106":{"start":{"line":345,"column":8},"end":{"line":347,"column":9}},"107":{"start":{"line":346,"column":10},"end":{"line":346,"column":31}},"108":{"start":{"line":350,"column":8},"end":{"line":350,"column":50}},"109":{"start":{"line":353,"column":31},"end":{"line":353,"column":69}},"110":{"start":{"line":355,"column":8},"end":{"line":355,"column":44}},"111":{"start":{"line":358,"column":8},"end":{"line":358,"column":27}},"112":{"start":{"line":364,"column":20},"end":{"line":385,"column":3}},"113":{"start":{"line":365,"column":4},"end":{"line":384,"column":6}},"114":{"start":{"line":367,"column":8},"end":{"line":367,"column":38}},"115":{"start":{"line":370,"column":8},"end":{"line":370,"column":39}},"116":{"start":{"line":373,"column":27},"end":{"line":373,"column":52}},"117":{"start":{"line":375,"column":8},"end":{"line":379,"column":9}},"118":{"start":{"line":376,"column":10},"end":{"line":376,"column":31}},"119":{"start":{"line":378,"column":10},"end":{"line":378,"column":30}},"120":{"start":{"line":381,"column":8},"end":{"line":381,"column":26}},"121":{"start":{"line":387,"column":17},"end":{"line":399,"column":3}},"122":{"start":{"line":388,"column":4},"end":{"line":398,"column":6}},"123":{"start":{"line":391,"column":8},"end":{"line":391,"column":35}},"124":{"start":{"line":394,"column":8},"end":{"line":394,"column":36}},"125":{"start":{"line":395,"column":8},"end":{"line":395,"column":26}},"126":{"start":{"line":401,"column":17},"end":{"line":441,"column":3}},"127":{"start":{"line":410,"column":27},"end":{"line":410,"column":52}},"128":{"start":{"line":411,"column":26},"end":{"line":411,"column":44}},"129":{"start":{"line":412,"column":25},"end":{"line":412,"column":88}},"130":{"start":{"line":414,"column":4},"end":{"line":414,"column":41}},"131":{"start":{"line":416,"column":4},"end":{"line":418,"column":5}},"132":{"start":{"line":417,"column":6},"end":{"line":417,"column":60}},"133":{"start":{"line":420,"column":4},"end":{"line":420,"column":40}},"134":{"start":{"line":422,"column":4},"end":{"line":440,"column":6}},"135":{"start":{"line":427,"column":8},"end":{"line":427,"column":29}},"136":{"start":{"line":433,"column":8},"end":{"line":437,"column":9}},"137":{"start":{"line":434,"column":10},"end":{"line":436,"column":13}},"138":{"start":{"line":443,"column":16},"end":{"line":479,"column":3}},"139":{"start":{"line":451,"column":30},"end":{"line":451,"column":55}},"140":{"start":{"line":452,"column":26},"end":{"line":452,"column":47}},"141":{"start":{"line":453,"column":25},"end":{"line":453,"column":56}},"142":{"start":{"line":455,"column":4},"end":{"line":455,"column":44}},"143":{"start":{"line":457,"column":4},"end":{"line":459,"column":5}},"144":{"start":{"line":458,"column":6},"end":{"line":458,"column":58}},"145":{"start":{"line":461,"column":4},"end":{"line":461,"column":38}},"146":{"start":{"line":463,"column":4},"end":{"line":478,"column":6}},"147":{"start":{"line":467,"column":8},"end":{"line":467,"column":34}},"148":{"start":{"line":470,"column":8},"end":{"line":470,"column":35}},"149":{"start":{"line":473,"column":8},"end":{"line":473,"column":52}},"150":{"start":{"line":474,"column":8},"end":{"line":474,"column":26}},"151":{"start":{"line":475,"column":8},"end":{"line":475,"column":27}},"152":{"start":{"line":484,"column":35},"end":{"line":492,"column":3}},"153":{"start":{"line":485,"column":26},"end":{"line":485,"column":36}},"154":{"start":{"line":487,"column":4},"end":{"line":489,"column":5}},"155":{"start":{"line":488,"column":6},"end":{"line":488,"column":46}},"156":{"start":{"line":491,"column":4},"end":{"line":491,"column":41}},"157":{"start":{"line":503,"column":8},"end":{"line":503,"column":18}},"158":{"start":{"line":504,"column":50},"end":{"line":504,"column":75}},"159":{"start":{"line":506,"column":4},"end":{"line":506,"column":37}},"160":{"start":{"line":507,"column":4},"end":{"line":507,"column":35}},"161":{"start":{"line":508,"column":4},"end":{"line":508,"column":26}},"162":{"start":{"line":509,"column":4},"end":{"line":509,"column":29}},"163":{"start":{"line":511,"column":4},"end":{"line":568,"column":6}},"164":{"start":{"line":516,"column":41},"end":{"line":516,"column":52}},"165":{"start":{"line":518,"column":14},"end":{"line":531,"column":16}},"166":{"start":{"line":526,"column":20},"end":{"line":526,"column":40}},"167":{"start":{"line":541,"column":40},"end":{"line":541,"column":69}},"168":{"start":{"line":542,"column":40},"end":{"line":542,"column":79}},"169":{"start":{"line":544,"column":29},"end":{"line":551,"column":18}},"170":{"start":{"line":553,"column":16},"end":{"line":555,"column":17}},"171":{"start":{"line":554,"column":18},"end":{"line":554,"column":31}},"172":{"start":{"line":557,"column":16},"end":{"line":561,"column":18}}},"fnMap":{"0":{"name":"(anonymous_0)","decl":{"start":{"line":32,"column":13},"end":{"line":32,"column":14}},"loc":{"start":{"line":32,"column":22},"end":{"line":32,"column":34}},"line":32},"1":{"name":"(anonymous_1)","decl":{"start":{"line":130,"column":2},"end":{"line":130,"column":3}},"loc":{"start":{"line":130,"column":23},"end":{"line":145,"column":3}},"line":130},"2":{"name":"(anonymous_2)","decl":{"start":{"line":147,"column":2},"end":{"line":147,"column":3}},"loc":{"start":{"line":147,"column":43},"end":{"line":168,"column":3}},"line":147},"3":{"name":"(anonymous_3)","decl":{"start":{"line":170,"column":32},"end":{"line":170,"column":33}},"loc":{"start":{"line":170,"column":54},"end":{"line":174,"column":3}},"line":170},"4":{"name":"(anonymous_4)","decl":{"start":{"line":176,"column":30},"end":{"line":176,"column":31}},"loc":{"start":{"line":176,"column":52},"end":{"line":180,"column":3}},"line":176},"5":{"name":"(anonymous_5)","decl":{"start":{"line":182,"column":15},"end":{"line":182,"column":16}},"loc":{"start":{"line":182,"column":30},"end":{"line":188,"column":3}},"line":182},"6":{"name":"(anonymous_6)","decl":{"start":{"line":190,"column":17},"end":{"line":190,"column":18}},"loc":{"start":{"line":190,"column":23},"end":{"line":192,"column":3}},"line":190},"7":{"name":"(anonymous_7)","decl":{"start":{"line":194,"column":18},"end":{"line":194,"column":19}},"loc":{"start":{"line":194,"column":24},"end":{"line":197,"column":3}},"line":194},"8":{"name":"(anonymous_8)","decl":{"start":{"line":199,"column":15},"end":{"line":199,"column":16}},"loc":{"start":{"line":199,"column":21},"end":{"line":201,"column":3}},"line":199},"9":{"name":"(anonymous_9)","decl":{"start":{"line":203,"column":38},"end":{"line":203,"column":39}},"loc":{"start":{"line":203,"column":43},"end":{"line":210,"column":3}},"line":203},"10":{"name":"(anonymous_10)","decl":{"start":{"line":212,"column":34},"end":{"line":212,"column":35}},"loc":{"start":{"line":212,"column":39},"end":{"line":224,"column":3}},"line":212},"11":{"name":"(anonymous_11)","decl":{"start":{"line":227,"column":22},"end":{"line":227,"column":23}},"loc":{"start":{"line":227,"column":27},"end":{"line":233,"column":5}},"line":227},"12":{"name":"(anonymous_12)","decl":{"start":{"line":234,"column":23},"end":{"line":234,"column":24}},"loc":{"start":{"line":234,"column":28},"end":{"line":240,"column":5}},"line":234},"13":{"name":"(anonymous_13)","decl":{"start":{"line":241,"column":22},"end":{"line":241,"column":23}},"loc":{"start":{"line":241,"column":27},"end":{"line":251,"column":5}},"line":241},"14":{"name":"(anonymous_14)","decl":{"start":{"line":252,"column":21},"end":{"line":252,"column":22}},"loc":{"start":{"line":252,"column":26},"end":{"line":262,"column":5}},"line":252},"15":{"name":"(anonymous_15)","decl":{"start":{"line":263,"column":24},"end":{"line":263,"column":25}},"loc":{"start":{"line":263,"column":29},"end":{"line":270,"column":5}},"line":263},"16":{"name":"(anonymous_16)","decl":{"start":{"line":271,"column":23},"end":{"line":271,"column":24}},"loc":{"start":{"line":271,"column":28},"end":{"line":286,"column":5}},"line":271},"17":{"name":"(anonymous_17)","decl":{"start":{"line":287,"column":22},"end":{"line":287,"column":23}},"loc":{"start":{"line":287,"column":27},"end":{"line":297,"column":5}},"line":287},"18":{"name":"(anonymous_18)","decl":{"start":{"line":298,"column":20},"end":{"line":298,"column":21}},"loc":{"start":{"line":298,"column":25},"end":{"line":308,"column":5}},"line":298},"19":{"name":"(anonymous_19)","decl":{"start":{"line":309,"column":23},"end":{"line":309,"column":24}},"loc":{"start":{"line":309,"column":28},"end":{"line":316,"column":5}},"line":309},"20":{"name":"(anonymous_20)","decl":{"start":{"line":319,"column":14},"end":{"line":319,"column":15}},"loc":{"start":{"line":320,"column":4},"end":{"line":320,"column":86}},"line":320},"21":{"name":"(anonymous_21)","decl":{"start":{"line":322,"column":13},"end":{"line":322,"column":14}},"loc":{"start":{"line":323,"column":4},"end":{"line":323,"column":85}},"line":323},"22":{"name":"(anonymous_22)","decl":{"start":{"line":325,"column":18},"end":{"line":325,"column":19}},"loc":{"start":{"line":333,"column":13},"end":{"line":362,"column":3}},"line":333},"23":{"name":"(anonymous_23)","decl":{"start":{"line":344,"column":43},"end":{"line":344,"column":44}},"loc":{"start":{"line":344,"column":49},"end":{"line":348,"column":7}},"line":344},"24":{"name":"(anonymous_24)","decl":{"start":{"line":349,"column":47},"end":{"line":349,"column":48}},"loc":{"start":{"line":349,"column":53},"end":{"line":351,"column":7}},"line":349},"25":{"name":"(anonymous_25)","decl":{"start":{"line":352,"column":49},"end":{"line":352,"column":50}},"loc":{"start":{"line":352,"column":54},"end":{"line":356,"column":7}},"line":352},"26":{"name":"(anonymous_26)","decl":{"start":{"line":357,"column":45},"end":{"line":357,"column":46}},"loc":{"start":{"line":357,"column":50},"end":{"line":359,"column":7}},"line":357},"27":{"name":"(anonymous_27)","decl":{"start":{"line":364,"column":20},"end":{"line":364,"column":21}},"loc":{"start":{"line":364,"column":71},"end":{"line":385,"column":3}},"line":364},"28":{"name":"(anonymous_28)","decl":{"start":{"line":366,"column":53},"end":{"line":366,"column":54}},"loc":{"start":{"line":366,"column":59},"end":{"line":368,"column":7}},"line":366},"29":{"name":"(anonymous_29)","decl":{"start":{"line":369,"column":49},"end":{"line":369,"column":50}},"loc":{"start":{"line":369,"column":55},"end":{"line":371,"column":7}},"line":369},"30":{"name":"(anonymous_30)","decl":{"start":{"line":372,"column":45},"end":{"line":372,"column":46}},"loc":{"start":{"line":372,"column":51},"end":{"line":382,"column":7}},"line":372},"31":{"name":"(anonymous_31)","decl":{"start":{"line":387,"column":17},"end":{"line":387,"column":18}},"loc":{"start":{"line":387,"column":82},"end":{"line":399,"column":3}},"line":387},"32":{"name":"(anonymous_32)","decl":{"start":{"line":390,"column":53},"end":{"line":390,"column":54}},"loc":{"start":{"line":390,"column":59},"end":{"line":392,"column":7}},"line":390},"33":{"name":"(anonymous_33)","decl":{"start":{"line":393,"column":49},"end":{"line":393,"column":50}},"loc":{"start":{"line":393,"column":55},"end":{"line":396,"column":7}},"line":393},"34":{"name":"(anonymous_34)","decl":{"start":{"line":401,"column":17},"end":{"line":401,"column":18}},"loc":{"start":{"line":409,"column":13},"end":{"line":441,"column":3}},"line":409},"35":{"name":"(anonymous_35)","decl":{"start":{"line":426,"column":45},"end":{"line":426,"column":46}},"loc":{"start":{"line":426,"column":51},"end":{"line":428,"column":7}},"line":426},"36":{"name":"(anonymous_36)","decl":{"start":{"line":432,"column":53},"end":{"line":432,"column":54}},"loc":{"start":{"line":432,"column":59},"end":{"line":438,"column":7}},"line":432},"37":{"name":"(anonymous_37)","decl":{"start":{"line":443,"column":16},"end":{"line":443,"column":17}},"loc":{"start":{"line":450,"column":8},"end":{"line":479,"column":3}},"line":450},"38":{"name":"(anonymous_38)","decl":{"start":{"line":466,"column":53},"end":{"line":466,"column":54}},"loc":{"start":{"line":466,"column":59},"end":{"line":468,"column":7}},"line":466},"39":{"name":"(anonymous_39)","decl":{"start":{"line":469,"column":49},"end":{"line":469,"column":50}},"loc":{"start":{"line":469,"column":55},"end":{"line":471,"column":7}},"line":469},"40":{"name":"(anonymous_40)","decl":{"start":{"line":472,"column":45},"end":{"line":472,"column":46}},"loc":{"start":{"line":472,"column":50},"end":{"line":476,"column":7}},"line":472},"41":{"name":"(anonymous_41)","decl":{"start":{"line":484,"column":35},"end":{"line":484,"column":36}},"loc":{"start":{"line":484,"column":41},"end":{"line":492,"column":3}},"line":484},"42":{"name":"(anonymous_42)","decl":{"start":{"line":494,"column":2},"end":{"line":494,"column":3}},"loc":{"start":{"line":494,"column":11},"end":{"line":569,"column":3}},"line":494},"43":{"name":"(anonymous_43)","decl":{"start":{"line":515,"column":13},"end":{"line":515,"column":14}},"loc":{"start":{"line":515,"column":34},"end":{"line":532,"column":13}},"line":515},"44":{"name":"(anonymous_44)","decl":{"start":{"line":525,"column":28},"end":{"line":525,"column":29}},"loc":{"start":{"line":525,"column":35},"end":{"line":527,"column":19}},"line":525},"45":{"name":"(anonymous_45)","decl":{"start":{"line":540,"column":15},"end":{"line":540,"column":16}},"loc":{"start":{"line":540,"column":52},"end":{"line":562,"column":15}},"line":540}},"branchMap":{"0":{"loc":{"start":{"line":149,"column":31},"end":{"line":151,"column":28}},"type":"cond-expr","locations":[{"start":{"line":150,"column":8},"end":{"line":150,"column":28}},{"start":{"line":151,"column":8},"end":{"line":151,"column":28}}],"line":149},"1":{"loc":{"start":{"line":157,"column":4},"end":{"line":167,"column":5}},"type":"if","locations":[{"start":{"line":157,"column":4},"end":{"line":167,"column":5}},{"start":{"line":157,"column":4},"end":{"line":167,"column":5}}],"line":157},"2":{"loc":{"start":{"line":157,"column":8},"end":{"line":157,"column":78}},"type":"binary-expr","locations":[{"start":{"line":157,"column":8},"end":{"line":157,"column":41}},{"start":{"line":157,"column":45},"end":{"line":157,"column":78}}],"line":157},"3":{"loc":{"start":{"line":158,"column":18},"end":{"line":158,"column":66}},"type":"cond-expr","locations":[{"start":{"line":158,"column":32},"end":{"line":158,"column":55}},{"start":{"line":158,"column":58},"end":{"line":158,"column":66}}],"line":158},"4":{"loc":{"start":{"line":162,"column":6},"end":{"line":166,"column":7}},"type":"if","locations":[{"start":{"line":162,"column":6},"end":{"line":166,"column":7}}],"line":162},"5":{"loc":{"start":{"line":184,"column":19},"end":{"line":184,"column":52}},"type":"binary-expr","locations":[{"start":{"line":184,"column":19},"end":{"line":184,"column":27}},{"start":{"line":184,"column":31},"end":{"line":184,"column":52}}],"line":184},"6":{"loc":{"start":{"line":200,"column":4},"end":{"line":200,"column":42}},"type":"binary-expr","locations":[{"start":{"line":200,"column":4},"end":{"line":200,"column":17}},{"start":{"line":200,"column":21},"end":{"line":200,"column":42}}],"line":200},"7":{"loc":{"start":{"line":204,"column":4},"end":{"line":209,"column":5}},"type":"if","locations":[{"start":{"line":204,"column":4},"end":{"line":209,"column":5}},{"start":{"line":204,"column":4},"end":{"line":209,"column":5}}],"line":204},"8":{"loc":{"start":{"line":205,"column":6},"end":{"line":208,"column":7}},"type":"if","locations":[{"start":{"line":205,"column":6},"end":{"line":208,"column":7}},{"start":{"line":205,"column":6},"end":{"line":208,"column":7}}],"line":205},"9":{"loc":{"start":{"line":215,"column":4},"end":{"line":223,"column":5}},"type":"if","locations":[{"start":{"line":215,"column":4},"end":{"line":223,"column":5}},{"start":{"line":215,"column":4},"end":{"line":223,"column":5}}],"line":215},"10":{"loc":{"start":{"line":216,"column":6},"end":{"line":222,"column":7}},"type":"if","locations":[{"start":{"line":216,"column":6},"end":{"line":222,"column":7}},{"start":{"line":216,"column":6},"end":{"line":222,"column":7}}],"line":216},"11":{"loc":{"start":{"line":219,"column":13},"end":{"line":222,"column":7}},"type":"if","locations":[{"start":{"line":219,"column":13},"end":{"line":222,"column":7}},{"start":{"line":219,"column":13},"end":{"line":222,"column":7}}],"line":219},"12":{"loc":{"start":{"line":228,"column":6},"end":{"line":232,"column":7}},"type":"if","locations":[{"start":{"line":228,"column":6},"end":{"line":232,"column":7}},{"start":{"line":228,"column":6},"end":{"line":232,"column":7}}],"line":228},"13":{"loc":{"start":{"line":235,"column":6},"end":{"line":239,"column":7}},"type":"if","locations":[{"start":{"line":235,"column":6},"end":{"line":239,"column":7}},{"start":{"line":235,"column":6},"end":{"line":239,"column":7}}],"line":235},"14":{"loc":{"start":{"line":244,"column":6},"end":{"line":250,"column":7}},"type":"if","locations":[{"start":{"line":244,"column":6},"end":{"line":250,"column":7}},{"start":{"line":244,"column":6},"end":{"line":250,"column":7}}],"line":244},"15":{"loc":{"start":{"line":247,"column":13},"end":{"line":250,"column":7}},"type":"if","locations":[{"start":{"line":247,"column":13},"end":{"line":250,"column":7}},{"start":{"line":247,"column":13},"end":{"line":250,"column":7}}],"line":247},"16":{"loc":{"start":{"line":255,"column":6},"end":{"line":261,"column":7}},"type":"if","locations":[{"start":{"line":255,"column":6},"end":{"line":261,"column":7}},{"start":{"line":255,"column":6},"end":{"line":261,"column":7}}],"line":255},"17":{"loc":{"start":{"line":258,"column":13},"end":{"line":261,"column":7}},"type":"if","locations":[{"start":{"line":258,"column":13},"end":{"line":261,"column":7}},{"start":{"line":258,"column":13},"end":{"line":261,"column":7}}],"line":258},"18":{"loc":{"start":{"line":258,"column":17},"end":{"line":258,"column":79}},"type":"binary-expr","locations":[{"start":{"line":258,"column":17},"end":{"line":258,"column":38}},{"start":{"line":258,"column":42},"end":{"line":258,"column":79}}],"line":258},"19":{"loc":{"start":{"line":266,"column":6},"end":{"line":269,"column":7}},"type":"if","locations":[{"start":{"line":266,"column":6},"end":{"line":269,"column":7}},{"start":{"line":266,"column":6},"end":{"line":269,"column":7}}],"line":266},"20":{"loc":{"start":{"line":274,"column":6},"end":{"line":285,"column":7}},"type":"if","locations":[{"start":{"line":274,"column":6},"end":{"line":285,"column":7}},{"start":{"line":274,"column":6},"end":{"line":285,"column":7}}],"line":274},"21":{"loc":{"start":{"line":275,"column":8},"end":{"line":279,"column":9}},"type":"if","locations":[{"start":{"line":275,"column":8},"end":{"line":279,"column":9}},{"start":{"line":275,"column":8},"end":{"line":279,"column":9}}],"line":275},"22":{"loc":{"start":{"line":277,"column":15},"end":{"line":279,"column":9}},"type":"if","locations":[{"start":{"line":277,"column":15},"end":{"line":279,"column":9}},{"start":{"line":277,"column":15},"end":{"line":279,"column":9}}],"line":277},"23":{"loc":{"start":{"line":282,"column":13},"end":{"line":285,"column":7}},"type":"if","locations":[{"start":{"line":282,"column":13},"end":{"line":285,"column":7}},{"start":{"line":282,"column":13},"end":{"line":285,"column":7}}],"line":282},"24":{"loc":{"start":{"line":290,"column":6},"end":{"line":296,"column":7}},"type":"if","locations":[{"start":{"line":290,"column":6},"end":{"line":296,"column":7}},{"start":{"line":290,"column":6},"end":{"line":296,"column":7}}],"line":290},"25":{"loc":{"start":{"line":301,"column":6},"end":{"line":307,"column":7}},"type":"if","locations":[{"start":{"line":301,"column":6},"end":{"line":307,"column":7}},{"start":{"line":301,"column":6},"end":{"line":307,"column":7}}],"line":301},"26":{"loc":{"start":{"line":312,"column":6},"end":{"line":315,"column":7}},"type":"if","locations":[{"start":{"line":312,"column":6},"end":{"line":315,"column":7}},{"start":{"line":312,"column":6},"end":{"line":315,"column":7}}],"line":312},"27":{"loc":{"start":{"line":320,"column":4},"end":{"line":320,"column":86}},"type":"cond-expr","locations":[{"start":{"line":320,"column":33},"end":{"line":320,"column":37}},{"start":{"line":320,"column":40},"end":{"line":320,"column":86}}],"line":320},"28":{"loc":{"start":{"line":323,"column":4},"end":{"line":323,"column":85}},"type":"cond-expr","locations":[{"start":{"line":323,"column":33},"end":{"line":323,"column":37}},{"start":{"line":323,"column":40},"end":{"line":323,"column":85}}],"line":323},"29":{"loc":{"start":{"line":325,"column":19},"end":{"line":333,"column":8}},"type":"default-arg","locations":[{"start":{"line":333,"column":6},"end":{"line":333,"column":8}}],"line":325},"30":{"loc":{"start":{"line":326,"column":4},"end":{"line":326,"column":16}},"type":"default-arg","locations":[{"start":{"line":326,"column":15},"end":{"line":326,"column":16}}],"line":326},"31":{"loc":{"start":{"line":327,"column":4},"end":{"line":327,"column":21}},"type":"default-arg","locations":[{"start":{"line":327,"column":11},"end":{"line":327,"column":21}}],"line":327},"32":{"loc":{"start":{"line":342,"column":31},"end":{"line":342,"column":97}},"type":"cond-expr","locations":[{"start":{"line":342,"column":40},"end":{"line":342,"column":66}},{"start":{"line":342,"column":69},"end":{"line":342,"column":97}}],"line":342},"33":{"loc":{"start":{"line":345,"column":8},"end":{"line":347,"column":9}},"type":"if","locations":[{"start":{"line":345,"column":8},"end":{"line":347,"column":9}},{"start":{"line":345,"column":8},"end":{"line":347,"column":9}}],"line":345},"34":{"loc":{"start":{"line":345,"column":12},"end":{"line":345,"column":69}},"type":"binary-expr","locations":[{"start":{"line":345,"column":12},"end":{"line":345,"column":18}},{"start":{"line":345,"column":22},"end":{"line":345,"column":42}},{"start":{"line":345,"column":46},"end":{"line":345,"column":69}}],"line":345},"35":{"loc":{"start":{"line":355,"column":8},"end":{"line":355,"column":43}},"type":"binary-expr","locations":[{"start":{"line":355,"column":8},"end":{"line":355,"column":22}},{"start":{"line":355,"column":26},"end":{"line":355,"column":43}}],"line":355},"36":{"loc":{"start":{"line":375,"column":8},"end":{"line":379,"column":9}},"type":"if","locations":[{"start":{"line":375,"column":8},"end":{"line":379,"column":9}},{"start":{"line":375,"column":8},"end":{"line":379,"column":9}}],"line":375},"37":{"loc":{"start":{"line":387,"column":18},"end":{"line":387,"column":77}},"type":"default-arg","locations":[{"start":{"line":387,"column":75},"end":{"line":387,"column":77}}],"line":387},"38":{"loc":{"start":{"line":387,"column":20},"end":{"line":387,"column":36}},"type":"default-arg","locations":[{"start":{"line":387,"column":27},"end":{"line":387,"column":36}}],"line":387},"39":{"loc":{"start":{"line":401,"column":18},"end":{"line":409,"column":8}},"type":"default-arg","locations":[{"start":{"line":409,"column":6},"end":{"line":409,"column":8}}],"line":401},"40":{"loc":{"start":{"line":402,"column":4},"end":{"line":402,"column":30}},"type":"default-arg","locations":[{"start":{"line":402,"column":10},"end":{"line":402,"column":30}}],"line":402},"41":{"loc":{"start":{"line":403,"column":4},"end":{"line":403,"column":28}},"type":"default-arg","locations":[{"start":{"line":403,"column":9},"end":{"line":403,"column":28}}],"line":403},"42":{"loc":{"start":{"line":404,"column":4},"end":{"line":404,"column":19}},"type":"default-arg","locations":[{"start":{"line":404,"column":11},"end":{"line":404,"column":19}}],"line":404},"43":{"loc":{"start":{"line":412,"column":25},"end":{"line":412,"column":88}},"type":"cond-expr","locations":[{"start":{"line":412,"column":47},"end":{"line":412,"column":80}},{"start":{"line":412,"column":83},"end":{"line":412,"column":88}}],"line":412},"44":{"loc":{"start":{"line":416,"column":4},"end":{"line":418,"column":5}},"type":"if","locations":[{"start":{"line":416,"column":4},"end":{"line":418,"column":5}},{"start":{"line":416,"column":4},"end":{"line":418,"column":5}}],"line":416},"45":{"loc":{"start":{"line":433,"column":8},"end":{"line":437,"column":9}},"type":"if","locations":[{"start":{"line":433,"column":8},"end":{"line":437,"column":9}},{"start":{"line":433,"column":8},"end":{"line":437,"column":9}}],"line":433},"46":{"loc":{"start":{"line":444,"column":4},"end":{"line":444,"column":30}},"type":"default-arg","locations":[{"start":{"line":444,"column":10},"end":{"line":444,"column":30}}],"line":444},"47":{"loc":{"start":{"line":445,"column":4},"end":{"line":445,"column":27}},"type":"default-arg","locations":[{"start":{"line":445,"column":9},"end":{"line":445,"column":27}}],"line":445},"48":{"loc":{"start":{"line":457,"column":4},"end":{"line":459,"column":5}},"type":"if","locations":[{"start":{"line":457,"column":4},"end":{"line":459,"column":5}},{"start":{"line":457,"column":4},"end":{"line":459,"column":5}}],"line":457},"49":{"loc":{"start":{"line":487,"column":4},"end":{"line":489,"column":5}},"type":"if","locations":[{"start":{"line":487,"column":4},"end":{"line":489,"column":5}},{"start":{"line":487,"column":4},"end":{"line":489,"column":5}}],"line":487},"50":{"loc":{"start":{"line":497,"column":6},"end":{"line":497,"column":23}},"type":"default-arg","locations":[{"start":{"line":497,"column":15},"end":{"line":497,"column":23}}],"line":497},"51":{"loc":{"start":{"line":519,"column":16},"end":{"line":530,"column":18}},"type":"binary-expr","locations":[{"start":{"line":519,"column":16},"end":{"line":519,"column":23}},{"start":{"line":520,"column":16},"end":{"line":530,"column":18}}],"line":519},"52":{"loc":{"start":{"line":553,"column":16},"end":{"line":555,"column":17}},"type":"if","locations":[{"start":{"line":553,"column":16},"end":{"line":555,"column":17}},{"start":{"line":553,"column":16},"end":{"line":555,"column":17}}],"line":553},"53":{"loc":{"start":{"line":564,"column":12},"end":{"line":564,"column":41}},"type":"binary-expr","locations":[{"start":{"line":564,"column":12},"end":{"line":564,"column":24}},{"start":{"line":564,"column":28},"end":{"line":564,"column":41}}],"line":564}},"s":{"0":4,"1":56,"2":4,"3":4,"4":76,"5":76,"6":76,"7":76,"8":76,"9":76,"10":72,"11":72,"12":72,"13":11,"14":11,"15":11,"16":76,"17":24,"18":24,"19":76,"20":16,"21":16,"22":76,"23":6,"24":6,"25":6,"26":6,"27":76,"28":24,"29":76,"30":5,"31":5,"32":76,"33":32,"34":76,"35":2,"36":2,"37":2,"38":2,"39":76,"40":4,"41":4,"42":4,"43":2,"44":2,"45":2,"46":2,"47":2,"48":76,"49":3,"50":2,"51":1,"52":3,"53":1,"54":2,"55":2,"56":2,"57":1,"58":1,"59":1,"60":1,"61":1,"62":4,"63":4,"64":1,"65":1,"66":3,"67":1,"68":1,"69":1,"70":1,"71":1,"72":1,"73":3,"74":3,"75":2,"76":1,"77":1,"78":1,"79":2,"80":1,"81":1,"82":1,"83":7,"84":7,"85":6,"86":6,"87":1,"88":1,"89":2,"90":2,"91":1,"92":1,"93":1,"94":1,"95":1,"96":1,"97":1,"98":1,"99":76,"100":664,"101":76,"102":384,"103":76,"104":148,"105":148,"106":3,"107":3,"108":2,"109":29,"110":29,"111":0,"112":76,"113":148,"114":1,"115":1,"116":20,"117":20,"118":1,"119":19,"120":20,"121":76,"122":148,"123":1,"124":1,"125":1,"126":76,"127":597,"128":597,"129":597,"130":597,"131":597,"132":11,"133":597,"134":597,"135":4,"136":0,"137":0,"138":76,"139":292,"140":292,"141":292,"142":292,"143":292,"144":16,"145":292,"146":292,"147":0,"148":0,"149":11,"150":11,"151":11,"152":76,"153":148,"154":148,"155":9,"156":139,"157":148,"158":148,"159":148,"160":148,"161":148,"162":148,"163":148,"164":148,"165":148,"166":296,"167":148,"168":148,"169":148,"170":148,"171":92,"172":56},"f":{"0":56,"1":76,"2":72,"3":24,"4":16,"5":6,"6":24,"7":5,"8":32,"9":2,"10":4,"11":3,"12":3,"13":2,"14":4,"15":1,"16":3,"17":7,"18":2,"19":1,"20":664,"21":384,"22":148,"23":3,"24":2,"25":29,"26":0,"27":148,"28":1,"29":1,"30":20,"31":148,"32":1,"33":1,"34":597,"35":4,"36":0,"37":292,"38":0,"39":0,"40":11,"41":148,"42":148,"43":148,"44":296,"45":148},"b":{"0":[34,38],"1":[11,61],"2":[72,11],"3":[11,0],"4":[0],"5":[6,6],"6":[32,32],"7":[2,0],"8":[2,0],"9":[4,0],"10":[2,2],"11":[2,0],"12":[2,1],"13":[1,2],"14":[1,1],"15":[1,0],"16":[1,3],"17":[1,2],"18":[3,2],"19":[1,0],"20":[2,1],"21":[1,1],"22":[1,0],"23":[1,0],"24":[6,1],"25":[1,1],"26":[1,0],"27":[45,619],"28":[76,308],"29":[0],"30":[148],"31":[148],"32":[56,92],"33":[3,0],"34":[3,3,3],"35":[29,26],"36":[1,19],"37":[4],"38":[148],"39":[0],"40":[0],"41":[597],"42":[597],"43":[585,12],"44":[11,586],"45":[0,0],"46":[0],"47":[292],"48":[16,276],"49":[9,139],"50":[148],"51":[148,148],"52":[92,56],"53":[148,148]},"_coverageSchema":"43e27e138ebf9cfc5966b082cf9a028302ed4184","hash":"e0fb0947d1430a16522ac1f39e00ab1d98ae136e"}
,"/Users/jzempel/Sites/zendeskgarden/react-components/packages/autocomplete/src/elements/Autocomplete.js": {"path":"/Users/jzempel/Sites/zendeskgarden/react-components/packages/autocomplete/src/elements/Autocomplete.js","statementMap":{"0":{"start":{"line":16,"column":19},"end":{"line":21,"column":1}},"1":{"start":{"line":23,"column":29},"end":{"line":26,"column":1}},"2":{"start":{"line":28,"column":27},"end":{"line":31,"column":1}},"3":{"start":{"line":30,"column":25},"end":{"line":30,"column":53}},"4":{"start":{"line":33,"column":20},"end":{"line":45,"column":1}},"5":{"start":{"line":35,"column":4},"end":{"line":44,"column":3}},"6":{"start":{"line":47,"column":24},"end":{"line":49,"column":1}},"7":{"start":{"line":51,"column":27},"end":{"line":54,"column":1}},"8":{"start":{"line":57,"column":21},"end":{"line":110,"column":3}},"9":{"start":{"line":112,"column":24},"end":{"line":115,"column":3}},"10":{"start":{"line":117,"column":10},"end":{"line":124,"column":3}},"11":{"start":{"line":126,"column":24},"end":{"line":131,"column":3}},"12":{"start":{"line":127,"column":30},"end":{"line":127,"column":76}},"13":{"start":{"line":128,"column":32},"end":{"line":128,"column":80}},"14":{"start":{"line":130,"column":4},"end":{"line":130,"column":65}},"15":{"start":{"line":133,"column":23},"end":{"line":137,"column":3}},"16":{"start":{"line":134,"column":25},"end":{"line":134,"column":76}},"17":{"start":{"line":136,"column":4},"end":{"line":136,"column":98}},"18":{"start":{"line":136,"column":47},"end":{"line":136,"column":96}},"19":{"start":{"line":139,"column":20},"end":{"line":167,"column":3}},"20":{"start":{"line":140,"column":62},"end":{"line":140,"column":72}},"21":{"start":{"line":141,"column":27},"end":{"line":141,"column":37}},"22":{"start":{"line":143,"column":28},"end":{"line":160,"column":6}},"23":{"start":{"line":144,"column":22},"end":{"line":144,"column":52}},"24":{"start":{"line":146,"column":20},"end":{"line":151,"column":8}},"25":{"start":{"line":153,"column":6},"end":{"line":153,"column":36}},"26":{"start":{"line":155,"column":6},"end":{"line":157,"column":7}},"27":{"start":{"line":156,"column":8},"end":{"line":156,"column":35}},"28":{"start":{"line":159,"column":6},"end":{"line":159,"column":33}},"29":{"start":{"line":162,"column":4},"end":{"line":164,"column":5}},"30":{"start":{"line":163,"column":6},"end":{"line":163,"column":29}},"31":{"start":{"line":166,"column":4},"end":{"line":166,"column":75}},"32":{"start":{"line":188,"column":8},"end":{"line":188,"column":18}},"33":{"start":{"line":189,"column":69},"end":{"line":189,"column":94}},"34":{"start":{"line":191,"column":29},"end":{"line":195,"column":10}},"35":{"start":{"line":192,"column":6},"end":{"line":192,"column":46}},"36":{"start":{"line":194,"column":6},"end":{"line":194,"column":24}},"37":{"start":{"line":197,"column":4},"end":{"line":348,"column":6}},"38":{"start":{"line":200,"column":10},"end":{"line":345,"column":22}},"39":{"start":{"line":205,"column":20},"end":{"line":208,"column":21}},"40":{"start":{"line":206,"column":22},"end":{"line":206,"column":61}},"41":{"start":{"line":207,"column":22},"end":{"line":207,"column":64}},"42":{"start":{"line":211,"column":20},"end":{"line":211,"column":65}},"43":{"start":{"line":214,"column":20},"end":{"line":214,"column":66}},"44":{"start":{"line":227,"column":16},"end":{"line":227,"column":50}},"45":{"start":{"line":230,"column":16},"end":{"line":232,"column":17}},"46":{"start":{"line":231,"column":18},"end":{"line":231,"column":43}},"47":{"start":{"line":234,"column":16},"end":{"line":234,"column":50}},"48":{"start":{"line":242,"column":35},"end":{"line":255,"column":18}},"49":{"start":{"line":252,"column":20},"end":{"line":252,"column":42}},"50":{"start":{"line":253,"column":20},"end":{"line":253,"column":36}},"51":{"start":{"line":257,"column":16},"end":{"line":266,"column":17}},"52":{"start":{"line":258,"column":18},"end":{"line":265,"column":20}},"53":{"start":{"line":268,"column":16},"end":{"line":316,"column":18}},"54":{"start":{"line":284,"column":30},"end":{"line":284,"column":50}},"55":{"start":{"line":285,"column":30},"end":{"line":285,"column":51}},"56":{"start":{"line":286,"column":30},"end":{"line":286,"column":56}},"57":{"start":{"line":292,"column":30},"end":{"line":292,"column":86}},"58":{"start":{"line":295,"column":30},"end":{"line":295,"column":75}},"59":{"start":{"line":298,"column":30},"end":{"line":298,"column":76}},"60":{"start":{"line":301,"column":30},"end":{"line":308,"column":31}},"61":{"start":{"line":307,"column":32},"end":{"line":307,"column":51}},"62":{"start":{"line":320,"column":30},"end":{"line":327,"column":18}},"63":{"start":{"line":329,"column":16},"end":{"line":329,"column":68}},"64":{"start":{"line":331,"column":16},"end":{"line":333,"column":17}},"65":{"start":{"line":332,"column":18},"end":{"line":332,"column":47}},"66":{"start":{"line":335,"column":70},"end":{"line":335,"column":75}},"67":{"start":{"line":337,"column":16},"end":{"line":341,"column":18}}},"fnMap":{"0":{"name":"(anonymous_0)","decl":{"start":{"line":30,"column":16},"end":{"line":30,"column":17}},"loc":{"start":{"line":30,"column":25},"end":{"line":30,"column":53}},"line":30},"1":{"name":"(anonymous_1)","decl":{"start":{"line":34,"column":4},"end":{"line":34,"column":5}},"loc":{"start":{"line":35,"column":4},"end":{"line":44,"column":3}},"line":35},"2":{"name":"(anonymous_2)","decl":{"start":{"line":126,"column":24},"end":{"line":126,"column":25}},"loc":{"start":{"line":126,"column":50},"end":{"line":131,"column":3}},"line":126},"3":{"name":"(anonymous_3)","decl":{"start":{"line":133,"column":23},"end":{"line":133,"column":24}},"loc":{"start":{"line":133,"column":29},"end":{"line":137,"column":3}},"line":133},"4":{"name":"(anonymous_4)","decl":{"start":{"line":136,"column":37},"end":{"line":136,"column":38}},"loc":{"start":{"line":136,"column":47},"end":{"line":136,"column":96}},"line":136},"5":{"name":"(anonymous_5)","decl":{"start":{"line":139,"column":20},"end":{"line":139,"column":21}},"loc":{"start":{"line":139,"column":36},"end":{"line":167,"column":3}},"line":139},"6":{"name":"(anonymous_6)","decl":{"start":{"line":143,"column":58},"end":{"line":143,"column":59}},"loc":{"start":{"line":143,"column":68},"end":{"line":160,"column":5}},"line":143},"7":{"name":"(anonymous_7)","decl":{"start":{"line":169,"column":2},"end":{"line":169,"column":3}},"loc":{"start":{"line":169,"column":11},"end":{"line":349,"column":3}},"line":169},"8":{"name":"(anonymous_8)","decl":{"start":{"line":191,"column":44},"end":{"line":191,"column":45}},"loc":{"start":{"line":191,"column":68},"end":{"line":195,"column":5}},"line":191},"9":{"name":"(anonymous_9)","decl":{"start":{"line":199,"column":9},"end":{"line":199,"column":10}},"loc":{"start":{"line":200,"column":10},"end":{"line":345,"column":22}},"line":200},"10":{"name":"(anonymous_10)","decl":{"start":{"line":204,"column":27},"end":{"line":204,"column":28}},"loc":{"start":{"line":204,"column":33},"end":{"line":209,"column":19}},"line":204},"11":{"name":"(anonymous_11)","decl":{"start":{"line":210,"column":32},"end":{"line":210,"column":33}},"loc":{"start":{"line":210,"column":38},"end":{"line":212,"column":19}},"line":210},"12":{"name":"(anonymous_12)","decl":{"start":{"line":213,"column":32},"end":{"line":213,"column":33}},"loc":{"start":{"line":213,"column":38},"end":{"line":215,"column":19}},"line":213},"13":{"name":"(anonymous_13)","decl":{"start":{"line":226,"column":24},"end":{"line":226,"column":25}},"loc":{"start":{"line":226,"column":39},"end":{"line":228,"column":15}},"line":226},"14":{"name":"(anonymous_14)","decl":{"start":{"line":229,"column":29},"end":{"line":229,"column":30}},"loc":{"start":{"line":229,"column":41},"end":{"line":235,"column":15}},"line":229},"15":{"name":"(anonymous_15)","decl":{"start":{"line":236,"column":23},"end":{"line":236,"column":24}},"loc":{"start":{"line":241,"column":20},"end":{"line":317,"column":15}},"line":241},"16":{"name":"(anonymous_16)","decl":{"start":{"line":251,"column":23},"end":{"line":251,"column":24}},"loc":{"start":{"line":251,"column":30},"end":{"line":254,"column":19}},"line":251},"17":{"name":"(anonymous_17)","decl":{"start":{"line":283,"column":33},"end":{"line":283,"column":34}},"loc":{"start":{"line":283,"column":40},"end":{"line":287,"column":29}},"line":283},"18":{"name":"(anonymous_18)","decl":{"start":{"line":291,"column":38},"end":{"line":291,"column":39}},"loc":{"start":{"line":291,"column":43},"end":{"line":293,"column":29}},"line":291},"19":{"name":"(anonymous_19)","decl":{"start":{"line":294,"column":37},"end":{"line":294,"column":38}},"loc":{"start":{"line":294,"column":43},"end":{"line":296,"column":29}},"line":294},"20":{"name":"(anonymous_20)","decl":{"start":{"line":297,"column":36},"end":{"line":297,"column":37}},"loc":{"start":{"line":297,"column":42},"end":{"line":299,"column":29}},"line":297},"21":{"name":"(anonymous_21)","decl":{"start":{"line":300,"column":39},"end":{"line":300,"column":40}},"loc":{"start":{"line":300,"column":44},"end":{"line":309,"column":29}},"line":300},"22":{"name":"(anonymous_22)","decl":{"start":{"line":319,"column":15},"end":{"line":319,"column":16}},"loc":{"start":{"line":319,"column":62},"end":{"line":342,"column":15}},"line":319}},"branchMap":{"0":{"loc":{"start":{"line":30,"column":25},"end":{"line":30,"column":53}},"type":"binary-expr","locations":[{"start":{"line":30,"column":25},"end":{"line":30,"column":40}},{"start":{"line":30,"column":44},"end":{"line":30,"column":53}}],"line":30},"1":{"loc":{"start":{"line":35,"column":4},"end":{"line":44,"column":3}},"type":"binary-expr","locations":[{"start":{"line":35,"column":4},"end":{"line":35,"column":17}},{"start":{"line":36,"column":4},"end":{"line":44,"column":3}}],"line":35},"2":{"loc":{"start":{"line":134,"column":25},"end":{"line":134,"column":76}},"type":"binary-expr","locations":[{"start":{"line":134,"column":25},"end":{"line":134,"column":48}},{"start":{"line":134,"column":52},"end":{"line":134,"column":76}}],"line":134},"3":{"loc":{"start":{"line":155,"column":6},"end":{"line":157,"column":7}},"type":"if","locations":[{"start":{"line":155,"column":6},"end":{"line":157,"column":7}},{"start":{"line":155,"column":6},"end":{"line":157,"column":7}}],"line":155},"4":{"loc":{"start":{"line":162,"column":4},"end":{"line":164,"column":5}},"type":"if","locations":[{"start":{"line":162,"column":4},"end":{"line":164,"column":5}},{"start":{"line":162,"column":4},"end":{"line":164,"column":5}}],"line":162},"5":{"loc":{"start":{"line":201,"column":13},"end":{"line":220,"column":13}},"type":"binary-expr","locations":[{"start":{"line":201,"column":13},"end":{"line":201,"column":18}},{"start":{"line":202,"column":14},"end":{"line":219,"column":22}}],"line":201},"6":{"loc":{"start":{"line":205,"column":20},"end":{"line":208,"column":21}},"type":"if","locations":[{"start":{"line":205,"column":20},"end":{"line":208,"column":21}},{"start":{"line":205,"column":20},"end":{"line":208,"column":21}}],"line":205},"7":{"loc":{"start":{"line":206,"column":22},"end":{"line":206,"column":60}},"type":"binary-expr","locations":[{"start":{"line":206,"column":22},"end":{"line":206,"column":35}},{"start":{"line":206,"column":39},"end":{"line":206,"column":60}}],"line":206},"8":{"loc":{"start":{"line":221,"column":13},"end":{"line":221,"column":60}},"type":"binary-expr","locations":[{"start":{"line":221,"column":13},"end":{"line":221,"column":17}},{"start":{"line":221,"column":21},"end":{"line":221,"column":60}}],"line":221},"9":{"loc":{"start":{"line":227,"column":16},"end":{"line":227,"column":49}},"type":"binary-expr","locations":[{"start":{"line":227,"column":16},"end":{"line":227,"column":24}},{"start":{"line":227,"column":28},"end":{"line":227,"column":49}}],"line":227},"10":{"loc":{"start":{"line":230,"column":16},"end":{"line":232,"column":17}},"type":"if","locations":[{"start":{"line":230,"column":16},"end":{"line":232,"column":17}},{"start":{"line":230,"column":16},"end":{"line":232,"column":17}}],"line":230},"11":{"loc":{"start":{"line":244,"column":27},"end":{"line":244,"column":46}},"type":"binary-expr","locations":[{"start":{"line":244,"column":27},"end":{"line":244,"column":36}},{"start":{"line":244,"column":40},"end":{"line":244,"column":46}}],"line":244},"12":{"loc":{"start":{"line":257,"column":16},"end":{"line":266,"column":17}},"type":"if","locations":[{"start":{"line":257,"column":16},"end":{"line":266,"column":17}},{"start":{"line":257,"column":16},"end":{"line":266,"column":17}}],"line":257},"13":{"loc":{"start":{"line":270,"column":21},"end":{"line":274,"column":21}},"type":"binary-expr","locations":[{"start":{"line":270,"column":21},"end":{"line":270,"column":28}},{"start":{"line":271,"column":22},"end":{"line":273,"column":43}}],"line":270},"14":{"loc":{"start":{"line":272,"column":25},"end":{"line":272,"column":68}},"type":"binary-expr","locations":[{"start":{"line":272,"column":25},"end":{"line":272,"column":33}},{"start":{"line":272,"column":37},"end":{"line":272,"column":68}}],"line":272},"15":{"loc":{"start":{"line":286,"column":30},"end":{"line":286,"column":55}},"type":"binary-expr","locations":[{"start":{"line":286,"column":30},"end":{"line":286,"column":38}},{"start":{"line":286,"column":42},"end":{"line":286,"column":55}}],"line":286},"16":{"loc":{"start":{"line":301,"column":30},"end":{"line":308,"column":31}},"type":"if","locations":[{"start":{"line":301,"column":30},"end":{"line":308,"column":31}},{"start":{"line":301,"column":30},"end":{"line":308,"column":31}}],"line":301},"17":{"loc":{"start":{"line":302,"column":32},"end":{"line":305,"column":38}},"type":"binary-expr","locations":[{"start":{"line":302,"column":32},"end":{"line":302,"column":61}},{"start":{"line":303,"column":33},"end":{"line":303,"column":48}},{"start":{"line":303,"column":52},"end":{"line":303,"column":86}},{"start":{"line":304,"column":32},"end":{"line":304,"column":43}},{"start":{"line":305,"column":32},"end":{"line":305,"column":38}}],"line":302},"18":{"loc":{"start":{"line":325,"column":27},"end":{"line":325,"column":94}},"type":"cond-expr","locations":[{"start":{"line":325,"column":45},"end":{"line":325,"column":90}},{"start":{"line":325,"column":93},"end":{"line":325,"column":94}}],"line":325},"19":{"loc":{"start":{"line":331,"column":16},"end":{"line":333,"column":17}},"type":"if","locations":[{"start":{"line":331,"column":16},"end":{"line":333,"column":17}},{"start":{"line":331,"column":16},"end":{"line":333,"column":17}}],"line":331},"20":{"loc":{"start":{"line":344,"column":13},"end":{"line":344,"column":76}},"type":"binary-expr","locations":[{"start":{"line":344,"column":13},"end":{"line":344,"column":20}},{"start":{"line":344,"column":24},"end":{"line":344,"column":76}}],"line":344}},"s":{"0":2,"1":2,"2":2,"3":8,"4":2,"5":24,"6":2,"7":2,"8":2,"9":2,"10":14,"11":14,"12":21,"13":21,"14":21,"15":14,"16":24,"17":24,"18":21,"19":14,"20":24,"21":24,"22":24,"23":21,"24":21,"25":21,"26":21,"27":0,"28":21,"29":24,"30":7,"31":17,"32":24,"33":24,"34":24,"35":21,"36":21,"37":24,"38":24,"39":0,"40":0,"41":0,"42":0,"43":0,"44":1,"45":11,"46":1,"47":11,"48":24,"49":46,"50":46,"51":24,"52":1,"53":24,"54":48,"55":48,"56":48,"57":1,"58":7,"59":1,"60":2,"61":2,"62":24,"63":24,"64":24,"65":0,"66":24,"67":24},"f":{"0":8,"1":24,"2":21,"3":24,"4":21,"5":24,"6":21,"7":24,"8":21,"9":24,"10":0,"11":0,"12":0,"13":1,"14":11,"15":24,"16":46,"17":48,"18":1,"19":7,"20":1,"21":2,"22":24},"b":{"0":[8,0],"1":[24,16],"2":[24,24],"3":[0,21],"4":[7,17],"5":[24,1],"6":[0,0],"7":[0,0],"8":[24,0],"9":[1,1],"10":[1,10],"11":[24,15],"12":[1,23],"13":[24,16],"14":[16,15],"15":[48,2],"16":[2,0],"17":[2,2,1,2,2],"18":[10,14],"19":[0,24],"20":[24,0]},"_coverageSchema":"43e27e138ebf9cfc5966b082cf9a028302ed4184","hash":"4d42a5d2f6d41269f6423beaa7790916efe26b52"}
,"/Users/jzempel/Sites/zendeskgarden/react-components/packages/autocomplete/src/elements/Multiselect.js": {"path":"/Users/jzempel/Sites/zendeskgarden/react-components/packages/autocomplete/src/elements/Multiselect.js","statementMap":{"0":{"start":{"line":18,"column":25},"end":{"line":18,"column":26}},"1":{"start":{"line":19,"column":19},"end":{"line":24,"column":1}},"2":{"start":{"line":26,"column":29},"end":{"line":29,"column":1}},"3":{"start":{"line":31,"column":27},"end":{"line":34,"column":1}},"4":{"start":{"line":33,"column":25},"end":{"line":33,"column":53}},"5":{"start":{"line":36,"column":20},"end":{"line":61,"column":1}},"6":{"start":{"line":43,"column":29},"end":{"line":43,"column":60}},"7":{"start":{"line":47,"column":4},"end":{"line":60,"column":3}},"8":{"start":{"line":63,"column":24},"end":{"line":65,"column":1}},"9":{"start":{"line":67,"column":24},"end":{"line":69,"column":1}},"10":{"start":{"line":71,"column":25},"end":{"line":78,"column":1}},"11":{"start":{"line":81,"column":21},"end":{"line":111,"column":3}},"12":{"start":{"line":113,"column":24},"end":{"line":117,"column":3}},"13":{"start":{"line":119,"column":10},"end":{"line":128,"column":3}},"14":{"start":{"line":130,"column":24},"end":{"line":135,"column":3}},"15":{"start":{"line":131,"column":30},"end":{"line":131,"column":76}},"16":{"start":{"line":132,"column":32},"end":{"line":132,"column":80}},"17":{"start":{"line":134,"column":4},"end":{"line":134,"column":65}},"18":{"start":{"line":137,"column":23},"end":{"line":141,"column":3}},"19":{"start":{"line":138,"column":25},"end":{"line":138,"column":76}},"20":{"start":{"line":140,"column":4},"end":{"line":140,"column":98}},"21":{"start":{"line":140,"column":47},"end":{"line":140,"column":96}},"22":{"start":{"line":143,"column":20},"end":{"line":171,"column":3}},"23":{"start":{"line":144,"column":47},"end":{"line":144,"column":57}},"24":{"start":{"line":145,"column":27},"end":{"line":145,"column":37}},"25":{"start":{"line":147,"column":28},"end":{"line":164,"column":6}},"26":{"start":{"line":148,"column":22},"end":{"line":148,"column":62}},"27":{"start":{"line":150,"column":20},"end":{"line":155,"column":8}},"28":{"start":{"line":157,"column":6},"end":{"line":157,"column":36}},"29":{"start":{"line":159,"column":6},"end":{"line":161,"column":7}},"30":{"start":{"line":160,"column":8},"end":{"line":160,"column":35}},"31":{"start":{"line":163,"column":6},"end":{"line":163,"column":33}},"32":{"start":{"line":166,"column":4},"end":{"line":168,"column":5}},"33":{"start":{"line":167,"column":6},"end":{"line":167,"column":29}},"34":{"start":{"line":170,"column":4},"end":{"line":170,"column":75}},"35":{"start":{"line":173,"column":15},"end":{"line":238,"column":3}},"36":{"start":{"line":174,"column":50},"end":{"line":174,"column":60}},"37":{"start":{"line":175,"column":17},"end":{"line":175,"column":42}},"38":{"start":{"line":177,"column":28},"end":{"line":181,"column":10}},"39":{"start":{"line":178,"column":6},"end":{"line":178,"column":43}},"40":{"start":{"line":180,"column":6},"end":{"line":180,"column":21}},"41":{"start":{"line":183,"column":4},"end":{"line":202,"column":5}},"42":{"start":{"line":184,"column":6},"end":{"line":201,"column":9}},"43":{"start":{"line":185,"column":8},"end":{"line":200,"column":26}},"44":{"start":{"line":195,"column":14},"end":{"line":197,"column":15}},"45":{"start":{"line":196,"column":16},"end":{"line":196,"column":36}},"46":{"start":{"line":204,"column":19},"end":{"line":204,"column":21}},"47":{"start":{"line":206,"column":4},"end":{"line":227,"column":5}},"48":{"start":{"line":206,"column":17},"end":{"line":206,"column":18}},"49":{"start":{"line":207,"column":18},"end":{"line":207,"column":25}},"50":{"start":{"line":209,"column":6},"end":{"line":226,"column":8}},"51":{"start":{"line":220,"column":14},"end":{"line":222,"column":15}},"52":{"start":{"line":221,"column":16},"end":{"line":221,"column":36}},"53":{"start":{"line":229,"column":4},"end":{"line":235,"column":5}},"54":{"start":{"line":230,"column":6},"end":{"line":234,"column":8}},"55":{"start":{"line":237,"column":4},"end":{"line":237,"column":18}},"56":{"start":{"line":240,"column":14},"end":{"line":254,"column":3}},"57":{"start":{"line":241,"column":56},"end":{"line":241,"column":66}},"58":{"start":{"line":243,"column":4},"end":{"line":245,"column":5}},"59":{"start":{"line":244,"column":6},"end":{"line":244,"column":13}},"60":{"start":{"line":247,"column":25},"end":{"line":249,"column":6}},"61":{"start":{"line":248,"column":6},"end":{"line":248,"column":27}},"62":{"start":{"line":251,"column":4},"end":{"line":253,"column":7}},"63":{"start":{"line":252,"column":6},"end":{"line":252,"column":41}},"64":{"start":{"line":274,"column":8},"end":{"line":274,"column":18}},"65":{"start":{"line":275,"column":84},"end":{"line":275,"column":94}},"66":{"start":{"line":277,"column":37},"end":{"line":281,"column":10}},"67":{"start":{"line":278,"column":6},"end":{"line":278,"column":32}},"68":{"start":{"line":280,"column":6},"end":{"line":280,"column":24}},"69":{"start":{"line":283,"column":4},"end":{"line":476,"column":6}},"70":{"start":{"line":286,"column":10},"end":{"line":473,"column":22}},"71":{"start":{"line":291,"column":20},"end":{"line":294,"column":21}},"72":{"start":{"line":292,"column":22},"end":{"line":292,"column":61}},"73":{"start":{"line":293,"column":22},"end":{"line":293,"column":54}},"74":{"start":{"line":297,"column":20},"end":{"line":297,"column":55}},"75":{"start":{"line":300,"column":20},"end":{"line":300,"column":56}},"76":{"start":{"line":314,"column":16},"end":{"line":318,"column":17}},"77":{"start":{"line":315,"column":18},"end":{"line":315,"column":63}},"78":{"start":{"line":317,"column":18},"end":{"line":317,"column":63}},"79":{"start":{"line":320,"column":16},"end":{"line":322,"column":19}},"80":{"start":{"line":321,"column":18},"end":{"line":321,"column":78}},"81":{"start":{"line":324,"column":16},"end":{"line":324,"column":38}},"82":{"start":{"line":327,"column":16},"end":{"line":329,"column":17}},"83":{"start":{"line":328,"column":18},"end":{"line":328,"column":43}},"84":{"start":{"line":331,"column":16},"end":{"line":331,"column":40}},"85":{"start":{"line":340,"column":35},"end":{"line":354,"column":18}},"86":{"start":{"line":351,"column":20},"end":{"line":351,"column":42}},"87":{"start":{"line":352,"column":20},"end":{"line":352,"column":36}},"88":{"start":{"line":356,"column":16},"end":{"line":366,"column":17}},"89":{"start":{"line":357,"column":18},"end":{"line":365,"column":20}},"90":{"start":{"line":368,"column":16},"end":{"line":444,"column":18}},"91":{"start":{"line":386,"column":30},"end":{"line":386,"column":50}},"92":{"start":{"line":387,"column":30},"end":{"line":387,"column":51}},"93":{"start":{"line":388,"column":30},"end":{"line":388,"column":56}},"94":{"start":{"line":398,"column":30},"end":{"line":398,"column":76}},"95":{"start":{"line":401,"column":30},"end":{"line":405,"column":31}},"96":{"start":{"line":402,"column":32},"end":{"line":402,"column":51}},"97":{"start":{"line":404,"column":32},"end":{"line":404,"column":39}},"98":{"start":{"line":406,"column":30},"end":{"line":406,"column":65}},"99":{"start":{"line":409,"column":30},"end":{"line":409,"column":66}},"100":{"start":{"line":412,"column":30},"end":{"line":421,"column":31}},"101":{"start":{"line":418,"column":32},"end":{"line":418,"column":51}},"102":{"start":{"line":420,"column":32},"end":{"line":420,"column":39}},"103":{"start":{"line":423,"column":30},"end":{"line":436,"column":31}},"104":{"start":{"line":427,"column":32},"end":{"line":431,"column":33}},"105":{"start":{"line":428,"column":34},"end":{"line":428,"column":64}},"106":{"start":{"line":430,"column":34},"end":{"line":430,"column":41}},"107":{"start":{"line":433,"column":32},"end":{"line":435,"column":33}},"108":{"start":{"line":434,"column":34},"end":{"line":434,"column":92}},"109":{"start":{"line":448,"column":30},"end":{"line":455,"column":18}},"110":{"start":{"line":457,"column":16},"end":{"line":457,"column":94}},"111":{"start":{"line":459,"column":16},"end":{"line":461,"column":17}},"112":{"start":{"line":460,"column":18},"end":{"line":460,"column":47}},"113":{"start":{"line":463,"column":70},"end":{"line":463,"column":75}},"114":{"start":{"line":465,"column":16},"end":{"line":469,"column":18}}},"fnMap":{"0":{"name":"(anonymous_0)","decl":{"start":{"line":33,"column":16},"end":{"line":33,"column":17}},"loc":{"start":{"line":33,"column":25},"end":{"line":33,"column":53}},"line":33},"1":{"name":"(anonymous_1)","decl":{"start":{"line":43,"column":19},"end":{"line":43,"column":20}},"loc":{"start":{"line":43,"column":29},"end":{"line":43,"column":60}},"line":43},"2":{"name":"(anonymous_2)","decl":{"start":{"line":46,"column":4},"end":{"line":46,"column":5}},"loc":{"start":{"line":47,"column":4},"end":{"line":60,"column":3}},"line":47},"3":{"name":"(anonymous_3)","decl":{"start":{"line":130,"column":24},"end":{"line":130,"column":25}},"loc":{"start":{"line":130,"column":50},"end":{"line":135,"column":3}},"line":130},"4":{"name":"(anonymous_4)","decl":{"start":{"line":137,"column":23},"end":{"line":137,"column":24}},"loc":{"start":{"line":137,"column":29},"end":{"line":141,"column":3}},"line":137},"5":{"name":"(anonymous_5)","decl":{"start":{"line":140,"column":37},"end":{"line":140,"column":38}},"loc":{"start":{"line":140,"column":47},"end":{"line":140,"column":96}},"line":140},"6":{"name":"(anonymous_6)","decl":{"start":{"line":143,"column":20},"end":{"line":143,"column":21}},"loc":{"start":{"line":143,"column":64},"end":{"line":171,"column":3}},"line":143},"7":{"name":"(anonymous_7)","decl":{"start":{"line":147,"column":58},"end":{"line":147,"column":59}},"loc":{"start":{"line":147,"column":68},"end":{"line":164,"column":5}},"line":147},"8":{"name":"(anonymous_8)","decl":{"start":{"line":173,"column":15},"end":{"line":173,"column":16}},"loc":{"start":{"line":173,"column":81},"end":{"line":238,"column":3}},"line":173},"9":{"name":"(anonymous_9)","decl":{"start":{"line":177,"column":43},"end":{"line":177,"column":44}},"loc":{"start":{"line":177,"column":64},"end":{"line":181,"column":5}},"line":177},"10":{"name":"(anonymous_10)","decl":{"start":{"line":184,"column":22},"end":{"line":184,"column":23}},"loc":{"start":{"line":185,"column":8},"end":{"line":200,"column":26}},"line":185},"11":{"name":"(anonymous_11)","decl":{"start":{"line":194,"column":21},"end":{"line":194,"column":22}},"loc":{"start":{"line":194,"column":27},"end":{"line":198,"column":13}},"line":194},"12":{"name":"(anonymous_12)","decl":{"start":{"line":219,"column":21},"end":{"line":219,"column":22}},"loc":{"start":{"line":219,"column":27},"end":{"line":223,"column":13}},"line":219},"13":{"name":"(anonymous_13)","decl":{"start":{"line":240,"column":14},"end":{"line":240,"column":15}},"loc":{"start":{"line":240,"column":21},"end":{"line":254,"column":3}},"line":240},"14":{"name":"(anonymous_14)","decl":{"start":{"line":247,"column":47},"end":{"line":247,"column":48}},"loc":{"start":{"line":247,"column":56},"end":{"line":249,"column":5}},"line":247},"15":{"name":"(anonymous_15)","decl":{"start":{"line":251,"column":48},"end":{"line":251,"column":49}},"loc":{"start":{"line":251,"column":54},"end":{"line":253,"column":5}},"line":251},"16":{"name":"(anonymous_16)","decl":{"start":{"line":256,"column":2},"end":{"line":256,"column":3}},"loc":{"start":{"line":256,"column":11},"end":{"line":477,"column":3}},"line":256},"17":{"name":"(anonymous_17)","decl":{"start":{"line":277,"column":59},"end":{"line":277,"column":60}},"loc":{"start":{"line":277,"column":82},"end":{"line":281,"column":5}},"line":277},"18":{"name":"(anonymous_18)","decl":{"start":{"line":285,"column":9},"end":{"line":285,"column":10}},"loc":{"start":{"line":286,"column":10},"end":{"line":473,"column":22}},"line":286},"19":{"name":"(anonymous_19)","decl":{"start":{"line":290,"column":27},"end":{"line":290,"column":28}},"loc":{"start":{"line":290,"column":33},"end":{"line":295,"column":19}},"line":290},"20":{"name":"(anonymous_20)","decl":{"start":{"line":296,"column":32},"end":{"line":296,"column":33}},"loc":{"start":{"line":296,"column":38},"end":{"line":298,"column":19}},"line":296},"21":{"name":"(anonymous_21)","decl":{"start":{"line":299,"column":32},"end":{"line":299,"column":33}},"loc":{"start":{"line":299,"column":38},"end":{"line":301,"column":19}},"line":299},"22":{"name":"(anonymous_22)","decl":{"start":{"line":313,"column":24},"end":{"line":313,"column":25}},"loc":{"start":{"line":313,"column":39},"end":{"line":325,"column":15}},"line":313},"23":{"name":"(anonymous_23)","decl":{"start":{"line":320,"column":50},"end":{"line":320,"column":51}},"loc":{"start":{"line":320,"column":56},"end":{"line":322,"column":17}},"line":320},"24":{"name":"(anonymous_24)","decl":{"start":{"line":326,"column":29},"end":{"line":326,"column":30}},"loc":{"start":{"line":326,"column":41},"end":{"line":332,"column":15}},"line":326},"25":{"name":"(anonymous_25)","decl":{"start":{"line":333,"column":23},"end":{"line":333,"column":24}},"loc":{"start":{"line":339,"column":20},"end":{"line":445,"column":15}},"line":339},"26":{"name":"(anonymous_26)","decl":{"start":{"line":350,"column":23},"end":{"line":350,"column":24}},"loc":{"start":{"line":350,"column":30},"end":{"line":353,"column":19}},"line":350},"27":{"name":"(anonymous_27)","decl":{"start":{"line":385,"column":33},"end":{"line":385,"column":34}},"loc":{"start":{"line":385,"column":40},"end":{"line":389,"column":29}},"line":385},"28":{"name":"(anonymous_28)","decl":{"start":{"line":397,"column":38},"end":{"line":397,"column":39}},"loc":{"start":{"line":397,"column":43},"end":{"line":399,"column":29}},"line":397},"29":{"name":"(anonymous_29)","decl":{"start":{"line":400,"column":37},"end":{"line":400,"column":38}},"loc":{"start":{"line":400,"column":42},"end":{"line":407,"column":29}},"line":400},"30":{"name":"(anonymous_30)","decl":{"start":{"line":408,"column":36},"end":{"line":408,"column":37}},"loc":{"start":{"line":408,"column":42},"end":{"line":410,"column":29}},"line":408},"31":{"name":"(anonymous_31)","decl":{"start":{"line":411,"column":39},"end":{"line":411,"column":40}},"loc":{"start":{"line":411,"column":44},"end":{"line":437,"column":29}},"line":411},"32":{"name":"(anonymous_32)","decl":{"start":{"line":447,"column":15},"end":{"line":447,"column":16}},"loc":{"start":{"line":447,"column":62},"end":{"line":470,"column":15}},"line":447}},"branchMap":{"0":{"loc":{"start":{"line":33,"column":25},"end":{"line":33,"column":53}},"type":"binary-expr","locations":[{"start":{"line":33,"column":25},"end":{"line":33,"column":40}},{"start":{"line":33,"column":44},"end":{"line":33,"column":53}}],"line":33},"1":{"loc":{"start":{"line":43,"column":29},"end":{"line":43,"column":60}},"type":"cond-expr","locations":[{"start":{"line":43,"column":43},"end":{"line":43,"column":50}},{"start":{"line":43,"column":53},"end":{"line":43,"column":60}}],"line":43},"2":{"loc":{"start":{"line":47,"column":4},"end":{"line":60,"column":3}},"type":"binary-expr","locations":[{"start":{"line":47,"column":4},"end":{"line":47,"column":37}},{"start":{"line":48,"column":5},"end":{"line":48,"column":21}},{"start":{"line":48,"column":25},"end":{"line":48,"column":58}},{"start":{"line":49,"column":4},"end":{"line":49,"column":17}},{"start":{"line":50,"column":4},"end":{"line":50,"column":22}},{"start":{"line":51,"column":4},"end":{"line":60,"column":3}}],"line":47},"3":{"loc":{"start":{"line":138,"column":25},"end":{"line":138,"column":76}},"type":"binary-expr","locations":[{"start":{"line":138,"column":25},"end":{"line":138,"column":48}},{"start":{"line":138,"column":52},"end":{"line":138,"column":76}}],"line":138},"4":{"loc":{"start":{"line":159,"column":6},"end":{"line":161,"column":7}},"type":"if","locations":[{"start":{"line":159,"column":6},"end":{"line":161,"column":7}},{"start":{"line":159,"column":6},"end":{"line":161,"column":7}}],"line":159},"5":{"loc":{"start":{"line":166,"column":4},"end":{"line":168,"column":5}},"type":"if","locations":[{"start":{"line":166,"column":4},"end":{"line":168,"column":5}},{"start":{"line":166,"column":4},"end":{"line":168,"column":5}}],"line":166},"6":{"loc":{"start":{"line":183,"column":4},"end":{"line":202,"column":5}},"type":"if","locations":[{"start":{"line":183,"column":4},"end":{"line":202,"column":5}},{"start":{"line":183,"column":4},"end":{"line":202,"column":5}}],"line":183},"7":{"loc":{"start":{"line":183,"column":8},"end":{"line":183,"column":30}},"type":"binary-expr","locations":[{"start":{"line":183,"column":8},"end":{"line":183,"column":17}},{"start":{"line":183,"column":21},"end":{"line":183,"column":30}}],"line":183},"8":{"loc":{"start":{"line":188,"column":18},"end":{"line":188,"column":47}},"type":"cond-expr","locations":[{"start":{"line":188,"column":28},"end":{"line":188,"column":37}},{"start":{"line":188,"column":40},"end":{"line":188,"column":47}}],"line":188},"9":{"loc":{"start":{"line":192,"column":11},"end":{"line":192,"column":38}},"type":"binary-expr","locations":[{"start":{"line":192,"column":11},"end":{"line":192,"column":31}},{"start":{"line":192,"column":35},"end":{"line":192,"column":38}}],"line":192},"10":{"loc":{"start":{"line":195,"column":14},"end":{"line":197,"column":15}},"type":"if","locations":[{"start":{"line":195,"column":14},"end":{"line":197,"column":15}},{"start":{"line":195,"column":14},"end":{"line":197,"column":15}}],"line":195},"11":{"loc":{"start":{"line":206,"column":20},"end":{"line":206,"column":59}},"type":"binary-expr","locations":[{"start":{"line":206,"column":20},"end":{"line":206,"column":40}},{"start":{"line":206,"column":44},"end":{"line":206,"column":59}}],"line":206},"12":{"loc":{"start":{"line":213,"column":18},"end":{"line":213,"column":47}},"type":"cond-expr","locations":[{"start":{"line":213,"column":28},"end":{"line":213,"column":37}},{"start":{"line":213,"column":40},"end":{"line":213,"column":47}}],"line":213},"13":{"loc":{"start":{"line":214,"column":21},"end":{"line":214,"column":55}},"type":"binary-expr","locations":[{"start":{"line":214,"column":21},"end":{"line":214,"column":42}},{"start":{"line":214,"column":46},"end":{"line":214,"column":55}}],"line":214},"14":{"loc":{"start":{"line":217,"column":11},"end":{"line":217,"column":38}},"type":"binary-expr","locations":[{"start":{"line":217,"column":11},"end":{"line":217,"column":31}},{"start":{"line":217,"column":35},"end":{"line":217,"column":38}}],"line":217},"15":{"loc":{"start":{"line":220,"column":14},"end":{"line":222,"column":15}},"type":"if","locations":[{"start":{"line":220,"column":14},"end":{"line":222,"column":15}},{"start":{"line":220,"column":14},"end":{"line":222,"column":15}}],"line":220},"16":{"loc":{"start":{"line":229,"column":4},"end":{"line":235,"column":5}},"type":"if","locations":[{"start":{"line":229,"column":4},"end":{"line":235,"column":5}},{"start":{"line":229,"column":4},"end":{"line":235,"column":5}}],"line":229},"17":{"loc":{"start":{"line":232,"column":11},"end":{"line":232,"column":89}},"type":"cond-expr","locations":[{"start":{"line":232,"column":28},"end":{"line":232,"column":59}},{"start":{"line":232,"column":62},"end":{"line":232,"column":89}}],"line":232},"18":{"loc":{"start":{"line":241,"column":32},"end":{"line":241,"column":51}},"type":"default-arg","locations":[{"start":{"line":241,"column":49},"end":{"line":241,"column":51}}],"line":241},"19":{"loc":{"start":{"line":243,"column":4},"end":{"line":245,"column":5}},"type":"if","locations":[{"start":{"line":243,"column":4},"end":{"line":245,"column":5}},{"start":{"line":243,"column":4},"end":{"line":245,"column":5}}],"line":243},"20":{"loc":{"start":{"line":252,"column":6},"end":{"line":252,"column":40}},"type":"binary-expr","locations":[{"start":{"line":252,"column":6},"end":{"line":252,"column":14}},{"start":{"line":252,"column":18},"end":{"line":252,"column":40}}],"line":252},"21":{"loc":{"start":{"line":264,"column":6},"end":{"line":264,"column":25}},"type":"default-arg","locations":[{"start":{"line":264,"column":23},"end":{"line":264,"column":25}}],"line":264},"22":{"loc":{"start":{"line":287,"column":13},"end":{"line":306,"column":13}},"type":"binary-expr","locations":[{"start":{"line":287,"column":13},"end":{"line":287,"column":18}},{"start":{"line":288,"column":14},"end":{"line":305,"column":22}}],"line":287},"23":{"loc":{"start":{"line":291,"column":20},"end":{"line":294,"column":21}},"type":"if","locations":[{"start":{"line":291,"column":20},"end":{"line":294,"column":21}},{"start":{"line":291,"column":20},"end":{"line":294,"column":21}}],"line":291},"24":{"loc":{"start":{"line":292,"column":22},"end":{"line":292,"column":60}},"type":"binary-expr","locations":[{"start":{"line":292,"column":22},"end":{"line":292,"column":35}},{"start":{"line":292,"column":39},"end":{"line":292,"column":60}}],"line":292},"25":{"loc":{"start":{"line":307,"column":13},"end":{"line":307,"column":60}},"type":"binary-expr","locations":[{"start":{"line":307,"column":13},"end":{"line":307,"column":17}},{"start":{"line":307,"column":21},"end":{"line":307,"column":60}}],"line":307},"26":{"loc":{"start":{"line":314,"column":16},"end":{"line":318,"column":17}},"type":"if","locations":[{"start":{"line":314,"column":16},"end":{"line":318,"column":17}},{"start":{"line":314,"column":16},"end":{"line":318,"column":17}}],"line":314},"27":{"loc":{"start":{"line":321,"column":18},"end":{"line":321,"column":77}},"type":"binary-expr","locations":[{"start":{"line":321,"column":18},"end":{"line":321,"column":26}},{"start":{"line":321,"column":30},"end":{"line":321,"column":77}}],"line":321},"28":{"loc":{"start":{"line":327,"column":16},"end":{"line":329,"column":17}},"type":"if","locations":[{"start":{"line":327,"column":16},"end":{"line":329,"column":17}},{"start":{"line":327,"column":16},"end":{"line":329,"column":17}}],"line":327},"29":{"loc":{"start":{"line":327,"column":20},"end":{"line":327,"column":78}},"type":"binary-expr","locations":[{"start":{"line":327,"column":20},"end":{"line":327,"column":58}},{"start":{"line":327,"column":62},"end":{"line":327,"column":78}}],"line":327},"30":{"loc":{"start":{"line":343,"column":27},"end":{"line":343,"column":86}},"type":"binary-expr","locations":[{"start":{"line":343,"column":27},"end":{"line":343,"column":36}},{"start":{"line":343,"column":40},"end":{"line":343,"column":46}},{"start":{"line":343,"column":50},"end":{"line":343,"column":86}}],"line":343},"31":{"loc":{"start":{"line":356,"column":16},"end":{"line":366,"column":17}},"type":"if","locations":[{"start":{"line":356,"column":16},"end":{"line":366,"column":17}},{"start":{"line":356,"column":16},"end":{"line":366,"column":17}}],"line":356},"32":{"loc":{"start":{"line":371,"column":22},"end":{"line":371,"column":81}},"type":"binary-expr","locations":[{"start":{"line":371,"column":22},"end":{"line":371,"column":28}},{"start":{"line":371,"column":32},"end":{"line":371,"column":68}},{"start":{"line":371,"column":72},"end":{"line":371,"column":81}}],"line":371},"33":{"loc":{"start":{"line":388,"column":30},"end":{"line":388,"column":55}},"type":"binary-expr","locations":[{"start":{"line":388,"column":30},"end":{"line":388,"column":38}},{"start":{"line":388,"column":42},"end":{"line":388,"column":55}}],"line":388},"34":{"loc":{"start":{"line":401,"column":30},"end":{"line":405,"column":31}},"type":"if","locations":[{"start":{"line":401,"column":30},"end":{"line":405,"column":31}},{"start":{"line":401,"column":30},"end":{"line":405,"column":31}}],"line":401},"35":{"loc":{"start":{"line":412,"column":30},"end":{"line":421,"column":31}},"type":"if","locations":[{"start":{"line":412,"column":30},"end":{"line":421,"column":31}},{"start":{"line":412,"column":30},"end":{"line":421,"column":31}}],"line":412},"36":{"loc":{"start":{"line":413,"column":32},"end":{"line":416,"column":38}},"type":"binary-expr","locations":[{"start":{"line":413,"column":32},"end":{"line":413,"column":61}},{"start":{"line":414,"column":33},"end":{"line":414,"column":48}},{"start":{"line":414,"column":52},"end":{"line":414,"column":86}},{"start":{"line":415,"column":32},"end":{"line":415,"column":43}},{"start":{"line":416,"column":32},"end":{"line":416,"column":38}}],"line":413},"37":{"loc":{"start":{"line":423,"column":30},"end":{"line":436,"column":31}},"type":"if","locations":[{"start":{"line":423,"column":30},"end":{"line":436,"column":31}},{"start":{"line":423,"column":30},"end":{"line":436,"column":31}}],"line":423},"38":{"loc":{"start":{"line":424,"column":32},"end":{"line":425,"column":65}},"type":"binary-expr","locations":[{"start":{"line":424,"column":32},"end":{"line":424,"column":62}},{"start":{"line":425,"column":32},"end":{"line":425,"column":65}}],"line":424},"39":{"loc":{"start":{"line":427,"column":32},"end":{"line":431,"column":33}},"type":"if","locations":[{"start":{"line":427,"column":32},"end":{"line":431,"column":33}},{"start":{"line":427,"column":32},"end":{"line":431,"column":33}}],"line":427},"40":{"loc":{"start":{"line":433,"column":32},"end":{"line":435,"column":33}},"type":"if","locations":[{"start":{"line":433,"column":32},"end":{"line":435,"column":33}},{"start":{"line":433,"column":32},"end":{"line":435,"column":33}}],"line":433},"41":{"loc":{"start":{"line":453,"column":27},"end":{"line":453,"column":94}},"type":"cond-expr","locations":[{"start":{"line":453,"column":45},"end":{"line":453,"column":90}},{"start":{"line":453,"column":93},"end":{"line":453,"column":94}}],"line":453},"42":{"loc":{"start":{"line":459,"column":16},"end":{"line":461,"column":17}},"type":"if","locations":[{"start":{"line":459,"column":16},"end":{"line":461,"column":17}},{"start":{"line":459,"column":16},"end":{"line":461,"column":17}}],"line":459},"43":{"loc":{"start":{"line":472,"column":13},"end":{"line":472,"column":76}},"type":"binary-expr","locations":[{"start":{"line":472,"column":13},"end":{"line":472,"column":20}},{"start":{"line":472,"column":24},"end":{"line":472,"column":76}}],"line":472}},"s":{"0":2,"1":2,"2":2,"3":2,"4":12,"5":2,"6":48,"7":48,"8":2,"9":2,"10":2,"11":2,"12":2,"13":24,"14":24,"15":348,"16":348,"17":348,"18":24,"19":48,"20":48,"21":348,"22":24,"23":48,"24":48,"25":48,"26":348,"27":348,"28":348,"29":348,"30":0,"31":348,"32":48,"33":31,"34":17,"35":24,"36":48,"37":48,"38":48,"39":348,"40":348,"41":48,"42":22,"43":45,"44":1,"45":1,"46":26,"47":26,"48":26,"49":31,"50":31,"51":2,"52":1,"53":26,"54":4,"55":26,"56":24,"57":5,"58":5,"59":0,"60":5,"61":10,"62":5,"63":5,"64":48,"65":48,"66":48,"67":160,"68":160,"69":48,"70":48,"71":0,"72":0,"73":0,"74":0,"75":0,"76":2,"77":1,"78":1,"79":2,"80":2,"81":2,"82":19,"83":5,"84":19,"85":48,"86":88,"87":88,"88":48,"89":4,"90":48,"91":96,"92":96,"93":96,"94":1,"95":18,"96":2,"97":2,"98":16,"99":1,"100":5,"101":2,"102":2,"103":3,"104":3,"105":1,"106":1,"107":2,"108":2,"109":48,"110":48,"111":48,"112":0,"113":48,"114":48},"f":{"0":12,"1":48,"2":48,"3":348,"4":48,"5":348,"6":48,"7":348,"8":48,"9":348,"10":45,"11":1,"12":2,"13":5,"14":10,"15":5,"16":48,"17":160,"18":48,"19":0,"20":0,"21":0,"22":2,"23":2,"24":19,"25":48,"26":88,"27":96,"28":1,"29":18,"30":1,"31":5,"32":48},"b":{"0":[12,0],"1":[2,46],"2":[48,24,12,15,15,15],"3":[48,48],"4":[0,348],"5":[31,17],"6":[22,26],"7":[48,23],"8":[0,45],"9":[45,0],"10":[1,0],"11":[57,53],"12":[0,31],"13":[31,1],"14":[31,0],"15":[1,1],"16":[4,22],"17":[0,4],"18":[0],"19":[0,5],"20":[5,5],"21":[24],"22":[48,1],"23":[0,0],"24":[0,0],"25":[48,0],"26":[1,1],"27":[2,2],"28":[5,14],"29":[19,19],"30":[48,26,26],"31":[4,44],"32":[48,36,32],"33":[96,2],"34":[2,16],"35":[2,3],"36":[5,2,1,2,2],"37":[3,0],"38":[3,2],"39":[1,2],"40":[2,0],"41":[23,25],"42":[0,48],"43":[48,0]},"_coverageSchema":"43e27e138ebf9cfc5966b082cf9a028302ed4184","hash":"f656f040a7d1b59d735a9ab42baa52fc6c7d38a8"}
[...]
{"line":25,"column":25},"end":{"line":25,"column":53}},"6":{"start":{"line":27,"column":13},"end":{"line":27,"column":57}},"7":{"start":{"line":30,"column":0},"end":{"line":32,"column":2}},"8":{"start":{"line":37,"column":11},"end":{"line":41,"column":1}},"9":{"start":{"line":38,"column":22},"end":{"line":38,"column":49}},"10":{"start":{"line":40,"column":2},"end":{"line":40,"column":36}},"11":{"start":{"line":43,"column":0},"end":{"line":48,"column":2}},"12":{"start":{"line":50,"column":0},"end":{"line":52,"column":2}}},"fnMap":{"0":{"name":"(anonymous_0)","decl":{"start":{"line":19,"column":17},"end":{"line":19,"column":18}},"loc":{"start":{"line":19,"column":26},"end":{"line":19,"column":52}},"line":19},"1":{"name":"(anonymous_1)","decl":{"start":{"line":20,"column":17},"end":{"line":20,"column":18}},"loc":{"start":{"line":20,"column":26},"end":{"line":20,"column":67}},"line":20},"2":{"name":"(anonymous_2)","decl":{"start":{"line":22,"column":15},"end":{"line":22,"column":16}},"loc":{"start":{"line":23,"column":4},"end":{"line":23,"column":78}},"line":23},"3":{"name":"(anonymous_3)","decl":{"start":{"line":25,"column":15},"end":{"line":25,"column":16}},"loc":{"start":{"line":25,"column":25},"end":{"line":25,"column":53}},"line":25},"4":{"name":"(anonymous_4)","decl":{"start":{"line":27,"column":4},"end":{"line":27,"column":5}},"loc":{"start":{"line":27,"column":13},"end":{"line":27,"column":57}},"line":27},"5":{"name":"(anonymous_5)","decl":{"start":{"line":37,"column":11},"end":{"line":37,"column":12}},"loc":{"start":{"line":37,"column":34},"end":{"line":41,"column":1}},"line":37}},"branchMap":{"0":{"loc":{"start":{"line":20,"column":26},"end":{"line":20,"column":67}},"type":"binary-expr","locations":[{"start":{"line":20,"column":26},"end":{"line":20,"column":41}},{"start":{"line":20,"column":45},"end":{"line":20,"column":67}}],"line":20},"1":{"loc":{"start":{"line":23,"column":4},"end":{"line":23,"column":78}},"type":"cond-expr","locations":[{"start":{"line":23,"column":22},"end":{"line":23,"column":51}},{"start":{"line":23,"column":54},"end":{"line":23,"column":78}}],"line":23},"2":{"loc":{"start":{"line":25,"column":25},"end":{"line":25,"column":53}},"type":"cond-expr","locations":[{"start":{"line":25,"column":40},"end":{"line":25,"column":45}},{"start":{"line":25,"column":48},"end":{"line":25,"column":53}}],"line":25}},"s":{"0":3,"1":3,"2":3,"3":3,"4":3,"5":3,"6":3,"7":3,"8":3,"9":3,"10":3,"11":3,"12":3},"f":{"0":3,"1":3,"2":3,"3":3,"4":3,"5":3},"b":{"0":[3,2],"1":[2,1],"2":[1,2]},"_coverageSchema":"43e27e138ebf9cfc5966b082cf9a028302ed4184","hash":"2fa3f14e6460f81845490db02eb817cfa738b216"}
,"/Users/jzempel/Sites/zendeskgarden/react-components/packages/typography/src/views/MD.js": {"path":"/Users/jzempel/Sites/zendeskgarden/react-components/packages/typography/src/views/MD.js","statementMap":{"0":{"start":{"line":13,"column":21},"end":{"line":13,"column":36}},"1":{"start":{"line":15,"column":17},"end":{"line":28,"column":1}},"2":{"start":{"line":19,"column":26},"end":{"line":19,"column":52}},"3":{"start":{"line":20,"column":26},"end":{"line":20,"column":67}},"4":{"start":{"line":23,"column":4},"end":{"line":23,"column":78}},"5":{"start":{"line":25,"column":25},"end":{"line":25,"column":53}},"6":{"start":{"line":27,"column":13},"end":{"line":27,"column":57}},"7":{"start":{"line":30,"column":0},"end":{"line":32,"column":2}},"8":{"start":{"line":37,"column":11},"end":{"line":41,"column":1}},"9":{"start":{"line":38,"column":22},"end":{"line":38,"column":49}},"10":{"start":{"line":40,"column":2},"end":{"line":40,"column":36}},"11":{"start":{"line":43,"column":0},"end":{"line":48,"column":2}},"12":{"start":{"line":50,"column":0},"end":{"line":52,"column":2}}},"fnMap":{"0":{"name":"(anonymous_0)","decl":{"start":{"line":19,"column":17},"end":{"line":19,"column":18}},"loc":{"start":{"line":19,"column":26},"end":{"line":19,"column":52}},"line":19},"1":{"name":"(anonymous_1)","decl":{"start":{"line":20,"column":17},"end":{"line":20,"column":18}},"loc":{"start":{"line":20,"column":26},"end":{"line":20,"column":67}},"line":20},"2":{"name":"(anonymous_2)","decl":{"start":{"line":22,"column":15},"end":{"line":22,"column":16}},"loc":{"start":{"line":23,"column":4},"end":{"line":23,"column":78}},"line":23},"3":{"name":"(anonymous_3)","decl":{"start":{"line":25,"column":15},"end":{"line":25,"column":16}},"loc":{"start":{"line":25,"column":25},"end":{"line":25,"column":53}},"line":25},"4":{"name":"(anonymous_4)","decl":{"start":{"line":27,"column":4},"end":{"line":27,"column":5}},"loc":{"start":{"line":27,"column":13},"end":{"line":27,"column":57}},"line":27},"5":{"name":"(anonymous_5)","decl":{"start":{"line":37,"column":11},"end":{"line":37,"column":12}},"loc":{"start":{"line":37,"column":34},"end":{"line":41,"column":1}},"line":37}},"branchMap":{"0":{"loc":{"start":{"line":20,"column":26},"end":{"line":20,"column":67}},"type":"binary-expr","locations":[{"start":{"line":20,"column":26},"end":{"line":20,"column":41}},{"start":{"line":20,"column":45},"end":{"line":20,"column":67}}],"line":20},"1":{"loc":{"start":{"line":23,"column":4},"end":{"line":23,"column":78}},"type":"cond-expr","locations":[{"start":{"line":23,"column":22},"end":{"line":23,"column":51}},{"start":{"line":23,"column":54},"end":{"line":23,"column":78}}],"line":23},"2":{"loc":{"start":{"line":25,"column":25},"end":{"line":25,"column":53}},"type":"cond-expr","locations":[{"start":{"line":25,"column":40},"end":{"line":25,"column":45}},{"start":{"line":25,"column":48},"end":{"line":25,"column":53}}],"line":25}},"s":{"0":3,"1":3,"2":9,"3":9,"4":9,"5":9,"6":9,"7":3,"8":3,"9":9,"10":9,"11":3,"12":3},"f":{"0":9,"1":9,"2":9,"3":9,"4":9,"5":9},"b":{"0":[9,8],"1":[8,1],"2":[1,8]},"_coverageSchema":"43e27e138ebf9cfc5966b082cf9a028302ed4184","hash":"9c10d36e1414a6a573b04d66d474df3b4899fe41"}
,"/Users/jzempel/Sites/zendeskgarden/react-components/packages/typography/src/views/SM.js": {"path":"/Users/jzempel/Sites/zendeskgarden/react-components/packages/typography/src/views/SM.js","statementMap":{"0":{"start":{"line":13,"column":21},"end":{"line":13,"column":36}},"1":{"start":{"line":15,"column":17},"end":{"line":28,"column":1}},"2":{"start":{"line":19,"column":26},"end":{"line":19,"column":52}},"3":{"start":{"line":20,"column":26},"end":{"line":20,"column":67}},"4":{"start":{"line":23,"column":4},"end":{"line":23,"column":78}},"5":{"start":{"line":25,"column":25},"end":{"line":25,"column":53}},"6":{"start":{"line":27,"column":13},"end":{"line":27,"column":57}},"7":{"start":{"line":30,"column":0},"end":{"line":32,"column":2}},"8":{"start":{"line":37,"column":11},"end":{"line":41,"column":1}},"9":{"start":{"line":38,"column":22},"end":{"line":38,"column":49}},"10":{"start":{"line":40,"column":2},"end":{"line":40,"column":36}},"11":{"start":{"line":43,"column":0},"end":{"line":48,"column":2}},"12":{"start":{"line":50,"column":0},"end":{"line":52,"column":2}}},"fnMap":{"0":{"name":"(anonymous_0)","decl":{"start":{"line":19,"column":17},"end":{"line":19,"column":18}},"loc":{"start":{"line":19,"column":26},"end":{"line":19,"column":52}},"line":19},"1":{"name":"(anonymous_1)","decl":{"start":{"line":20,"column":17},"end":{"line":20,"column":18}},"loc":{"start":{"line":20,"column":26},"end":{"line":20,"column":67}},"line":20},"2":{"name":"(anonymous_2)","decl":{"start":{"line":22,"column":15},"end":{"line":22,"column":16}},"loc":{"start":{"line":23,"column":4},"end":{"line":23,"column":78}},"line":23},"3":{"name":"(anonymous_3)","decl":{"start":{"line":25,"column":15},"end":{"line":25,"column":16}},"loc":{"start":{"line":25,"column":25},"end":{"line":25,"column":53}},"line":25},"4":{"name":"(anonymous_4)","decl":{"start":{"line":27,"column":4},"end":{"line":27,"column":5}},"loc":{"start":{"line":27,"column":13},"end":{"line":27,"column":57}},"line":27},"5":{"name":"(anonymous_5)","decl":{"start":{"line":37,"column":11},"end":{"line":37,"column":12}},"loc":{"start":{"line":37,"column":34},"end":{"line":41,"column":1}},"line":37}},"branchMap":{"0":{"loc":{"start":{"line":20,"column":26},"end":{"line":20,"column":67}},"type":"binary-expr","locations":[{"start":{"line":20,"column":26},"end":{"line":20,"column":41}},{"start":{"line":20,"column":45},"end":{"line":20,"column":67}}],"line":20},"1":{"loc":{"start":{"line":23,"column":4},"end":{"line":23,"column":78}},"type":"cond-expr","locations":[{"start":{"line":23,"column":22},"end":{"line":23,"column":51}},{"start":{"line":23,"column":54},"end":{"line":23,"column":78}}],"line":23},"2":{"loc":{"start":{"line":25,"column":25},"end":{"line":25,"column":53}},"type":"cond-expr","locations":[{"start":{"line":25,"column":40},"end":{"line":25,"column":45}},{"start":{"line":25,"column":48},"end":{"line":25,"column":53}}],"line":25}},"s":{"0":3,"1":3,"2":3,"3":3,"4":3,"5":3,"6":3,"7":3,"8":3,"9":3,"10":3,"11":3,"12":3},"f":{"0":3,"1":3,"2":3,"3":3,"4":3,"5":3},"b":{"0":[3,2],"1":[2,1],"2":[1,2]},"_coverageSchema":"43e27e138ebf9cfc5966b082cf9a028302ed4184","hash":"2b5fb0b3a7dd8ac18f9501ac477c506b013d62aa"}
,"/Users/jzempel/Sites/zendeskgarden/react-components/packages/typography/src/views/XL.js": {"path":"/Users/jzempel/Sites/zendeskgarden/react-components/packages/typography/src/views/XL.js","statementMap":{"0":{"start":{"line":13,"column":21},"end":{"line":13,"column":36}},"1":{"start":{"line":15,"column":17},"end":{"line":25,"column":1}},"2":{"start":{"line":19,"column":26},"end":{"line":19,"column":52}},"3":{"start":{"line":20,"column":24},"end":{"line":20,"column":48}},"4":{"start":{"line":22,"column":25},"end":{"line":22,"column":53}},"5":{"start":{"line":24,"column":13},"end":{"line":24,"column":57}},"6":{"start":{"line":27,"column":0},"end":{"line":29,"column":2}},"7":{"start":{"line":34,"column":11},"end":{"line":38,"column":1}},"8":{"start":{"line":35,"column":22},"end":{"line":35,"column":49}},"9":{"start":{"line":37,"column":2},"end":{"line":37,"column":36}},"10":{"start":{"line":40,"column":0},"end":{"line":43,"column":2}},"11":{"start":{"line":45,"column":0},"end":{"line":47,"column":2}}},"fnMap":{"0":{"name":"(anonymous_0)","decl":{"start":{"line":19,"column":17},"end":{"line":19,"column":18}},"loc":{"start":{"line":19,"column":26},"end":{"line":19,"column":52}},"line":19},"1":{"name":"(anonymous_1)","decl":{"start":{"line":20,"column":15},"end":{"line":20,"column":16}},"loc":{"start":{"line":20,"column":24},"end":{"line":20,"column":48}},"line":20},"2":{"name":"(anonymous_2)","decl":{"start":{"line":22,"column":15},"end":{"line":22,"column":16}},"loc":{"start":{"line":22,"column":25},"end":{"line":22,"column":53}},"line":22},"3":{"name":"(anonymous_3)","decl":{"start":{"line":24,"column":4},"end":{"line":24,"column":5}},"loc":{"start":{"line":24,"column":13},"end":{"line":24,"column":57}},"line":24},"4":{"name":"(anonymous_4)","decl":{"start":{"line":34,"column":11},"end":{"line":34,"column":12}},"loc":{"start":{"line":34,"column":34},"end":{"line":38,"column":1}},"line":34}},"branchMap":{"0":{"loc":{"start":{"line":22,"column":25},"end":{"line":22,"column":53}},"type":"cond-expr","locations":[{"start":{"line":22,"column":40},"end":{"line":22,"column":45}},{"start":{"line":22,"column":48},"end":{"line":22,"column":53}}],"line":22}},"s":{"0":2,"1":2,"2":2,"3":2,"4":2,"5":2,"6":2,"7":2,"8":2,"9":2,"10":2,"11":2},"f":{"0":2,"1":2,"2":2,"3":2,"4":2},"b":{"0":[1,1]},"_coverageSchema":"43e27e138ebf9cfc5966b082cf9a028302ed4184","hash":"f837f84dd9c4e7df0dcf070dcb6c93ef5acb550b"}
,"/Users/jzempel/Sites/zendeskgarden/react-components/packages/typography/src/views/XXL.js": {"path":"/Users/jzempel/Sites/zendeskgarden/react-components/packages/typography/src/views/XXL.js","statementMap":{"0":{"start":{"line":13,"column":21},"end":{"line":13,"column":37}},"1":{"start":{"line":15,"column":18},"end":{"line":25,"column":1}},"2":{"start":{"line":19,"column":26},"end":{"line":19,"column":53}},"3":{"start":{"line":20,"column":24},"end":{"line":20,"column":49}},"4":{"start":{"line":22,"column":25},"end":{"line":22,"column":53}},"5":{"start":{"line":24,"column":13},"end":{"line":24,"column":57}},"6":{"start":{"line":27,"column":0},"end":{"line":29,"column":2}},"7":{"start":{"line":34,"column":12},"end":{"line":38,"column":1}},"8":{"start":{"line":35,"column":23},"end":{"line":35,"column":51}},"9":{"start":{"line":37,"column":2},"end":{"line":37,"column":37}},"10":{"start":{"line":40,"column":0},"end":{"line":43,"column":2}},"11":{"start":{"line":45,"column":0},"end":{"line":47,"column":2}}},"fnMap":{"0":{"name":"(anonymous_0)","decl":{"start":{"line":19,"column":17},"end":{"line":19,"column":18}},"loc":{"start":{"line":19,"column":26},"end":{"line":19,"column":53}},"line":19},"1":{"name":"(anonymous_1)","decl":{"start":{"line":20,"column":15},"end":{"line":20,"column":16}},"loc":{"start":{"line":20,"column":24},"end":{"line":20,"column":49}},"line":20},"2":{"name":"(anonymous_2)","decl":{"start":{"line":22,"column":15},"end":{"line":22,"column":16}},"loc":{"start":{"line":22,"column":25},"end":{"line":22,"column":53}},"line":22},"3":{"name":"(anonymous_3)","decl":{"start":{"line":24,"column":4},"end":{"line":24,"column":5}},"loc":{"start":{"line":24,"column":13},"end":{"line":24,"column":57}},"line":24},"4":{"name":"(anonymous_4)","decl":{"start":{"line":34,"column":12},"end":{"line":34,"column":13}},"loc":{"start":{"line":34,"column":35},"end":{"line":38,"column":1}},"line":34}},"branchMap":{"0":{"loc":{"start":{"line":22,"column":25},"end":{"line":22,"column":53}},"type":"cond-expr","locations":[{"start":{"line":22,"column":40},"end":{"line":22,"column":45}},{"start":{"line":22,"column":48},"end":{"line":22,"column":53}}],"line":22}},"s":{"0":2,"1":2,"2":2,"3":2,"4":2,"5":2,"6":2,"7":2,"8":2,"9":2,"10":2,"11":2},"f":{"0":2,"1":2,"2":2,"3":2,"4":2},"b":{"0":[1,1]},"_coverageSchema":"43e27e138ebf9cfc5966b082cf9a028302ed4184","hash":"e9685eb1446f69ac67635152f648c66dfac85338"}
,"/Users/jzempel/Sites/zendeskgarden/react-components/packages/typography/src/views/XXXL.js": {"path":"/Users/jzempel/Sites/zendeskgarden/react-components/packages/typography/src/views/XXXL.js","statementMap":{"0":{"start":{"line":13,"column":21},"end":{"line":13,"column":38}},"1":{"start":{"line":15,"column":19},"end":{"line":25,"column":1}},"2":{"start":{"line":19,"column":26},"end":{"line":19,"column":54}},"3":{"start":{"line":20,"column":24},"end":{"line":20,"column":50}},"4":{"start":{"line":22,"column":25},"end":{"line":22,"column":53}},"5":{"start":{"line":24,"column":13},"end":{"line":24,"column":57}},"6":{"start":{"line":27,"column":0},"end":{"line":29,"column":2}},"7":{"start":{"line":34,"column":13},"end":{"line":38,"column":1}},"8":{"start":{"line":35,"column":24},"end":{"line":35,"column":53}},"9":{"start":{"line":37,"column":2},"end":{"line":37,"column":38}},"10":{"start":{"line":40,"column":0},"end":{"line":43,"column":2}},"11":{"start":{"line":45,"column":0},"end":{"line":47,"column":2}}},"fnMap":{"0":{"name":"(anonymous_0)","decl":{"start":{"line":19,"column":17},"end":{"line":19,"column":18}},"loc":{"start":{"line":19,"column":26},"end":{"line":19,"column":54}},"line":19},"1":{"name":"(anonymous_1)","decl":{"start":{"line":20,"column":15},"end":{"line":20,"column":16}},"loc":{"start":{"line":20,"column":24},"end":{"line":20,"column":50}},"line":20},"2":{"name":"(anonymous_2)","decl":{"start":{"line":22,"column":15},"end":{"line":22,"column":16}},"loc":{"start":{"line":22,"column":25},"end":{"line":22,"column":53}},"line":22},"3":{"name":"(anonymous_3)","decl":{"start":{"line":24,"column":4},"end":{"line":24,"column":5}},"loc":{"start":{"line":24,"column":13},"end":{"line":24,"column":57}},"line":24},"4":{"name":"(anonymous_4)","decl":{"start":{"line":34,"column":13},"end":{"line":34,"column":14}},"loc":{"start":{"line":34,"column":36},"end":{"line":38,"column":1}},"line":34}},"branchMap":{"0":{"loc":{"start":{"line":22,"column":25},"end":{"line":22,"column":53}},"type":"cond-expr","locations":[{"start":{"line":22,"column":40},"end":{"line":22,"column":45}},{"start":{"line":22,"column":48},"end":{"line":22,"column":53}}],"line":22}},"s":{"0":2,"1":2,"2":1,"3":1,"4":1,"5":1,"6":2,"7":2,"8":1,"9":1,"10":2,"11":2},"f":{"0":1,"1":1,"2":1,"3":1,"4":1},"b":{"0":[1,0]},"_coverageSchema":"43e27e138ebf9cfc5966b082cf9a028302ed4184","hash":"caee47dd9e24c7b598b62e1f89102426c7eaba21"}
,"/Users/jzempel/Sites/zendeskgarden/react-components/packages/utilities/src/utils/hasType.js": {"path":"/Users/jzempel/Sites/zendeskgarden/react-components/packages/utilities/src/utils/hasType.js","statementMap":{"0":{"start":{"line":15,"column":2},"end":{"line":15,"column":23}},"1":{"start":{"line":15,"column":10},"end":{"line":15,"column":23}},"2":{"start":{"line":16,"column":35},"end":{"line":16,"column":36}},"3":{"start":{"line":17,"column":30},"end":{"line":17,"column":39}},"4":{"start":{"line":21,"column":2},"end":{"line":25,"column":3}},"5":{"start":{"line":22,"column":4},"end":{"line":22,"column":29}},"6":{"start":{"line":23,"column":9},"end":{"line":25,"column":3}},"7":{"start":{"line":24,"column":4},"end":{"line":24,"column":36}},"8":{"start":{"line":27,"column":2},"end":{"line":27,"column":16}}},"fnMap":{"0":{"name":"(anonymous_0)","decl":{"start":{"line":14,"column":15},"end":{"line":14,"column":16}},"loc":{"start":{"line":14,"column":35},"end":{"line":28,"column":1}},"line":14}},"branchMap":{"0":{"loc":{"start":{"line":14,"column":24},"end":{"line":14,"column":30}},"type":"default-arg","locations":[{"start":{"line":14,"column":28},"end":{"line":14,"column":30}}],"line":14},"1":{"loc":{"start":{"line":15,"column":2},"end":{"line":15,"column":23}},"type":"if","locations":[{"start":{"line":15,"column":2},"end":{"line":15,"column":23}},{"start":{"line":15,"column":2},"end":{"line":15,"column":23}}],"line":15},"2":{"loc":{"start":{"line":16,"column":16},"end":{"line":16,"column":30}},"type":"default-arg","locations":[{"start":{"line":16,"column":28},"end":{"line":16,"column":30}}],"line":16},"3":{"loc":{"start":{"line":21,"column":2},"end":{"line":25,"column":3}},"type":"if","locations":[{"start":{"line":21,"column":2},"end":{"line":25,"column":3}},{"start":{"line":21,"column":2},"end":{"line":25,"column":3}}],"line":21},"4":{"loc":{"start":{"line":23,"column":9},"end":{"line":25,"column":3}},"type":"if","locations":[{"start":{"line":23,"column":9},"end":{"line":25,"column":3}},{"start":{"line":23,"column":9},"end":{"line":25,"column":3}}],"line":23},"5":{"loc":{"start":{"line":23,"column":13},"end":{"line":23,"column":37}},"type":"binary-expr","locations":[{"start":{"line":23,"column":13},"end":{"line":23,"column":19}},{"start":{"line":23,"column":23},"end":{"line":23,"column":37}}],"line":23}},"s":{"0":1668,"1":1,"2":1667,"3":1667,"4":1667,"5":1505,"6":162,"7":0,"8":1667},"f":{"0":1668},"b":{"0":[0],"1":[1,1667],"2":[0],"3":[1505,162],"4":[0,162],"5":[162,30]},"_coverageSchema":"43e27e138ebf9cfc5966b082cf9a028302ed4184","hash":"20e095b626f9da1bff60e2f92925c3d91573accc"}
,"/Users/jzempel/Sites/zendeskgarden/react-components/packages/utilities/src/utils/requiredParam.js": {"path":"/Users/jzempel/Sites/zendeskgarden/react-components/packages/utilities/src/utils/requiredParam.js","statementMap":{"0":{"start":{"line":15,"column":2},"end":{"line":17,"column":3}},"1":{"start":{"line":16,"column":4},"end":{"line":16,"column":35}},"2":{"start":{"line":19,"column":2},"end":{"line":19,"column":46}}},"fnMap":{"0":{"name":"(anonymous_0)","decl":{"start":{"line":14,"column":15},"end":{"line":14,"column":16}},"loc":{"start":{"line":14,"column":48},"end":{"line":20,"column":1}},"line":14}},"branchMap":{"0":{"loc":{"start":{"line":15,"column":2},"end":{"line":17,"column":3}},"type":"if","locations":[{"start":{"line":15,"column":2},"end":{"line":17,"column":3}},{"start":{"line":15,"column":2},"end":{"line":17,"column":3}}],"line":15}},"s":{"0":2,"1":1,"2":1},"f":{"0":2},"b":{"0":[1,1]},"_coverageSchema":"43e27e138ebf9cfc5966b082cf9a028302ed4184","hash":"1d7af6cb1a50c2e666987eca2ffcc79915dd6425"}
}
