{"/home/travis/build/zendeskgarden/react-components/packages/autocomplete/src/containers/AutocompleteContainer.js": {"path":"/home/travis/build/zendeskgarden/react-components/packages/autocomplete/src/containers/AutocompleteContainer.js","statementMap":{"0":{"start":{"line":32,"column":20},"end":{"line":34,"column":1}},"1":{"start":{"line":33,"column":22},"end":{"line":33,"column":34}},"2":{"start":{"line":132,"column":4},"end":{"line":132,"column":19}},"3":{"start":{"line":134,"column":4},"end":{"line":139,"column":6}},"4":{"start":{"line":141,"column":4},"end":{"line":141,"column":58}},"5":{"start":{"line":142,"column":4},"end":{"line":142,"column":83}},"6":{"start":{"line":144,"column":4},"end":{"line":144,"column":56}},"7":{"start":{"line":145,"column":4},"end":{"line":145,"column":79}},"8":{"start":{"line":149,"column":27},"end":{"line":149,"column":52}},"9":{"start":{"line":150,"column":31},"end":{"line":152,"column":28}},"10":{"start":{"line":158,"column":4},"end":{"line":168,"column":5}},"11":{"start":{"line":159,"column":18},"end":{"line":159,"column":66}},"12":{"start":{"line":160,"column":23},"end":{"line":160,"column":69}},"13":{"start":{"line":163,"column":6},"end":{"line":167,"column":7}},"14":{"start":{"line":172,"column":23},"end":{"line":172,"column":53}},"15":{"start":{"line":174,"column":4},"end":{"line":174,"column":84}},"16":{"start":{"line":178,"column":26},"end":{"line":178,"column":59}},"17":{"start":{"line":180,"column":4},"end":{"line":180,"column":85}},"18":{"start":{"line":184,"column":25},"end":{"line":184,"column":35}},"19":{"start":{"line":185,"column":19},"end":{"line":185,"column":52}},"20":{"start":{"line":187,"column":4},"end":{"line":187,"column":46}},"21":{"start":{"line":188,"column":4},"end":{"line":188,"column":40}},"22":{"start":{"line":192,"column":4},"end":{"line":192,"column":72}},"23":{"start":{"line":196,"column":4},"end":{"line":196,"column":46}},"24":{"start":{"line":197,"column":4},"end":{"line":197,"column":47}},"25":{"start":{"line":201,"column":4},"end":{"line":201,"column":43}},"26":{"start":{"line":205,"column":4},"end":{"line":210,"column":5}},"27":{"start":{"line":206,"column":6},"end":{"line":209,"column":7}},"28":{"start":{"line":207,"column":8},"end":{"line":207,"column":48}},"29":{"start":{"line":208,"column":8},"end":{"line":208,"column":27}},"30":{"start":{"line":214,"column":23},"end":{"line":214,"column":48}},"31":{"start":{"line":216,"column":4},"end":{"line":224,"column":5}},"32":{"start":{"line":217,"column":6},"end":{"line":223,"column":7}},"33":{"start":{"line":218,"column":8},"end":{"line":218,"column":28}},"34":{"start":{"line":219,"column":8},"end":{"line":219,"column":27}},"35":{"start":{"line":220,"column":13},"end":{"line":223,"column":7}},"36":{"start":{"line":221,"column":8},"end":{"line":221,"column":44}},"37":{"start":{"line":222,"column":8},"end":{"line":222,"column":27}},"38":{"start":{"line":229,"column":6},"end":{"line":233,"column":7}},"39":{"start":{"line":230,"column":8},"end":{"line":230,"column":46}},"40":{"start":{"line":232,"column":8},"end":{"line":232,"column":50}},"41":{"start":{"line":236,"column":6},"end":{"line":240,"column":7}},"42":{"start":{"line":237,"column":8},"end":{"line":237,"column":50}},"43":{"start":{"line":239,"column":8},"end":{"line":239,"column":46}},"44":{"start":{"line":243,"column":25},"end":{"line":243,"column":50}},"45":{"start":{"line":245,"column":6},"end":{"line":251,"column":7}},"46":{"start":{"line":246,"column":8},"end":{"line":246,"column":47}},"47":{"start":{"line":247,"column":8},"end":{"line":247,"column":27}},"48":{"start":{"line":248,"column":13},"end":{"line":251,"column":7}},"49":{"start":{"line":249,"column":8},"end":{"line":249,"column":45}},"50":{"start":{"line":250,"column":8},"end":{"line":250,"column":27}},"51":{"start":{"line":254,"column":25},"end":{"line":254,"column":50}},"52":{"start":{"line":256,"column":6},"end":{"line":262,"column":7}},"53":{"start":{"line":257,"column":8},"end":{"line":257,"column":46}},"54":{"start":{"line":258,"column":8},"end":{"line":258,"column":27}},"55":{"start":{"line":259,"column":13},"end":{"line":262,"column":7}},"56":{"start":{"line":260,"column":8},"end":{"line":260,"column":28}},"57":{"start":{"line":261,"column":8},"end":{"line":261,"column":27}},"58":{"start":{"line":265,"column":25},"end":{"line":265,"column":50}},"59":{"start":{"line":267,"column":6},"end":{"line":270,"column":7}},"60":{"start":{"line":268,"column":8},"end":{"line":268,"column":29}},"61":{"start":{"line":269,"column":8},"end":{"line":269,"column":27}},"62":{"start":{"line":273,"column":25},"end":{"line":273,"column":50}},"63":{"start":{"line":275,"column":6},"end":{"line":286,"column":7}},"64":{"start":{"line":276,"column":8},"end":{"line":280,"column":9}},"65":{"start":{"line":277,"column":10},"end":{"line":277,"column":84}},"66":{"start":{"line":278,"column":15},"end":{"line":280,"column":9}},"67":{"start":{"line":279,"column":10},"end":{"line":279,"column":47}},"68":{"start":{"line":282,"column":8},"end":{"line":282,"column":27}},"69":{"start":{"line":283,"column":13},"end":{"line":286,"column":7}},"70":{"start":{"line":284,"column":8},"end":{"line":284,"column":28}},"71":{"start":{"line":285,"column":8},"end":{"line":285,"column":27}},"72":{"start":{"line":289,"column":25},"end":{"line":289,"column":50}},"73":{"start":{"line":291,"column":6},"end":{"line":297,"column":7}},"74":{"start":{"line":292,"column":8},"end":{"line":292,"column":46}},"75":{"start":{"line":293,"column":8},"end":{"line":293,"column":27}},"76":{"start":{"line":295,"column":8},"end":{"line":295,"column":47}},"77":{"start":{"line":296,"column":8},"end":{"line":296,"column":27}},"78":{"start":{"line":300,"column":25},"end":{"line":300,"column":50}},"79":{"start":{"line":302,"column":6},"end":{"line":308,"column":7}},"80":{"start":{"line":303,"column":8},"end":{"line":303,"column":50}},"81":{"start":{"line":304,"column":8},"end":{"line":304,"column":27}},"82":{"start":{"line":306,"column":8},"end":{"line":306,"column":46}},"83":{"start":{"line":307,"column":8},"end":{"line":307,"column":27}},"84":{"start":{"line":311,"column":25},"end":{"line":311,"column":50}},"85":{"start":{"line":313,"column":6},"end":{"line":316,"column":7}},"86":{"start":{"line":314,"column":8},"end":{"line":314,"column":28}},"87":{"start":{"line":315,"column":8},"end":{"line":315,"column":27}},"88":{"start":{"line":321,"column":4},"end":{"line":321,"column":86}},"89":{"start":{"line":324,"column":4},"end":{"line":324,"column":85}},"90":{"start":{"line":335,"column":50},"end":{"line":335,"column":75}},"91":{"start":{"line":337,"column":4},"end":{"line":362,"column":6}},"92":{"start":{"line":346,"column":8},"end":{"line":348,"column":9}},"93":{"start":{"line":347,"column":10},"end":{"line":347,"column":31}},"94":{"start":{"line":351,"column":8},"end":{"line":351,"column":50}},"95":{"start":{"line":354,"column":31},"end":{"line":354,"column":69}},"96":{"start":{"line":356,"column":8},"end":{"line":356,"column":44}},"97":{"start":{"line":359,"column":8},"end":{"line":359,"column":27}},"98":{"start":{"line":366,"column":4},"end":{"line":385,"column":6}},"99":{"start":{"line":368,"column":8},"end":{"line":368,"column":38}},"100":{"start":{"line":371,"column":8},"end":{"line":371,"column":39}},"101":{"start":{"line":374,"column":27},"end":{"line":374,"column":52}},"102":{"start":{"line":376,"column":8},"end":{"line":380,"column":9}},"103":{"start":{"line":377,"column":10},"end":{"line":377,"column":31}},"104":{"start":{"line":379,"column":10},"end":{"line":379,"column":30}},"105":{"start":{"line":382,"column":8},"end":{"line":382,"column":26}},"106":{"start":{"line":389,"column":4},"end":{"line":399,"column":6}},"107":{"start":{"line":392,"column":8},"end":{"line":392,"column":35}},"108":{"start":{"line":395,"column":8},"end":{"line":395,"column":36}},"109":{"start":{"line":396,"column":8},"end":{"line":396,"column":26}},"110":{"start":{"line":411,"column":27},"end":{"line":411,"column":52}},"111":{"start":{"line":412,"column":26},"end":{"line":412,"column":44}},"112":{"start":{"line":413,"column":25},"end":{"line":413,"column":88}},"113":{"start":{"line":415,"column":4},"end":{"line":415,"column":41}},"114":{"start":{"line":417,"column":4},"end":{"line":419,"column":5}},"115":{"start":{"line":418,"column":6},"end":{"line":418,"column":60}},"116":{"start":{"line":421,"column":4},"end":{"line":421,"column":40}},"117":{"start":{"line":423,"column":4},"end":{"line":441,"column":6}},"118":{"start":{"line":428,"column":8},"end":{"line":428,"column":29}},"119":{"start":{"line":434,"column":8},"end":{"line":438,"column":9}},"120":{"start":{"line":435,"column":10},"end":{"line":437,"column":13}},"121":{"start":{"line":452,"column":30},"end":{"line":452,"column":55}},"122":{"start":{"line":453,"column":26},"end":{"line":453,"column":47}},"123":{"start":{"line":454,"column":25},"end":{"line":454,"column":56}},"124":{"start":{"line":456,"column":4},"end":{"line":456,"column":44}},"125":{"start":{"line":458,"column":4},"end":{"line":460,"column":5}},"126":{"start":{"line":459,"column":6},"end":{"line":459,"column":58}},"127":{"start":{"line":462,"column":4},"end":{"line":462,"column":38}},"128":{"start":{"line":464,"column":4},"end":{"line":479,"column":6}},"129":{"start":{"line":468,"column":8},"end":{"line":468,"column":34}},"130":{"start":{"line":471,"column":8},"end":{"line":471,"column":35}},"131":{"start":{"line":474,"column":8},"end":{"line":474,"column":52}},"132":{"start":{"line":475,"column":8},"end":{"line":475,"column":26}},"133":{"start":{"line":476,"column":8},"end":{"line":476,"column":27}},"134":{"start":{"line":486,"column":26},"end":{"line":486,"column":36}},"135":{"start":{"line":488,"column":4},"end":{"line":490,"column":5}},"136":{"start":{"line":489,"column":6},"end":{"line":489,"column":46}},"137":{"start":{"line":492,"column":4},"end":{"line":492,"column":41}},"138":{"start":{"line":504,"column":8},"end":{"line":504,"column":18}},"139":{"start":{"line":505,"column":50},"end":{"line":505,"column":75}},"140":{"start":{"line":507,"column":4},"end":{"line":507,"column":37}},"141":{"start":{"line":508,"column":4},"end":{"line":508,"column":35}},"142":{"start":{"line":509,"column":4},"end":{"line":509,"column":26}},"143":{"start":{"line":510,"column":4},"end":{"line":510,"column":29}},"144":{"start":{"line":512,"column":4},"end":{"line":568,"column":6}},"145":{"start":{"line":517,"column":41},"end":{"line":517,"column":52}},"146":{"start":{"line":519,"column":14},"end":{"line":532,"column":16}},"147":{"start":{"line":527,"column":20},"end":{"line":527,"column":40}},"148":{"start":{"line":542,"column":40},"end":{"line":542,"column":69}},"149":{"start":{"line":543,"column":40},"end":{"line":543,"column":79}},"150":{"start":{"line":545,"column":29},"end":{"line":552,"column":18}},"151":{"start":{"line":554,"column":16},"end":{"line":556,"column":17}},"152":{"start":{"line":555,"column":18},"end":{"line":555,"column":31}},"153":{"start":{"line":558,"column":16},"end":{"line":562,"column":18}}},"fnMap":{"0":{"name":"(anonymous_0)","decl":{"start":{"line":33,"column":13},"end":{"line":33,"column":14}},"loc":{"start":{"line":33,"column":22},"end":{"line":33,"column":34}},"line":33},"1":{"name":"(anonymous_1)","decl":{"start":{"line":131,"column":2},"end":{"line":131,"column":3}},"loc":{"start":{"line":131,"column":23},"end":{"line":146,"column":3}},"line":131},"2":{"name":"(anonymous_2)","decl":{"start":{"line":148,"column":2},"end":{"line":148,"column":3}},"loc":{"start":{"line":148,"column":43},"end":{"line":169,"column":3}},"line":148},"3":{"name":"(anonymous_3)","decl":{"start":{"line":171,"column":32},"end":{"line":171,"column":33}},"loc":{"start":{"line":171,"column":54},"end":{"line":175,"column":3}},"line":171},"4":{"name":"(anonymous_4)","decl":{"start":{"line":177,"column":30},"end":{"line":177,"column":31}},"loc":{"start":{"line":177,"column":52},"end":{"line":181,"column":3}},"line":177},"5":{"name":"(anonymous_5)","decl":{"start":{"line":183,"column":15},"end":{"line":183,"column":16}},"loc":{"start":{"line":183,"column":30},"end":{"line":189,"column":3}},"line":183},"6":{"name":"(anonymous_6)","decl":{"start":{"line":191,"column":17},"end":{"line":191,"column":18}},"loc":{"start":{"line":191,"column":23},"end":{"line":193,"column":3}},"line":191},"7":{"name":"(anonymous_7)","decl":{"start":{"line":195,"column":18},"end":{"line":195,"column":19}},"loc":{"start":{"line":195,"column":24},"end":{"line":198,"column":3}},"line":195},"8":{"name":"(anonymous_8)","decl":{"start":{"line":200,"column":15},"end":{"line":200,"column":16}},"loc":{"start":{"line":200,"column":21},"end":{"line":202,"column":3}},"line":200},"9":{"name":"(anonymous_9)","decl":{"start":{"line":204,"column":38},"end":{"line":204,"column":39}},"loc":{"start":{"line":204,"column":43},"end":{"line":211,"column":3}},"line":204},"10":{"name":"(anonymous_10)","decl":{"start":{"line":213,"column":34},"end":{"line":213,"column":35}},"loc":{"start":{"line":213,"column":39},"end":{"line":225,"column":3}},"line":213},"11":{"name":"(anonymous_11)","decl":{"start":{"line":228,"column":22},"end":{"line":228,"column":23}},"loc":{"start":{"line":228,"column":27},"end":{"line":234,"column":5}},"line":228},"12":{"name":"(anonymous_12)","decl":{"start":{"line":235,"column":23},"end":{"line":235,"column":24}},"loc":{"start":{"line":235,"column":28},"end":{"line":241,"column":5}},"line":235},"13":{"name":"(anonymous_13)","decl":{"start":{"line":242,"column":22},"end":{"line":242,"column":23}},"loc":{"start":{"line":242,"column":27},"end":{"line":252,"column":5}},"line":242},"14":{"name":"(anonymous_14)","decl":{"start":{"line":253,"column":21},"end":{"line":253,"column":22}},"loc":{"start":{"line":253,"column":26},"end":{"line":263,"column":5}},"line":253},"15":{"name":"(anonymous_15)","decl":{"start":{"line":264,"column":24},"end":{"line":264,"column":25}},"loc":{"start":{"line":264,"column":29},"end":{"line":271,"column":5}},"line":264},"16":{"name":"(anonymous_16)","decl":{"start":{"line":272,"column":23},"end":{"line":272,"column":24}},"loc":{"start":{"line":272,"column":28},"end":{"line":287,"column":5}},"line":272},"17":{"name":"(anonymous_17)","decl":{"start":{"line":288,"column":22},"end":{"line":288,"column":23}},"loc":{"start":{"line":288,"column":27},"end":{"line":298,"column":5}},"line":288},"18":{"name":"(anonymous_18)","decl":{"start":{"line":299,"column":20},"end":{"line":299,"column":21}},"loc":{"start":{"line":299,"column":25},"end":{"line":309,"column":5}},"line":299},"19":{"name":"(anonymous_19)","decl":{"start":{"line":310,"column":23},"end":{"line":310,"column":24}},"loc":{"start":{"line":310,"column":28},"end":{"line":317,"column":5}},"line":310},"20":{"name":"(anonymous_20)","decl":{"start":{"line":320,"column":14},"end":{"line":320,"column":15}},"loc":{"start":{"line":321,"column":4},"end":{"line":321,"column":86}},"line":321},"21":{"name":"(anonymous_21)","decl":{"start":{"line":323,"column":13},"end":{"line":323,"column":14}},"loc":{"start":{"line":324,"column":4},"end":{"line":324,"column":85}},"line":324},"22":{"name":"(anonymous_22)","decl":{"start":{"line":326,"column":18},"end":{"line":326,"column":19}},"loc":{"start":{"line":334,"column":13},"end":{"line":363,"column":3}},"line":334},"23":{"name":"(anonymous_23)","decl":{"start":{"line":345,"column":43},"end":{"line":345,"column":44}},"loc":{"start":{"line":345,"column":49},"end":{"line":349,"column":7}},"line":345},"24":{"name":"(anonymous_24)","decl":{"start":{"line":350,"column":47},"end":{"line":350,"column":48}},"loc":{"start":{"line":350,"column":53},"end":{"line":352,"column":7}},"line":350},"25":{"name":"(anonymous_25)","decl":{"start":{"line":353,"column":49},"end":{"line":353,"column":50}},"loc":{"start":{"line":353,"column":54},"end":{"line":357,"column":7}},"line":353},"26":{"name":"(anonymous_26)","decl":{"start":{"line":358,"column":45},"end":{"line":358,"column":46}},"loc":{"start":{"line":358,"column":50},"end":{"line":360,"column":7}},"line":358},"27":{"name":"(anonymous_27)","decl":{"start":{"line":365,"column":20},"end":{"line":365,"column":21}},"loc":{"start":{"line":365,"column":71},"end":{"line":386,"column":3}},"line":365},"28":{"name":"(anonymous_28)","decl":{"start":{"line":367,"column":53},"end":{"line":367,"column":54}},"loc":{"start":{"line":367,"column":59},"end":{"line":369,"column":7}},"line":367},"29":{"name":"(anonymous_29)","decl":{"start":{"line":370,"column":49},"end":{"line":370,"column":50}},"loc":{"start":{"line":370,"column":55},"end":{"line":372,"column":7}},"line":370},"30":{"name":"(anonymous_30)","decl":{"start":{"line":373,"column":45},"end":{"line":373,"column":46}},"loc":{"start":{"line":373,"column":51},"end":{"line":383,"column":7}},"line":373},"31":{"name":"(anonymous_31)","decl":{"start":{"line":388,"column":17},"end":{"line":388,"column":18}},"loc":{"start":{"line":388,"column":82},"end":{"line":400,"column":3}},"line":388},"32":{"name":"(anonymous_32)","decl":{"start":{"line":391,"column":53},"end":{"line":391,"column":54}},"loc":{"start":{"line":391,"column":59},"end":{"line":393,"column":7}},"line":391},"33":{"name":"(anonymous_33)","decl":{"start":{"line":394,"column":49},"end":{"line":394,"column":50}},"loc":{"start":{"line":394,"column":55},"end":{"line":397,"column":7}},"line":394},"34":{"name":"(anonymous_34)","decl":{"start":{"line":402,"column":17},"end":{"line":402,"column":18}},"loc":{"start":{"line":410,"column":13},"end":{"line":442,"column":3}},"line":410},"35":{"name":"(anonymous_35)","decl":{"start":{"line":427,"column":45},"end":{"line":427,"column":46}},"loc":{"start":{"line":427,"column":51},"end":{"line":429,"column":7}},"line":427},"36":{"name":"(anonymous_36)","decl":{"start":{"line":433,"column":53},"end":{"line":433,"column":54}},"loc":{"start":{"line":433,"column":59},"end":{"line":439,"column":7}},"line":433},"37":{"name":"(anonymous_37)","decl":{"start":{"line":444,"column":16},"end":{"line":444,"column":17}},"loc":{"start":{"line":451,"column":8},"end":{"line":480,"column":3}},"line":451},"38":{"name":"(anonymous_38)","decl":{"start":{"line":467,"column":53},"end":{"line":467,"column":54}},"loc":{"start":{"line":467,"column":59},"end":{"line":469,"column":7}},"line":467},"39":{"name":"(anonymous_39)","decl":{"start":{"line":470,"column":49},"end":{"line":470,"column":50}},"loc":{"start":{"line":470,"column":55},"end":{"line":472,"column":7}},"line":470},"40":{"name":"(anonymous_40)","decl":{"start":{"line":473,"column":45},"end":{"line":473,"column":46}},"loc":{"start":{"line":473,"column":50},"end":{"line":477,"column":7}},"line":473},"41":{"name":"(anonymous_41)","decl":{"start":{"line":485,"column":35},"end":{"line":485,"column":36}},"loc":{"start":{"line":485,"column":41},"end":{"line":493,"column":3}},"line":485},"42":{"name":"(anonymous_42)","decl":{"start":{"line":495,"column":2},"end":{"line":495,"column":3}},"loc":{"start":{"line":495,"column":11},"end":{"line":569,"column":3}},"line":495},"43":{"name":"(anonymous_43)","decl":{"start":{"line":516,"column":13},"end":{"line":516,"column":14}},"loc":{"start":{"line":516,"column":34},"end":{"line":533,"column":13}},"line":516},"44":{"name":"(anonymous_44)","decl":{"start":{"line":526,"column":28},"end":{"line":526,"column":29}},"loc":{"start":{"line":526,"column":35},"end":{"line":528,"column":19}},"line":526},"45":{"name":"(anonymous_45)","decl":{"start":{"line":541,"column":15},"end":{"line":541,"column":16}},"loc":{"start":{"line":541,"column":52},"end":{"line":563,"column":15}},"line":541}},"branchMap":{"0":{"loc":{"start":{"line":150,"column":31},"end":{"line":152,"column":28}},"type":"cond-expr","locations":[{"start":{"line":151,"column":8},"end":{"line":151,"column":28}},{"start":{"line":152,"column":8},"end":{"line":152,"column":28}}],"line":150},"1":{"loc":{"start":{"line":158,"column":4},"end":{"line":168,"column":5}},"type":"if","locations":[{"start":{"line":158,"column":4},"end":{"line":168,"column":5}},{"start":{"line":158,"column":4},"end":{"line":168,"column":5}}],"line":158},"2":{"loc":{"start":{"line":158,"column":8},"end":{"line":158,"column":78}},"type":"binary-expr","locations":[{"start":{"line":158,"column":8},"end":{"line":158,"column":41}},{"start":{"line":158,"column":45},"end":{"line":158,"column":78}}],"line":158},"3":{"loc":{"start":{"line":159,"column":18},"end":{"line":159,"column":66}},"type":"cond-expr","locations":[{"start":{"line":159,"column":32},"end":{"line":159,"column":55}},{"start":{"line":159,"column":58},"end":{"line":159,"column":66}}],"line":159},"4":{"loc":{"start":{"line":163,"column":6},"end":{"line":167,"column":7}},"type":"if","locations":[{"start":{"line":163,"column":6},"end":{"line":167,"column":7}}],"line":163},"5":{"loc":{"start":{"line":185,"column":19},"end":{"line":185,"column":52}},"type":"binary-expr","locations":[{"start":{"line":185,"column":19},"end":{"line":185,"column":27}},{"start":{"line":185,"column":31},"end":{"line":185,"column":52}}],"line":185},"6":{"loc":{"start":{"line":201,"column":4},"end":{"line":201,"column":42}},"type":"binary-expr","locations":[{"start":{"line":201,"column":4},"end":{"line":201,"column":17}},{"start":{"line":201,"column":21},"end":{"line":201,"column":42}}],"line":201},"7":{"loc":{"start":{"line":205,"column":4},"end":{"line":210,"column":5}},"type":"if","locations":[{"start":{"line":205,"column":4},"end":{"line":210,"column":5}},{"start":{"line":205,"column":4},"end":{"line":210,"column":5}}],"line":205},"8":{"loc":{"start":{"line":206,"column":6},"end":{"line":209,"column":7}},"type":"if","locations":[{"start":{"line":206,"column":6},"end":{"line":209,"column":7}},{"start":{"line":206,"column":6},"end":{"line":209,"column":7}}],"line":206},"9":{"loc":{"start":{"line":216,"column":4},"end":{"line":224,"column":5}},"type":"if","locations":[{"start":{"line":216,"column":4},"end":{"line":224,"column":5}},{"start":{"line":216,"column":4},"end":{"line":224,"column":5}}],"line":216},"10":{"loc":{"start":{"line":217,"column":6},"end":{"line":223,"column":7}},"type":"if","locations":[{"start":{"line":217,"column":6},"end":{"line":223,"column":7}},{"start":{"line":217,"column":6},"end":{"line":223,"column":7}}],"line":217},"11":{"loc":{"start":{"line":220,"column":13},"end":{"line":223,"column":7}},"type":"if","locations":[{"start":{"line":220,"column":13},"end":{"line":223,"column":7}},{"start":{"line":220,"column":13},"end":{"line":223,"column":7}}],"line":220},"12":{"loc":{"start":{"line":229,"column":6},"end":{"line":233,"column":7}},"type":"if","locations":[{"start":{"line":229,"column":6},"end":{"line":233,"column":7}},{"start":{"line":229,"column":6},"end":{"line":233,"column":7}}],"line":229},"13":{"loc":{"start":{"line":236,"column":6},"end":{"line":240,"column":7}},"type":"if","locations":[{"start":{"line":236,"column":6},"end":{"line":240,"column":7}},{"start":{"line":236,"column":6},"end":{"line":240,"column":7}}],"line":236},"14":{"loc":{"start":{"line":245,"column":6},"end":{"line":251,"column":7}},"type":"if","locations":[{"start":{"line":245,"column":6},"end":{"line":251,"column":7}},{"start":{"line":245,"column":6},"end":{"line":251,"column":7}}],"line":245},"15":{"loc":{"start":{"line":248,"column":13},"end":{"line":251,"column":7}},"type":"if","locations":[{"start":{"line":248,"column":13},"end":{"line":251,"column":7}},{"start":{"line":248,"column":13},"end":{"line":251,"column":7}}],"line":248},"16":{"loc":{"start":{"line":256,"column":6},"end":{"line":262,"column":7}},"type":"if","locations":[{"start":{"line":256,"column":6},"end":{"line":262,"column":7}},{"start":{"line":256,"column":6},"end":{"line":262,"column":7}}],"line":256},"17":{"loc":{"start":{"line":259,"column":13},"end":{"line":262,"column":7}},"type":"if","locations":[{"start":{"line":259,"column":13},"end":{"line":262,"column":7}},{"start":{"line":259,"column":13},"end":{"line":262,"column":7}}],"line":259},"18":{"loc":{"start":{"line":259,"column":17},"end":{"line":259,"column":79}},"type":"binary-expr","locations":[{"start":{"line":259,"column":17},"end":{"line":259,"column":38}},{"start":{"line":259,"column":42},"end":{"line":259,"column":79}}],"line":259},"19":{"loc":{"start":{"line":267,"column":6},"end":{"line":270,"column":7}},"type":"if","locations":[{"start":{"line":267,"column":6},"end":{"line":270,"column":7}},{"start":{"line":267,"column":6},"end":{"line":270,"column":7}}],"line":267},"20":{"loc":{"start":{"line":275,"column":6},"end":{"line":286,"column":7}},"type":"if","locations":[{"start":{"line":275,"column":6},"end":{"line":286,"column":7}},{"start":{"line":275,"column":6},"end":{"line":286,"column":7}}],"line":275},"21":{"loc":{"start":{"line":276,"column":8},"end":{"line":280,"column":9}},"type":"if","locations":[{"start":{"line":276,"column":8},"end":{"line":280,"column":9}},{"start":{"line":276,"column":8},"end":{"line":280,"column":9}}],"line":276},"22":{"loc":{"start":{"line":278,"column":15},"end":{"line":280,"column":9}},"type":"if","locations":[{"start":{"line":278,"column":15},"end":{"line":280,"column":9}},{"start":{"line":278,"column":15},"end":{"line":280,"column":9}}],"line":278},"23":{"loc":{"start":{"line":283,"column":13},"end":{"line":286,"column":7}},"type":"if","locations":[{"start":{"line":283,"column":13},"end":{"line":286,"column":7}},{"start":{"line":283,"column":13},"end":{"line":286,"column":7}}],"line":283},"24":{"loc":{"start":{"line":291,"column":6},"end":{"line":297,"column":7}},"type":"if","locations":[{"start":{"line":291,"column":6},"end":{"line":297,"column":7}},{"start":{"line":291,"column":6},"end":{"line":297,"column":7}}],"line":291},"25":{"loc":{"start":{"line":302,"column":6},"end":{"line":308,"column":7}},"type":"if","locations":[{"start":{"line":302,"column":6},"end":{"line":308,"column":7}},{"start":{"line":302,"column":6},"end":{"line":308,"column":7}}],"line":302},"26":{"loc":{"start":{"line":313,"column":6},"end":{"line":316,"column":7}},"type":"if","locations":[{"start":{"line":313,"column":6},"end":{"line":316,"column":7}},{"start":{"line":313,"column":6},"end":{"line":316,"column":7}}],"line":313},"27":{"loc":{"start":{"line":321,"column":4},"end":{"line":321,"column":86}},"type":"cond-expr","locations":[{"start":{"line":321,"column":33},"end":{"line":321,"column":37}},{"start":{"line":321,"column":40},"end":{"line":321,"column":86}}],"line":321},"28":{"loc":{"start":{"line":324,"column":4},"end":{"line":324,"column":85}},"type":"cond-expr","locations":[{"start":{"line":324,"column":33},"end":{"line":324,"column":37}},{"start":{"line":324,"column":40},"end":{"line":324,"column":85}}],"line":324},"29":{"loc":{"start":{"line":326,"column":19},"end":{"line":334,"column":8}},"type":"default-arg","locations":[{"start":{"line":334,"column":6},"end":{"line":334,"column":8}}],"line":326},"30":{"loc":{"start":{"line":327,"column":4},"end":{"line":327,"column":16}},"type":"default-arg","locations":[{"start":{"line":327,"column":15},"end":{"line":327,"column":16}}],"line":327},"31":{"loc":{"start":{"line":328,"column":4},"end":{"line":328,"column":21}},"type":"default-arg","locations":[{"start":{"line":328,"column":11},"end":{"line":328,"column":21}}],"line":328},"32":{"loc":{"start":{"line":343,"column":31},"end":{"line":343,"column":97}},"type":"cond-expr","locations":[{"start":{"line":343,"column":40},"end":{"line":343,"column":66}},{"start":{"line":343,"column":69},"end":{"line":343,"column":97}}],"line":343},"33":{"loc":{"start":{"line":346,"column":8},"end":{"line":348,"column":9}},"type":"if","locations":[{"start":{"line":346,"column":8},"end":{"line":348,"column":9}},{"start":{"line":346,"column":8},"end":{"line":348,"column":9}}],"line":346},"34":{"loc":{"start":{"line":346,"column":12},"end":{"line":346,"column":59}},"type":"binary-expr","locations":[{"start":{"line":346,"column":12},"end":{"line":346,"column":32}},{"start":{"line":346,"column":36},"end":{"line":346,"column":59}}],"line":346},"35":{"loc":{"start":{"line":356,"column":8},"end":{"line":356,"column":43}},"type":"binary-expr","locations":[{"start":{"line":356,"column":8},"end":{"line":356,"column":22}},{"start":{"line":356,"column":26},"end":{"line":356,"column":43}}],"line":356},"36":{"loc":{"start":{"line":376,"column":8},"end":{"line":380,"column":9}},"type":"if","locations":[{"start":{"line":376,"column":8},"end":{"line":380,"column":9}},{"start":{"line":376,"column":8},"end":{"line":380,"column":9}}],"line":376},"37":{"loc":{"start":{"line":388,"column":18},"end":{"line":388,"column":77}},"type":"default-arg","locations":[{"start":{"line":388,"column":75},"end":{"line":388,"column":77}}],"line":388},"38":{"loc":{"start":{"line":388,"column":20},"end":{"line":388,"column":36}},"type":"default-arg","locations":[{"start":{"line":388,"column":27},"end":{"line":388,"column":36}}],"line":388},"39":{"loc":{"start":{"line":402,"column":18},"end":{"line":410,"column":8}},"type":"default-arg","locations":[{"start":{"line":410,"column":6},"end":{"line":410,"column":8}}],"line":402},"40":{"loc":{"start":{"line":403,"column":4},"end":{"line":403,"column":30}},"type":"default-arg","locations":[{"start":{"line":403,"column":10},"end":{"line":403,"column":30}}],"line":403},"41":{"loc":{"start":{"line":404,"column":4},"end":{"line":404,"column":28}},"type":"default-arg","locations":[{"start":{"line":404,"column":9},"end":{"line":404,"column":28}}],"line":404},"42":{"loc":{"start":{"line":405,"column":4},"end":{"line":405,"column":19}},"type":"default-arg","locations":[{"start":{"line":405,"column":11},"end":{"line":405,"column":19}}],"line":405},"43":{"loc":{"start":{"line":413,"column":25},"end":{"line":413,"column":88}},"type":"cond-expr","locations":[{"start":{"line":413,"column":47},"end":{"line":413,"column":80}},{"start":{"line":413,"column":83},"end":{"line":413,"column":88}}],"line":413},"44":{"loc":{"start":{"line":417,"column":4},"end":{"line":419,"column":5}},"type":"if","locations":[{"start":{"line":417,"column":4},"end":{"line":419,"column":5}},{"start":{"line":417,"column":4},"end":{"line":419,"column":5}}],"line":417},"45":{"loc":{"start":{"line":434,"column":8},"end":{"line":438,"column":9}},"type":"if","locations":[{"start":{"line":434,"column":8},"end":{"line":438,"column":9}},{"start":{"line":434,"column":8},"end":{"line":438,"column":9}}],"line":434},"46":{"loc":{"start":{"line":445,"column":4},"end":{"line":445,"column":30}},"type":"default-arg","locations":[{"start":{"line":445,"column":10},"end":{"line":445,"column":30}}],"line":445},"47":{"loc":{"start":{"line":446,"column":4},"end":{"line":446,"column":27}},"type":"default-arg","locations":[{"start":{"line":446,"column":9},"end":{"line":446,"column":27}}],"line":446},"48":{"loc":{"start":{"line":458,"column":4},"end":{"line":460,"column":5}},"type":"if","locations":[{"start":{"line":458,"column":4},"end":{"line":460,"column":5}},{"start":{"line":458,"column":4},"end":{"line":460,"column":5}}],"line":458},"49":{"loc":{"start":{"line":488,"column":4},"end":{"line":490,"column":5}},"type":"if","locations":[{"start":{"line":488,"column":4},"end":{"line":490,"column":5}},{"start":{"line":488,"column":4},"end":{"line":490,"column":5}}],"line":488},"50":{"loc":{"start":{"line":498,"column":6},"end":{"line":498,"column":23}},"type":"default-arg","locations":[{"start":{"line":498,"column":15},"end":{"line":498,"column":23}}],"line":498},"51":{"loc":{"start":{"line":520,"column":16},"end":{"line":531,"column":18}},"type":"binary-expr","locations":[{"start":{"line":520,"column":16},"end":{"line":520,"column":23}},{"start":{"line":521,"column":16},"end":{"line":531,"column":18}}],"line":520},"52":{"loc":{"start":{"line":554,"column":16},"end":{"line":556,"column":17}},"type":"if","locations":[{"start":{"line":554,"column":16},"end":{"line":556,"column":17}},{"start":{"line":554,"column":16},"end":{"line":556,"column":17}}],"line":554}},"s":{"0":4,"1":48,"2":91,"3":91,"4":91,"5":91,"6":91,"7":91,"8":80,"9":80,"10":80,"11":4,"12":4,"13":4,"14":14,"15":14,"16":6,"17":6,"18":6,"19":6,"20":6,"21":6,"22":17,"23":3,"24":3,"25":21,"26":2,"27":2,"28":2,"29":2,"30":4,"31":4,"32":4,"33":2,"34":2,"35":2,"36":2,"37":2,"38":3,"39":2,"40":1,"41":3,"42":1,"43":2,"44":2,"45":2,"46":1,"47":1,"48":1,"49":1,"50":1,"51":4,"52":4,"53":1,"54":1,"55":3,"56":1,"57":1,"58":1,"59":1,"60":1,"61":1,"62":3,"63":3,"64":2,"65":1,"66":1,"67":1,"68":2,"69":1,"70":1,"71":1,"72":6,"73":6,"74":5,"75":5,"76":1,"77":1,"78":2,"79":2,"80":1,"81":1,"82":1,"83":1,"84":2,"85":2,"86":1,"87":1,"88":803,"89":482,"90":171,"91":171,"92":5,"93":3,"94":3,"95":29,"96":29,"97":1,"98":171,"99":2,"100":2,"101":19,"102":19,"103":1,"104":18,"105":19,"106":171,"107":1,"108":2,"109":2,"110":751,"111":751,"112":751,"113":751,"114":751,"115":4,"116":751,"117":751,"118":4,"119":0,"120":0,"121":359,"122":359,"123":359,"124":359,"125":359,"126":6,"127":359,"128":359,"129":1,"130":1,"131":6,"132":6,"133":6,"134":171,"135":171,"136":4,"137":167,"138":171,"139":171,"140":171,"141":171,"142":171,"143":171,"144":171,"145":171,"146":171,"147":251,"148":171,"149":171,"150":171,"151":171,"152":123,"153":48},"f":{"0":48,"1":91,"2":80,"3":14,"4":6,"5":6,"6":17,"7":3,"8":21,"9":2,"10":4,"11":3,"12":3,"13":2,"14":4,"15":1,"16":3,"17":6,"18":2,"19":2,"20":803,"21":482,"22":171,"23":5,"24":3,"25":29,"26":1,"27":171,"28":2,"29":2,"30":19,"31":171,"32":1,"33":2,"34":751,"35":4,"36":0,"37":359,"38":1,"39":1,"40":6,"41":171,"42":171,"43":171,"44":251,"45":171},"b":{"0":[39,41],"1":[4,76],"2":[80,4],"3":[4,0],"4":[0],"5":[6,6],"6":[21,21],"7":[2,0],"8":[2,0],"9":[4,0],"10":[2,2],"11":[2,0],"12":[2,1],"13":[1,2],"14":[1,1],"15":[1,0],"16":[1,3],"17":[1,2],"18":[3,2],"19":[1,0],"20":[2,1],"21":[1,1],"22":[1,0],"23":[1,0],"24":[5,1],"25":[1,1],"26":[1,1],"27":[44,759],"28":[117,365],"29":[0],"30":[171],"31":[171],"32":[48,123],"33":[3,2],"34":[5,4],"35":[29,26],"36":[1,18],"37":[5],"38":[171],"39":[0],"40":[0],"41":[751],"42":[751],"43":[736,15],"44":[4,747],"45":[0,0],"46":[0],"47":[359],"48":[6,353],"49":[4,167],"50":[171],"51":[171,171],"52":[123,48]},"_coverageSchema":"43e27e138ebf9cfc5966b082cf9a028302ed4184","hash":"c09dc625e613a7e344f14d47c7e0f84d73b7e400"}
,"/home/travis/build/zendeskgarden/react-components/packages/autocomplete/src/elements/Autocomplete.js": {"path":"/home/travis/build/zendeskgarden/react-components/packages/autocomplete/src/elements/Autocomplete.js","statementMap":{"0":{"start":{"line":16,"column":19},"end":{"line":21,"column":1}},"1":{"start":{"line":23,"column":29},"end":{"line":26,"column":1}},"2":{"start":{"line":28,"column":27},"end":{"line":31,"column":1}},"3":{"start":{"line":30,"column":25},"end":{"line":30,"column":53}},"4":{"start":{"line":33,"column":20},"end":{"line":45,"column":1}},"5":{"start":{"line":35,"column":4},"end":{"line":44,"column":3}},"6":{"start":{"line":47,"column":24},"end":{"line":49,"column":1}},"7":{"start":{"line":51,"column":27},"end":{"line":54,"column":1}},"8":{"start":{"line":127,"column":30},"end":{"line":127,"column":76}},"9":{"start":{"line":128,"column":32},"end":{"line":128,"column":80}},"10":{"start":{"line":130,"column":4},"end":{"line":130,"column":65}},"11":{"start":{"line":134,"column":25},"end":{"line":134,"column":76}},"12":{"start":{"line":136,"column":4},"end":{"line":136,"column":98}},"13":{"start":{"line":136,"column":47},"end":{"line":136,"column":96}},"14":{"start":{"line":140,"column":62},"end":{"line":140,"column":72}},"15":{"start":{"line":141,"column":27},"end":{"line":141,"column":37}},"16":{"start":{"line":143,"column":28},"end":{"line":160,"column":6}},"17":{"start":{"line":144,"column":22},"end":{"line":144,"column":52}},"18":{"start":{"line":146,"column":20},"end":{"line":151,"column":8}},"19":{"start":{"line":153,"column":6},"end":{"line":153,"column":36}},"20":{"start":{"line":155,"column":6},"end":{"line":157,"column":7}},"21":{"start":{"line":156,"column":8},"end":{"line":156,"column":35}},"22":{"start":{"line":159,"column":6},"end":{"line":159,"column":33}},"23":{"start":{"line":162,"column":4},"end":{"line":164,"column":5}},"24":{"start":{"line":163,"column":6},"end":{"line":163,"column":29}},"25":{"start":{"line":166,"column":4},"end":{"line":166,"column":75}},"26":{"start":{"line":188,"column":8},"end":{"line":188,"column":18}},"27":{"start":{"line":189,"column":69},"end":{"line":189,"column":94}},"28":{"start":{"line":191,"column":29},"end":{"line":195,"column":10}},"29":{"start":{"line":192,"column":6},"end":{"line":192,"column":46}},"30":{"start":{"line":194,"column":6},"end":{"line":194,"column":24}},"31":{"start":{"line":197,"column":4},"end":{"line":348,"column":6}},"32":{"start":{"line":200,"column":10},"end":{"line":345,"column":22}},"33":{"start":{"line":205,"column":20},"end":{"line":208,"column":21}},"34":{"start":{"line":206,"column":22},"end":{"line":206,"column":61}},"35":{"start":{"line":207,"column":22},"end":{"line":207,"column":64}},"36":{"start":{"line":211,"column":20},"end":{"line":211,"column":65}},"37":{"start":{"line":214,"column":20},"end":{"line":214,"column":66}},"38":{"start":{"line":227,"column":16},"end":{"line":227,"column":50}},"39":{"start":{"line":230,"column":16},"end":{"line":232,"column":17}},"40":{"start":{"line":231,"column":18},"end":{"line":231,"column":43}},"41":{"start":{"line":234,"column":16},"end":{"line":234,"column":50}},"42":{"start":{"line":242,"column":35},"end":{"line":255,"column":18}},"43":{"start":{"line":252,"column":20},"end":{"line":252,"column":42}},"44":{"start":{"line":253,"column":20},"end":{"line":253,"column":36}},"45":{"start":{"line":257,"column":16},"end":{"line":266,"column":17}},"46":{"start":{"line":258,"column":18},"end":{"line":265,"column":20}},"47":{"start":{"line":268,"column":16},"end":{"line":316,"column":18}},"48":{"start":{"line":284,"column":30},"end":{"line":284,"column":50}},"49":{"start":{"line":285,"column":30},"end":{"line":285,"column":51}},"50":{"start":{"line":286,"column":30},"end":{"line":286,"column":56}},"51":{"start":{"line":292,"column":30},"end":{"line":292,"column":86}},"52":{"start":{"line":295,"column":30},"end":{"line":295,"column":75}},"53":{"start":{"line":298,"column":30},"end":{"line":298,"column":76}},"54":{"start":{"line":301,"column":30},"end":{"line":308,"column":31}},"55":{"start":{"line":307,"column":32},"end":{"line":307,"column":51}},"56":{"start":{"line":320,"column":30},"end":{"line":327,"column":18}},"57":{"start":{"line":329,"column":16},"end":{"line":329,"column":68}},"58":{"start":{"line":331,"column":16},"end":{"line":333,"column":17}},"59":{"start":{"line":332,"column":18},"end":{"line":332,"column":47}},"60":{"start":{"line":335,"column":70},"end":{"line":335,"column":75}},"61":{"start":{"line":337,"column":16},"end":{"line":341,"column":18}}},"fnMap":{"0":{"name":"(anonymous_0)","decl":{"start":{"line":30,"column":16},"end":{"line":30,"column":17}},"loc":{"start":{"line":30,"column":25},"end":{"line":30,"column":53}},"line":30},"1":{"name":"(anonymous_1)","decl":{"start":{"line":34,"column":4},"end":{"line":34,"column":5}},"loc":{"start":{"line":35,"column":4},"end":{"line":44,"column":3}},"line":35},"2":{"name":"(anonymous_2)","decl":{"start":{"line":126,"column":24},"end":{"line":126,"column":25}},"loc":{"start":{"line":126,"column":50},"end":{"line":131,"column":3}},"line":126},"3":{"name":"(anonymous_3)","decl":{"start":{"line":133,"column":23},"end":{"line":133,"column":24}},"loc":{"start":{"line":133,"column":29},"end":{"line":137,"column":3}},"line":133},"4":{"name":"(anonymous_4)","decl":{"start":{"line":136,"column":37},"end":{"line":136,"column":38}},"loc":{"start":{"line":136,"column":47},"end":{"line":136,"column":96}},"line":136},"5":{"name":"(anonymous_5)","decl":{"start":{"line":139,"column":20},"end":{"line":139,"column":21}},"loc":{"start":{"line":139,"column":36},"end":{"line":167,"column":3}},"line":139},"6":{"name":"(anonymous_6)","decl":{"start":{"line":143,"column":58},"end":{"line":143,"column":59}},"loc":{"start":{"line":143,"column":68},"end":{"line":160,"column":5}},"line":143},"7":{"name":"(anonymous_7)","decl":{"start":{"line":169,"column":2},"end":{"line":169,"column":3}},"loc":{"start":{"line":169,"column":11},"end":{"line":349,"column":3}},"line":169},"8":{"name":"(anonymous_8)","decl":{"start":{"line":191,"column":44},"end":{"line":191,"column":45}},"loc":{"start":{"line":191,"column":68},"end":{"line":195,"column":5}},"line":191},"9":{"name":"(anonymous_9)","decl":{"start":{"line":199,"column":9},"end":{"line":199,"column":10}},"loc":{"start":{"line":200,"column":10},"end":{"line":345,"column":22}},"line":200},"10":{"name":"(anonymous_10)","decl":{"start":{"line":204,"column":27},"end":{"line":204,"column":28}},"loc":{"start":{"line":204,"column":33},"end":{"line":209,"column":19}},"line":204},"11":{"name":"(anonymous_11)","decl":{"start":{"line":210,"column":32},"end":{"line":210,"column":33}},"loc":{"start":{"line":210,"column":38},"end":{"line":212,"column":19}},"line":210},"12":{"name":"(anonymous_12)","decl":{"start":{"line":213,"column":32},"end":{"line":213,"column":33}},"loc":{"start":{"line":213,"column":38},"end":{"line":215,"column":19}},"line":213},"13":{"name":"(anonymous_13)","decl":{"start":{"line":226,"column":24},"end":{"line":226,"column":25}},"loc":{"start":{"line":226,"column":39},"end":{"line":228,"column":15}},"line":226},"14":{"name":"(anonymous_14)","decl":{"start":{"line":229,"column":29},"end":{"line":229,"column":30}},"loc":{"start":{"line":229,"column":41},"end":{"line":235,"column":15}},"line":229},"15":{"name":"(anonymous_15)","decl":{"start":{"line":236,"column":23},"end":{"line":236,"column":24}},"loc":{"start":{"line":241,"column":20},"end":{"line":317,"column":15}},"line":241},"16":{"name":"(anonymous_16)","decl":{"start":{"line":251,"column":28},"end":{"line":251,"column":29}},"loc":{"start":{"line":251,"column":35},"end":{"line":254,"column":19}},"line":251},"17":{"name":"(anonymous_17)","decl":{"start":{"line":283,"column":38},"end":{"line":283,"column":39}},"loc":{"start":{"line":283,"column":45},"end":{"line":287,"column":29}},"line":283},"18":{"name":"(anonymous_18)","decl":{"start":{"line":291,"column":38},"end":{"line":291,"column":39}},"loc":{"start":{"line":291,"column":43},"end":{"line":293,"column":29}},"line":291},"19":{"name":"(anonymous_19)","decl":{"start":{"line":294,"column":37},"end":{"line":294,"column":38}},"loc":{"start":{"line":294,"column":43},"end":{"line":296,"column":29}},"line":294},"20":{"name":"(anonymous_20)","decl":{"start":{"line":297,"column":36},"end":{"line":297,"column":37}},"loc":{"start":{"line":297,"column":42},"end":{"line":299,"column":29}},"line":297},"21":{"name":"(anonymous_21)","decl":{"start":{"line":300,"column":39},"end":{"line":300,"column":40}},"loc":{"start":{"line":300,"column":44},"end":{"line":309,"column":29}},"line":300},"22":{"name":"(anonymous_22)","decl":{"start":{"line":319,"column":15},"end":{"line":319,"column":16}},"loc":{"start":{"line":319,"column":62},"end":{"line":342,"column":15}},"line":319}},"branchMap":{"0":{"loc":{"start":{"line":30,"column":25},"end":{"line":30,"column":53}},"type":"binary-expr","locations":[{"start":{"line":30,"column":25},"end":{"line":30,"column":40}},{"start":{"line":30,"column":44},"end":{"line":30,"column":53}}],"line":30},"1":{"loc":{"start":{"line":35,"column":4},"end":{"line":44,"column":3}},"type":"binary-expr","locations":[{"start":{"line":35,"column":4},"end":{"line":35,"column":17}},{"start":{"line":36,"column":4},"end":{"line":44,"column":3}}],"line":35},"2":{"loc":{"start":{"line":134,"column":25},"end":{"line":134,"column":76}},"type":"binary-expr","locations":[{"start":{"line":134,"column":25},"end":{"line":134,"column":48}},{"start":{"line":134,"column":52},"end":{"line":134,"column":76}}],"line":134},"3":{"loc":{"start":{"line":155,"column":6},"end":{"line":157,"column":7}},"type":"if","locations":[{"start":{"line":155,"column":6},"end":{"line":157,"column":7}},{"start":{"line":155,"column":6},"end":{"line":157,"column":7}}],"line":155},"4":{"loc":{"start":{"line":162,"column":4},"end":{"line":164,"column":5}},"type":"if","locations":[{"start":{"line":162,"column":4},"end":{"line":164,"column":5}},{"start":{"line":162,"column":4},"end":{"line":164,"column":5}}],"line":162},"5":{"loc":{"start":{"line":201,"column":13},"end":{"line":220,"column":13}},"type":"binary-expr","locations":[{"start":{"line":201,"column":13},"end":{"line":201,"column":18}},{"start":{"line":202,"column":14},"end":{"line":219,"column":22}}],"line":201},"6":{"loc":{"start":{"line":205,"column":20},"end":{"line":208,"column":21}},"type":"if","locations":[{"start":{"line":205,"column":20},"end":{"line":208,"column":21}},{"start":{"line":205,"column":20},"end":{"line":208,"column":21}}],"line":205},"7":{"loc":{"start":{"line":206,"column":22},"end":{"line":206,"column":60}},"type":"binary-expr","locations":[{"start":{"line":206,"column":22},"end":{"line":206,"column":35}},{"start":{"line":206,"column":39},"end":{"line":206,"column":60}}],"line":206},"8":{"loc":{"start":{"line":221,"column":13},"end":{"line":221,"column":60}},"type":"binary-expr","locations":[{"start":{"line":221,"column":13},"end":{"line":221,"column":17}},{"start":{"line":221,"column":21},"end":{"line":221,"column":60}}],"line":221},"9":{"loc":{"start":{"line":227,"column":16},"end":{"line":227,"column":49}},"type":"binary-expr","locations":[{"start":{"line":227,"column":16},"end":{"line":227,"column":24}},{"start":{"line":227,"column":28},"end":{"line":227,"column":49}}],"line":227},"10":{"loc":{"start":{"line":230,"column":16},"end":{"line":232,"column":17}},"type":"if","locations":[{"start":{"line":230,"column":16},"end":{"line":232,"column":17}},{"start":{"line":230,"column":16},"end":{"line":232,"column":17}}],"line":230},"11":{"loc":{"start":{"line":244,"column":27},"end":{"line":244,"column":46}},"type":"binary-expr","locations":[{"start":{"line":244,"column":27},"end":{"line":244,"column":36}},{"start":{"line":244,"column":40},"end":{"line":244,"column":46}}],"line":244},"12":{"loc":{"start":{"line":257,"column":16},"end":{"line":266,"column":17}},"type":"if","locations":[{"start":{"line":257,"column":16},"end":{"line":266,"column":17}},{"start":{"line":257,"column":16},"end":{"line":266,"column":17}}],"line":257},"13":{"loc":{"start":{"line":270,"column":21},"end":{"line":274,"column":21}},"type":"binary-expr","locations":[{"start":{"line":270,"column":21},"end":{"line":270,"column":28}},{"start":{"line":271,"column":22},"end":{"line":273,"column":43}}],"line":270},"14":{"loc":{"start":{"line":272,"column":25},"end":{"line":272,"column":68}},"type":"binary-expr","locations":[{"start":{"line":272,"column":25},"end":{"line":272,"column":33}},{"start":{"line":272,"column":37},"end":{"line":272,"column":68}}],"line":272},"15":{"loc":{"start":{"line":286,"column":30},"end":{"line":286,"column":55}},"type":"binary-expr","locations":[{"start":{"line":286,"column":30},"end":{"line":286,"column":38}},{"start":{"line":286,"column":42},"end":{"line":286,"column":55}}],"line":286},"16":{"loc":{"start":{"line":301,"column":30},"end":{"line":308,"column":31}},"type":"if","locations":[{"start":{"line":301,"column":30},"end":{"line":308,"column":31}},{"start":{"line":301,"column":30},"end":{"line":308,"column":31}}],"line":301},"17":{"loc":{"start":{"line":302,"column":32},"end":{"line":305,"column":38}},"type":"binary-expr","locations":[{"start":{"line":302,"column":32},"end":{"line":302,"column":61}},{"start":{"line":303,"column":33},"end":{"line":303,"column":48}},{"start":{"line":303,"column":52},"end":{"line":303,"column":86}},{"start":{"line":304,"column":32},"end":{"line":304,"column":43}},{"start":{"line":305,"column":32},"end":{"line":305,"column":38}}],"line":302},"18":{"loc":{"start":{"line":325,"column":27},"end":{"line":325,"column":94}},"type":"cond-expr","locations":[{"start":{"line":325,"column":45},"end":{"line":325,"column":90}},{"start":{"line":325,"column":93},"end":{"line":325,"column":94}}],"line":325},"19":{"loc":{"start":{"line":331,"column":16},"end":{"line":333,"column":17}},"type":"if","locations":[{"start":{"line":331,"column":16},"end":{"line":333,"column":17}},{"start":{"line":331,"column":16},"end":{"line":333,"column":17}}],"line":331},"20":{"loc":{"start":{"line":344,"column":13},"end":{"line":344,"column":76}},"type":"binary-expr","locations":[{"start":{"line":344,"column":13},"end":{"line":344,"column":20}},{"start":{"line":344,"column":24},"end":{"line":344,"column":76}}],"line":344}},"s":{"0":2,"1":2,"2":2,"3":9,"4":2,"5":25,"6":2,"7":2,"8":21,"9":21,"10":21,"11":25,"12":25,"13":21,"14":25,"15":25,"16":25,"17":21,"18":21,"19":21,"20":21,"21":0,"22":21,"23":25,"24":7,"25":18,"26":25,"27":25,"28":25,"29":21,"30":21,"31":25,"32":25,"33":0,"34":0,"35":0,"36":0,"37":0,"38":1,"39":12,"40":1,"41":12,"42":25,"43":35,"44":35,"45":25,"46":1,"47":25,"48":36,"49":36,"50":36,"51":1,"52":1,"53":1,"54":2,"55":2,"56":25,"57":25,"58":25,"59":0,"60":25,"61":25},"f":{"0":9,"1":25,"2":21,"3":25,"4":21,"5":25,"6":21,"7":25,"8":21,"9":25,"10":0,"11":0,"12":0,"13":1,"14":12,"15":25,"16":35,"17":36,"18":1,"19":1,"20":1,"21":2,"22":25},"b":{"0":[9,0],"1":[25,16],"2":[25,25],"3":[0,21],"4":[7,18],"5":[25,1],"6":[0,0],"7":[0,0],"8":[25,0],"9":[1,1],"10":[1,11],"11":[25,24],"12":[1,24],"13":[25,16],"14":[16,15],"15":[36,1],"16":[2,0],"17":[2,2,1,2,2],"18":[11,14],"19":[0,25],"20":[25,0]},"_coverageSchema":"43e27e138ebf9cfc5966b082cf9a028302ed4184","hash":"e279ead5253c38ae5e646c0778426c4f67d9d3ff"}
,"/home/travis/build/zendeskgarden/react-components/packages/autocomplete/src/elements/Multiselect.js": {"path":"/home/travis/build/zendeskgarden/react-components/packages/autocomplete/src/elements/Multiselect.js","statementMap":{"0":{"start":{"line":18,"column":25},"end":{"line":18,"column":26}},"1":{"start":{"line":19,"column":19},"end":{"line":24,"column":1}},"2":{"start":{"line":26,"column":29},"end":{"line":29,"column":1}},"3":{"start":{"line":31,"column":27},"end":{"line":34,"column":1}},"4":{"start":{"line":33,"column":25},"end":{"line":33,"column":53}},"5":{"start":{"line":36,"column":20},"end":{"line":61,"column":1}},"6":{"start":{"line":43,"column":29},"end":{"line":43,"column":60}},"7":{"start":{"line":47,"column":4},"end":{"line":60,"column":3}},"8":{"start":{"line":63,"column":24},"end":{"line":65,"column":1}},"9":{"start":{"line":67,"column":24},"end":{"line":69,"column":1}},"10":{"start":{"line":71,"column":25},"end":{"line":78,"column":1}},"11":{"start":{"line":131,"column":30},"end":{"line":131,"column":76}},"12":{"start":{"line":132,"column":32},"end":{"line":132,"column":80}},"13":{"start":{"line":134,"column":4},"end":{"line":134,"column":65}},"14":{"start":{"line":138,"column":25},"end":{"line":138,"column":76}},"15":{"start":{"line":140,"column":4},"end":{"line":140,"column":98}},"16":{"start":{"line":140,"column":47},"end":{"line":140,"column":96}},"17":{"start":{"line":144,"column":47},"end":{"line":144,"column":57}},"18":{"start":{"line":145,"column":27},"end":{"line":145,"column":37}},"19":{"start":{"line":147,"column":28},"end":{"line":164,"column":6}},"20":{"start":{"line":148,"column":22},"end":{"line":148,"column":62}},"21":{"start":{"line":150,"column":20},"end":{"line":155,"column":8}},"22":{"start":{"line":157,"column":6},"end":{"line":157,"column":36}},"23":{"start":{"line":159,"column":6},"end":{"line":161,"column":7}},"24":{"start":{"line":160,"column":8},"end":{"line":160,"column":35}},"25":{"start":{"line":163,"column":6},"end":{"line":163,"column":33}},"26":{"start":{"line":166,"column":4},"end":{"line":168,"column":5}},"27":{"start":{"line":167,"column":6},"end":{"line":167,"column":29}},"28":{"start":{"line":170,"column":4},"end":{"line":170,"column":75}},"29":{"start":{"line":174,"column":50},"end":{"line":174,"column":60}},"30":{"start":{"line":175,"column":17},"end":{"line":175,"column":42}},"31":{"start":{"line":177,"column":28},"end":{"line":181,"column":10}},"32":{"start":{"line":178,"column":6},"end":{"line":178,"column":43}},"33":{"start":{"line":180,"column":6},"end":{"line":180,"column":21}},"34":{"start":{"line":183,"column":4},"end":{"line":202,"column":5}},"35":{"start":{"line":184,"column":6},"end":{"line":201,"column":9}},"36":{"start":{"line":185,"column":8},"end":{"line":200,"column":26}},"37":{"start":{"line":195,"column":14},"end":{"line":197,"column":15}},"38":{"start":{"line":196,"column":16},"end":{"line":196,"column":36}},"39":{"start":{"line":204,"column":19},"end":{"line":204,"column":21}},"40":{"start":{"line":206,"column":4},"end":{"line":227,"column":5}},"41":{"start":{"line":207,"column":18},"end":{"line":207,"column":25}},"42":{"start":{"line":209,"column":6},"end":{"line":226,"column":8}},"43":{"start":{"line":220,"column":14},"end":{"line":222,"column":15}},"44":{"start":{"line":221,"column":16},"end":{"line":221,"column":36}},"45":{"start":{"line":229,"column":4},"end":{"line":235,"column":5}},"46":{"start":{"line":230,"column":6},"end":{"line":234,"column":8}},"47":{"start":{"line":237,"column":4},"end":{"line":237,"column":18}},"48":{"start":{"line":241,"column":56},"end":{"line":241,"column":66}},"49":{"start":{"line":243,"column":4},"end":{"line":245,"column":5}},"50":{"start":{"line":244,"column":6},"end":{"line":244,"column":13}},"51":{"start":{"line":247,"column":25},"end":{"line":249,"column":6}},"52":{"start":{"line":248,"column":6},"end":{"line":248,"column":27}},"53":{"start":{"line":251,"column":4},"end":{"line":253,"column":7}},"54":{"start":{"line":252,"column":6},"end":{"line":252,"column":41}},"55":{"start":{"line":274,"column":8},"end":{"line":274,"column":18}},"56":{"start":{"line":275,"column":84},"end":{"line":275,"column":94}},"57":{"start":{"line":277,"column":37},"end":{"line":281,"column":10}},"58":{"start":{"line":278,"column":6},"end":{"line":278,"column":32}},"59":{"start":{"line":280,"column":6},"end":{"line":280,"column":24}},"60":{"start":{"line":283,"column":4},"end":{"line":476,"column":6}},"61":{"start":{"line":286,"column":10},"end":{"line":473,"column":22}},"62":{"start":{"line":291,"column":20},"end":{"line":294,"column":21}},"63":{"start":{"line":292,"column":22},"end":{"line":292,"column":61}},"64":{"start":{"line":293,"column":22},"end":{"line":293,"column":54}},"65":{"start":{"line":297,"column":20},"end":{"line":297,"column":55}},"66":{"start":{"line":300,"column":20},"end":{"line":300,"column":56}},"67":{"start":{"line":314,"column":16},"end":{"line":318,"column":17}},"68":{"start":{"line":315,"column":18},"end":{"line":315,"column":63}},"69":{"start":{"line":317,"column":18},"end":{"line":317,"column":63}},"70":{"start":{"line":320,"column":16},"end":{"line":322,"column":19}},"71":{"start":{"line":321,"column":18},"end":{"line":321,"column":78}},"72":{"start":{"line":324,"column":16},"end":{"line":324,"column":38}},"73":{"start":{"line":327,"column":16},"end":{"line":329,"column":17}},"74":{"start":{"line":328,"column":18},"end":{"line":328,"column":43}},"75":{"start":{"line":331,"column":16},"end":{"line":331,"column":40}},"76":{"start":{"line":340,"column":35},"end":{"line":354,"column":18}},"77":{"start":{"line":351,"column":20},"end":{"line":351,"column":42}},"78":{"start":{"line":352,"column":20},"end":{"line":352,"column":36}},"79":{"start":{"line":356,"column":16},"end":{"line":366,"column":17}},"80":{"start":{"line":357,"column":18},"end":{"line":365,"column":20}},"81":{"start":{"line":368,"column":16},"end":{"line":444,"column":18}},"82":{"start":{"line":386,"column":30},"end":{"line":386,"column":50}},"83":{"start":{"line":387,"column":30},"end":{"line":387,"column":51}},"84":{"start":{"line":388,"column":30},"end":{"line":388,"column":56}},"85":{"start":{"line":398,"column":30},"end":{"line":398,"column":76}},"86":{"start":{"line":401,"column":30},"end":{"line":405,"column":31}},"87":{"start":{"line":402,"column":32},"end":{"line":402,"column":51}},"88":{"start":{"line":404,"column":32},"end":{"line":404,"column":39}},"89":{"start":{"line":406,"column":30},"end":{"line":406,"column":65}},"90":{"start":{"line":409,"column":30},"end":{"line":409,"column":66}},"91":{"start":{"line":412,"column":30},"end":{"line":421,"column":31}},"92":{"start":{"line":418,"column":32},"end":{"line":418,"column":51}},"93":{"start":{"line":420,"column":32},"end":{"line":420,"column":39}},"94":{"start":{"line":423,"column":30},"end":{"line":436,"column":31}},"95":{"start":{"line":427,"column":32},"end":{"line":431,"column":33}},"96":{"start":{"line":428,"column":34},"end":{"line":428,"column":64}},"97":{"start":{"line":430,"column":34},"end":{"line":430,"column":41}},"98":{"start":{"line":433,"column":32},"end":{"line":435,"column":33}},"99":{"start":{"line":434,"column":34},"end":{"line":434,"column":92}},"100":{"start":{"line":448,"column":30},"end":{"line":455,"column":18}},"101":{"start":{"line":457,"column":16},"end":{"line":457,"column":94}},"102":{"start":{"line":459,"column":16},"end":{"line":461,"column":17}},"103":{"start":{"line":460,"column":18},"end":{"line":460,"column":47}},"104":{"start":{"line":463,"column":70},"end":{"line":463,"column":75}},"105":{"start":{"line":465,"column":16},"end":{"line":469,"column":18}}},"fnMap":{"0":{"name":"(anonymous_0)","decl":{"start":{"line":33,"column":16},"end":{"line":33,"column":17}},"loc":{"start":{"line":33,"column":25},"end":{"line":33,"column":53}},"line":33},"1":{"name":"(anonymous_1)","decl":{"start":{"line":43,"column":19},"end":{"line":43,"column":20}},"loc":{"start":{"line":43,"column":29},"end":{"line":43,"column":60}},"line":43},"2":{"name":"(anonymous_2)","decl":{"start":{"line":46,"column":4},"end":{"line":46,"column":5}},"loc":{"start":{"line":47,"column":4},"end":{"line":60,"column":3}},"line":47},"3":{"name":"(anonymous_3)","decl":{"start":{"line":130,"column":24},"end":{"line":130,"column":25}},"loc":{"start":{"line":130,"column":50},"end":{"line":135,"column":3}},"line":130},"4":{"name":"(anonymous_4)","decl":{"start":{"line":137,"column":23},"end":{"line":137,"column":24}},"loc":{"start":{"line":137,"column":29},"end":{"line":141,"column":3}},"line":137},"5":{"name":"(anonymous_5)","decl":{"start":{"line":140,"column":37},"end":{"line":140,"column":38}},"loc":{"start":{"line":140,"column":47},"end":{"line":140,"column":96}},"line":140},"6":{"name":"(anonymous_6)","decl":{"start":{"line":143,"column":20},"end":{"line":143,"column":21}},"loc":{"start":{"line":143,"column":64},"end":{"line":171,"column":3}},"line":143},"7":{"name":"(anonymous_7)","decl":{"start":{"line":147,"column":58},"end":{"line":147,"column":59}},"loc":{"start":{"line":147,"column":68},"end":{"line":164,"column":5}},"line":147},"8":{"name":"(anonymous_8)","decl":{"start":{"line":173,"column":15},"end":{"line":173,"column":16}},"loc":{"start":{"line":173,"column":81},"end":{"line":238,"column":3}},"line":173},"9":{"name":"(anonymous_9)","decl":{"start":{"line":177,"column":43},"end":{"line":177,"column":44}},"loc":{"start":{"line":177,"column":64},"end":{"line":181,"column":5}},"line":177},"10":{"name":"(anonymous_10)","decl":{"start":{"line":184,"column":22},"end":{"line":184,"column":23}},"loc":{"start":{"line":185,"column":8},"end":{"line":200,"column":26}},"line":185},"11":{"name":"(anonymous_11)","decl":{"start":{"line":194,"column":21},"end":{"line":194,"column":22}},"loc":{"start":{"line":194,"column":27},"end":{"line":198,"column":13}},"line":194},"12":{"name":"(anonymous_12)","decl":{"start":{"line":219,"column":21},"end":{"line":219,"column":22}},"loc":{"start":{"line":219,"column":27},"end":{"line":223,"column":13}},"line":219},"13":{"name":"(anonymous_13)","decl":{"start":{"line":240,"column":14},"end":{"line":240,"column":15}},"loc":{"start":{"line":240,"column":21},"end":{"line":254,"column":3}},"line":240},"14":{"name":"(anonymous_14)","decl":{"start":{"line":247,"column":47},"end":{"line":247,"column":48}},"loc":{"start":{"line":247,"column":56},"end":{"line":249,"column":5}},"line":247},"15":{"name":"(anonymous_15)","decl":{"start":{"line":251,"column":48},"end":{"line":251,"column":49}},"loc":{"start":{"line":251,"column":54},"end":{"line":253,"column":5}},"line":251},"16":{"name":"(anonymous_16)","decl":{"start":{"line":256,"column":2},"end":{"line":256,"column":3}},"loc":{"start":{"line":256,"column":11},"end":{"line":477,"column":3}},"line":256},"17":{"name":"(anonymous_17)","decl":{"start":{"line":277,"column":59},"end":{"line":277,"column":60}},"loc":{"start":{"line":277,"column":82},"end":{"line":281,"column":5}},"line":277},"18":{"name":"(anonymous_18)","decl":{"start":{"line":285,"column":9},"end":{"line":285,"column":10}},"loc":{"start":{"line":286,"column":10},"end":{"line":473,"column":22}},"line":286},"19":{"name":"(anonymous_19)","decl":{"start":{"line":290,"column":27},"end":{"line":290,"column":28}},"loc":{"start":{"line":290,"column":33},"end":{"line":295,"column":19}},"line":290},"20":{"name":"(anonymous_20)","decl":{"start":{"line":296,"column":32},"end":{"line":296,"column":33}},"loc":{"start":{"line":296,"column":38},"end":{"line":298,"column":19}},"line":296},"21":{"name":"(anonymous_21)","decl":{"start":{"line":299,"column":32},"end":{"line":299,"column":33}},"loc":{"start":{"line":299,"column":38},"end":{"line":301,"column":19}},"line":299},"22":{"name":"(anonymous_22)","decl":{"start":{"line":313,"column":24},"end":{"line":313,"column":25}},"loc":{"start":{"line":313,"column":39},"end":{"line":325,"column":15}},"line":313},"23":{"name":"(anonymous_23)","decl":{"start":{"line":320,"column":50},"end":{"line":320,"column":51}},"loc":{"start":{"line":320,"column":56},"end":{"line":322,"column":17}},"line":320},"24":{"name":"(anonymous_24)","decl":{"start":{"line":326,"column":29},"end":{"line":326,"column":30}},"loc":{"start":{"line":326,"column":41},"end":{"line":332,"column":15}},"line":326},"25":{"name":"(anonymous_25)","decl":{"start":{"line":333,"column":23},"end":{"line":333,"column":24}},"loc":{"start":{"line":339,"column":20},"end":{"line":445,"column":15}},"line":339},"26":{"name":"(anonymous_26)","decl":{"start":{"line":350,"column":28},"end":{"line":350,"column":29}},"loc":{"start":{"line":350,"column":35},"end":{"line":353,"column":19}},"line":350},"27":{"name":"(anonymous_27)","decl":{"start":{"line":385,"column":38},"end":{"line":385,"column":39}},"loc":{"start":{"line":385,"column":45},"end":{"line":389,"column":29}},"line":385},"28":{"name":"(anonymous_28)","decl":{"start":{"line":397,"column":38},"end":{"line":397,"column":39}},"loc":{"start":{"line":397,"column":43},"end":{"line":399,"column":29}},"line":397},"29":{"name":"(anonymous_29)","decl":{"start":{"line":400,"column":37},"end":{"line":400,"column":38}},"loc":{"start":{"line":400,"column":42},"end":{"line":407,"column":29}},"line":400},"30":{"name":"(anonymous_30)","decl":{"start":{"line":408,"column":36},"end":{"line":408,"column":37}},"loc":{"start":{"line":408,"column":42},"end":{"line":410,"column":29}},"line":408},"31":{"name":"(anonymous_31)","decl":{"start":{"line":411,"column":39},"end":{"line":411,"column":40}},"loc":{"start":{"line":411,"column":44},"end":{"line":437,"column":29}},"line":411},"32":{"name":"(anonymous_32)","decl":{"start":{"line":447,"column":15},"end":{"line":447,"column":16}},"loc":{"start":{"line":447,"column":62},"end":{"line":470,"column":15}},"line":447}},"branchMap":{"0":{"loc":{"start":{"line":33,"column":25},"end":{"line":33,"column":53}},"type":"binary-expr","locations":[{"start":{"line":33,"column":25},"end":{"line":33,"column":40}},{"start":{"line":33,"column":44},"end":{"line":33,"column":53}}],"line":33},"1":{"loc":{"start":{"line":43,"column":29},"end":{"line":43,"column":60}},"type":"cond-expr","locations":[{"start":{"line":43,"column":43},"end":{"line":43,"column":50}},{"start":{"line":43,"column":53},"end":{"line":43,"column":60}}],"line":43},"2":{"loc":{"start":{"line":47,"column":4},"end":{"line":60,"column":3}},"type":"binary-expr","locations":[{"start":{"line":47,"column":4},"end":{"line":47,"column":37}},{"start":{"line":48,"column":5},"end":{"line":48,"column":21}},{"start":{"line":48,"column":25},"end":{"line":48,"column":58}},{"start":{"line":49,"column":4},"end":{"line":49,"column":17}},{"start":{"line":50,"column":4},"end":{"line":50,"column":22}},{"start":{"line":51,"column":4},"end":{"line":60,"column":3}}],"line":47},"3":{"loc":{"start":{"line":138,"column":25},"end":{"line":138,"column":76}},"type":"binary-expr","locations":[{"start":{"line":138,"column":25},"end":{"line":138,"column":48}},{"start":{"line":138,"column":52},"end":{"line":138,"column":76}}],"line":138},"4":{"loc":{"start":{"line":159,"column":6},"end":{"line":161,"column":7}},"type":"if","locations":[{"start":{"line":159,"column":6},"end":{"line":161,"column":7}},{"start":{"line":159,"column":6},"end":{"line":161,"column":7}}],"line":159},"5":{"loc":{"start":{"line":166,"column":4},"end":{"line":168,"column":5}},"type":"if","locations":[{"start":{"line":166,"column":4},"end":{"line":168,"column":5}},{"start":{"line":166,"column":4},"end":{"line":168,"column":5}}],"line":166},"6":{"loc":{"start":{"line":183,"column":4},"end":{"line":202,"column":5}},"type":"if","locations":[{"start":{"line":183,"column":4},"end":{"line":202,"column":5}},{"start":{"line":183,"column":4},"end":{"line":202,"column":5}}],"line":183},"7":{"loc":{"start":{"line":183,"column":8},"end":{"line":183,"column":30}},"type":"binary-expr","locations":[{"start":{"line":183,"column":8},"end":{"line":183,"column":17}},{"start":{"line":183,"column":21},"end":{"line":183,"column":30}}],"line":183},"8":{"loc":{"start":{"line":188,"column":18},"end":{"line":188,"column":47}},"type":"cond-expr","locations":[{"start":{"line":188,"column":28},"end":{"line":188,"column":37}},{"start":{"line":188,"column":40},"end":{"line":188,"column":47}}],"line":188},"9":{"loc":{"start":{"line":192,"column":11},"end":{"line":192,"column":38}},"type":"binary-expr","locations":[{"start":{"line":192,"column":11},"end":{"line":192,"column":31}},{"start":{"line":192,"column":35},"end":{"line":192,"column":38}}],"line":192},"10":{"loc":{"start":{"line":195,"column":14},"end":{"line":197,"column":15}},"type":"if","locations":[{"start":{"line":195,"column":14},"end":{"line":197,"column":15}},{"start":{"line":195,"column":14},"end":{"line":197,"column":15}}],"line":195},"11":{"loc":{"start":{"line":206,"column":20},"end":{"line":206,"column":59}},"type":"binary-expr","locations":[{"start":{"line":206,"column":20},"end":{"line":206,"column":40}},{"start":{"line":206,"column":44},"end":{"line":206,"column":59}}],"line":206},"12":{"loc":{"start":{"line":213,"column":18},"end":{"line":213,"column":47}},"type":"cond-expr","locations":[{"start":{"line":213,"column":28},"end":{"line":213,"column":37}},{"start":{"line":213,"column":40},"end":{"line":213,"column":47}}],"line":213},"13":{"loc":{"start":{"line":214,"column":21},"end":{"line":214,"column":55}},"type":"binary-expr","locations":[{"start":{"line":214,"column":21},"end":{"line":214,"column":42}},{"start":{"line":214,"column":46},"end":{"line":214,"column":55}}],"line":214},"14":{"loc":{"start":{"line":217,"column":11},"end":{"line":217,"column":38}},"type":"binary-expr","locations":[{"start":{"line":217,"column":11},"end":{"line":217,"column":31}},{"start":{"line":217,"column":35},"end":{"line":217,"column":38}}],"line":217},"15":{"loc":{"start":{"line":220,"column":14},"end":{"line":222,"column":15}},"type":"if","locations":[{"start":{"line":220,"column":14},"end":{"line":222,"column":15}},{"start":{"line":220,"column":14},"end":{"line":222,"column":15}}],"line":220},"16":{"loc":{"start":{"line":229,"column":4},"end":{"line":235,"column":5}},"type":"if","locations":[{"start":{"line":229,"column":4},"end":{"line":235,"column":5}},{"start":{"line":229,"column":4},"end":{"line":235,"column":5}}],"line":229},"17":{"loc":{"start":{"line":232,"column":11},"end":{"line":232,"column":89}},"type":"cond-expr","locations":[{"start":{"line":232,"column":28},"end":{"line":232,"column":59}},{"start":{"line":232,"column":62},"end":{"line":232,"column":89}}],"line":232},"18":{"loc":{"start":{"line":241,"column":32},"end":{"line":241,"column":51}},"type":"default-arg","locations":[{"start":{"line":241,"column":49},"end":{"line":241,"column":51}}],"line":241},"19":{"loc":{"start":{"line":243,"column":4},"end":{"line":245,"column":5}},"type":"if","locations":[{"start":{"line":243,"column":4},"end":{"line":245,"column":5}},{"start":{"line":243,"column":4},"end":{"line":245,"column":5}}],"line":243},"20":{"loc":{"start":{"line":252,"column":6},"end":{"line":252,"column":40}},"type":"binary-expr","locations":[{"start":{"line":252,"column":6},"end":{"line":252,"column":14}},{"start":{"line":252,"column":18},"end":{"line":252,"column":40}}],"line":252},"21":{"loc":{"start":{"line":264,"column":6},"end":{"line":264,"column":25}},"type":"default-arg","locations":[{"start":{"line":264,"column":23},"end":{"line":264,"column":25}}],"line":264},"22":{"loc":{"start":{"line":287,"column":13},"end":{"line":306,"column":13}},"type":"binary-expr","locations":[{"start":{"line":287,"column":13},"end":{"line":287,"column":18}},{"start":{"line":288,"column":14},"end":{"line":305,"column":22}}],"line":287},"23":{"loc":{"start":{"line":291,"column":20},"end":{"line":294,"column":21}},"type":"if","locations":[{"start":{"line":291,"column":20},"end":{"line":294,"column":21}},{"start":{"line":291,"column":20},"end":{"line":294,"column":21}}],"line":291},"24":{"loc":{"start":{"line":292,"column":22},"end":{"line":292,"column":60}},"type":"binary-expr","locations":[{"start":{"line":292,"column":22},"end":{"line":292,"column":35}},{"start":{"line":292,"column":39},"end":{"line":292,"column":60}}],"line":292},"25":{"loc":{"start":{"line":307,"column":13},"end":{"line":307,"column":60}},"type":"binary-expr","locations":[{"start":{"line":307,"column":13},"end":{"line":307,"column":17}},{"start":{"line":307,"column":21},"end":{"line":307,"column":60}}],"line":307},"26":{"loc":{"start":{"line":314,"column":16},"end":{"line":318,"column":17}},"type":"if","locations":[{"start":{"line":314,"column":16},"end":{"line":318,"column":17}},{"start":{"line":314,"column":16},"end":{"line":318,"column":17}}],"line":314},"27":{"loc":{"start":{"line":321,"column":18},"end":{"line":321,"column":77}},"type":"binary-expr","locations":[{"start":{"line":321,"column":18},"end":{"line":321,"column":26}},{"start":{"line":321,"column":30},"end":{"line":321,"column":77}}],"line":321},"28":{"loc":{"start":{"line":327,"column":16},"end":{"line":329,"column":17}},"type":"if","locations":[{"start":{"line":327,"column":16},"end":{"line":329,"column":17}},{"start":{"line":327,"column":16},"end":{"line":329,"column":17}}],"line":327},"29":{"loc":{"start":{"line":327,"column":20},"end":{"line":327,"column":78}},"type":"binary-expr","locations":[{"start":{"line":327,"column":20},"end":{"line":327,"column":58}},{"start":{"line":327,"column":62},"end":{"line":327,"column":78}}],"line":327},"30":{"loc":{"start":{"line":343,"column":27},"end":{"line":343,"column":86}},"type":"binary-expr","locations":[{"start":{"line":343,"column":27},"end":{"line":343,"column":36}},{"start":{"line":343,"column":40},"end":{"line":343,"column":46}},{"start":{"line":343,"column":50},"end":{"line":343,"column":86}}],"line":343},"31":{"loc":{"start":{"line":356,"column":16},"end":{"line":366,"column":17}},"type":"if","locations":[{"start":{"line":356,"column":16},"end":{"line":366,"column":17}},{"start":{"line":356,"column":16},"end":{"line":366,"column":17}}],"line":356},"32":{"loc":{"start":{"line":371,"column":22},"end":{"line":371,"column":81}},"type":"binary-expr","locations":[{"start":{"line":371,"column":22},"end":{"line":371,"column":28}},{"start":{"line":371,"column":32},"end":{"line":371,"column":68}},{"start":{"line":371,"column":72},"end":{"line":371,"column":81}}],"line":371},"33":{"loc":{"start":{"line":388,"column":30},"end":{"line":388,"column":55}},"type":"binary-expr","locations":[{"start":{"line":388,"column":30},"end":{"line":388,"column":38}},{"start":{"line":388,"column":42},"end":{"line":388,"column":55}}],"line":388},"34":{"loc":{"start":{"line":401,"column":30},"end":{"line":405,"column":31}},"type":"if","locations":[{"start":{"line":401,"column":30},"end":{"line":405,"column":31}},{"start":{"line":401,"column":30},"end":{"line":405,"column":31}}],"line":401},"35":{"loc":{"start":{"line":412,"column":30},"end":{"line":421,"column":31}},"type":"if","locations":[{"start":{"line":412,"column":30},"end":{"line":421,"column":31}},{"start":{"line":412,"column":30},"end":{"line":421,"column":31}}],"line":412},"36":{"loc":{"start":{"line":413,"column":32},"end":{"line":416,"column":38}},"type":"binary-expr","locations":[{"start":{"line":413,"column":32},"end":{"line":413,"column":61}},{"start":{"line":414,"column":33},"end":{"line":414,"column":48}},{"start":{"line":414,"column":52},"end":{"line":414,"column":86}},{"start":{"line":415,"column":32},"end":{"line":415,"column":43}},{"start":{"line":416,"column":32},"end":{"line":416,"column":38}}],"line":413},"37":{"loc":{"start":{"line":423,"column":30},"end":{"line":436,"column":31}},"type":"if","locations":[{"start":{"line":423,"column":30},"end":{"line":436,"column":31}},{"start":{"line":423,"column":30},"end":{"line":436,"column":31}}],"line":423},"38":{"loc":{"start":{"line":424,"column":32},"end":{"line":425,"column":65}},"type":"binary-expr","locations":[{"start":{"line":424,"column":32},"end":{"line":424,"column":62}},{"start":{"line":425,"column":32},"end":{"line":425,"column":65}}],"line":424},"39":{"loc":{"start":{"line":427,"column":32},"end":{"line":431,"column":33}},"type":"if","locations":[{"start":{"line":427,"column":32},"end":{"line":431,"column":33}},{"start":{"line":427,"column":32},"end":{"line":431,"column":33}}],"line":427},"40":{"loc":{"start":{"line":433,"column":32},"end":{"line":435,"column":33}},"type":"if","locations":[{"start":{"line":433,"column":32},"end":{"line":435,"column":33}},{"start":{"line":433,"column":32},"end":{"line":435,"column":33}}],"line":433},"41":{"loc":{"start":{"line":453,"column":27},"end":{"line":453,"column":94}},"type":"cond-expr","locations":[{"start":{"line":453,"column":45},"end":{"line":453,"column":90}},{"start":{"line":453,"column":93},"end":{"line":453,"column":94}}],"line":453},"42":{"loc":{"start":{"line":459,"column":16},"end":{"line":461,"column":17}},"type":"if","locations":[{"start":{"line":459,"column":16},"end":{"line":461,"column":17}},{"start":{"line":459,"column":16},"end":{"line":461,"column":17}}],"line":459},"43":{"loc":{"start":{"line":472,"column":13},"end":{"line":472,"column":76}},"type":"binary-expr","locations":[{"start":{"line":472,"column":13},"end":{"line":472,"column":20}},{"start":{"line":472,"column":24},"end":{"line":472,"column":76}}],"line":472}},"s":{"0":2,"1":2,"2":2,"3":2,"4":12,"5":2,"6":52,"7":52,"8":2,"9":2,"10":2,"11":448,"12":448,"13":448,"14":52,"15":52,"16":448,"17":52,"18":52,"19":52,"20":448,"21":448,"22":448,"23":448,"24":0,"25":448,"26":52,"27":35,"28":17,"29":52,"30":52,"31":52,"32":448,"33":448,"34":52,"35":21,"36":43,"37":1,"38":1,"39":31,"40":31,"41":49,"42":49,"43":2,"44":1,"45":31,"46":7,"47":31,"48":5,"49":5,"50":0,"51":5,"52":10,"53":5,"54":5,"55":52,"56":52,"57":52,"58":239,"59":239,"60":52,"61":52,"62":0,"63":0,"64":0,"65":0,"66":0,"67":2,"68":1,"69":1,"70":2,"71":2,"72":2,"73":19,"74":5,"75":19,"76":52,"77":75,"78":75,"79":52,"80":4,"81":52,"82":80,"83":80,"84":80,"85":1,"86":6,"87":1,"88":1,"89":5,"90":1,"91":5,"92":2,"93":2,"94":3,"95":3,"96":1,"97":1,"98":2,"99":2,"100":52,"101":52,"102":52,"103":0,"104":52,"105":52},"f":{"0":12,"1":52,"2":52,"3":448,"4":52,"5":448,"6":52,"7":448,"8":52,"9":448,"10":43,"11":1,"12":2,"13":5,"14":10,"15":5,"16":52,"17":239,"18":52,"19":0,"20":0,"21":0,"22":2,"23":2,"24":19,"25":52,"26":75,"27":80,"28":1,"29":6,"30":1,"31":5,"32":52},"b":{"0":[12,0],"1":[2,50],"2":[52,28,7,22,20,20],"3":[52,52],"4":[0,448],"5":[35,17],"6":[21,31],"7":[52,22],"8":[0,43],"9":[43,0],"10":[1,0],"11":[80,72],"12":[0,49],"13":[49,1],"14":[49,0],"15":[1,1],"16":[7,24],"17":[0,7],"18":[0],"19":[0,5],"20":[5,5],"21":[24],"22":[52,1],"23":[0,0],"24":[0,0],"25":[52,0],"26":[1,1],"27":[2,2],"28":[5,14],"29":[19,19],"30":[52,44,33],"31":[4,48],"32":[52,40,36],"33":[80,1],"34":[1,5],"35":[2,3],"36":[5,2,1,2,2],"37":[3,0],"38":[3,2],"39":[1,2],"40":[2,0],"41":[27,25],"42":[0,52],"43":[52,0]},"_coverageSchema":"43e27e138ebf9cfc5966b082cf9a028302ed4184","hash":"a76f01ee92b1903bee5d9816a9cc8ba92dca824d"}
,"/home/travis/build/zendeskgarden/react-components/packages/avatars/src/Avatar.js": {"path":"/home/travis/build/zendeskgarden/react-components/packages/avatars/src/Avatar.js","statementMap":{"0":{"start":{"line":14,"column":21},"end":{"line":14,"column":37}},"1":{"start":{"line":15,"column":13},"end":{"line":19,"column":1}},"2":{"start":{"line":24,"column":15},"end":{"line":43,"column":1}},"3":{"start":{"line":28,"column":4},"end":{"line":40,"column":6}},"4":{"start":{"line":42,"column":13},"end":{"line":42,"column":47}},"5":{"start":{"line":45,"column":0},"end":{"line":52,"column":2}}},"fnMap":{"0":{"name":"(anonymous_0)","decl":{"start":{"line":27,"column":13},"end":{"line":27,"column":14}},"loc":{"start":{"line":28,"column":4},"end":{"line":40,"column":6}},"line":28},"1":{"name":"(anonymous_1)","decl":{"start":{"line":42,"column":4},"end":{"line":42,"column":5}},"loc":{"start":{"line":42,"column":13},"end":{"line":42,"column":47}},"line":42}},"branchMap":{},"s":{"0":2,"1":2,"2":2,"3":7,"4":7,"5":2},"f":{"0":7,"1":7},"b":{},"_coverageSchema":"43e27e138ebf9cfc5966b082cf9a028302ed4184","hash":"5d4f2e4dac68e060b0364f3e70372372f0904dff"}
,"/home/travis/build/zendeskgarden/react-components/packages/breadcrumbs/src/containers/BreadcrumbContainer.js": {"path":"/home/travis/build/zendeskgarden/react-components/packages/breadcrumbs/src/containers/BreadcrumbContainer.js","statementMap":{"0":{"start":{"line":26,"column":4},"end":{"line":30,"column":6}},"1":{"start":{"line":34,"column":4},"end":{"line":37,"column":6}},"2":{"start":{"line":41,"column":44},"end":{"line":41,"column":54}},"3":{"start":{"line":43,"column":4},"end":{"line":46,"column":7}}},"fnMap":{"0":{"name":"(anonymous_0)","decl":{"start":{"line":25,"column":22},"end":{"line":25,"column":23}},"loc":{"start":{"line":25,"column":66},"end":{"line":31,"column":3}},"line":25},"1":{"name":"(anonymous_1)","decl":{"start":{"line":33,"column":24},"end":{"line":33,"column":25}},"loc":{"start":{"line":33,"column":33},"end":{"line":38,"column":3}},"line":33},"2":{"name":"(anonymous_2)","decl":{"start":{"line":40,"column":2},"end":{"line":40,"column":3}},"loc":{"start":{"line":40,"column":11},"end":{"line":47,"column":3}},"line":40}},"branchMap":{"0":{"loc":{"start":{"line":25,"column":23},"end":{"line":25,"column":61}},"type":"default-arg","locations":[{"start":{"line":25,"column":59},"end":{"line":25,"column":61}}],"line":25},"1":{"loc":{"start":{"line":25,"column":25},"end":{"line":25,"column":44}},"type":"default-arg","locations":[{"start":{"line":25,"column":32},"end":{"line":25,"column":44}}],"line":25},"2":{"loc":{"start":{"line":41,"column":22},"end":{"line":41,"column":39}},"type":"default-arg","locations":[{"start":{"line":41,"column":31},"end":{"line":41,"column":39}}],"line":41}},"s":{"0":10,"1":18,"2":10,"3":10},"f":{"0":10,"1":18,"2":10},"b":{"0":[0],"1":[2],"2":[10]},"_coverageSchema":"43e27e138ebf9cfc5966b082cf9a028302ed4184","hash":"da6e065311747e1df5b4362a142a49802e7a3a4c"}
[...]
2":{"start":{"line":23,"column":25},"end":{"line":23,"column":53}},"3":{"start":{"line":25,"column":13},"end":{"line":25,"column":47}},"4":{"start":{"line":37,"column":28},"end":{"line":37,"column":61}},"5":{"start":{"line":39,"column":20},"end":{"line":39,"column":24}},"6":{"start":{"line":41,"column":2},"end":{"line":45,"column":3}},"7":{"start":{"line":42,"column":4},"end":{"line":42,"column":24}},"8":{"start":{"line":43,"column":9},"end":{"line":45,"column":3}},"9":{"start":{"line":44,"column":4},"end":{"line":44,"column":27}},"10":{"start":{"line":47,"column":2},"end":{"line":51,"column":4}},"11":{"start":{"line":54,"column":0},"end":{"line":62,"column":2}},"12":{"start":{"line":64,"column":0},"end":{"line":66,"column":2}}},"fnMap":{"0":{"name":"(anonymous_0)","decl":{"start":{"line":23,"column":15},"end":{"line":23,"column":16}},"loc":{"start":{"line":23,"column":25},"end":{"line":23,"column":53}},"line":23},"1":{"name":"(anonymous_1)","decl":{"start":{"line":25,"column":4},"end":{"line":25,"column":5}},"loc":{"start":{"line":25,"column":13},"end":{"line":25,"column":47}},"line":25},"2":{"name":"Ellipsis","decl":{"start":{"line":36,"column":9},"end":{"line":36,"column":17}},"loc":{"start":{"line":36,"column":54},"end":{"line":52,"column":1}},"line":36}},"branchMap":{"0":{"loc":{"start":{"line":23,"column":25},"end":{"line":23,"column":53}},"type":"cond-expr","locations":[{"start":{"line":23,"column":40},"end":{"line":23,"column":45}},{"start":{"line":23,"column":48},"end":{"line":23,"column":53}}],"line":23},"1":{"loc":{"start":{"line":41,"column":2},"end":{"line":45,"column":3}},"type":"if","locations":[{"start":{"line":41,"column":2},"end":{"line":45,"column":3}},{"start":{"line":41,"column":2},"end":{"line":45,"column":3}}],"line":41},"2":{"loc":{"start":{"line":43,"column":9},"end":{"line":45,"column":3}},"type":"if","locations":[{"start":{"line":43,"column":9},"end":{"line":45,"column":3}},{"start":{"line":43,"column":9},"end":{"line":45,"column":3}}],"line":43}},"s":{"0":2,"1":2,"2":3,"3":3,"4":3,"5":3,"6":3,"7":1,"8":2,"9":2,"10":3,"11":2,"12":2},"f":{"0":3,"1":3,"2":3},"b":{"0":[1,2],"1":[1,2],"2":[2,0]},"_coverageSchema":"43e27e138ebf9cfc5966b082cf9a028302ed4184","hash":"c8373a63d5f52a7e38a01c1276c2da54968327e9"}
,"/home/travis/build/zendeskgarden/react-components/packages/typography/src/views/LG.js": {"path":"/home/travis/build/zendeskgarden/react-components/packages/typography/src/views/LG.js","statementMap":{"0":{"start":{"line":19,"column":21},"end":{"line":19,"column":36}},"1":{"start":{"line":21,"column":17},"end":{"line":32,"column":1}},"2":{"start":{"line":26,"column":27},"end":{"line":26,"column":73}},"3":{"start":{"line":27,"column":25},"end":{"line":27,"column":79}},"4":{"start":{"line":29,"column":25},"end":{"line":29,"column":53}},"5":{"start":{"line":31,"column":13},"end":{"line":31,"column":47}},"6":{"start":{"line":37,"column":11},"end":{"line":41,"column":1}},"7":{"start":{"line":38,"column":22},"end":{"line":38,"column":49}},"8":{"start":{"line":40,"column":2},"end":{"line":40,"column":36}},"9":{"start":{"line":43,"column":0},"end":{"line":48,"column":2}},"10":{"start":{"line":50,"column":0},"end":{"line":52,"column":2}}},"fnMap":{"0":{"name":"(anonymous_0)","decl":{"start":{"line":26,"column":17},"end":{"line":26,"column":18}},"loc":{"start":{"line":26,"column":27},"end":{"line":26,"column":73}},"line":26},"1":{"name":"(anonymous_1)","decl":{"start":{"line":27,"column":15},"end":{"line":27,"column":16}},"loc":{"start":{"line":27,"column":25},"end":{"line":27,"column":79}},"line":27},"2":{"name":"(anonymous_2)","decl":{"start":{"line":29,"column":15},"end":{"line":29,"column":16}},"loc":{"start":{"line":29,"column":25},"end":{"line":29,"column":53}},"line":29},"3":{"name":"(anonymous_3)","decl":{"start":{"line":31,"column":4},"end":{"line":31,"column":5}},"loc":{"start":{"line":31,"column":13},"end":{"line":31,"column":47}},"line":31},"4":{"name":"(anonymous_4)","decl":{"start":{"line":37,"column":11},"end":{"line":37,"column":12}},"loc":{"start":{"line":37,"column":34},"end":{"line":41,"column":1}},"line":37}},"branchMap":{"0":{"loc":{"start":{"line":26,"column":27},"end":{"line":26,"column":73}},"type":"cond-expr","locations":[{"start":{"line":26,"column":45},"end":{"line":26,"column":66}},{"start":{"line":26,"column":69},"end":{"line":26,"column":73}}],"line":26},"1":{"loc":{"start":{"line":27,"column":25},"end":{"line":27,"column":79}},"type":"cond-expr","locations":[{"start":{"line":27,"column":43},"end":{"line":27,"column":64}},{"start":{"line":27,"column":67},"end":{"line":27,"column":79}}],"line":27},"2":{"loc":{"start":{"line":29,"column":25},"end":{"line":29,"column":53}},"type":"cond-expr","locations":[{"start":{"line":29,"column":40},"end":{"line":29,"column":45}},{"start":{"line":29,"column":48},"end":{"line":29,"column":53}}],"line":29}},"s":{"0":3,"1":3,"2":3,"3":3,"4":3,"5":3,"6":3,"7":3,"8":3,"9":3,"10":3},"f":{"0":3,"1":3,"2":3,"3":3,"4":3},"b":{"0":[2,1],"1":[2,1],"2":[1,2]},"_coverageSchema":"43e27e138ebf9cfc5966b082cf9a028302ed4184","hash":"d78e044d8d7786592a7ed4a85e3b0d7e58e45a59"}
,"/home/travis/build/zendeskgarden/react-components/packages/typography/src/views/MD.js": {"path":"/home/travis/build/zendeskgarden/react-components/packages/typography/src/views/MD.js","statementMap":{"0":{"start":{"line":19,"column":21},"end":{"line":19,"column":36}},"1":{"start":{"line":21,"column":17},"end":{"line":32,"column":1}},"2":{"start":{"line":26,"column":27},"end":{"line":26,"column":73}},"3":{"start":{"line":27,"column":25},"end":{"line":27,"column":79}},"4":{"start":{"line":29,"column":25},"end":{"line":29,"column":53}},"5":{"start":{"line":31,"column":13},"end":{"line":31,"column":47}},"6":{"start":{"line":37,"column":11},"end":{"line":41,"column":1}},"7":{"start":{"line":38,"column":22},"end":{"line":38,"column":49}},"8":{"start":{"line":40,"column":2},"end":{"line":40,"column":36}},"9":{"start":{"line":43,"column":0},"end":{"line":48,"column":2}},"10":{"start":{"line":50,"column":0},"end":{"line":52,"column":2}}},"fnMap":{"0":{"name":"(anonymous_0)","decl":{"start":{"line":26,"column":17},"end":{"line":26,"column":18}},"loc":{"start":{"line":26,"column":27},"end":{"line":26,"column":73}},"line":26},"1":{"name":"(anonymous_1)","decl":{"start":{"line":27,"column":15},"end":{"line":27,"column":16}},"loc":{"start":{"line":27,"column":25},"end":{"line":27,"column":79}},"line":27},"2":{"name":"(anonymous_2)","decl":{"start":{"line":29,"column":15},"end":{"line":29,"column":16}},"loc":{"start":{"line":29,"column":25},"end":{"line":29,"column":53}},"line":29},"3":{"name":"(anonymous_3)","decl":{"start":{"line":31,"column":4},"end":{"line":31,"column":5}},"loc":{"start":{"line":31,"column":13},"end":{"line":31,"column":47}},"line":31},"4":{"name":"(anonymous_4)","decl":{"start":{"line":37,"column":11},"end":{"line":37,"column":12}},"loc":{"start":{"line":37,"column":34},"end":{"line":41,"column":1}},"line":37}},"branchMap":{"0":{"loc":{"start":{"line":26,"column":27},"end":{"line":26,"column":73}},"type":"cond-expr","locations":[{"start":{"line":26,"column":45},"end":{"line":26,"column":66}},{"start":{"line":26,"column":69},"end":{"line":26,"column":73}}],"line":26},"1":{"loc":{"start":{"line":27,"column":25},"end":{"line":27,"column":79}},"type":"cond-expr","locations":[{"start":{"line":27,"column":43},"end":{"line":27,"column":64}},{"start":{"line":27,"column":67},"end":{"line":27,"column":79}}],"line":27},"2":{"loc":{"start":{"line":29,"column":25},"end":{"line":29,"column":53}},"type":"cond-expr","locations":[{"start":{"line":29,"column":40},"end":{"line":29,"column":45}},{"start":{"line":29,"column":48},"end":{"line":29,"column":53}}],"line":29}},"s":{"0":3,"1":3,"2":9,"3":9,"4":9,"5":9,"6":3,"7":9,"8":9,"9":3,"10":3},"f":{"0":9,"1":9,"2":9,"3":9,"4":9},"b":{"0":[8,1],"1":[8,1],"2":[2,7]},"_coverageSchema":"43e27e138ebf9cfc5966b082cf9a028302ed4184","hash":"0c84a4d447969dc66ed1911a268b480fa60ceab7"}
,"/home/travis/build/zendeskgarden/react-components/packages/typography/src/views/SM.js": {"path":"/home/travis/build/zendeskgarden/react-components/packages/typography/src/views/SM.js","statementMap":{"0":{"start":{"line":19,"column":21},"end":{"line":19,"column":36}},"1":{"start":{"line":21,"column":17},"end":{"line":32,"column":1}},"2":{"start":{"line":26,"column":27},"end":{"line":26,"column":73}},"3":{"start":{"line":27,"column":25},"end":{"line":27,"column":79}},"4":{"start":{"line":29,"column":25},"end":{"line":29,"column":53}},"5":{"start":{"line":31,"column":13},"end":{"line":31,"column":47}},"6":{"start":{"line":37,"column":11},"end":{"line":41,"column":1}},"7":{"start":{"line":38,"column":22},"end":{"line":38,"column":49}},"8":{"start":{"line":40,"column":2},"end":{"line":40,"column":36}},"9":{"start":{"line":43,"column":0},"end":{"line":48,"column":2}},"10":{"start":{"line":50,"column":0},"end":{"line":52,"column":2}}},"fnMap":{"0":{"name":"(anonymous_0)","decl":{"start":{"line":26,"column":17},"end":{"line":26,"column":18}},"loc":{"start":{"line":26,"column":27},"end":{"line":26,"column":73}},"line":26},"1":{"name":"(anonymous_1)","decl":{"start":{"line":27,"column":15},"end":{"line":27,"column":16}},"loc":{"start":{"line":27,"column":25},"end":{"line":27,"column":79}},"line":27},"2":{"name":"(anonymous_2)","decl":{"start":{"line":29,"column":15},"end":{"line":29,"column":16}},"loc":{"start":{"line":29,"column":25},"end":{"line":29,"column":53}},"line":29},"3":{"name":"(anonymous_3)","decl":{"start":{"line":31,"column":4},"end":{"line":31,"column":5}},"loc":{"start":{"line":31,"column":13},"end":{"line":31,"column":47}},"line":31},"4":{"name":"(anonymous_4)","decl":{"start":{"line":37,"column":11},"end":{"line":37,"column":12}},"loc":{"start":{"line":37,"column":34},"end":{"line":41,"column":1}},"line":37}},"branchMap":{"0":{"loc":{"start":{"line":26,"column":27},"end":{"line":26,"column":73}},"type":"cond-expr","locations":[{"start":{"line":26,"column":45},"end":{"line":26,"column":66}},{"start":{"line":26,"column":69},"end":{"line":26,"column":73}}],"line":26},"1":{"loc":{"start":{"line":27,"column":25},"end":{"line":27,"column":79}},"type":"cond-expr","locations":[{"start":{"line":27,"column":43},"end":{"line":27,"column":64}},{"start":{"line":27,"column":67},"end":{"line":27,"column":79}}],"line":27},"2":{"loc":{"start":{"line":29,"column":25},"end":{"line":29,"column":53}},"type":"cond-expr","locations":[{"start":{"line":29,"column":40},"end":{"line":29,"column":45}},{"start":{"line":29,"column":48},"end":{"line":29,"column":53}}],"line":29}},"s":{"0":3,"1":3,"2":3,"3":3,"4":3,"5":3,"6":3,"7":3,"8":3,"9":3,"10":3},"f":{"0":3,"1":3,"2":3,"3":3,"4":3},"b":{"0":[2,1],"1":[2,1],"2":[1,2]},"_coverageSchema":"43e27e138ebf9cfc5966b082cf9a028302ed4184","hash":"45e41b21e94ea8b3cdfd7bdbdd3097350521eab4"}
,"/home/travis/build/zendeskgarden/react-components/packages/typography/src/views/XL.js": {"path":"/home/travis/build/zendeskgarden/react-components/packages/typography/src/views/XL.js","statementMap":{"0":{"start":{"line":14,"column":21},"end":{"line":14,"column":36}},"1":{"start":{"line":16,"column":17},"end":{"line":26,"column":1}},"2":{"start":{"line":23,"column":25},"end":{"line":23,"column":53}},"3":{"start":{"line":25,"column":13},"end":{"line":25,"column":47}},"4":{"start":{"line":31,"column":11},"end":{"line":35,"column":1}},"5":{"start":{"line":32,"column":22},"end":{"line":32,"column":49}},"6":{"start":{"line":34,"column":2},"end":{"line":34,"column":36}},"7":{"start":{"line":37,"column":0},"end":{"line":40,"column":2}},"8":{"start":{"line":42,"column":0},"end":{"line":44,"column":2}}},"fnMap":{"0":{"name":"(anonymous_0)","decl":{"start":{"line":23,"column":15},"end":{"line":23,"column":16}},"loc":{"start":{"line":23,"column":25},"end":{"line":23,"column":53}},"line":23},"1":{"name":"(anonymous_1)","decl":{"start":{"line":25,"column":4},"end":{"line":25,"column":5}},"loc":{"start":{"line":25,"column":13},"end":{"line":25,"column":47}},"line":25},"2":{"name":"(anonymous_2)","decl":{"start":{"line":31,"column":11},"end":{"line":31,"column":12}},"loc":{"start":{"line":31,"column":34},"end":{"line":35,"column":1}},"line":31}},"branchMap":{"0":{"loc":{"start":{"line":23,"column":25},"end":{"line":23,"column":53}},"type":"cond-expr","locations":[{"start":{"line":23,"column":40},"end":{"line":23,"column":45}},{"start":{"line":23,"column":48},"end":{"line":23,"column":53}}],"line":23}},"s":{"0":2,"1":2,"2":2,"3":2,"4":2,"5":2,"6":2,"7":2,"8":2},"f":{"0":2,"1":2,"2":2},"b":{"0":[1,1]},"_coverageSchema":"43e27e138ebf9cfc5966b082cf9a028302ed4184","hash":"ee8eb2e538d9786831649447dbca66f324b3b287"}
,"/home/travis/build/zendeskgarden/react-components/packages/typography/src/views/XXL.js": {"path":"/home/travis/build/zendeskgarden/react-components/packages/typography/src/views/XXL.js","statementMap":{"0":{"start":{"line":14,"column":21},"end":{"line":14,"column":37}},"1":{"start":{"line":16,"column":18},"end":{"line":26,"column":1}},"2":{"start":{"line":23,"column":25},"end":{"line":23,"column":53}},"3":{"start":{"line":25,"column":13},"end":{"line":25,"column":47}},"4":{"start":{"line":31,"column":12},"end":{"line":35,"column":1}},"5":{"start":{"line":32,"column":23},"end":{"line":32,"column":51}},"6":{"start":{"line":34,"column":2},"end":{"line":34,"column":37}},"7":{"start":{"line":37,"column":0},"end":{"line":40,"column":2}},"8":{"start":{"line":42,"column":0},"end":{"line":44,"column":2}}},"fnMap":{"0":{"name":"(anonymous_0)","decl":{"start":{"line":23,"column":15},"end":{"line":23,"column":16}},"loc":{"start":{"line":23,"column":25},"end":{"line":23,"column":53}},"line":23},"1":{"name":"(anonymous_1)","decl":{"start":{"line":25,"column":4},"end":{"line":25,"column":5}},"loc":{"start":{"line":25,"column":13},"end":{"line":25,"column":47}},"line":25},"2":{"name":"(anonymous_2)","decl":{"start":{"line":31,"column":12},"end":{"line":31,"column":13}},"loc":{"start":{"line":31,"column":35},"end":{"line":35,"column":1}},"line":31}},"branchMap":{"0":{"loc":{"start":{"line":23,"column":25},"end":{"line":23,"column":53}},"type":"cond-expr","locations":[{"start":{"line":23,"column":40},"end":{"line":23,"column":45}},{"start":{"line":23,"column":48},"end":{"line":23,"column":53}}],"line":23}},"s":{"0":2,"1":2,"2":2,"3":2,"4":2,"5":2,"6":2,"7":2,"8":2},"f":{"0":2,"1":2,"2":2},"b":{"0":[1,1]},"_coverageSchema":"43e27e138ebf9cfc5966b082cf9a028302ed4184","hash":"daa25849d476a781996f40800eb67f8204c26757"}
,"/home/travis/build/zendeskgarden/react-components/packages/typography/src/views/XXXL.js": {"path":"/home/travis/build/zendeskgarden/react-components/packages/typography/src/views/XXXL.js","statementMap":{"0":{"start":{"line":14,"column":21},"end":{"line":14,"column":38}},"1":{"start":{"line":16,"column":19},"end":{"line":26,"column":1}},"2":{"start":{"line":23,"column":25},"end":{"line":23,"column":53}},"3":{"start":{"line":25,"column":13},"end":{"line":25,"column":47}},"4":{"start":{"line":31,"column":13},"end":{"line":35,"column":1}},"5":{"start":{"line":32,"column":24},"end":{"line":32,"column":53}},"6":{"start":{"line":34,"column":2},"end":{"line":34,"column":38}},"7":{"start":{"line":37,"column":0},"end":{"line":40,"column":2}},"8":{"start":{"line":42,"column":0},"end":{"line":44,"column":2}}},"fnMap":{"0":{"name":"(anonymous_0)","decl":{"start":{"line":23,"column":15},"end":{"line":23,"column":16}},"loc":{"start":{"line":23,"column":25},"end":{"line":23,"column":53}},"line":23},"1":{"name":"(anonymous_1)","decl":{"start":{"line":25,"column":4},"end":{"line":25,"column":5}},"loc":{"start":{"line":25,"column":13},"end":{"line":25,"column":47}},"line":25},"2":{"name":"(anonymous_2)","decl":{"start":{"line":31,"column":13},"end":{"line":31,"column":14}},"loc":{"start":{"line":31,"column":36},"end":{"line":35,"column":1}},"line":31}},"branchMap":{"0":{"loc":{"start":{"line":23,"column":25},"end":{"line":23,"column":53}},"type":"cond-expr","locations":[{"start":{"line":23,"column":40},"end":{"line":23,"column":45}},{"start":{"line":23,"column":48},"end":{"line":23,"column":53}}],"line":23}},"s":{"0":2,"1":2,"2":1,"3":1,"4":2,"5":1,"6":1,"7":2,"8":2},"f":{"0":1,"1":1,"2":1},"b":{"0":[1,0]},"_coverageSchema":"43e27e138ebf9cfc5966b082cf9a028302ed4184","hash":"d1738caf63c26dc3c6a3a235ce106b8037262d58"}
,"/home/travis/build/zendeskgarden/react-components/packages/utilities/src/utils/hasType.js": {"path":"/home/travis/build/zendeskgarden/react-components/packages/utilities/src/utils/hasType.js","statementMap":{"0":{"start":{"line":15,"column":2},"end":{"line":15,"column":23}},"1":{"start":{"line":15,"column":10},"end":{"line":15,"column":23}},"2":{"start":{"line":16,"column":35},"end":{"line":16,"column":36}},"3":{"start":{"line":17,"column":30},"end":{"line":17,"column":39}},"4":{"start":{"line":21,"column":2},"end":{"line":25,"column":3}},"5":{"start":{"line":22,"column":4},"end":{"line":22,"column":29}},"6":{"start":{"line":23,"column":9},"end":{"line":25,"column":3}},"7":{"start":{"line":24,"column":4},"end":{"line":24,"column":36}},"8":{"start":{"line":27,"column":2},"end":{"line":27,"column":16}}},"fnMap":{"0":{"name":"(anonymous_0)","decl":{"start":{"line":14,"column":15},"end":{"line":14,"column":16}},"loc":{"start":{"line":14,"column":35},"end":{"line":28,"column":1}},"line":14}},"branchMap":{"0":{"loc":{"start":{"line":14,"column":24},"end":{"line":14,"column":30}},"type":"default-arg","locations":[{"start":{"line":14,"column":28},"end":{"line":14,"column":30}}],"line":14},"1":{"loc":{"start":{"line":15,"column":2},"end":{"line":15,"column":23}},"type":"if","locations":[{"start":{"line":15,"column":2},"end":{"line":15,"column":23}},{"start":{"line":15,"column":2},"end":{"line":15,"column":23}}],"line":15},"2":{"loc":{"start":{"line":16,"column":16},"end":{"line":16,"column":30}},"type":"default-arg","locations":[{"start":{"line":16,"column":28},"end":{"line":16,"column":30}}],"line":16},"3":{"loc":{"start":{"line":21,"column":2},"end":{"line":25,"column":3}},"type":"if","locations":[{"start":{"line":21,"column":2},"end":{"line":25,"column":3}},{"start":{"line":21,"column":2},"end":{"line":25,"column":3}}],"line":21},"4":{"loc":{"start":{"line":23,"column":9},"end":{"line":25,"column":3}},"type":"if","locations":[{"start":{"line":23,"column":9},"end":{"line":25,"column":3}},{"start":{"line":23,"column":9},"end":{"line":25,"column":3}}],"line":23},"5":{"loc":{"start":{"line":23,"column":13},"end":{"line":23,"column":37}},"type":"binary-expr","locations":[{"start":{"line":23,"column":13},"end":{"line":23,"column":19}},{"start":{"line":23,"column":23},"end":{"line":23,"column":37}}],"line":23}},"s":{"0":1956,"1":1,"2":1955,"3":1955,"4":1955,"5":1776,"6":179,"7":0,"8":1955},"f":{"0":1956},"b":{"0":[0],"1":[1,1955],"2":[0],"3":[1776,179],"4":[0,179],"5":[179,33]},"_coverageSchema":"43e27e138ebf9cfc5966b082cf9a028302ed4184","hash":"155c31c2f71d8a54a8fc26027652d9a13ec88605"}
,"/home/travis/build/zendeskgarden/react-components/packages/utilities/src/utils/requiredParam.js": {"path":"/home/travis/build/zendeskgarden/react-components/packages/utilities/src/utils/requiredParam.js","statementMap":{"0":{"start":{"line":15,"column":2},"end":{"line":17,"column":3}},"1":{"start":{"line":16,"column":4},"end":{"line":16,"column":35}},"2":{"start":{"line":19,"column":2},"end":{"line":19,"column":46}}},"fnMap":{"0":{"name":"(anonymous_0)","decl":{"start":{"line":14,"column":15},"end":{"line":14,"column":16}},"loc":{"start":{"line":14,"column":48},"end":{"line":20,"column":1}},"line":14}},"branchMap":{"0":{"loc":{"start":{"line":15,"column":2},"end":{"line":17,"column":3}},"type":"if","locations":[{"start":{"line":15,"column":2},"end":{"line":17,"column":3}},{"start":{"line":15,"column":2},"end":{"line":17,"column":3}}],"line":15}},"s":{"0":2,"1":1,"2":1},"f":{"0":2},"b":{"0":[1,1]},"_coverageSchema":"43e27e138ebf9cfc5966b082cf9a028302ed4184","hash":"ac7218ff2f09cefede7f233911fa3906474cff19"}
}
