{"/Users/agreen/Repos/react-components/packages/autocomplete/src/containers/AutocompleteContainer.js": {"path":"/Users/agreen/Repos/react-components/packages/autocomplete/src/containers/AutocompleteContainer.js","statementMap":{"0":{"start":{"line":32,"column":20},"end":{"line":34,"column":1}},"1":{"start":{"line":33,"column":22},"end":{"line":33,"column":34}},"2":{"start":{"line":132,"column":4},"end":{"line":132,"column":19}},"3":{"start":{"line":134,"column":4},"end":{"line":139,"column":6}},"4":{"start":{"line":141,"column":4},"end":{"line":141,"column":58}},"5":{"start":{"line":142,"column":4},"end":{"line":142,"column":83}},"6":{"start":{"line":144,"column":4},"end":{"line":144,"column":56}},"7":{"start":{"line":145,"column":4},"end":{"line":145,"column":79}},"8":{"start":{"line":149,"column":27},"end":{"line":149,"column":52}},"9":{"start":{"line":150,"column":31},"end":{"line":152,"column":28}},"10":{"start":{"line":158,"column":4},"end":{"line":168,"column":5}},"11":{"start":{"line":159,"column":18},"end":{"line":159,"column":53}},"12":{"start":{"line":160,"column":23},"end":{"line":160,"column":69}},"13":{"start":{"line":163,"column":6},"end":{"line":167,"column":7}},"14":{"start":{"line":172,"column":23},"end":{"line":172,"column":53}},"15":{"start":{"line":174,"column":4},"end":{"line":174,"column":84}},"16":{"start":{"line":178,"column":26},"end":{"line":178,"column":59}},"17":{"start":{"line":180,"column":4},"end":{"line":180,"column":85}},"18":{"start":{"line":184,"column":25},"end":{"line":184,"column":35}},"19":{"start":{"line":185,"column":19},"end":{"line":185,"column":52}},"20":{"start":{"line":187,"column":4},"end":{"line":187,"column":46}},"21":{"start":{"line":188,"column":4},"end":{"line":188,"column":40}},"22":{"start":{"line":192,"column":4},"end":{"line":192,"column":72}},"23":{"start":{"line":196,"column":4},"end":{"line":196,"column":46}},"24":{"start":{"line":197,"column":4},"end":{"line":197,"column":47}},"25":{"start":{"line":201,"column":4},"end":{"line":201,"column":43}},"26":{"start":{"line":206,"column":6},"end":{"line":218,"column":7}},"27":{"start":{"line":207,"column":8},"end":{"line":214,"column":9}},"28":{"start":{"line":211,"column":10},"end":{"line":211,"column":30}},"29":{"start":{"line":213,"column":10},"end":{"line":213,"column":46}},"30":{"start":{"line":215,"column":13},"end":{"line":218,"column":7}},"31":{"start":{"line":216,"column":8},"end":{"line":216,"column":48}},"32":{"start":{"line":217,"column":8},"end":{"line":217,"column":27}},"33":{"start":{"line":221,"column":25},"end":{"line":221,"column":50}},"34":{"start":{"line":223,"column":6},"end":{"line":239,"column":7}},"35":{"start":{"line":224,"column":8},"end":{"line":227,"column":9}},"36":{"start":{"line":225,"column":10},"end":{"line":225,"column":50}},"37":{"start":{"line":226,"column":10},"end":{"line":226,"column":29}},"38":{"start":{"line":229,"column":8},"end":{"line":236,"column":9}},"39":{"start":{"line":233,"column":10},"end":{"line":233,"column":30}},"40":{"start":{"line":234,"column":15},"end":{"line":236,"column":9}},"41":{"start":{"line":235,"column":10},"end":{"line":235,"column":46}},"42":{"start":{"line":238,"column":8},"end":{"line":238,"column":27}},"43":{"start":{"line":242,"column":25},"end":{"line":242,"column":50}},"44":{"start":{"line":244,"column":6},"end":{"line":250,"column":7}},"45":{"start":{"line":245,"column":8},"end":{"line":245,"column":47}},"46":{"start":{"line":246,"column":8},"end":{"line":246,"column":27}},"47":{"start":{"line":247,"column":13},"end":{"line":250,"column":7}},"48":{"start":{"line":248,"column":8},"end":{"line":248,"column":45}},"49":{"start":{"line":249,"column":8},"end":{"line":249,"column":27}},"50":{"start":{"line":253,"column":25},"end":{"line":253,"column":50}},"51":{"start":{"line":255,"column":6},"end":{"line":261,"column":7}},"52":{"start":{"line":256,"column":8},"end":{"line":256,"column":46}},"53":{"start":{"line":257,"column":8},"end":{"line":257,"column":27}},"54":{"start":{"line":258,"column":13},"end":{"line":261,"column":7}},"55":{"start":{"line":259,"column":8},"end":{"line":259,"column":28}},"56":{"start":{"line":260,"column":8},"end":{"line":260,"column":27}},"57":{"start":{"line":264,"column":25},"end":{"line":264,"column":50}},"58":{"start":{"line":266,"column":6},"end":{"line":269,"column":7}},"59":{"start":{"line":267,"column":8},"end":{"line":267,"column":29}},"60":{"start":{"line":268,"column":8},"end":{"line":268,"column":27}},"61":{"start":{"line":272,"column":25},"end":{"line":272,"column":50}},"62":{"start":{"line":274,"column":6},"end":{"line":285,"column":7}},"63":{"start":{"line":275,"column":8},"end":{"line":279,"column":9}},"64":{"start":{"line":276,"column":10},"end":{"line":276,"column":84}},"65":{"start":{"line":277,"column":15},"end":{"line":279,"column":9}},"66":{"start":{"line":278,"column":10},"end":{"line":278,"column":47}},"67":{"start":{"line":281,"column":8},"end":{"line":281,"column":27}},"68":{"start":{"line":282,"column":13},"end":{"line":285,"column":7}},"69":{"start":{"line":283,"column":8},"end":{"line":283,"column":28}},"70":{"start":{"line":284,"column":8},"end":{"line":284,"column":27}},"71":{"start":{"line":288,"column":25},"end":{"line":288,"column":50}},"72":{"start":{"line":290,"column":6},"end":{"line":296,"column":7}},"73":{"start":{"line":291,"column":8},"end":{"line":291,"column":46}},"74":{"start":{"line":292,"column":8},"end":{"line":292,"column":27}},"75":{"start":{"line":294,"column":8},"end":{"line":294,"column":47}},"76":{"start":{"line":295,"column":8},"end":{"line":295,"column":27}},"77":{"start":{"line":299,"column":25},"end":{"line":299,"column":50}},"78":{"start":{"line":301,"column":6},"end":{"line":307,"column":7}},"79":{"start":{"line":302,"column":8},"end":{"line":302,"column":50}},"80":{"start":{"line":303,"column":8},"end":{"line":303,"column":27}},"81":{"start":{"line":305,"column":8},"end":{"line":305,"column":46}},"82":{"start":{"line":306,"column":8},"end":{"line":306,"column":27}},"83":{"start":{"line":310,"column":25},"end":{"line":310,"column":50}},"84":{"start":{"line":312,"column":6},"end":{"line":315,"column":7}},"85":{"start":{"line":313,"column":8},"end":{"line":313,"column":28}},"86":{"start":{"line":314,"column":8},"end":{"line":314,"column":27}},"87":{"start":{"line":320,"column":4},"end":{"line":320,"column":84}},"88":{"start":{"line":323,"column":4},"end":{"line":323,"column":83}},"89":{"start":{"line":325,"column":20},"end":{"line":325,"column":59}},"90":{"start":{"line":336,"column":50},"end":{"line":336,"column":75}},"91":{"start":{"line":338,"column":4},"end":{"line":364,"column":6}},"92":{"start":{"line":348,"column":8},"end":{"line":350,"column":9}},"93":{"start":{"line":349,"column":10},"end":{"line":349,"column":31}},"94":{"start":{"line":353,"column":8},"end":{"line":353,"column":50}},"95":{"start":{"line":356,"column":31},"end":{"line":356,"column":69}},"96":{"start":{"line":358,"column":8},"end":{"line":358,"column":44}},"97":{"start":{"line":361,"column":8},"end":{"line":361,"column":27}},"98":{"start":{"line":368,"column":4},"end":{"line":387,"column":6}},"99":{"start":{"line":370,"column":8},"end":{"line":370,"column":38}},"100":{"start":{"line":373,"column":8},"end":{"line":373,"column":39}},"101":{"start":{"line":376,"column":27},"end":{"line":376,"column":52}},"102":{"start":{"line":378,"column":8},"end":{"line":382,"column":9}},"103":{"start":{"line":379,"column":10},"end":{"line":379,"column":31}},"104":{"start":{"line":381,"column":10},"end":{"line":381,"column":30}},"105":{"start":{"line":384,"column":8},"end":{"line":384,"column":26}},"106":{"start":{"line":397,"column":4},"end":{"line":408,"column":6}},"107":{"start":{"line":401,"column":8},"end":{"line":401,"column":35}},"108":{"start":{"line":404,"column":8},"end":{"line":404,"column":36}},"109":{"start":{"line":405,"column":8},"end":{"line":405,"column":26}},"110":{"start":{"line":418,"column":27},"end":{"line":418,"column":52}},"111":{"start":{"line":419,"column":26},"end":{"line":419,"column":44}},"112":{"start":{"line":420,"column":25},"end":{"line":420,"column":58}},"113":{"start":{"line":422,"column":4},"end":{"line":422,"column":41}},"114":{"start":{"line":424,"column":4},"end":{"line":426,"column":5}},"115":{"start":{"line":425,"column":6},"end":{"line":425,"column":60}},"116":{"start":{"line":428,"column":4},"end":{"line":428,"column":40}},"117":{"start":{"line":430,"column":4},"end":{"line":438,"column":6}},"118":{"start":{"line":435,"column":8},"end":{"line":435,"column":29}},"119":{"start":{"line":449,"column":30},"end":{"line":449,"column":55}},"120":{"start":{"line":450,"column":26},"end":{"line":450,"column":47}},"121":{"start":{"line":451,"column":25},"end":{"line":451,"column":56}},"122":{"start":{"line":453,"column":4},"end":{"line":453,"column":44}},"123":{"start":{"line":455,"column":4},"end":{"line":457,"column":5}},"124":{"start":{"line":456,"column":6},"end":{"line":456,"column":58}},"125":{"start":{"line":459,"column":4},"end":{"line":459,"column":38}},"126":{"start":{"line":461,"column":4},"end":{"line":476,"column":6}},"127":{"start":{"line":465,"column":8},"end":{"line":465,"column":34}},"128":{"start":{"line":468,"column":8},"end":{"line":468,"column":35}},"129":{"start":{"line":471,"column":8},"end":{"line":471,"column":52}},"130":{"start":{"line":472,"column":8},"end":{"line":472,"column":26}},"131":{"start":{"line":473,"column":8},"end":{"line":473,"column":27}},"132":{"start":{"line":483,"column":26},"end":{"line":483,"column":36}},"133":{"start":{"line":485,"column":4},"end":{"line":487,"column":5}},"134":{"start":{"line":486,"column":6},"end":{"line":486,"column":46}},"135":{"start":{"line":489,"column":4},"end":{"line":489,"column":41}},"136":{"start":{"line":501,"column":8},"end":{"line":501,"column":18}},"137":{"start":{"line":502,"column":50},"end":{"line":502,"column":75}},"138":{"start":{"line":504,"column":4},"end":{"line":504,"column":37}},"139":{"start":{"line":505,"column":4},"end":{"line":505,"column":35}},"140":{"start":{"line":506,"column":4},"end":{"line":506,"column":26}},"141":{"start":{"line":507,"column":4},"end":{"line":507,"column":29}},"142":{"start":{"line":509,"column":4},"end":{"line":565,"column":6}},"143":{"start":{"line":514,"column":41},"end":{"line":514,"column":52}},"144":{"start":{"line":516,"column":14},"end":{"line":529,"column":16}},"145":{"start":{"line":524,"column":20},"end":{"line":524,"column":40}},"146":{"start":{"line":539,"column":40},"end":{"line":539,"column":69}},"147":{"start":{"line":540,"column":40},"end":{"line":540,"column":79}},"148":{"start":{"line":542,"column":29},"end":{"line":549,"column":18}},"149":{"start":{"line":551,"column":16},"end":{"line":553,"column":17}},"150":{"start":{"line":552,"column":18},"end":{"line":552,"column":31}},"151":{"start":{"line":555,"column":16},"end":{"line":559,"column":18}}},"fnMap":{"0":{"name":"(anonymous_0)","decl":{"start":{"line":33,"column":13},"end":{"line":33,"column":14}},"loc":{"start":{"line":33,"column":22},"end":{"line":33,"column":34}},"line":33},"1":{"name":"(anonymous_1)","decl":{"start":{"line":131,"column":2},"end":{"line":131,"column":3}},"loc":{"start":{"line":131,"column":23},"end":{"line":146,"column":3}},"line":131},"2":{"name":"(anonymous_2)","decl":{"start":{"line":148,"column":2},"end":{"line":148,"column":3}},"loc":{"start":{"line":148,"column":43},"end":{"line":169,"column":3}},"line":148},"3":{"name":"(anonymous_3)","decl":{"start":{"line":171,"column":32},"end":{"line":171,"column":33}},"loc":{"start":{"line":171,"column":54},"end":{"line":175,"column":3}},"line":171},"4":{"name":"(anonymous_4)","decl":{"start":{"line":177,"column":30},"end":{"line":177,"column":31}},"loc":{"start":{"line":177,"column":52},"end":{"line":181,"column":3}},"line":177},"5":{"name":"(anonymous_5)","decl":{"start":{"line":183,"column":15},"end":{"line":183,"column":16}},"loc":{"start":{"line":183,"column":30},"end":{"line":189,"column":3}},"line":183},"6":{"name":"(anonymous_6)","decl":{"start":{"line":191,"column":17},"end":{"line":191,"column":18}},"loc":{"start":{"line":191,"column":23},"end":{"line":193,"column":3}},"line":191},"7":{"name":"(anonymous_7)","decl":{"start":{"line":195,"column":18},"end":{"line":195,"column":19}},"loc":{"start":{"line":195,"column":24},"end":{"line":198,"column":3}},"line":195},"8":{"name":"(anonymous_8)","decl":{"start":{"line":200,"column":15},"end":{"line":200,"column":16}},"loc":{"start":{"line":200,"column":21},"end":{"line":202,"column":3}},"line":200},"9":{"name":"(anonymous_9)","decl":{"start":{"line":205,"column":22},"end":{"line":205,"column":23}},"loc":{"start":{"line":205,"column":27},"end":{"line":219,"column":5}},"line":205},"10":{"name":"(anonymous_10)","decl":{"start":{"line":220,"column":23},"end":{"line":220,"column":24}},"loc":{"start":{"line":220,"column":28},"end":{"line":240,"column":5}},"line":220},"11":{"name":"(anonymous_11)","decl":{"start":{"line":241,"column":22},"end":{"line":241,"column":23}},"loc":{"start":{"line":241,"column":27},"end":{"line":251,"column":5}},"line":241},"12":{"name":"(anonymous_12)","decl":{"start":{"line":252,"column":21},"end":{"line":252,"column":22}},"loc":{"start":{"line":252,"column":26},"end":{"line":262,"column":5}},"line":252},"13":{"name":"(anonymous_13)","decl":{"start":{"line":263,"column":24},"end":{"line":263,"column":25}},"loc":{"start":{"line":263,"column":29},"end":{"line":270,"column":5}},"line":263},"14":{"name":"(anonymous_14)","decl":{"start":{"line":271,"column":23},"end":{"line":271,"column":24}},"loc":{"start":{"line":271,"column":28},"end":{"line":286,"column":5}},"line":271},"15":{"name":"(anonymous_15)","decl":{"start":{"line":287,"column":22},"end":{"line":287,"column":23}},"loc":{"start":{"line":287,"column":27},"end":{"line":297,"column":5}},"line":287},"16":{"name":"(anonymous_16)","decl":{"start":{"line":298,"column":20},"end":{"line":298,"column":21}},"loc":{"start":{"line":298,"column":25},"end":{"line":308,"column":5}},"line":298},"17":{"name":"(anonymous_17)","decl":{"start":{"line":309,"column":23},"end":{"line":309,"column":24}},"loc":{"start":{"line":309,"column":28},"end":{"line":316,"column":5}},"line":309},"18":{"name":"(anonymous_18)","decl":{"start":{"line":319,"column":14},"end":{"line":319,"column":15}},"loc":{"start":{"line":320,"column":4},"end":{"line":320,"column":84}},"line":320},"19":{"name":"(anonymous_19)","decl":{"start":{"line":322,"column":13},"end":{"line":322,"column":14}},"loc":{"start":{"line":323,"column":4},"end":{"line":323,"column":83}},"line":323},"20":{"name":"(anonymous_20)","decl":{"start":{"line":325,"column":14},"end":{"line":325,"column":15}},"loc":{"start":{"line":325,"column":20},"end":{"line":325,"column":59}},"line":325},"21":{"name":"(anonymous_21)","decl":{"start":{"line":327,"column":18},"end":{"line":327,"column":19}},"loc":{"start":{"line":335,"column":13},"end":{"line":365,"column":3}},"line":335},"22":{"name":"(anonymous_22)","decl":{"start":{"line":347,"column":43},"end":{"line":347,"column":44}},"loc":{"start":{"line":347,"column":49},"end":{"line":351,"column":7}},"line":347},"23":{"name":"(anonymous_23)","decl":{"start":{"line":352,"column":47},"end":{"line":352,"column":48}},"loc":{"start":{"line":352,"column":53},"end":{"line":354,"column":7}},"line":352},"24":{"name":"(anonymous_24)","decl":{"start":{"line":355,"column":49},"end":{"line":355,"column":50}},"loc":{"start":{"line":355,"column":54},"end":{"line":359,"column":7}},"line":355},"25":{"name":"(anonymous_25)","decl":{"start":{"line":360,"column":45},"end":{"line":360,"column":46}},"loc":{"start":{"line":360,"column":50},"end":{"line":362,"column":7}},"line":360},"26":{"name":"(anonymous_26)","decl":{"start":{"line":367,"column":20},"end":{"line":367,"column":21}},"loc":{"start":{"line":367,"column":71},"end":{"line":388,"column":3}},"line":367},"27":{"name":"(anonymous_27)","decl":{"start":{"line":369,"column":53},"end":{"line":369,"column":54}},"loc":{"start":{"line":369,"column":59},"end":{"line":371,"column":7}},"line":369},"28":{"name":"(anonymous_28)","decl":{"start":{"line":372,"column":49},"end":{"line":372,"column":50}},"loc":{"start":{"line":372,"column":55},"end":{"line":374,"column":7}},"line":372},"29":{"name":"(anonymous_29)","decl":{"start":{"line":375,"column":45},"end":{"line":375,"column":46}},"loc":{"start":{"line":375,"column":51},"end":{"line":385,"column":7}},"line":375},"30":{"name":"(anonymous_30)","decl":{"start":{"line":390,"column":17},"end":{"line":390,"column":18}},"loc":{"start":{"line":396,"column":13},"end":{"line":409,"column":3}},"line":396},"31":{"name":"(anonymous_31)","decl":{"start":{"line":400,"column":53},"end":{"line":400,"column":54}},"loc":{"start":{"line":400,"column":59},"end":{"line":402,"column":7}},"line":400},"32":{"name":"(anonymous_32)","decl":{"start":{"line":403,"column":49},"end":{"line":403,"column":50}},"loc":{"start":{"line":403,"column":55},"end":{"line":406,"column":7}},"line":403},"33":{"name":"(anonymous_33)","decl":{"start":{"line":411,"column":17},"end":{"line":411,"column":18}},"loc":{"start":{"line":417,"column":13},"end":{"line":439,"column":3}},"line":417},"34":{"name":"(anonymous_34)","decl":{"start":{"line":434,"column":45},"end":{"line":434,"column":46}},"loc":{"start":{"line":434,"column":51},"end":{"line":436,"column":7}},"line":434},"35":{"name":"(anonymous_35)","decl":{"start":{"line":441,"column":16},"end":{"line":441,"column":17}},"loc":{"start":{"line":448,"column":8},"end":{"line":477,"column":3}},"line":448},"36":{"name":"(anonymous_36)","decl":{"start":{"line":464,"column":53},"end":{"line":464,"column":54}},"loc":{"start":{"line":464,"column":59},"end":{"line":466,"column":7}},"line":464},"37":{"name":"(anonymous_37)","decl":{"start":{"line":467,"column":49},"end":{"line":467,"column":50}},"loc":{"start":{"line":467,"column":55},"end":{"line":469,"column":7}},"line":467},"38":{"name":"(anonymous_38)","decl":{"start":{"line":470,"column":45},"end":{"line":470,"column":46}},"loc":{"start":{"line":470,"column":50},"end":{"line":474,"column":7}},"line":470},"39":{"name":"(anonymous_39)","decl":{"start":{"line":482,"column":35},"end":{"line":482,"column":36}},"loc":{"start":{"line":482,"column":41},"end":{"line":490,"column":3}},"line":482},"40":{"name":"(anonymous_40)","decl":{"start":{"line":492,"column":2},"end":{"line":492,"column":3}},"loc":{"start":{"line":492,"column":11},"end":{"line":566,"column":3}},"line":492},"41":{"name":"(anonymous_41)","decl":{"start":{"line":513,"column":13},"end":{"line":513,"column":14}},"loc":{"start":{"line":513,"column":34},"end":{"line":530,"column":13}},"line":513},"42":{"name":"(anonymous_42)","decl":{"start":{"line":523,"column":28},"end":{"line":523,"column":29}},"loc":{"start":{"line":523,"column":35},"end":{"line":525,"column":19}},"line":523},"43":{"name":"(anonymous_43)","decl":{"start":{"line":538,"column":15},"end":{"line":538,"column":16}},"loc":{"start":{"line":538,"column":52},"end":{"line":560,"column":15}},"line":538}},"branchMap":{"0":{"loc":{"start":{"line":150,"column":31},"end":{"line":152,"column":28}},"type":"cond-expr","locations":[{"start":{"line":151,"column":8},"end":{"line":151,"column":28}},{"start":{"line":152,"column":8},"end":{"line":152,"column":28}}],"line":150},"1":{"loc":{"start":{"line":158,"column":4},"end":{"line":168,"column":5}},"type":"if","locations":[{"start":{"line":158,"column":4},"end":{"line":168,"column":5}},{"start":{"line":158,"column":4},"end":{"line":168,"column":5}}],"line":158},"2":{"loc":{"start":{"line":158,"column":8},"end":{"line":158,"column":78}},"type":"binary-expr","locations":[{"start":{"line":158,"column":8},"end":{"line":158,"column":41}},{"start":{"line":158,"column":45},"end":{"line":158,"column":78}}],"line":158},"3":{"loc":{"start":{"line":159,"column":18},"end":{"line":159,"column":53}},"type":"binary-expr","locations":[{"start":{"line":159,"column":18},"end":{"line":159,"column":41}},{"start":{"line":159,"column":45},"end":{"line":159,"column":53}}],"line":159},"4":{"loc":{"start":{"line":163,"column":6},"end":{"line":167,"column":7}},"type":"if","locations":[{"start":{"line":163,"column":6},"end":{"line":167,"column":7}}],"line":163},"5":{"loc":{"start":{"line":185,"column":19},"end":{"line":185,"column":52}},"type":"binary-expr","locations":[{"start":{"line":185,"column":19},"end":{"line":185,"column":27}},{"start":{"line":185,"column":31},"end":{"line":185,"column":52}}],"line":185},"6":{"loc":{"start":{"line":201,"column":4},"end":{"line":201,"column":42}},"type":"binary-expr","locations":[{"start":{"line":201,"column":4},"end":{"line":201,"column":17}},{"start":{"line":201,"column":21},"end":{"line":201,"column":42}}],"line":201},"7":{"loc":{"start":{"line":206,"column":6},"end":{"line":218,"column":7}},"type":"if","locations":[{"start":{"line":206,"column":6},"end":{"line":218,"column":7}},{"start":{"line":206,"column":6},"end":{"line":218,"column":7}}],"line":206},"8":{"loc":{"start":{"line":207,"column":8},"end":{"line":214,"column":9}},"type":"if","locations":[{"start":{"line":207,"column":8},"end":{"line":214,"column":9}},{"start":{"line":207,"column":8},"end":{"line":214,"column":9}}],"line":207},"9":{"loc":{"start":{"line":208,"column":10},"end":{"line":209,"column":86}},"type":"binary-expr","locations":[{"start":{"line":208,"column":10},"end":{"line":208,"column":31}},{"start":{"line":209,"column":10},"end":{"line":209,"column":86}}],"line":208},"10":{"loc":{"start":{"line":215,"column":13},"end":{"line":218,"column":7}},"type":"if","locations":[{"start":{"line":215,"column":13},"end":{"line":218,"column":7}},{"start":{"line":215,"column":13},"end":{"line":218,"column":7}}],"line":215},"11":{"loc":{"start":{"line":215,"column":17},"end":{"line":215,"column":84}},"type":"binary-expr","locations":[{"start":{"line":215,"column":17},"end":{"line":215,"column":38}},{"start":{"line":215,"column":42},"end":{"line":215,"column":84}}],"line":215},"12":{"loc":{"start":{"line":223,"column":6},"end":{"line":239,"column":7}},"type":"if","locations":[{"start":{"line":223,"column":6},"end":{"line":239,"column":7}},{"start":{"line":223,"column":6},"end":{"line":239,"column":7}}],"line":223},"13":{"loc":{"start":{"line":224,"column":8},"end":{"line":227,"column":9}},"type":"if","locations":[{"start":{"line":224,"column":8},"end":{"line":227,"column":9}},{"start":{"line":224,"column":8},"end":{"line":227,"column":9}}],"line":224},"14":{"loc":{"start":{"line":224,"column":12},"end":{"line":224,"column":79}},"type":"binary-expr","locations":[{"start":{"line":224,"column":12},"end":{"line":224,"column":33}},{"start":{"line":224,"column":37},"end":{"line":224,"column":79}}],"line":224},"15":{"loc":{"start":{"line":229,"column":8},"end":{"line":236,"column":9}},"type":"if","locations":[{"start":{"line":229,"column":8},"end":{"line":236,"column":9}},{"start":{"line":229,"column":8},"end":{"line":236,"column":9}}],"line":229},"16":{"loc":{"start":{"line":230,"column":10},"end":{"line":231,"column":86}},"type":"binary-expr","locations":[{"start":{"line":230,"column":10},"end":{"line":230,"column":31}},{"start":{"line":231,"column":10},"end":{"line":231,"column":86}}],"line":230},"17":{"loc":{"start":{"line":234,"column":15},"end":{"line":236,"column":9}},"type":"if","locations":[{"start":{"line":234,"column":15},"end":{"line":236,"column":9}},{"start":{"line":234,"column":15},"end":{"line":236,"column":9}}],"line":234},"18":{"loc":{"start":{"line":244,"column":6},"end":{"line":250,"column":7}},"type":"if","locations":[{"start":{"line":244,"column":6},"end":{"line":250,"column":7}},{"start":{"line":244,"column":6},"end":{"line":250,"column":7}}],"line":244},"19":{"loc":{"start":{"line":247,"column":13},"end":{"line":250,"column":7}},"type":"if","locations":[{"start":{"line":247,"column":13},"end":{"line":250,"column":7}},{"start":{"line":247,"column":13},"end":{"line":250,"column":7}}],"line":247},"20":{"loc":{"start":{"line":255,"column":6},"end":{"line":261,"column":7}},"type":"if","locations":[{"start":{"line":255,"column":6},"end":{"line":261,"column":7}},{"start":{"line":255,"column":6},"end":{"line":261,"column":7}}],"line":255},"21":{"loc":{"start":{"line":258,"column":13},"end":{"line":261,"column":7}},"type":"if","locations":[{"start":{"line":258,"column":13},"end":{"line":261,"column":7}},{"start":{"line":258,"column":13},"end":{"line":261,"column":7}}],"line":258},"22":{"loc":{"start":{"line":258,"column":17},"end":{"line":258,"column":79}},"type":"binary-expr","locations":[{"start":{"line":258,"column":17},"end":{"line":258,"column":38}},{"start":{"line":258,"column":42},"end":{"line":258,"column":79}}],"line":258},"23":{"loc":{"start":{"line":266,"column":6},"end":{"line":269,"column":7}},"type":"if","locations":[{"start":{"line":266,"column":6},"end":{"line":269,"column":7}},{"start":{"line":266,"column":6},"end":{"line":269,"column":7}}],"line":266},"24":{"loc":{"start":{"line":274,"column":6},"end":{"line":285,"column":7}},"type":"if","locations":[{"start":{"line":274,"column":6},"end":{"line":285,"column":7}},{"start":{"line":274,"column":6},"end":{"line":285,"column":7}}],"line":274},"25":{"loc":{"start":{"line":275,"column":8},"end":{"line":279,"column":9}},"type":"if","locations":[{"start":{"line":275,"column":8},"end":{"line":279,"column":9}},{"start":{"line":275,"column":8},"end":{"line":279,"column":9}}],"line":275},"26":{"loc":{"start":{"line":277,"column":15},"end":{"line":279,"column":9}},"type":"if","locations":[{"start":{"line":277,"column":15},"end":{"line":279,"column":9}},{"start":{"line":277,"column":15},"end":{"line":279,"column":9}}],"line":277},"27":{"loc":{"start":{"line":282,"column":13},"end":{"line":285,"column":7}},"type":"if","locations":[{"start":{"line":282,"column":13},"end":{"line":285,"column":7}},{"start":{"line":282,"column":13},"end":{"line":285,"column":7}}],"line":282},"28":{"loc":{"start":{"line":290,"column":6},"end":{"line":296,"column":7}},"type":"if","locations":[{"start":{"line":290,"column":6},"end":{"line":296,"column":7}},{"start":{"line":290,"column":6},"end":{"line":296,"column":7}}],"line":290},"29":{"loc":{"start":{"line":301,"column":6},"end":{"line":307,"column":7}},"type":"if","locations":[{"start":{"line":301,"column":6},"end":{"line":307,"column":7}},{"start":{"line":301,"column":6},"end":{"line":307,"column":7}}],"line":301},"30":{"loc":{"start":{"line":312,"column":6},"end":{"line":315,"column":7}},"type":"if","locations":[{"start":{"line":312,"column":6},"end":{"line":315,"column":7}},{"start":{"line":312,"column":6},"end":{"line":315,"column":7}}],"line":312},"31":{"loc":{"start":{"line":320,"column":4},"end":{"line":320,"column":84}},"type":"cond-expr","locations":[{"start":{"line":320,"column":33},"end":{"line":320,"column":35}},{"start":{"line":320,"column":38},"end":{"line":320,"column":84}}],"line":320},"32":{"loc":{"start":{"line":323,"column":4},"end":{"line":323,"column":83}},"type":"cond-expr","locations":[{"start":{"line":323,"column":33},"end":{"line":323,"column":35}},{"start":{"line":323,"column":38},"end":{"line":323,"column":83}}],"line":323},"33":{"loc":{"start":{"line":327,"column":19},"end":{"line":335,"column":8}},"type":"default-arg","locations":[{"start":{"line":335,"column":6},"end":{"line":335,"column":8}}],"line":327},"34":{"loc":{"start":{"line":328,"column":4},"end":{"line":328,"column":16}},"type":"default-arg","locations":[{"start":{"line":328,"column":15},"end":{"line":328,"column":16}}],"line":328},"35":{"loc":{"start":{"line":329,"column":4},"end":{"line":329,"column":21}},"type":"default-arg","locations":[{"start":{"line":329,"column":11},"end":{"line":329,"column":21}}],"line":329},"36":{"loc":{"start":{"line":345,"column":31},"end":{"line":345,"column":97}},"type":"cond-expr","locations":[{"start":{"line":345,"column":40},"end":{"line":345,"column":66}},{"start":{"line":345,"column":69},"end":{"line":345,"column":97}}],"line":345},"37":{"loc":{"start":{"line":348,"column":8},"end":{"line":350,"column":9}},"type":"if","locations":[{"start":{"line":348,"column":8},"end":{"line":350,"column":9}},{"start":{"line":348,"column":8},"end":{"line":350,"column":9}}],"line":348},"38":{"loc":{"start":{"line":348,"column":12},"end":{"line":348,"column":59}},"type":"binary-expr","locations":[{"start":{"line":348,"column":12},"end":{"line":348,"column":32}},{"start":{"line":348,"column":36},"end":{"line":348,"column":59}}],"line":348},"39":{"loc":{"start":{"line":358,"column":8},"end":{"line":358,"column":43}},"type":"binary-expr","locations":[{"start":{"line":358,"column":8},"end":{"line":358,"column":22}},{"start":{"line":358,"column":26},"end":{"line":358,"column":43}}],"line":358},"40":{"loc":{"start":{"line":378,"column":8},"end":{"line":382,"column":9}},"type":"if","locations":[{"start":{"line":378,"column":8},"end":{"line":382,"column":9}},{"start":{"line":378,"column":8},"end":{"line":382,"column":9}}],"line":378},"41":{"loc":{"start":{"line":390,"column":18},"end":{"line":396,"column":8}},"type":"default-arg","locations":[{"start":{"line":396,"column":6},"end":{"line":396,"column":8}}],"line":390},"42":{"loc":{"start":{"line":391,"column":4},"end":{"line":391,"column":25}},"type":"default-arg","locations":[{"start":{"line":391,"column":9},"end":{"line":391,"column":25}}],"line":391},"43":{"loc":{"start":{"line":392,"column":4},"end":{"line":392,"column":20}},"type":"default-arg","locations":[{"start":{"line":392,"column":11},"end":{"line":392,"column":20}}],"line":392},"44":{"loc":{"start":{"line":411,"column":18},"end":{"line":417,"column":8}},"type":"default-arg","locations":[{"start":{"line":417,"column":6},"end":{"line":417,"column":8}}],"line":411},"45":{"loc":{"start":{"line":412,"column":4},"end":{"line":412,"column":30}},"type":"default-arg","locations":[{"start":{"line":412,"column":10},"end":{"line":412,"column":30}}],"line":412},"46":{"loc":{"start":{"line":413,"column":4},"end":{"line":413,"column":28}},"type":"default-arg","locations":[{"start":{"line":413,"column":9},"end":{"line":413,"column":28}}],"line":413},"47":{"loc":{"start":{"line":414,"column":4},"end":{"line":414,"column":19}},"type":"default-arg","locations":[{"start":{"line":414,"column":11},"end":{"line":414,"column":19}}],"line":414},"48":{"loc":{"start":{"line":424,"column":4},"end":{"line":426,"column":5}},"type":"if","locations":[{"start":{"line":424,"column":4},"end":{"line":426,"column":5}},{"start":{"line":424,"column":4},"end":{"line":426,"column":5}}],"line":424},"49":{"loc":{"start":{"line":442,"column":4},"end":{"line":442,"column":30}},"type":"default-arg","locations":[{"start":{"line":442,"column":10},"end":{"line":442,"column":30}}],"line":442},"50":{"loc":{"start":{"line":443,"column":4},"end":{"line":443,"column":27}},"type":"default-arg","locations":[{"start":{"line":443,"column":9},"end":{"line":443,"column":27}}],"line":443},"51":{"loc":{"start":{"line":455,"column":4},"end":{"line":457,"column":5}},"type":"if","locations":[{"start":{"line":455,"column":4},"end":{"line":457,"column":5}},{"start":{"line":455,"column":4},"end":{"line":457,"column":5}}],"line":455},"52":{"loc":{"start":{"line":485,"column":4},"end":{"line":487,"column":5}},"type":"if","locations":[{"start":{"line":485,"column":4},"end":{"line":487,"column":5}},{"start":{"line":485,"column":4},"end":{"line":487,"column":5}}],"line":485},"53":{"loc":{"start":{"line":495,"column":6},"end":{"line":495,"column":23}},"type":"default-arg","locations":[{"start":{"line":495,"column":15},"end":{"line":495,"column":23}}],"line":495},"54":{"loc":{"start":{"line":517,"column":16},"end":{"line":528,"column":18}},"type":"binary-expr","locations":[{"start":{"line":517,"column":16},"end":{"line":517,"column":23}},{"start":{"line":518,"column":16},"end":{"line":528,"column":18}}],"line":517},"55":{"loc":{"start":{"line":551,"column":16},"end":{"line":553,"column":17}},"type":"if","locations":[{"start":{"line":551,"column":16},"end":{"line":553,"column":17}},{"start":{"line":551,"column":16},"end":{"line":553,"column":17}}],"line":551}},"s":{"0":1,"1":22,"2":51,"3":51,"4":51,"5":51,"6":51,"7":51,"8":36,"9":36,"10":36,"11":1,"12":1,"13":1,"14":4,"15":4,"16":2,"17":2,"18":3,"19":3,"20":3,"21":3,"22":2,"23":1,"24":1,"25":2,"26":3,"27":2,"28":1,"29":1,"30":1,"31":1,"32":1,"33":3,"34":3,"35":1,"36":1,"37":1,"38":2,"39":1,"40":1,"41":1,"42":2,"43":2,"44":2,"45":1,"46":1,"47":1,"48":1,"49":1,"50":4,"51":4,"52":1,"53":1,"54":3,"55":1,"56":1,"57":1,"58":1,"59":1,"60":1,"61":3,"62":3,"63":2,"64":1,"65":1,"66":1,"67":2,"68":1,"69":1,"70":1,"71":3,"72":3,"73":2,"74":2,"75":1,"76":1,"77":2,"78":2,"79":1,"80":1,"81":1,"82":1,"83":2,"84":2,"85":1,"86":1,"87":284,"88":326,"89":174,"90":87,"91":87,"92":3,"93":1,"94":1,"95":23,"96":23,"97":1,"98":87,"99":2,"100":2,"101":4,"102":4,"103":1,"104":3,"105":4,"106":87,"107":1,"108":2,"109":2,"110":261,"111":261,"112":261,"113":261,"114":261,"115":1,"116":261,"117":261,"118":1,"119":261,"120":261,"121":261,"122":261,"123":261,"124":2,"125":261,"126":261,"127":1,"128":1,"129":2,"130":2,"131":2,"132":87,"133":87,"134":4,"135":83,"136":87,"137":87,"138":87,"139":87,"140":87,"141":87,"142":87,"143":87,"144":87,"145":123,"146":87,"147":87,"148":87,"149":87,"150":65,"151":22},"f":{"0":22,"1":51,"2":36,"3":4,"4":2,"5":3,"6":2,"7":1,"8":2,"9":3,"10":3,"11":2,"12":4,"13":1,"14":3,"15":3,"16":2,"17":2,"18":284,"19":326,"20":174,"21":87,"22":3,"23":1,"24":23,"25":1,"26":87,"27":2,"28":2,"29":4,"30":87,"31":1,"32":2,"33":261,"34":1,"35":261,"36":1,"37":1,"38":2,"39":87,"40":87,"41":87,"42":123,"43":87},"b":{"0":[0,36],"1":[1,35],"2":[36,1],"3":[1,1],"4":[0],"5":[3,3],"6":[2,2],"7":[2,1],"8":[1,1],"9":[2,2],"10":[1,0],"11":[1,1],"12":[1,2],"13":[1,0],"14":[1,1],"15":[1,1],"16":[2,2],"17":[1,0],"18":[1,1],"19":[1,0],"20":[1,3],"21":[1,2],"22":[3,2],"23":[1,0],"24":[2,1],"25":[1,1],"26":[1,0],"27":[1,0],"28":[2,1],"29":[1,1],"30":[1,1],"31":[21,263],"32":[63,263],"33":[0],"34":[87],"35":[87],"36":[22,65],"37":[1,2],"38":[3,2],"39":[23,23],"40":[1,3],"41":[0],"42":[87],"43":[87],"44":[0],"45":[0],"46":[261],"47":[261],"48":[1,260],"49":[0],"50":[261],"51":[2,259],"52":[4,83],"53":[87],"54":[87,87],"55":[65,22]},"_coverageSchema":"332fd63041d2c1bcb487cc26dd0d5f7d97098a6c","hash":"da9cc971295658ba0ca0418d7f134c05db6e4ff0"}
,"/Users/agreen/Repos/react-components/packages/avatars/src/Avatar.js": {"path":"/Users/agreen/Repos/react-components/packages/avatars/src/Avatar.js","statementMap":{"0":{"start":{"line":14,"column":21},"end":{"line":14,"column":37}},"1":{"start":{"line":15,"column":13},"end":{"line":18,"column":1}},"2":{"start":{"line":23,"column":15},"end":{"line":41,"column":1}},"3":{"start":{"line":27,"column":4},"end":{"line":38,"column":6}},"4":{"start":{"line":40,"column":13},"end":{"line":40,"column":47}},"5":{"start":{"line":43,"column":0},"end":{"line":50,"column":2}}},"fnMap":{"0":{"name":"(anonymous_0)","decl":{"start":{"line":26,"column":13},"end":{"line":26,"column":14}},"loc":{"start":{"line":27,"column":4},"end":{"line":38,"column":6}},"line":27},"1":{"name":"(anonymous_1)","decl":{"start":{"line":40,"column":4},"end":{"line":40,"column":5}},"loc":{"start":{"line":40,"column":13},"end":{"line":40,"column":47}},"line":40}},"branchMap":{},"s":{"0":1,"1":1,"2":1,"3":6,"4":6,"5":1},"f":{"0":6,"1":6},"b":{},"_coverageSchema":"332fd63041d2c1bcb487cc26dd0d5f7d97098a6c","hash":"2c8e0147e01c45f0116ece58bcfe8800c20cc7cf"}
,"/Users/agreen/Repos/react-components/packages/buttons/src/containers/ButtonGroupContainer.js": {"path":"/Users/agreen/Repos/react-components/packages/buttons/src/containers/ButtonGroupContainer.js","statementMap":{"0":{"start":{"line":51,"column":4},"end":{"line":51,"column":19}},"1":{"start":{"line":53,"column":4},"end":{"line":57,"column":6}},"2":{"start":{"line":61,"column":4},"end":{"line":64,"column":6}},"3":{"start":{"line":68,"column":4},"end":{"line":72,"column":5}},"4":{"start":{"line":69,"column":6},"end":{"line":71,"column":8}},"5":{"start":{"line":74,"column":4},"end":{"line":87,"column":6}},"6":{"start":{"line":82,"column":35},"end":{"line":82,"column":55}},"7":{"start":{"line":84,"column":8},"end":{"line":84,"column":56}},"8":{"start":{"line":91,"column":44},"end":{"line":91,"column":54}},"9":{"start":{"line":92,"column":44},"end":{"line":92,"column":69}},"10":{"start":{"line":94,"column":4},"end":{"line":110,"column":6}},"11":{"start":{"line":102,"column":10},"end":{"line":107,"column":12}},"12":{"start":{"line":103,"column":36},"end":{"line":103,"column":80}},"13":{"start":{"line":104,"column":37},"end":{"line":104,"column":77}}},"fnMap":{"0":{"name":"(anonymous_0)","decl":{"start":{"line":50,"column":2},"end":{"line":50,"column":3}},"loc":{"start":{"line":50,"column":23},"end":{"line":58,"column":3}},"line":50},"1":{"name":"(anonymous_1)","decl":{"start":{"line":60,"column":18},"end":{"line":60,"column":19}},"loc":{"start":{"line":60,"column":57},"end":{"line":65,"column":3}},"line":60},"2":{"name":"(anonymous_2)","decl":{"start":{"line":67,"column":19},"end":{"line":67,"column":20}},"loc":{"start":{"line":67,"column":88},"end":{"line":88,"column":3}},"line":67},"3":{"name":"(anonymous_3)","decl":{"start":{"line":78,"column":45},"end":{"line":78,"column":46}},"loc":{"start":{"line":78,"column":61},"end":{"line":85,"column":7}},"line":78},"4":{"name":"(anonymous_4)","decl":{"start":{"line":90,"column":2},"end":{"line":90,"column":3}},"loc":{"start":{"line":90,"column":11},"end":{"line":111,"column":3}},"line":90},"5":{"name":"(anonymous_5)","decl":{"start":{"line":101,"column":9},"end":{"line":101,"column":10}},"loc":{"start":{"line":102,"column":10},"end":{"line":107,"column":12}},"line":102},"6":{"name":"(anonymous_6)","decl":{"start":{"line":103,"column":27},"end":{"line":103,"column":28}},"loc":{"start":{"line":103,"column":36},"end":{"line":103,"column":80}},"line":103},"7":{"name":"(anonymous_7)","decl":{"start":{"line":104,"column":28},"end":{"line":104,"column":29}},"loc":{"start":{"line":104,"column":37},"end":{"line":104,"column":77}},"line":104}},"branchMap":{"0":{"loc":{"start":{"line":60,"column":19},"end":{"line":60,"column":52}},"type":"default-arg","locations":[{"start":{"line":60,"column":50},"end":{"line":60,"column":52}}],"line":60},"1":{"loc":{"start":{"line":60,"column":21},"end":{"line":60,"column":35}},"type":"default-arg","locations":[{"start":{"line":60,"column":28},"end":{"line":60,"column":35}}],"line":60},"2":{"loc":{"start":{"line":67,"column":20},"end":{"line":67,"column":83}},"type":"default-arg","locations":[{"start":{"line":67,"column":81},"end":{"line":67,"column":83}}],"line":67},"3":{"loc":{"start":{"line":67,"column":22},"end":{"line":67,"column":37}},"type":"default-arg","locations":[{"start":{"line":67,"column":29},"end":{"line":67,"column":37}}],"line":67},"4":{"loc":{"start":{"line":67,"column":44},"end":{"line":67,"column":57}},"type":"default-arg","locations":[{"start":{"line":67,"column":55},"end":{"line":67,"column":57}}],"line":67},"5":{"loc":{"start":{"line":68,"column":4},"end":{"line":72,"column":5}},"type":"if","locations":[{"start":{"line":68,"column":4},"end":{"line":72,"column":5}},{"start":{"line":68,"column":4},"end":{"line":72,"column":5}}],"line":68},"6":{"loc":{"start":{"line":68,"column":8},"end":{"line":68,"column":50}},"type":"binary-expr","locations":[{"start":{"line":68,"column":8},"end":{"line":68,"column":34}},{"start":{"line":68,"column":38},"end":{"line":68,"column":50}}],"line":68},"7":{"loc":{"start":{"line":91,"column":22},"end":{"line":91,"column":39}},"type":"default-arg","locations":[{"start":{"line":91,"column":31},"end":{"line":91,"column":39}}],"line":91}},"s":{"0":12,"1":12,"2":22,"3":41,"4":2,"5":39,"6":1,"7":1,"8":21,"9":21,"10":21,"11":23,"12":21,"13":41},"f":{"0":12,"1":22,"2":41,"3":1,"4":21,"5":23,"6":21,"7":41},"b":{"0":[1],"1":[22],"2":[2],"3":[41],"4":[41],"5":[2,39],"6":[41,39],"7":[21]},"_coverageSchema":"332fd63041d2c1bcb487cc26dd0d5f7d97098a6c","hash":"b38134b7336934f9c2a33d4bc3b20d17bf9e25c6"}
,"/Users/agreen/Repos/react-components/packages/buttons/src/elements/ButtonGroup.js": {"path":"/Users/agreen/Repos/react-components/packages/buttons/src/elements/ButtonGroup.js","statementMap":{"0":{"start":{"line":36,"column":4},"end":{"line":36,"column":19}},"1":{"start":{"line":38,"column":4},"end":{"line":42,"column":6}},"2":{"start":{"line":44,"column":4},"end":{"line":44,"column":30}},"3":{"start":{"line":51,"column":4},"end":{"line":53,"column":5}},"4":{"start":{"line":52,"column":6},"end":{"line":52,"column":62}},"5":{"start":{"line":57,"column":25},"end":{"line":57,"column":35}},"6":{"start":{"line":58,"column":40},"end":{"line":58,"column":65}},"7":{"start":{"line":60,"column":4},"end":{"line":92,"column":7}},"8":{"start":{"line":61,"column":6},"end":{"line":63,"column":7}},"9":{"start":{"line":62,"column":8},"end":{"line":62,"column":21}},"10":{"start":{"line":65,"column":6},"end":{"line":89,"column":7}},"11":{"start":{"line":66,"column":8},"end":{"line":68,"column":9}},"12":{"start":{"line":67,"column":10},"end":{"line":67,"column":23}},"13":{"start":{"line":70,"column":20},"end":{"line":70,"column":29}},"14":{"start":{"line":72,"column":8},"end":{"line":74,"column":9}},"15":{"start":{"line":73,"column":10},"end":{"line":73,"column":67}},"16":{"start":{"line":76,"column":8},"end":{"line":78,"column":9}},"17":{"start":{"line":77,"column":10},"end":{"line":77,"column":30}},"18":{"start":{"line":80,"column":8},"end":{"line":88,"column":10}},"19":{"start":{"line":91,"column":6},"end":{"line":91,"column":19}},"20":{"start":{"line":96,"column":40},"end":{"line":96,"column":50}},"21":{"start":{"line":97,"column":44},"end":{"line":97,"column":69}},"22":{"start":{"line":99,"column":4},"end":{"line":112,"column":6}},"23":{"start":{"line":107,"column":10},"end":{"line":109,"column":28}}},"fnMap":{"0":{"name":"(anonymous_0)","decl":{"start":{"line":35,"column":2},"end":{"line":35,"column":3}},"loc":{"start":{"line":35,"column":23},"end":{"line":45,"column":3}},"line":35},"1":{"name":"(anonymous_1)","decl":{"start":{"line":47,"column":2},"end":{"line":47,"column":3}},"loc":{"start":{"line":47,"column":22},"end":{"line":54,"column":3}},"line":47},"2":{"name":"(anonymous_2)","decl":{"start":{"line":56,"column":18},"end":{"line":56,"column":19}},"loc":{"start":{"line":56,"column":36},"end":{"line":93,"column":3}},"line":56},"3":{"name":"(anonymous_3)","decl":{"start":{"line":60,"column":34},"end":{"line":60,"column":35}},"loc":{"start":{"line":60,"column":43},"end":{"line":92,"column":5}},"line":60},"4":{"name":"(anonymous_4)","decl":{"start":{"line":95,"column":2},"end":{"line":95,"column":3}},"loc":{"start":{"line":95,"column":11},"end":{"line":113,"column":3}},"line":95},"5":{"name":"(anonymous_5)","decl":{"start":{"line":106,"column":9},"end":{"line":106,"column":10}},"loc":{"start":{"line":107,"column":10},"end":{"line":109,"column":28}},"line":107}},"branchMap":{"0":{"loc":{"start":{"line":51,"column":4},"end":{"line":53,"column":5}},"type":"if","locations":[{"start":{"line":51,"column":4},"end":{"line":53,"column":5}},{"start":{"line":51,"column":4},"end":{"line":53,"column":5}}],"line":51},"1":{"loc":{"start":{"line":51,"column":8},"end":{"line":51,"column":85}},"type":"binary-expr","locations":[{"start":{"line":51,"column":8},"end":{"line":51,"column":45}},{"start":{"line":51,"column":49},"end":{"line":51,"column":85}}],"line":51},"2":{"loc":{"start":{"line":61,"column":6},"end":{"line":63,"column":7}},"type":"if","locations":[{"start":{"line":61,"column":6},"end":{"line":63,"column":7}},{"start":{"line":61,"column":6},"end":{"line":63,"column":7}}],"line":61},"3":{"loc":{"start":{"line":65,"column":6},"end":{"line":89,"column":7}},"type":"if","locations":[{"start":{"line":65,"column":6},"end":{"line":89,"column":7}},{"start":{"line":65,"column":6},"end":{"line":89,"column":7}}],"line":65},"4":{"loc":{"start":{"line":66,"column":8},"end":{"line":68,"column":9}},"type":"if","locations":[{"start":{"line":66,"column":8},"end":{"line":68,"column":9}},{"start":{"line":66,"column":8},"end":{"line":68,"column":9}}],"line":66},"5":{"loc":{"start":{"line":72,"column":8},"end":{"line":74,"column":9}},"type":"if","locations":[{"start":{"line":72,"column":8},"end":{"line":74,"column":9}},{"start":{"line":72,"column":8},"end":{"line":74,"column":9}}],"line":72},"6":{"loc":{"start":{"line":76,"column":8},"end":{"line":78,"column":9}},"type":"if","locations":[{"start":{"line":76,"column":8},"end":{"line":78,"column":9}},{"start":{"line":76,"column":8},"end":{"line":78,"column":9}}],"line":76}},"s":{"0":6,"1":6,"2":6,"3":5,"4":5,"5":15,"6":15,"7":15,"8":28,"9":0,"10":28,"11":25,"12":2,"13":23,"14":23,"15":2,"16":21,"17":5,"18":21,"19":3,"20":14,"21":14,"22":14,"23":15},"f":{"0":6,"1":5,"2":15,"3":28,"4":14,"5":15},"b":{"0":[5,0],"1":[5,5],"2":[0,28],"3":[25,3],"4":[2,23],"5":[2,21],"6":[5,16]},"_coverageSchema":"332fd63041d2c1bcb487cc26dd0d5f7d97098a6c","hash":"639fc9b88a04fbb83c75ae0489cd3f2f1265204c"}
,"/Users/agreen/Repos/react-components/packages/buttons/src/views/Anchor.js": {"path":"/Users/agreen/Repos/react-components/packages/buttons/src/views/Anchor.js","statementMap":{"0":{"start":{"line":16,"column":21},"end":{"line":16,"column":37}},"1":{"start":{"line":18,"column":21},"end":{"line":35,"column":1}},"2":{"start":{"line":22,"column":4},"end":{"line":32,"column":6}},"3":{"start":{"line":34,"column":13},"end":{"line":34,"column":47}},"4":{"start":{"line":40,"column":15},"end":{"line":51,"column":1}},"5":{"start":{"line":41,"column":2},"end":{"line":50,"column":27}},"6":{"start":{"line":43,"column":6},"end":{"line":48,"column":8}},"7":{"start":{"line":53,"column":0},"end":{"line":60,"column":2}}},"fnMap":{"0":{"name":"(anonymous_0)","decl":{"start":{"line":21,"column":13},"end":{"line":21,"column":14}},"loc":{"start":{"line":22,"column":4},"end":{"line":32,"column":6}},"line":22},"1":{"name":"(anonymous_1)","decl":{"start":{"line":34,"column":4},"end":{"line":34,"column":5}},"loc":{"start":{"line":34,"column":13},"end":{"line":34,"column":47}},"line":34},"2":{"name":"(anonymous_2)","decl":{"start":{"line":40,"column":15},"end":{"line":40,"column":16}},"loc":{"start":{"line":41,"column":2},"end":{"line":50,"column":27}},"line":41},"3":{"name":"(anonymous_3)","decl":{"start":{"line":42,"column":5},"end":{"line":42,"column":6}},"loc":{"start":{"line":43,"column":6},"end":{"line":48,"column":8}},"line":43}},"branchMap":{"0":{"loc":{"start":{"line":46,"column":19},"end":{"line":46,"column":45}},"type":"binary-expr","locations":[{"start":{"line":46,"column":19},"end":{"line":46,"column":26}},{"start":{"line":46,"column":30},"end":{"line":46,"column":45}}],"line":46}},"s":{"0":1,"1":1,"2":8,"3":8,"4":1,"5":7,"6":8,"7":1},"f":{"0":8,"1":8,"2":7,"3":8},"b":{"0":[8,7]},"_coverageSchema":"332fd63041d2c1bcb487cc26dd0d5f7d97098a6c","hash":"78be210e0fffdc93d8d406ca9c5448e82674d6ec"}
,"/Users/agreen/Repos/react-components/packages/buttons/src/views/Button.js": {"path":"/Users/agreen/Repos/react-components/packages/buttons/src/views/Button.js","statementMap":{"0":{"start":{"line":16,"column":21},"end":{"line":16,"column":37}},"1":{"start":{"line":18,"column":13},"end":{"line":21,"column":1}},"2":{"start":{"line":23,"column":21},"end":{"line":67,"column":1}},"3":{"start":{"line":41,"column":4},"end":{"line":63,"column":6}},"4":{"start":{"line":66,"column":13},"end":{"line":66,"column":47}},"5":{"start":{"line":72,"column":15},"end":{"line":84,"column":1}},"6":{"start":{"line":73,"column":2},"end":{"line":83,"column":27}},"7":{"start":{"line":75,"column":6},"end":{"line":81,"column":8}},"8":{"start":{"line":86,"column":0},"end":{"line":109,"column":2}},"9":{"start":{"line":111,"column":0},"end":{"line":111,"column":30}},"10":{"start":{"line":111,"column":23},"end":{"line":111,"column":29}}},"fnMap":{"0":{"name":"(anonymous_0)","decl":{"start":{"line":26,"column":13},"end":{"line":26,"column":14}},"loc":{"start":{"line":41,"column":4},"end":{"line":63,"column":6}},"line":41},"1":{"name":"(anonymous_1)","decl":{"start":{"line":66,"column":4},"end":{"line":66,"column":5}},"loc":{"start":{"line":66,"column":13},"end":{"line":66,"column":47}},"line":66},"2":{"name":"(anonymous_2)","decl":{"start":{"line":72,"column":15},"end":{"line":72,"column":16}},"loc":{"start":{"line":73,"column":2},"end":{"line":83,"column":27}},"line":73},"3":{"name":"(anonymous_3)","decl":{"start":{"line":74,"column":5},"end":{"line":74,"column":6}},"loc":{"start":{"line":75,"column":6},"end":{"line":81,"column":8}},"line":75},"4":{"name":"(anonymous_4)","decl":{"start":{"line":111,"column":17},"end":{"line":111,"column":18}},"loc":{"start":{"line":111,"column":23},"end":{"line":111,"column":29}},"line":111}},"branchMap":{"0":{"loc":{"start":{"line":79,"column":19},"end":{"line":79,"column":45}},"type":"binary-expr","locations":[{"start":{"line":79,"column":19},"end":{"line":79,"column":26}},{"start":{"line":79,"column":30},"end":{"line":79,"column":45}}],"line":79}},"s":{"0":5,"1":5,"2":5,"3":41,"4":41,"5":5,"6":40,"7":41,"8":5,"9":5,"10":27},"f":{"0":41,"1":41,"2":40,"3":41,"4":27},"b":{"0":[41,38]},"_coverageSchema":"332fd63041d2c1bcb487cc26dd0d5f7d97098a6c","hash":"7c2c87368651a6910159f4bcad1af4e8ac4a34be"}
,"/Users/agreen/Repos/react-components/packages/buttons/src/views/button-group/ButtonGroupView.js": {"path":"/Users/agreen/Repos/react-components/packages/buttons/src/views/button-group/ButtonGroupView.js","statementMap":{"0":{"start":{"line":13,"column":21},"end":{"line":13,"column":48}},"1":{"start":{"line":18,"column":24},"end":{"line":31,"column":1}},"2":{"start":{"line":22,"column":4},"end":{"line":24,"column":6}},"3":{"start":{"line":30,"column":13},"end":{"line":30,"column":47}}},"fnMap":{"0":{"name":"(anonymous_0)","decl":{"start":{"line":21,"column":13},"end":{"line":21,"column":14}},"loc":{"start":{"line":22,"column":4},"end":{"line":24,"column":6}},"line":22},"1":{"name":"(anonymous_1)","decl":{"start":{"line":30,"column":4},"end":{"line":30,"column":5}},"loc":{"start":{"line":30,"column":13},"end":{"line":30,"column":47}},"line":30}},"branchMap":{},"s":{"0":2,"1":2,"2":15,"3":15},"f":{"0":15,"1":15},"b":{},"_coverageSchema":"332fd63041d2c1bcb487cc26dd0d5f7d97098a6c","hash":"8ce9506099219e7017627664fede786d77a31683"}
,"/Users/agreen/Repos/react-components/packages/buttons/src/views/icon-button/ChevronButton.js": {"path":"/Users/agreen/Repos/react-components/packages/buttons/src/views/icon-button/ChevronButton.js","statementMap":{"0":{"start":{"line":14,"column":13},"end":{"line":17,"column":1}},"1":{"start":{"line":22,"column":22},"end":{"line":28,"column":1}},"2":{"start":{"line":23,"column":2},"end":{"line":27,"column":15}},"3":{"start":{"line":30,"column":0},"end":{"line":50,"column":2}}},"fnMap":{"0":{"name":"(anonymous_0)","decl":{"start":{"line":22,"column":22},"end":{"line":22,"column":23}},"loc":{"start":{"line":23,"column":2},"end":{"line":27,"column":15}},"line":23}},"branchMap":{},"s":{"0":1,"1":1,"2":2,"3":1},"f":{"0":2},"b":{},"_coverageSchema":"332fd63041d2c1bcb487cc26dd0d5f7d97098a6c","hash":"527739073c6091a06367f9b415295e38b275474d"}
,"/Users/agreen/Repos/react-components/packages/buttons/src/views/icon-button/Icon.js": {"path":"/Users/agreen/Repos/react-components/packages/buttons/src/views/icon-button/Icon.js","statementMap":{"0":{"start":{"line":13,"column":21},"end":{"line":13,"column":35}},"1":{"start":{"line":15,"column":13},"end":{"line":23,"column":1}},"2":{"start":{"line":16,"column":2},"end":{"line":22,"column":5}},"3":{"start":{"line":25,"column":0},"end":{"line":28,"column":2}}},"fnMap":{"0":{"name":"(anonymous_0)","decl":{"start":{"line":15,"column":13},"end":{"line":15,"column":14}},"loc":{"start":{"line":15,"column":40},"end":{"line":23,"column":1}},"line":15}},"branchMap":{},"s":{"0":2,"1":2,"2":2,"3":2},"f":{"0":2},"b":{},"_coverageSchema":"332fd63041d2c1bcb487cc26dd0d5f7d97098a6c","hash":"8cf46f65824aa7aeab996cf4d4a2c55efbc184fa"}
,"/Users/agreen/Repos/react-components/packages/buttons/src/views/icon-button/IconButton.js": {"path":"/Users/agreen/Repos/react-components/packages/buttons/src/views/icon-button/IconButton.js","statementMap":{"0":{"start":{"line":13,"column":21},"end":{"line":13,"column":42}},"1":{"start":{"line":17,"column":13},"end":{"line":20,"column":1}},"2":{"start":{"line":22,"column":19},"end":{"line":28,"column":1}},"3":{"start":{"line":27,"column":13},"end":{"line":27,"column":56}},"4":{"start":{"line":30,"column":0},"end":{"line":48,"column":2}},"5":{"start":{"line":50,"column":0},"end":{"line":54,"column":2}}},"fnMap":{"0":{"name":"(anonymous_0)","decl":{"start":{"line":27,"column":4},"end":{"line":27,"column":5}},"loc":{"start":{"line":27,"column":13},"end":{"line":27,"column":56}},"line":27}},"branchMap":{},"s":{"0":2,"1":2,"2":2,"3":1,"4":2,"5":2},"f":{"0":1},"b":{},"_coverageSchema":"332fd63041d2c1bcb487cc26dd0d5f7d97098a6c","hash":"6ed96a8964910af6dcd5a35f2431803d641b7291"}
,"/Users/agreen/Repos/react-components/packages/checkboxes/src/elements/Checkbox.js": {"path":"/Users/agreen/Repos/react-components/packages/checkboxes/src/elements/Checkbox.js","statementMap":{"0":{"start":{"line":42,"column":4},"end":{"line":42,"column":19}},"1":{"start":{"line":44,"column":4},"end":{"line":46,"column":6}},"2":{"start":{"line":57,"column":66},"end":{"line":57,"column":76}},"3":{"start":{"line":66,"column":64},"end":{"line":66,"column":97}},"4":{"start":{"line":68,"column":4},"end":{"line":101,"column":6}},"5":{"start":{"line":72,"column":10},"end":{"line":74,"column":11}},"6":{"start":{"line":73,"column":12},"end":{"line":73,"column":25}},"7":{"start":{"line":76,"column":10},"end":{"line":88,"column":11}},"8":{"start":{"line":77,"column":54},"end":{"line":77,"column":65}},"9":{"start":{"line":79,"column":12},"end":{"line":87,"column":14}},"10":{"start":{"line":90,"column":10},"end":{"line":92,"column":11}},"11":{"start":{"line":91,"column":12},"end":{"line":91,"column":66}},"12":{"start":{"line":94,"column":10},"end":{"line":96,"column":11}},"13":{"start":{"line":95,"column":12},"end":{"line":95,"column":69}},"14":{"start":{"line":98,"column":10},"end":{"line":98,"column":23}},"15":{"start":{"line":105,"column":19},"end":{"line":105,"column":44}},"16":{"start":{"line":107,"column":4},"end":{"line":124,"column":6}},"17":{"start":{"line":110,"column":10},"end":{"line":121,"column":35}},"18":{"start":{"line":112,"column":14},"end":{"line":119,"column":16}}},"fnMap":{"0":{"name":"(anonymous_0)","decl":{"start":{"line":41,"column":2},"end":{"line":41,"column":3}},"loc":{"start":{"line":41,"column":23},"end":{"line":47,"column":3}},"line":41},"1":{"name":"(anonymous_1)","decl":{"start":{"line":49,"column":19},"end":{"line":49,"column":20}},"loc":{"start":{"line":56,"column":13},"end":{"line":102,"column":3}},"line":56},"2":{"name":"(anonymous_2)","decl":{"start":{"line":71,"column":32},"end":{"line":71,"column":33}},"loc":{"start":{"line":71,"column":41},"end":{"line":99,"column":9}},"line":71},"3":{"name":"(anonymous_3)","decl":{"start":{"line":104,"column":2},"end":{"line":104,"column":3}},"loc":{"start":{"line":104,"column":11},"end":{"line":125,"column":3}},"line":104},"4":{"name":"(anonymous_4)","decl":{"start":{"line":109,"column":9},"end":{"line":109,"column":10}},"loc":{"start":{"line":110,"column":10},"end":{"line":121,"column":35}},"line":110},"5":{"name":"(anonymous_5)","decl":{"start":{"line":111,"column":13},"end":{"line":111,"column":14}},"loc":{"start":{"line":112,"column":14},"end":{"line":119,"column":16}},"line":112}},"branchMap":{"0":{"loc":{"start":{"line":49,"column":20},"end":{"line":56,"column":8}},"type":"default-arg","locations":[{"start":{"line":56,"column":6},"end":{"line":56,"column":8}}],"line":49},"1":{"loc":{"start":{"line":72,"column":10},"end":{"line":74,"column":11}},"type":"if","locations":[{"start":{"line":72,"column":10},"end":{"line":74,"column":11}},{"start":{"line":72,"column":10},"end":{"line":74,"column":11}}],"line":72},"2":{"loc":{"start":{"line":76,"column":10},"end":{"line":88,"column":11}},"type":"if","locations":[{"start":{"line":76,"column":10},"end":{"line":88,"column":11}},{"start":{"line":76,"column":10},"end":{"line":88,"column":11}}],"line":76},"3":{"loc":{"start":{"line":90,"column":10},"end":{"line":92,"column":11}},"type":"if","locations":[{"start":{"line":90,"column":10},"end":{"line":92,"column":11}},{"start":{"line":90,"column":10},"end":{"line":92,"column":11}}],"line":90},"4":{"loc":{"start":{"line":94,"column":10},"end":{"line":96,"column":11}},"type":"if","locations":[{"start":{"line":94,"column":10},"end":{"line":96,"column":11}},{"start":{"line":94,"column":10},"end":{"line":96,"column":11}}],"line":94}},"s":{"0":7,"1":7,"2":8,"3":8,"4":8,"5":32,"6":0,"7":32,"8":8,"9":8,"10":24,"11":8,"12":16,"13":8,"14":8,"15":7,"16":7,"17":7,"18":8},"f":{"0":7,"1":8,"2":32,"3":7,"4":7,"5":8},"b":{"0":[0],"1":[0,32],"2":[8,24],"3":[8,16],"4":[8,8]},"_coverageSchema":"332fd63041d2c1bcb487cc26dd0d5f7d97098a6c","hash":"4aa20bd1cd8ea2b9e8beac28b129684ff8121eb6"}
,"/Users/agreen/Repos/react-components/packages/checkboxes/src/views/CheckboxView.js": {"path":"/Users/agreen/Repos/react-components/packages/checkboxes/src/views/CheckboxView.js","statementMap":{"0":{"start":{"line":13,"column":21},"end":{"line":13,"column":47}},"1":{"start":{"line":18,"column":21},"end":{"line":28,"column":1}},"2":{"start":{"line":22,"column":4},"end":{"line":25,"column":6}},"3":{"start":{"line":27,"column":13},"end":{"line":27,"column":47}}},"fnMap":{"0":{"name":"(anonymous_0)","decl":{"start":{"line":21,"column":13},"end":{"line":21,"column":14}},"loc":{"start":{"line":22,"column":4},"end":{"line":25,"column":6}},"line":22},"1":{"name":"(anonymous_1)","decl":{"start":{"line":27,"column":4},"end":{"line":27,"column":5}},"loc":{"start":{"line":27,"column":13},"end":{"line":27,"column":47}},"line":27}},"branchMap":{},"s":{"0":2,"1":2,"2":10,"3":10},"f":{"0":10,"1":10},"b":{},"_coverageSchema":"332fd63041d2c1bcb487cc26dd0d5f7d97098a6c","hash":"69071ae1f08cef629702ac583bbd46b4051f3863"}
,"/Users/agreen/Repos/react-components/packages/checkboxes/src/views/Hint.js": {"path":"/Users/agreen/Repos/react-components/packages/checkboxes/src/views/Hint.js","statementMap":{"0":{"start":{"line":13,"column":21},"end":{"line":13,"column":38}},"1":{"start":{"line":18,"column":13},"end":{"line":28,"column":1}},"2":{"start":{"line":22,"column":4},"end":{"line":25,"column":6}},"3":{"start":{"line":27,"column":13},"end":{"line":27,"column":47}},"4":{"start":{"line":30,"column":0},"end":{"line":30,"column":26}},"5":{"start":{"line":30,"column":21},"end":{"line":30,"column":25}}},"fnMap":{"0":{"name":"(anonymous_0)","decl":{"start":{"line":21,"column":13},"end":{"line":21,"column":14}},"loc":{"start":{"line":22,"column":4},"end":{"line":25,"column":6}},"line":22},"1":{"name":"(anonymous_1)","decl":{"start":{"line":27,"column":4},"end":{"line":27,"column":5}},"loc":{"start":{"line":27,"column":13},"end":{"line":27,"column":47}},"line":27},"2":{"name":"(anonymous_2)","decl":{"start":{"line":30,"column":15},"end":{"line":30,"column":16}},"loc":{"start":{"line":30,"column":21},"end":{"line":30,"column":25}},"line":30}},"branchMap":{},"s":{"0":3,"1":3,"2":10,"3":10,"4":3,"5":18},"f":{"0":10,"1":10,"2":18},"b":{},"_coverageSchema":"332fd63041d2c1bcb487cc26dd0d5f7d97098a6c","hash":"6cd0f868e735dd2a5eb08de80f1ad1cc0d6a1d89"}
,"/Users/agreen/Repos/react-components/packages/checkboxes/src/views/Input.js": {"path":"/Users/agreen/Repos/react-components/packages/checkboxes/src/views/Input.js","statementMap":{"0":{"start":{"line":12,"column":21},"end":{"line":12,"column":39}},"1":{"start":{"line":17,"column":14},"end":{"line":25,"column":1}},"2":{"start":{"line":24,"column":13},"end":{"line":24,"column":47}}},"fnMap":{"0":{"name":"(anonymous_0)","decl":{"start":{"line":24,"column":4},"end":{"line":24,"column":5}},"loc":{"start":{"line":24,"column":13},"end":{"line":24,"column":47}},"line":24}},"branchMap":{},"s":{"0":2,"1":2,"2":9},"f":{"0":9},"b":{},"_coverageSchema":"332fd63041d2c1bcb487cc26dd0d5f7d97098a6c","hash":"a51c6fbec3a4b54a26d913171b51842a95086a8c"}
,"/Users/agreen/Repos/react-components/packages/checkboxes/src/views/Label.js": {"path":"/Users/agreen/Repos/react-components/packages/checkboxes/src/views/Label.js","statementMap":{"0":{"start":{"line":14,"column":21},"end":{"line":14,"column":39}},"1":{"start":{"line":19,"column":14},"end":{"line":40,"column":1}},"2":{"start":{"line":23,"column":4},"end":{"line":37,"column":6}},"3":{"start":{"line":39,"column":13},"end":{"line":39,"column":47}},"4":{"start":{"line":42,"column":0},"end":{"line":50,"column":2}},"5":{"start":{"line":52,"column":0},"end":{"line":52,"column":28}},"6":{"start":{"line":52,"column":22},"end":{"line":52,"column":27}}},"fnMap":{"0":{"name":"(anonymous_0)","decl":{"start":{"line":22,"column":13},"end":{"line":22,"column":14}},"loc":{"start":{"line":23,"column":4},"end":{"line":37,"column":6}},"line":23},"1":{"name":"(anonymous_1)","decl":{"start":{"line":39,"column":4},"end":{"line":39,"column":5}},"loc":{"start":{"line":39,"column":13},"end":{"line":39,"column":47}},"line":39},"2":{"name":"(anonymous_2)","decl":{"start":{"line":52,"column":16},"end":{"line":52,"column":17}},"loc":{"start":{"line":52,"column":22},"end":{"line":52,"column":27}},"line":52}},"branchMap":{},"s":{"0":2,"1":2,"2":16,"3":16,"4":2,"5":2,"6":8},"f":{"0":16,"1":16,"2":8},"b":{},"_coverageSchema":"332fd63041d2c1bcb487cc26dd0d5f7d97098a6c","hash":"8cf5b6adf01ce110112f5c17240e056e048f04ca"}
,"/Users/agreen/Repos/react-components/packages/checkboxes/src/views/Message.js": {"path":"/Users/agreen/Repos/react-components/packages/checkboxes/src/views/Message.js","statementMap":{"0":{"start":{"line":14,"column":21},"end":{"line":14,"column":41}},"1":{"start":{"line":15,"column":19},"end":{"line":19,"column":1}},"2":{"start":{"line":24,"column":16},"end":{"line":38,"column":1}},"3":{"start":{"line":28,"column":4},"end":{"line":35,"column":6}},"4":{"start":{"line":37,"column":13},"end":{"line":37,"column":47}},"5":{"start":{"line":40,"column":0},"end":{"line":42,"column":2}},"6":{"start":{"line":44,"column":0},"end":{"line":44,"column":32}},"7":{"start":{"line":44,"column":24},"end":{"line":44,"column":31}}},"fnMap":{"0":{"name":"(anonymous_0)","decl":{"start":{"line":27,"column":13},"end":{"line":27,"column":14}},"loc":{"start":{"line":28,"column":4},"end":{"line":35,"column":6}},"line":28},"1":{"name":"(anonymous_1)","decl":{"start":{"line":37,"column":4},"end":{"line":37,"column":5}},"loc":{"start":{"line":37,"column":13},"end":{"line":37,"column":47}},"line":37},"2":{"name":"(anonymous_2)","decl":{"start":{"line":44,"column":18},"end":{"line":44,"column":19}},"loc":{"start":{"line":44,"column":24},"end":{"line":44,"column":31}},"line":44}},"branchMap":{},"s":{"0":2,"1":2,"2":2,"3":13,"4":13,"5":2,"6":2,"7":24},"f":{"0":13,"1":13,"2":24},"b":{},"_coverageSchema":"332fd63041d2c1bcb487cc26dd0d5f7d97098a6c","hash":"cac67bb2a309f7fb9dac6ba659c90084055d1d30"}
,"/Users/agreen/Repos/react-components/packages/chrome/src/views/Chrome.js": {"path":"/Users/agreen/Repos/react-components/packages/chrome/src/views/Chrome.js","statementMap":{"0":{"start":{"line":13,"column":21},"end":{"line":13,"column":36}},"1":{"start":{"line":18,"column":15},"end":{"line":28,"column":1}},"2":{"start":{"line":22,"column":4},"end":{"line":25,"column":6}},"3":{"start":{"line":27,"column":13},"end":{"line":27,"column":47}}},"fnMap":{"0":{"name":"(anonymous_0)","decl":{"start":{"line":21,"column":13},"end":{"line":21,"column":14}},"loc":{"start":{"line":22,"column":4},"end":{"line":25,"column":6}},"line":22},"1":{"name":"(anonymous_1)","decl":{"start":{"line":27,"column":4},"end":{"line":27,"column":5}},"loc":{"start":{"line":27,"column":13},"end":{"line":27,"column":47}},"line":27}},"branchMap":{},"s":{"0":1,"1":1,"2":2,"3":2},"f":{"0":2,"1":2},"b":{},"_coverageSchema":"332fd63041d2c1bcb487cc26dd0d5f7d97098a6c","hash":"36d5b7c8be6dd3da4f30d40a27aa684bd99ba583"}
,"/Users/agreen/Repos/react-components/packages/chrome/src/views/body/Body.js": {"path":"/Users/agreen/Repos/react-components/packages/chrome/src/views/body/Body.js","statementMap":{"0":{"start":{"line":12,"column":21},"end":{"line":12,"column":34}},"1":{"start":{"line":17,"column":13},"end":{"line":23,"column":1}},"2":{"start":{"line":22,"column":13},"end":{"line":22,"column":47}}},"fnMap":{"0":{"name":"(anonymous_0)","decl":{"start":{"line":22,"column":4},"end":{"line":22,"column":5}},"loc":{"start":{"line":22,"column":13},"end":{"line":22,"column":47}},"line":22}},"branchMap":{},"s":{"0":1,"1":1,"2":1},"f":{"0":1},"b":{},"_coverageSchema":"332fd63041d2c1bcb487cc26dd0d5f7d97098a6c","hash":"ae890fdce6dd212672a0dc4dd720aaebc2a3f25d"}
,"/Users/agreen/Repos/react-components/packages/chrome/src/views/body/Content.js": {"path":"/Users/agreen/Repos/react-components/packages/chrome/src/views/body/Content.js","statementMap":{"0":{"start":{"line":12,"column":21},"end":{"line":12,"column":37}},"1":{"start":{"line":17,"column":16},"end":{"line":23,"column":1}},"2":{"start":{"line":22,"column":13},"end":{"line":22,"column":47}}},"fnMap":{"0":{"name":"(anonymous_0)","decl":{"start":{"line":22,"column":4},"end":{"line":22,"column":5}},"loc":{"start":{"line":22,"column":13},"end":{"line":22,"column":47}},"line":22}},"branchMap":{},"s":{"0":1,"1":1,"2":1},"f":{"0":1},"b":{},"_coverageSchema":"332fd63041d2c1bcb487cc26dd0d5f7d97098a6c","hash":"ebfea7306438e38866ade5a12bb2b78473f5fd8d"}
,"/Users/agreen/Repos/react-components/packages/chrome/src/views/body/Main.js": {"path":"/Users/agreen/Repos/react-components/packages/chrome/src/views/body/Main.js","statementMap":{"0":{"start":{"line":12,"column":21},"end":{"line":12,"column":34}},"1":{"start":{"line":17,"column":13},"end":{"line":23,"column":1}},"2":{"start":{"line":22,"column":13},"end":{"line":22,"column":47}}},"fnMap":{"0":{"name":"(anonymous_0)","decl":{"start":{"line":22,"column":4},"end":{"line":22,"column":5}},"loc":{"start":{"line":22,"column":13},"end":{"line":22,"column":47}},"line":22}},"branchMap":{},"s":{"0":1,"1":1,"2":1},"f":{"0":1},"b":{},"_coverageSchema":"332fd63041d2c1bcb487cc26dd0d5f7d97098a6c","hash":"23993a51651167a1d44e56a17c033bd138a6ecc2"}
,"/Users/agreen/Repos/react-components/packages/chrome/src/views/body/Sidebar.js": {"path":"/Users/agreen/Repos/react-components/packages/chrome/src/views/body/Sidebar.js","statementMap":{"0":{"start":{"line":12,"column":21},"end":{"line":12,"column":37}},"1":{"start":{"line":17,"column":16},"end":{"line":23,"column":1}},"2":{"start":{"line":22,"column":13},"end":{"line":22,"column":47}}},"fnMap":{"0":{"name":"(anonymous_0)","decl":{"start":{"line":22,"column":4},"end":{"line":22,"column":5}},"loc":{"start":{"line":22,"column":13},"end":{"line":22,"column":47}},"line":22}},"branchMap":{},"s":{"0":1,"1":1,"2":1},"f":{"0":1},"b":{},"_coverageSchema":"332fd63041d2c1bcb487cc26dd0d5f7d97098a6c","hash":"714c96eb3771ed73df9d767b514262af1f18e5ff"}
,"/Users/agreen/Repos/react-components/packages/chrome/src/views/header/Header.js": {"path":"/Users/agreen/Repos/react-components/packages/chrome/src/views/header/Header.js","statementMap":{"0":{"start":{"line":14,"column":21},"end":{"line":14,"column":36}},"1":{"start":{"line":19,"column":15},"end":{"line":28,"column":1}},"2":{"start":{"line":23,"column":4},"end":{"line":25,"column":6}},"3":{"start":{"line":27,"column":13},"end":{"line":27,"column":47}},"4":{"start":{"line":30,"column":0},"end":{"line":33,"column":2}}},"fnMap":{"0":{"name":"(anonymous_0)","decl":{"start":{"line":22,"column":13},"end":{"line":22,"column":14}},"loc":{"start":{"line":23,"column":4},"end":{"line":25,"column":6}},"line":23},"1":{"name":"(anonymous_1)","decl":{"start":{"line":27,"column":4},"end":{"line":27,"column":5}},"loc":{"start":{"line":27,"column":13},"end":{"line":27,"column":47}},"line":27}},"branchMap":{},"s":{"0":1,"1":1,"2":2,"3":2,"4":1},"f":{"0":2,"1":2},"b":{},"_coverageSchema":"332fd63041d2c1bcb487cc26dd0d5f7d97098a6c","hash":"d079d19107284448175e3468374bcd541a774f5a"}
,"/Users/agreen/Repos/react-components/packages/chrome/src/views/header/HeaderItem.js": {"path":"/Users/agreen/Repos/react-components/packages/chrome/src/views/header/HeaderItem.js","statementMap":{"0":{"start":{"line":16,"column":21},"end":{"line":16,"column":41}},"1":{"start":{"line":18,"column":16},"end":{"line":26,"column":1}},"2":{"start":{"line":28,"column":32},"end":{"line":59,"column":1}},"3":{"start":{"line":32,"column":4},"end":{"line":56,"column":6}},"4":{"start":{"line":58,"column":13},"end":{"line":58,"column":47}},"5":{"start":{"line":64,"column":19},"end":{"line":75,"column":1}},"6":{"start":{"line":65,"column":2},"end":{"line":74,"column":27}},"7":{"start":{"line":67,"column":6},"end":{"line":72,"column":8}},"8":{"start":{"line":77,"column":0},"end":{"line":99,"column":2}}},"fnMap":{"0":{"name":"(anonymous_0)","decl":{"start":{"line":31,"column":13},"end":{"line":31,"column":14}},"loc":{"start":{"line":32,"column":4},"end":{"line":56,"column":6}},"line":32},"1":{"name":"(anonymous_1)","decl":{"start":{"line":58,"column":4},"end":{"line":58,"column":5}},"loc":{"start":{"line":58,"column":13},"end":{"line":58,"column":47}},"line":58},"2":{"name":"(anonymous_2)","decl":{"start":{"line":64,"column":19},"end":{"line":64,"column":20}},"loc":{"start":{"line":65,"column":2},"end":{"line":74,"column":27}},"line":65},"3":{"name":"(anonymous_3)","decl":{"start":{"line":66,"column":5},"end":{"line":66,"column":6}},"loc":{"start":{"line":67,"column":6},"end":{"line":72,"column":8}},"line":67}},"branchMap":{"0":{"loc":{"start":{"line":70,"column":19},"end":{"line":70,"column":45}},"type":"binary-expr","locations":[{"start":{"line":70,"column":19},"end":{"line":70,"column":26}},{"start":{"line":70,"column":30},"end":{"line":70,"column":45}}],"line":70}},"s":{"0":2,"1":2,"2":2,"3":16,"4":16,"5":2,"6":15,"7":15,"8":2},"f":{"0":16,"1":16,"2":15,"3":15},"b":{"0":[15,14]},"_coverageSchema":"332fd63041d2c1bcb487cc26dd0d5f7d97098a6c","hash":"723efb403230927aaf8fcb429a73f13194bef40b"}
,"/Users/agreen/Repos/react-components/packages/chrome/src/views/header/HeaderItemIcon.js": {"path":"/Users/agreen/Repos/react-components/packages/chrome/src/views/header/HeaderItemIcon.js","statementMap":{"0":{"start":{"line":11,"column":21},"end":{"line":11,"column":46}},"1":{"start":{"line":14,"column":23},"end":{"line":20,"column":1}},"2":{"start":{"line":15,"column":2},"end":{"line":19,"column":5}}},"fnMap":{"0":{"name":"(anonymous_0)","decl":{"start":{"line":14,"column":23},"end":{"line":14,"column":24}},"loc":{"start":{"line":14,"column":41},"end":{"line":20,"column":1}},"line":14}},"branchMap":{},"s":{"0":1,"1":1,"2":1},"f":{"0":1},"b":{},"_coverageSchema":"332fd63041d2c1bcb487cc26dd0d5f7d97098a6c","hash":"7323f63ed16a4607d968e3573a0b9f12698e30c3"}
,"/Users/agreen/Repos/react-components/packages/chrome/src/views/header/HeaderItemText.js": {"path":"/Users/agreen/Repos/react-components/packages/chrome/src/views/header/HeaderItemText.js","statementMap":{"0":{"start":{"line":14,"column":21},"end":{"line":14,"column":46}},"1":{"start":{"line":19,"column":23},"end":{"line":28,"column":1}},"2":{"start":{"line":23,"column":4},"end":{"line":25,"column":6}},"3":{"start":{"line":27,"column":13},"end":{"line":27,"column":47}},"4":{"start":{"line":30,"column":0},"end":{"line":33,"column":2}}},"fnMap":{"0":{"name":"(anonymous_0)","decl":{"start":{"line":22,"column":13},"end":{"line":22,"column":14}},"loc":{"start":{"line":23,"column":4},"end":{"line":25,"column":6}},"line":23},"1":{"name":"(anonymous_1)","decl":{"start":{"line":27,"column":4},"end":{"line":27,"column":5}},"loc":{"start":{"line":27,"column":13},"end":{"line":27,"column":47}},"line":27}},"branchMap":{},"s":{"0":1,"1":1,"2":1,"3":1,"4":1},"f":{"0":1,"1":1},"b":{},"_coverageSchema":"332fd63041d2c1bcb487cc26dd0d5f7d97098a6c","hash":"699b7490513b2af5dbf9c91dc1c84ae2973b6d03"}
,"/Users/agreen/Repos/react-components/packages/chrome/src/views/header/HeaderItemWrapper.js": {"path":"/Users/agreen/Repos/react-components/packages/chrome/src/views/header/HeaderItemWrapper.js","statementMap":{"0":{"start":{"line":11,"column":21},"end":{"line":11,"column":49}},"1":{"start":{"line":15,"column":16},"end":{"line":23,"column":1}},"2":{"start":{"line":26,"column":26},"end":{"line":31,"column":1}},"3":{"start":{"line":30,"column":13},"end":{"line":30,"column":63}},"4":{"start":{"line":33,"column":0},"end":{"line":55,"column":2}}},"fnMap":{"0":{"name":"(anonymous_0)","decl":{"start":{"line":30,"column":4},"end":{"line":30,"column":5}},"loc":{"start":{"line":30,"column":13},"end":{"line":30,"column":63}},"line":30}},"branchMap":{},"s":{"0":1,"1":1,"2":1,"3":1,"4":1},"f":{"0":1},"b":{},"_coverageSchema":"332fd63041d2c1bcb487cc26dd0d5f7d97098a6c","hash":"5f64cb0cb0b0bbc6c1eecf377d75e974efbd90bf"}
,"/Users/agreen/Repos/react-components/packages/chrome/src/views/nav/Nav.js": {"path":"/Users/agreen/Repos/react-components/packages/chrome/src/views/nav/Nav.js","statementMap":{"0":{"start":{"line":14,"column":21},"end":{"line":14,"column":33}},"1":{"start":{"line":19,"column":12},"end":{"line":33,"column":1}},"2":{"start":{"line":23,"column":4},"end":{"line":30,"column":6}},"3":{"start":{"line":32,"column":13},"end":{"line":32,"column":47}},"4":{"start":{"line":35,"column":0},"end":{"line":42,"column":2}}},"fnMap":{"0":{"name":"(anonymous_0)","decl":{"start":{"line":22,"column":13},"end":{"line":22,"column":14}},"loc":{"start":{"line":23,"column":4},"end":{"line":30,"column":6}},"line":23},"1":{"name":"(anonymous_1)","decl":{"start":{"line":32,"column":4},"end":{"line":32,"column":5}},"loc":{"start":{"line":32,"column":13},"end":{"line":32,"column":47}},"line":32}},"branchMap":{},"s":{"0":1,"1":1,"2":1,"3":1,"4":1},"f":{"0":1,"1":1},"b":{},"_coverageSchema":"332fd63041d2c1bcb487cc26dd0d5f7d97098a6c","hash":"83e261da121cba0db28a9b5e75c5795c327c6a71"}
,"/Users/agreen/Repos/react-components/packages/chrome/src/views/nav/NavItem.js": {"path":"/Users/agreen/Repos/react-components/packages/chrome/src/views/nav/NavItem.js","statementMap":{"0":{"start":{"line":16,"column":21},"end":{"line":16,"column":38}},"1":{"start":{"line":18,"column":16},"end":{"line":26,"column":1}},"2":{"start":{"line":31,"column":22},"end":{"line":56,"column":1}},"3":{"start":{"line":35,"column":4},"end":{"line":53,"column":6}},"4":{"start":{"line":55,"column":13},"end":{"line":55,"column":47}},"5":{"start":{"line":61,"column":16},"end":{"line":74,"column":1}},"6":{"start":{"line":62,"column":2},"end":{"line":73,"column":27}},"7":{"start":{"line":64,"column":6},"end":{"line":71,"column":8}},"8":{"start":{"line":76,"column":0},"end":{"line":94,"column":2}}},"fnMap":{"0":{"name":"(anonymous_0)","decl":{"start":{"line":34,"column":13},"end":{"line":34,"column":14}},"loc":{"start":{"line":35,"column":4},"end":{"line":53,"column":6}},"line":35},"1":{"name":"(anonymous_1)","decl":{"start":{"line":55,"column":4},"end":{"line":55,"column":5}},"loc":{"start":{"line":55,"column":13},"end":{"line":55,"column":47}},"line":55},"2":{"name":"(anonymous_2)","decl":{"start":{"line":61,"column":16},"end":{"line":61,"column":17}},"loc":{"start":{"line":62,"column":2},"end":{"line":73,"column":27}},"line":62},"3":{"name":"(anonymous_3)","decl":{"start":{"line":63,"column":5},"end":{"line":63,"column":6}},"loc":{"start":{"line":64,"column":6},"end":{"line":71,"column":8}},"line":64}},"branchMap":{"0":{"loc":{"start":{"line":66,"column":20},"end":{"line":66,"column":33}},"type":"cond-expr","locations":[{"start":{"line":66,"column":27},"end":{"line":66,"column":29}},{"start":{"line":66,"column":32},"end":{"line":66,"column":33}}],"line":66}},"s":{"0":1,"1":1,"2":1,"3":12,"4":12,"5":1,"6":12,"7":12,"8":1},"f":{"0":12,"1":12,"2":12,"3":12},"b":{"0":[1,11]},"_coverageSchema":"332fd63041d2c1bcb487cc26dd0d5f7d97098a6c","hash":"ebdcc6f4457190982f8a8b7b0ca43e43fdfb3b24"}
,"/Users/agreen/Repos/react-components/packages/chrome/src/views/nav/NavItemIcon.js": {"path":"/Users/agreen/Repos/react-components/packages/chrome/src/views/nav/NavItemIcon.js","statementMap":{"0":{"start":{"line":11,"column":21},"end":{"line":11,"column":43}},"1":{"start":{"line":14,"column":20},"end":{"line":20,"column":1}},"2":{"start":{"line":15,"column":2},"end":{"line":19,"column":5}}},"fnMap":{"0":{"name":"(anonymous_0)","decl":{"start":{"line":14,"column":20},"end":{"line":14,"column":21}},"loc":{"start":{"line":14,"column":38},"end":{"line":20,"column":1}},"line":14}},"branchMap":{},"s":{"0":1,"1":1,"2":1},"f":{"0":1},"b":{},"_coverageSchema":"332fd63041d2c1bcb487cc26dd0d5f7d97098a6c","hash":"8c6a594881b25a3259ed25f5bf85fd19fa8431ba"}
,"/Users/agreen/Repos/react-components/packages/chrome/src/views/nav/NavItemText.js": {"path":"/Users/agreen/Repos/react-components/packages/chrome/src/views/nav/NavItemText.js","statementMap":{"0":{"start":{"line":12,"column":21},"end":{"line":12,"column":43}},"1":{"start":{"line":17,"column":20},"end":{"line":23,"column":1}},"2":{"start":{"line":22,"column":13},"end":{"line":22,"column":47}}},"fnMap":{"0":{"name":"(anonymous_0)","decl":{"start":{"line":22,"column":4},"end":{"line":22,"column":5}},"loc":{"start":{"line":22,"column":13},"end":{"line":22,"column":47}},"line":22}},"branchMap":{},"s":{"0":1,"1":1,"2":1},"f":{"0":1},"b":{},"_coverageSchema":"332fd63041d2c1bcb487cc26dd0d5f7d97098a6c","hash":"867cd0252c7ce5300d37ac793e52b6766aedc204"}
,"/Users/agreen/Repos/react-components/packages/chrome/src/views/subnav/SubNav.js": {"path":"/Users/agreen/Repos/react-components/packages/chrome/src/views/subnav/SubNav.js","statementMap":{"0":{"start":{"line":12,"column":21},"end":{"line":12,"column":36}},"1":{"start":{"line":17,"column":15},"end":{"line":23,"column":1}},"2":{"start":{"line":22,"column":13},"end":{"line":22,"column":50}}},"fnMap":{"0":{"name":"(anonymous_0)","decl":{"start":{"line":22,"column":4},"end":{"line":22,"column":5}},"loc":{"start":{"line":22,"column":13},"end":{"line":22,"column":50}},"line":22}},"branchMap":{},"s":{"0":1,"1":1,"2":1},"f":{"0":1},"b":{},"_coverageSchema":"332fd63041d2c1bcb487cc26dd0d5f7d97098a6c","hash":"b270c642e2684c5089eb6dda81a87d241443522c"}
[...]
lumn":29}}},"fnMap":{"0":{"name":"(anonymous_0)","decl":{"start":{"line":102,"column":2},"end":{"line":102,"column":3}},"loc":{"start":{"line":102,"column":23},"end":{"line":111,"column":3}},"line":102},"1":{"name":"(anonymous_1)","decl":{"start":{"line":113,"column":2},"end":{"line":113,"column":3}},"loc":{"start":{"line":113,"column":25},"end":{"line":116,"column":3}},"line":113},"2":{"name":"(anonymous_2)","decl":{"start":{"line":118,"column":16},"end":{"line":118,"column":17}},"loc":{"start":{"line":118,"column":70},"end":{"line":124,"column":3}},"line":118},"3":{"name":"(anonymous_3)","decl":{"start":{"line":121,"column":41},"end":{"line":121,"column":42}},"loc":{"start":{"line":121,"column":47},"end":{"line":123,"column":5}},"line":121},"4":{"name":"(anonymous_4)","decl":{"start":{"line":126,"column":17},"end":{"line":126,"column":18}},"loc":{"start":{"line":126,"column":71},"end":{"line":132,"column":3}},"line":126},"5":{"name":"(anonymous_5)","decl":{"start":{"line":129,"column":42},"end":{"line":129,"column":43}},"loc":{"start":{"line":129,"column":48},"end":{"line":131,"column":5}},"line":129},"6":{"name":"(anonymous_6)","decl":{"start":{"line":134,"column":17},"end":{"line":134,"column":18}},"loc":{"start":{"line":134,"column":23},"end":{"line":134,"column":65}},"line":134},"7":{"name":"(anonymous_7)","decl":{"start":{"line":136,"column":20},"end":{"line":136,"column":21}},"loc":{"start":{"line":143,"column":13},"end":{"line":154,"column":3}},"line":143},"8":{"name":"(anonymous_8)","decl":{"start":{"line":147,"column":55},"end":{"line":147,"column":56}},"loc":{"start":{"line":147,"column":61},"end":{"line":147,"column":79}},"line":147},"9":{"name":"(anonymous_9)","decl":{"start":{"line":148,"column":55},"end":{"line":148,"column":56}},"loc":{"start":{"line":148,"column":61},"end":{"line":148,"column":80}},"line":148},"10":{"name":"(anonymous_10)","decl":{"start":{"line":149,"column":45},"end":{"line":149,"column":46}},"loc":{"start":{"line":149,"column":51},"end":{"line":149,"column":69}},"line":149},"11":{"name":"(anonymous_11)","decl":{"start":{"line":151,"column":43},"end":{"line":151,"column":44}},"loc":{"start":{"line":151,"column":49},"end":{"line":151,"column":69}},"line":151},"12":{"name":"(anonymous_12)","decl":{"start":{"line":156,"column":20},"end":{"line":156,"column":21}},"loc":{"start":{"line":162,"column":13},"end":{"line":170,"column":3}},"line":162},"13":{"name":"(anonymous_13)","decl":{"start":{"line":166,"column":55},"end":{"line":166,"column":56}},"loc":{"start":{"line":166,"column":61},"end":{"line":166,"column":79}},"line":166},"14":{"name":"(anonymous_14)","decl":{"start":{"line":167,"column":55},"end":{"line":167,"column":56}},"loc":{"start":{"line":167,"column":61},"end":{"line":167,"column":80}},"line":167},"15":{"name":"(anonymous_15)","decl":{"start":{"line":172,"column":35},"end":{"line":172,"column":36}},"loc":{"start":{"line":172,"column":41},"end":{"line":180,"column":3}},"line":172},"16":{"name":"(anonymous_16)","decl":{"start":{"line":182,"column":2},"end":{"line":182,"column":3}},"loc":{"start":{"line":182,"column":11},"end":{"line":244,"column":3}},"line":182},"17":{"name":"(anonymous_17)","decl":{"start":{"line":197,"column":13},"end":{"line":197,"column":14}},"loc":{"start":{"line":197,"column":34},"end":{"line":207,"column":13}},"line":197},"18":{"name":"(anonymous_18)","decl":{"start":{"line":202,"column":39},"end":{"line":202,"column":40}},"loc":{"start":{"line":202,"column":48},"end":{"line":202,"column":82}},"line":202},"19":{"name":"(anonymous_19)","decl":{"start":{"line":214,"column":13},"end":{"line":214,"column":14}},"loc":{"start":{"line":214,"column":50},"end":{"line":239,"column":13}},"line":214},"20":{"name":"(anonymous_20)","decl":{"start":{"line":225,"column":37},"end":{"line":225,"column":38}},"loc":{"start":{"line":225,"column":46},"end":{"line":225,"column":73}},"line":225}},"branchMap":{"0":{"loc":{"start":{"line":118,"column":17},"end":{"line":118,"column":65}},"type":"default-arg","locations":[{"start":{"line":118,"column":37},"end":{"line":118,"column":65}}],"line":118},"1":{"loc":{"start":{"line":126,"column":18},"end":{"line":126,"column":66}},"type":"default-arg","locations":[{"start":{"line":126,"column":38},"end":{"line":126,"column":66}}],"line":126},"2":{"loc":{"start":{"line":136,"column":21},"end":{"line":143,"column":8}},"type":"default-arg","locations":[{"start":{"line":143,"column":6},"end":{"line":143,"column":8}}],"line":136},"3":{"loc":{"start":{"line":137,"column":4},"end":{"line":137,"column":16}},"type":"default-arg","locations":[{"start":{"line":137,"column":15},"end":{"line":137,"column":16}}],"line":137},"4":{"loc":{"start":{"line":156,"column":21},"end":{"line":162,"column":8}},"type":"default-arg","locations":[{"start":{"line":162,"column":6},"end":{"line":162,"column":8}}],"line":156},"5":{"loc":{"start":{"line":157,"column":4},"end":{"line":157,"column":28}},"type":"default-arg","locations":[{"start":{"line":157,"column":9},"end":{"line":157,"column":28}}],"line":157},"6":{"loc":{"start":{"line":158,"column":4},"end":{"line":158,"column":20}},"type":"default-arg","locations":[{"start":{"line":158,"column":11},"end":{"line":158,"column":20}}],"line":158},"7":{"loc":{"start":{"line":175,"column":4},"end":{"line":177,"column":5}},"type":"if","locations":[{"start":{"line":175,"column":4},"end":{"line":177,"column":5}},{"start":{"line":175,"column":4},"end":{"line":177,"column":5}}],"line":175},"8":{"loc":{"start":{"line":185,"column":6},"end":{"line":185,"column":23}},"type":"default-arg","locations":[{"start":{"line":185,"column":15},"end":{"line":185,"column":23}}],"line":185},"9":{"loc":{"start":{"line":200,"column":19},"end":{"line":204,"column":22}},"type":"binary-expr","locations":[{"start":{"line":200,"column":19},"end":{"line":200,"column":26}},{"start":{"line":201,"column":20},"end":{"line":204,"column":22}}],"line":200},"10":{"loc":{"start":{"line":234,"column":14},"end":{"line":236,"column":15}},"type":"if","locations":[{"start":{"line":234,"column":14},"end":{"line":236,"column":15}},{"start":{"line":234,"column":14},"end":{"line":236,"column":15}}],"line":234}},"s":{"0":21,"1":21,"2":45,"3":45,"4":45,"5":1,"6":1,"7":14,"8":14,"9":8,"10":6,"11":6,"12":4,"13":114,"14":57,"15":7,"16":4,"17":5,"18":1,"19":57,"20":2,"21":1,"22":57,"23":57,"24":13,"25":44,"26":57,"27":57,"28":57,"29":57,"30":57,"31":57,"32":57,"33":57,"34":57,"35":57,"36":2,"37":55},"f":{"0":45,"1":1,"2":14,"3":8,"4":6,"5":4,"6":114,"7":57,"8":7,"9":4,"10":5,"11":1,"12":57,"13":2,"14":1,"15":57,"16":57,"17":57,"18":57,"19":57,"20":57},"b":{"0":[14],"1":[5],"2":[0],"3":[57],"4":[0],"5":[57],"6":[57],"7":[13,44],"8":[57],"9":[57,57],"10":[2,55]},"_coverageSchema":"332fd63041d2c1bcb487cc26dd0d5f7d97098a6c","hash":"242ec2b537156896d5134303b9b4afbb53d3cd64"}
,"/Users/agreen/Repos/react-components/packages/tooltips/src/elements/Tooltip.js": {"path":"/Users/agreen/Repos/react-components/packages/tooltips/src/elements/Tooltip.js","statementMap":{"0":{"start":{"line":15,"column":13},"end":{"line":20,"column":1}},"1":{"start":{"line":22,"column":13},"end":{"line":25,"column":1}},"2":{"start":{"line":84,"column":8},"end":{"line":84,"column":18}},"3":{"start":{"line":86,"column":4},"end":{"line":105,"column":6}},"4":{"start":{"line":95,"column":10},"end":{"line":95,"column":71}},"5":{"start":{"line":99,"column":31},"end":{"line":99,"column":72}},"6":{"start":{"line":100,"column":30},"end":{"line":100,"column":78}},"7":{"start":{"line":102,"column":10},"end":{"line":102,"column":90}}},"fnMap":{"0":{"name":"(anonymous_0)","decl":{"start":{"line":70,"column":2},"end":{"line":70,"column":3}},"loc":{"start":{"line":70,"column":11},"end":{"line":106,"column":3}},"line":70},"1":{"name":"(anonymous_1)","decl":{"start":{"line":94,"column":17},"end":{"line":94,"column":18}},"loc":{"start":{"line":94,"column":42},"end":{"line":96,"column":9}},"line":94},"2":{"name":"(anonymous_2)","decl":{"start":{"line":98,"column":9},"end":{"line":98,"column":10}},"loc":{"start":{"line":98,"column":45},"end":{"line":103,"column":9}},"line":98}},"branchMap":{"0":{"loc":{"start":{"line":100,"column":30},"end":{"line":100,"column":78}},"type":"cond-expr","locations":[{"start":{"line":100,"column":52},"end":{"line":100,"column":64}},{"start":{"line":100,"column":67},"end":{"line":100,"column":78}}],"line":100}},"s":{"0":20,"1":20,"2":2,"3":2,"4":2,"5":2,"6":2,"7":2},"f":{"0":2,"1":2,"2":2},"b":{"0":[1,1]},"_coverageSchema":"332fd63041d2c1bcb487cc26dd0d5f7d97098a6c","hash":"5acbba3572e6485155dd6d0cc190cdfde396d2a0"}
,"/Users/agreen/Repos/react-components/packages/tooltips/src/utils/gardenPlacements.js": {"path":"/Users/agreen/Repos/react-components/packages/tooltips/src/utils/gardenPlacements.js","statementMap":{"0":{"start":{"line":8,"column":26},"end":{"line":16,"column":1}},"1":{"start":{"line":18,"column":33},"end":{"line":26,"column":1}},"2":{"start":{"line":28,"column":33},"end":{"line":36,"column":1}},"3":{"start":{"line":43,"column":27},"end":{"line":47,"column":8}},"4":{"start":{"line":44,"column":4},"end":{"line":44,"column":21}},"5":{"start":{"line":46,"column":4},"end":{"line":46,"column":15}},"6":{"start":{"line":49,"column":33},"end":{"line":57,"column":3}},"7":{"start":{"line":59,"column":2},"end":{"line":59,"column":49}},"8":{"start":{"line":67,"column":33},"end":{"line":78,"column":3}},"9":{"start":{"line":80,"column":26},"end":{"line":80,"column":61}},"10":{"start":{"line":82,"column":2},"end":{"line":82,"column":68}}},"fnMap":{"0":{"name":"getPopperPlacement","decl":{"start":{"line":42,"column":16},"end":{"line":42,"column":34}},"loc":{"start":{"line":42,"column":52},"end":{"line":60,"column":1}},"line":42},"1":{"name":"(anonymous_1)","decl":{"start":{"line":43,"column":67},"end":{"line":43,"column":68}},"loc":{"start":{"line":43,"column":82},"end":{"line":47,"column":3}},"line":43},"2":{"name":"getRtlPopperPlacement","decl":{"start":{"line":66,"column":16},"end":{"line":66,"column":37}},"loc":{"start":{"line":66,"column":55},"end":{"line":83,"column":1}},"line":66}},"branchMap":{"0":{"loc":{"start":{"line":82,"column":9},"end":{"line":82,"column":67}},"type":"binary-expr","locations":[{"start":{"line":82,"column":9},"end":{"line":82,"column":48}},{"start":{"line":82,"column":52},"end":{"line":82,"column":67}}],"line":82}},"s":{"0":22,"1":22,"2":22,"3":378,"4":2646,"5":2646,"6":378,"7":378,"8":57,"9":57,"10":57},"f":{"0":378,"1":2646,"2":57},"b":{"0":[57,9]},"_coverageSchema":"332fd63041d2c1bcb487cc26dd0d5f7d97098a6c","hash":"8f973ec16356a345344153c46093970b029a734f"}
,"/Users/agreen/Repos/react-components/packages/tooltips/src/views/LightTooltip.js": {"path":"/Users/agreen/Repos/react-components/packages/tooltips/src/views/LightTooltip.js","statementMap":{"0":{"start":{"line":16,"column":21},"end":{"line":16,"column":44}},"1":{"start":{"line":18,"column":13},"end":{"line":23,"column":1}},"2":{"start":{"line":25,"column":18},"end":{"line":38,"column":1}},"3":{"start":{"line":43,"column":21},"end":{"line":49,"column":1}},"4":{"start":{"line":48,"column":13},"end":{"line":48,"column":47}},"5":{"start":{"line":51,"column":0},"end":{"line":69,"column":2}},"6":{"start":{"line":71,"column":0},"end":{"line":74,"column":2}}},"fnMap":{"0":{"name":"(anonymous_0)","decl":{"start":{"line":48,"column":4},"end":{"line":48,"column":5}},"loc":{"start":{"line":48,"column":13},"end":{"line":48,"column":47}},"line":48}},"branchMap":{},"s":{"0":21,"1":21,"2":21,"3":21,"4":2,"5":21,"6":21},"f":{"0":2},"b":{},"_coverageSchema":"332fd63041d2c1bcb487cc26dd0d5f7d97098a6c","hash":"9106851c8ef76eb1b6548c9205ae2d8c628f0419"}
,"/Users/agreen/Repos/react-components/packages/tooltips/src/views/TooltipView.js": {"path":"/Users/agreen/Repos/react-components/packages/tooltips/src/views/TooltipView.js","statementMap":{"0":{"start":{"line":15,"column":21},"end":{"line":15,"column":38}},"1":{"start":{"line":17,"column":13},"end":{"line":22,"column":1}},"2":{"start":{"line":24,"column":18},"end":{"line":37,"column":1}},"3":{"start":{"line":39,"column":24},"end":{"line":41,"column":1}},"4":{"start":{"line":40,"column":2},"end":{"line":40,"column":28}},"5":{"start":{"line":43,"column":30},"end":{"line":53,"column":1}},"6":{"start":{"line":44,"column":2},"end":{"line":50,"column":3}},"7":{"start":{"line":45,"column":4},"end":{"line":49,"column":5}},"8":{"start":{"line":46,"column":6},"end":{"line":46,"column":28}},"9":{"start":{"line":47,"column":11},"end":{"line":49,"column":5}},"10":{"start":{"line":48,"column":6},"end":{"line":48,"column":29}},"11":{"start":{"line":52,"column":2},"end":{"line":52,"column":23}},"12":{"start":{"line":58,"column":20},"end":{"line":90,"column":1}},"13":{"start":{"line":62,"column":4},"end":{"line":86,"column":6}},"14":{"start":{"line":88,"column":13},"end":{"line":88,"column":41}},"15":{"start":{"line":89,"column":13},"end":{"line":89,"column":47}},"16":{"start":{"line":92,"column":0},"end":{"line":110,"column":2}},"17":{"start":{"line":112,"column":0},"end":{"line":115,"column":2}}},"fnMap":{"0":{"name":"(anonymous_0)","decl":{"start":{"line":39,"column":24},"end":{"line":39,"column":25}},"loc":{"start":{"line":39,"column":50},"end":{"line":41,"column":1}},"line":39},"1":{"name":"(anonymous_1)","decl":{"start":{"line":43,"column":30},"end":{"line":43,"column":31}},"loc":{"start":{"line":43,"column":51},"end":{"line":53,"column":1}},"line":43},"2":{"name":"(anonymous_2)","decl":{"start":{"line":61,"column":13},"end":{"line":61,"column":14}},"loc":{"start":{"line":62,"column":4},"end":{"line":86,"column":6}},"line":62},"3":{"name":"(anonymous_3)","decl":{"start":{"line":88,"column":4},"end":{"line":88,"column":5}},"loc":{"start":{"line":88,"column":13},"end":{"line":88,"column":41}},"line":88},"4":{"name":"(anonymous_4)","decl":{"start":{"line":89,"column":4},"end":{"line":89,"column":5}},"loc":{"start":{"line":89,"column":13},"end":{"line":89,"column":47}},"line":89}},"branchMap":{"0":{"loc":{"start":{"line":40,"column":9},"end":{"line":40,"column":27}},"type":"binary-expr","locations":[{"start":{"line":40,"column":9},"end":{"line":40,"column":14}},{"start":{"line":40,"column":18},"end":{"line":40,"column":27}}],"line":40},"1":{"loc":{"start":{"line":44,"column":2},"end":{"line":50,"column":3}},"type":"if","locations":[{"start":{"line":44,"column":2},"end":{"line":50,"column":3}},{"start":{"line":44,"column":2},"end":{"line":50,"column":3}}],"line":44},"2":{"loc":{"start":{"line":45,"column":4},"end":{"line":49,"column":5}},"type":"if","locations":[{"start":{"line":45,"column":4},"end":{"line":49,"column":5}},{"start":{"line":45,"column":4},"end":{"line":49,"column":5}}],"line":45},"3":{"loc":{"start":{"line":47,"column":11},"end":{"line":49,"column":5}},"type":"if","locations":[{"start":{"line":47,"column":11},"end":{"line":49,"column":5}},{"start":{"line":47,"column":11},"end":{"line":49,"column":5}}],"line":47}},"s":{"0":22,"1":22,"2":22,"3":22,"4":40,"5":22,"6":20,"7":19,"8":2,"9":17,"10":1,"11":17,"12":22,"13":20,"14":20,"15":20,"16":22,"17":22},"f":{"0":40,"1":20,"2":20,"3":20,"4":20},"b":{"0":[40,38],"1":[19,1],"2":[2,17],"3":[1,16]},"_coverageSchema":"332fd63041d2c1bcb487cc26dd0d5f7d97098a6c","hash":"0bef835daf9631f406bff28ea1ff98d93a16f8f9"}
,"/Users/agreen/Repos/react-components/packages/tooltips/src/views/content/Paragraph.js": {"path":"/Users/agreen/Repos/react-components/packages/tooltips/src/views/content/Paragraph.js","statementMap":{"0":{"start":{"line":12,"column":21},"end":{"line":12,"column":40}},"1":{"start":{"line":17,"column":18},"end":{"line":23,"column":1}},"2":{"start":{"line":22,"column":13},"end":{"line":22,"column":47}}},"fnMap":{"0":{"name":"(anonymous_0)","decl":{"start":{"line":22,"column":4},"end":{"line":22,"column":5}},"loc":{"start":{"line":22,"column":13},"end":{"line":22,"column":47}},"line":22}},"branchMap":{},"s":{"0":20,"1":20,"2":1},"f":{"0":1},"b":{},"_coverageSchema":"332fd63041d2c1bcb487cc26dd0d5f7d97098a6c","hash":"d6a3e3135f4173f9f1f363134ee0cf52d1857922"}
,"/Users/agreen/Repos/react-components/packages/tooltips/src/views/content/Title.js": {"path":"/Users/agreen/Repos/react-components/packages/tooltips/src/views/content/Title.js","statementMap":{"0":{"start":{"line":12,"column":21},"end":{"line":12,"column":36}},"1":{"start":{"line":17,"column":14},"end":{"line":23,"column":1}},"2":{"start":{"line":22,"column":13},"end":{"line":22,"column":47}}},"fnMap":{"0":{"name":"(anonymous_0)","decl":{"start":{"line":22,"column":4},"end":{"line":22,"column":5}},"loc":{"start":{"line":22,"column":13},"end":{"line":22,"column":47}},"line":22}},"branchMap":{},"s":{"0":20,"1":20,"2":1},"f":{"0":1},"b":{},"_coverageSchema":"332fd63041d2c1bcb487cc26dd0d5f7d97098a6c","hash":"1e7cbbcf24837328295d303f75179ed13ba28e35"}
,"/Users/agreen/Repos/react-components/packages/utilities/src/utils/hasType.js": {"path":"/Users/agreen/Repos/react-components/packages/utilities/src/utils/hasType.js","statementMap":{"0":{"start":{"line":15,"column":35},"end":{"line":15,"column":36}},"1":{"start":{"line":16,"column":30},"end":{"line":16,"column":39}},"2":{"start":{"line":20,"column":2},"end":{"line":24,"column":3}},"3":{"start":{"line":21,"column":4},"end":{"line":21,"column":29}},"4":{"start":{"line":22,"column":9},"end":{"line":24,"column":3}},"5":{"start":{"line":23,"column":4},"end":{"line":23,"column":36}},"6":{"start":{"line":26,"column":2},"end":{"line":26,"column":16}}},"fnMap":{"0":{"name":"(anonymous_0)","decl":{"start":{"line":14,"column":15},"end":{"line":14,"column":16}},"loc":{"start":{"line":14,"column":35},"end":{"line":27,"column":1}},"line":14}},"branchMap":{"0":{"loc":{"start":{"line":14,"column":24},"end":{"line":14,"column":30}},"type":"default-arg","locations":[{"start":{"line":14,"column":28},"end":{"line":14,"column":30}}],"line":14},"1":{"loc":{"start":{"line":15,"column":16},"end":{"line":15,"column":30}},"type":"default-arg","locations":[{"start":{"line":15,"column":28},"end":{"line":15,"column":30}}],"line":15},"2":{"loc":{"start":{"line":20,"column":2},"end":{"line":24,"column":3}},"type":"if","locations":[{"start":{"line":20,"column":2},"end":{"line":24,"column":3}},{"start":{"line":20,"column":2},"end":{"line":24,"column":3}}],"line":20},"3":{"loc":{"start":{"line":22,"column":9},"end":{"line":24,"column":3}},"type":"if","locations":[{"start":{"line":22,"column":9},"end":{"line":24,"column":3}},{"start":{"line":22,"column":9},"end":{"line":24,"column":3}}],"line":22},"4":{"loc":{"start":{"line":22,"column":13},"end":{"line":22,"column":37}},"type":"binary-expr","locations":[{"start":{"line":22,"column":13},"end":{"line":22,"column":19}},{"start":{"line":22,"column":23},"end":{"line":22,"column":37}}],"line":22}},"s":{"0":1689,"1":1689,"2":1689,"3":1512,"4":177,"5":2,"6":1689},"f":{"0":1689},"b":{"0":[0],"1":[0],"2":[1512,177],"3":[2,175],"4":[177,35]},"_coverageSchema":"332fd63041d2c1bcb487cc26dd0d5f7d97098a6c","hash":"7748a22379ee75041d393e3de28ee2cfceb977b2"}
,"/Users/agreen/Repos/react-components/packages/utilities/src/utils/requiredParam.js": {"path":"/Users/agreen/Repos/react-components/packages/utilities/src/utils/requiredParam.js","statementMap":{"0":{"start":{"line":15,"column":2},"end":{"line":17,"column":3}},"1":{"start":{"line":16,"column":4},"end":{"line":16,"column":35}},"2":{"start":{"line":19,"column":2},"end":{"line":19,"column":46}}},"fnMap":{"0":{"name":"(anonymous_0)","decl":{"start":{"line":14,"column":15},"end":{"line":14,"column":16}},"loc":{"start":{"line":14,"column":48},"end":{"line":20,"column":1}},"line":14}},"branchMap":{"0":{"loc":{"start":{"line":15,"column":2},"end":{"line":17,"column":3}},"type":"if","locations":[{"start":{"line":15,"column":2},"end":{"line":17,"column":3}},{"start":{"line":15,"column":2},"end":{"line":17,"column":3}}],"line":15}},"s":{"0":2,"1":1,"2":1},"f":{"0":2},"b":{"0":[1,1]},"_coverageSchema":"332fd63041d2c1bcb487cc26dd0d5f7d97098a6c","hash":"3c258c254040900828263de7f04b63b0d3d7cdd4"}
}
