TN:
SF:/Users/agreen/Repos/react-components/packages/autocomplete/src/containers/AutocompleteContainer.js
FN:33,(anonymous_0)
FN:131,(anonymous_1)
FN:148,(anonymous_2)
FN:171,(anonymous_3)
FN:177,(anonymous_4)
FN:183,(anonymous_5)
FN:191,(anonymous_6)
FN:195,(anonymous_7)
FN:200,(anonymous_8)
FN:204,(anonymous_9)
FN:213,(anonymous_10)
FN:228,(anonymous_11)
FN:235,(anonymous_12)
FN:242,(anonymous_13)
FN:253,(anonymous_14)
FN:264,(anonymous_15)
FN:272,(anonymous_16)
FN:288,(anonymous_17)
FN:299,(anonymous_18)
FN:310,(anonymous_19)
FN:320,(anonymous_20)
FN:323,(anonymous_21)
FN:326,(anonymous_22)
FN:345,(anonymous_23)
FN:350,(anonymous_24)
FN:353,(anonymous_25)
FN:358,(anonymous_26)
FN:365,(anonymous_27)
FN:367,(anonymous_28)
FN:370,(anonymous_29)
FN:373,(anonymous_30)
FN:388,(anonymous_31)
FN:391,(anonymous_32)
FN:394,(anonymous_33)
FN:402,(anonymous_34)
FN:427,(anonymous_35)
FN:433,(anonymous_36)
FN:444,(anonymous_37)
FN:467,(anonymous_38)
FN:470,(anonymous_39)
FN:473,(anonymous_40)
FN:485,(anonymous_41)
FN:495,(anonymous_42)
FN:516,(anonymous_43)
FN:526,(anonymous_44)
FN:541,(anonymous_45)
FNF:46
FNH:27
FNDA:10,(anonymous_0)
FNDA:23,(anonymous_1)
FNDA:28,(anonymous_2)
FNDA:4,(anonymous_3)
FNDA:4,(anonymous_4)
FNDA:2,(anonymous_5)
FNDA:8,(anonymous_6)
FNDA:1,(anonymous_7)
FNDA:12,(anonymous_8)
FNDA:0,(anonymous_9)
FNDA:0,(anonymous_10)
FNDA:0,(anonymous_11)
FNDA:0,(anonymous_12)
FNDA:0,(anonymous_13)
FNDA:0,(anonymous_14)
FNDA:0,(anonymous_15)
FNDA:0,(anonymous_16)
FNDA:0,(anonymous_17)
FNDA:0,(anonymous_18)
FNDA:0,(anonymous_19)
FNDA:433,(anonymous_20)
FNDA:129,(anonymous_21)
FNDA:51,(anonymous_22)
FNDA:1,(anonymous_23)
FNDA:1,(anonymous_24)
FNDA:3,(anonymous_25)
FNDA:0,(anonymous_26)
FNDA:51,(anonymous_27)
FNDA:0,(anonymous_28)
FNDA:0,(anonymous_29)
FNDA:8,(anonymous_30)
FNDA:51,(anonymous_31)
FNDA:0,(anonymous_32)
FNDA:0,(anonymous_33)
FNDA:423,(anonymous_34)
FNDA:2,(anonymous_35)
FNDA:0,(anonymous_36)
FNDA:88,(anonymous_37)
FNDA:0,(anonymous_38)
FNDA:0,(anonymous_39)
FNDA:4,(anonymous_40)
FNDA:51,(anonymous_41)
FNDA:51,(anonymous_42)
FNDA:51,(anonymous_43)
FNDA:79,(anonymous_44)
FNDA:51,(anonymous_45)
DA:32,1
DA:33,10
DA:132,23
DA:134,23
DA:141,23
DA:142,23
DA:144,23
DA:145,23
DA:149,28
DA:150,28
DA:158,28
DA:159,0
DA:160,0
DA:163,0
DA:172,4
DA:174,4
DA:178,4
DA:180,4
DA:184,2
DA:185,2
DA:187,2
DA:188,2
DA:192,8
DA:196,1
DA:197,1
DA:201,12
DA:205,0
DA:206,0
DA:207,0
DA:208,0
DA:214,0
DA:216,0
DA:217,0
DA:218,0
DA:219,0
DA:220,0
DA:221,0
DA:222,0
DA:229,0
DA:230,0
DA:232,0
DA:236,0
DA:237,0
DA:239,0
DA:243,0
DA:245,0
DA:246,0
DA:247,0
DA:248,0
DA:249,0
DA:250,0
DA:254,0
DA:256,0
DA:257,0
DA:258,0
DA:259,0
DA:260,0
DA:261,0
DA:265,0
DA:267,0
DA:268,0
DA:269,0
DA:273,0
DA:275,0
DA:276,0
DA:277,0
DA:278,0
DA:279,0
DA:282,0
DA:283,0
DA:284,0
DA:285,0
DA:289,0
DA:291,0
DA:292,0
DA:293,0
DA:295,0
DA:296,0
DA:300,0
DA:302,0
DA:303,0
DA:304,0
DA:306,0
DA:307,0
DA:311,0
DA:313,0
DA:314,0
DA:315,0
DA:321,433
DA:324,129
DA:335,51
DA:337,51
DA:346,1
DA:347,1
DA:351,1
DA:354,3
DA:356,3
DA:359,0
DA:366,51
DA:368,0
DA:371,0
DA:374,8
DA:376,8
DA:377,0
DA:379,8
DA:382,8
DA:389,51
DA:392,0
DA:395,0
DA:396,0
DA:411,423
DA:412,423
DA:413,423
DA:415,423
DA:417,423
DA:418,0
DA:421,423
DA:423,423
DA:428,2
DA:434,0
DA:435,0
DA:452,88
DA:453,88
DA:454,88
DA:456,88
DA:458,88
DA:459,4
DA:462,88
DA:464,88
DA:468,0
DA:471,0
DA:474,4
DA:475,4
DA:476,4
DA:486,51
DA:488,51
DA:489,0
DA:492,51
DA:504,51
DA:505,51
DA:507,51
DA:508,51
DA:509,51
DA:510,51
DA:512,51
DA:517,51
DA:519,51
DA:527,79
DA:542,51
DA:543,51
DA:545,51
DA:554,51
DA:555,41
DA:558,10
LF:154
LH:76
BRDA:150,0,0,28
BRDA:150,0,1,0
BRDA:158,1,0,0
BRDA:158,1,1,28
BRDA:158,2,0,28
BRDA:158,2,1,0
BRDA:159,3,0,0
BRDA:159,3,1,0
BRDA:163,4,0,0
BRDA:185,5,0,2
BRDA:185,5,1,2
BRDA:201,6,0,12
BRDA:201,6,1,12
BRDA:205,7,0,0
BRDA:205,7,1,0
BRDA:206,8,0,0
BRDA:206,8,1,0
BRDA:216,9,0,0
BRDA:216,9,1,0
BRDA:217,10,0,0
BRDA:217,10,1,0
BRDA:220,11,0,0
BRDA:220,11,1,0
BRDA:229,12,0,0
BRDA:229,12,1,0
BRDA:236,13,0,0
BRDA:236,13,1,0
BRDA:245,14,0,0
BRDA:245,14,1,0
BRDA:248,15,0,0
BRDA:248,15,1,0
BRDA:256,16,0,0
BRDA:256,16,1,0
BRDA:259,17,0,0
BRDA:259,17,1,0
BRDA:259,18,0,0
BRDA:259,18,1,0
BRDA:267,19,0,0
BRDA:267,19,1,0
BRDA:275,20,0,0
BRDA:275,20,1,0
BRDA:276,21,0,0
BRDA:276,21,1,0
BRDA:278,22,0,0
BRDA:278,22,1,0
BRDA:283,23,0,0
BRDA:283,23,1,0
BRDA:291,24,0,0
BRDA:291,24,1,0
BRDA:302,25,0,0
BRDA:302,25,1,0
BRDA:313,26,0,0
BRDA:313,26,1,0
BRDA:321,27,0,10
BRDA:321,27,1,423
BRDA:324,28,0,37
BRDA:324,28,1,92
BRDA:326,29,0,0
BRDA:327,30,0,51
BRDA:328,31,0,51
BRDA:343,32,0,10
BRDA:343,32,1,41
BRDA:346,33,0,1
BRDA:346,33,1,0
BRDA:346,34,0,1
BRDA:346,34,1,1
BRDA:356,35,0,3
BRDA:356,35,1,0
BRDA:376,36,0,0
BRDA:376,36,1,8
BRDA:388,37,0,0
BRDA:388,38,0,51
BRDA:402,39,0,0
BRDA:403,40,0,0
BRDA:404,41,0,423
BRDA:405,42,0,423
BRDA:413,43,0,423
BRDA:413,43,1,0
BRDA:417,44,0,0
BRDA:417,44,1,423
BRDA:434,45,0,0
BRDA:434,45,1,0
BRDA:445,46,0,0
BRDA:446,47,0,88
BRDA:458,48,0,4
BRDA:458,48,1,84
BRDA:488,49,0,0
BRDA:488,49,1,51
BRDA:498,50,0,51
BRDA:520,51,0,51
BRDA:520,51,1,51
BRDA:554,52,0,41
BRDA:554,52,1,10
BRF:93
BRH:34
end_of_record
TN:
SF:/Users/agreen/Repos/react-components/packages/autocomplete/src/elements/Autocomplete.js
FN:30,(anonymous_18)
FN:34,(anonymous_19)
FN:106,(anonymous_24)
FN:113,(anonymous_26)
FN:158,(anonymous_28)
FN:166,(anonymous_29)
FN:171,onClick
FN:177,onMouseEnter
FN:180,onMouseLeave
FN:192,onSelect
FN:195,onStateChange
FN:202,trigger
FN:216,inputRef
FN:245,innerRef
FN:253,onChange
FN:256,onFocus
FN:259,onBlur
FN:262,onKeyDown
FN:281,(anonymous_42)
FNF:19
FNH:0
FNDA:0,(anonymous_18)
FNDA:0,(anonymous_19)
FNDA:0,(anonymous_24)
FNDA:0,(anonymous_26)
FNDA:0,(anonymous_28)
FNDA:0,(anonymous_29)
FNDA:0,onClick
FNDA:0,onMouseEnter
FNDA:0,onMouseLeave
FNDA:0,onSelect
FNDA:0,onStateChange
FNDA:0,trigger
FNDA:0,inputRef
FNDA:0,innerRef
FNDA:0,onChange
FNDA:0,onFocus
FNDA:0,onBlur
FNDA:0,onKeyDown
FNDA:0,(anonymous_42)
DA:8,0
DA:9,0
DA:10,0
DA:11,0
DA:12,0
DA:13,0
DA:14,0
DA:16,0
DA:23,0
DA:28,0
DA:30,0
DA:33,0
DA:34,0
DA:47,0
DA:51,0
DA:97,0
DA:98,0
DA:100,0
DA:104,0
DA:106,0
DA:109,0
DA:110,0
DA:111,0
DA:113,0
DA:114,0
DA:116,0
DA:123,0
DA:125,0
DA:126,0
DA:129,0
DA:132,0
DA:133,0
DA:136,0
DA:139,0
DA:155,0
DA:156,0
DA:158,0
DA:159,0
DA:161,0
DA:164,0
DA:166,0
DA:172,0
DA:173,0
DA:174,0
DA:178,0
DA:181,0
DA:193,0
DA:196,0
DA:197,0
DA:200,0
DA:207,0
DA:208,0
DA:217,0
DA:218,0
DA:222,0
DA:223,0
DA:232,0
DA:246,0
DA:247,0
DA:248,0
DA:254,0
DA:257,0
DA:260,0
DA:263,0
DA:269,0
DA:281,0
DA:282,0
DA:291,0
DA:293,0
DA:294,0
DA:297,0
DA:299,0
LF:72
LH:0
BRDA:30,0,0,0
BRDA:30,0,1,0
BRDA:35,1,0,0
BRDA:35,1,1,0
BRDA:104,2,0,0
BRDA:104,2,1,0
BRDA:125,3,0,0
BRDA:125,3,1,0
BRDA:132,4,0,0
BRDA:132,4,1,0
BRDA:168,5,0,0
BRDA:168,5,1,0
BRDA:172,6,0,0
BRDA:172,6,1,0
BRDA:173,7,0,0
BRDA:173,7,1,0
BRDA:188,8,0,0
BRDA:188,8,1,0
BRDA:193,9,0,0
BRDA:193,9,1,0
BRDA:196,10,0,0
BRDA:196,10,1,0
BRDA:210,11,0,0
BRDA:210,11,1,0
BRDA:222,12,0,0
BRDA:222,12,1,0
BRDA:234,13,0,0
BRDA:234,13,1,0
BRDA:248,14,0,0
BRDA:248,14,1,0
BRDA:263,15,0,0
BRDA:263,15,1,0
BRDA:264,16,0,0
BRDA:264,16,1,0
BRDA:264,16,2,0
BRDA:264,16,3,0
BRDA:264,16,4,0
BRDA:287,17,0,0
BRDA:287,17,1,0
BRDA:293,18,0,0
BRDA:293,18,1,0
BRDA:306,19,0,0
BRDA:306,19,1,0
BRF:43
BRH:0
end_of_record
TN:
SF:/Users/agreen/Repos/react-components/packages/autocomplete/src/elements/Multiselect.js
FN:32,(anonymous_0)
FN:41,(anonymous_1)
FN:117,(anonymous_2)
FN:124,(anonymous_3)
FN:127,(anonymous_4)
FN:130,(anonymous_5)
FN:134,(anonymous_6)
FN:160,(anonymous_7)
FN:165,(anonymous_8)
FN:174,(anonymous_9)
FN:198,(anonymous_10)
FN:219,(anonymous_11)
FN:226,(anonymous_12)
FN:230,(anonymous_13)
FN:235,(anonymous_14)
FN:253,(anonymous_15)
FN:261,(anonymous_16)
FN:266,(anonymous_17)
FN:272,(anonymous_18)
FN:275,(anonymous_19)
FN:288,(anonymous_20)
FN:295,(anonymous_21)
FN:301,(anonymous_22)
FN:308,(anonymous_23)
FN:324,(anonymous_24)
FN:357,(anonymous_25)
FN:368,(anonymous_26)
FN:371,(anonymous_27)
FN:379,(anonymous_28)
FN:382,(anonymous_29)
FN:418,(anonymous_30)
FNF:31
FNH:28
FNDA:10,(anonymous_0)
FNDA:51,(anonymous_1)
FNDA:423,(anonymous_2)
FNDA:51,(anonymous_3)
FNDA:423,(anonymous_4)
FNDA:51,(anonymous_5)
FNDA:423,(anonymous_6)
FNDA:51,(anonymous_7)
FNDA:42,(anonymous_8)
FNDA:1,(anonymous_9)
FNDA:2,(anonymous_10)
FNDA:5,(anonymous_11)
FNDA:10,(anonymous_12)
FNDA:5,(anonymous_13)
FNDA:51,(anonymous_14)
FNDA:214,(anonymous_15)
FNDA:51,(anonymous_16)
FNDA:0,(anonymous_17)
FNDA:0,(anonymous_18)
FNDA:0,(anonymous_19)
FNDA:2,(anonymous_20)
FNDA:2,(anonymous_21)
FNDA:19,(anonymous_22)
FNDA:51,(anonymous_23)
FNDA:74,(anonymous_24)
FNDA:79,(anonymous_25)
FNDA:1,(anonymous_26)
FNDA:6,(anonymous_27)
FNDA:1,(anonymous_28)
FNDA:5,(anonymous_29)
FNDA:51,(anonymous_30)
DA:18,1
DA:25,1
DA:30,1
DA:32,10
DA:35,1
DA:42,51
DA:55,1
DA:59,1
DA:63,1
DA:69,1
DA:118,423
DA:119,423
DA:121,423
DA:125,51
DA:127,423
DA:131,51
DA:132,51
DA:134,51
DA:135,423
DA:137,423
DA:144,423
DA:146,423
DA:147,0
DA:150,423
DA:153,51
DA:154,34
DA:157,17
DA:161,51
DA:162,51
DA:164,51
DA:165,19
DA:166,42
DA:175,1
DA:176,1
DA:184,32
DA:186,32
DA:187,46
DA:189,46
DA:199,2
DA:200,1
DA:208,32
DA:209,6
DA:216,32
DA:220,5
DA:222,5
DA:223,0
DA:226,5
DA:227,10
DA:230,5
DA:231,5
DA:250,51
DA:251,51
DA:253,51
DA:254,214
DA:256,214
DA:259,51
DA:262,51
DA:267,0
DA:268,0
DA:269,0
DA:273,0
DA:276,0
DA:289,2
DA:290,1
DA:292,1
DA:295,2
DA:296,2
DA:299,2
DA:302,19
DA:303,5
DA:306,19
DA:315,51
DA:325,74
DA:326,74
DA:330,51
DA:331,4
DA:341,51
DA:358,79
DA:359,79
DA:360,79
DA:369,1
DA:372,6
DA:373,1
DA:375,1
DA:377,5
DA:380,1
DA:383,5
DA:389,2
DA:391,2
DA:394,3
DA:398,3
DA:399,1
DA:401,1
DA:404,2
DA:405,2
DA:419,51
DA:428,51
DA:430,51
DA:431,0
DA:434,51
DA:436,51
LF:101
LH:93
BRDA:32,0,0,10
BRDA:32,0,1,0
BRDA:42,1,0,51
BRDA:42,1,1,27
BRDA:42,1,2,7
BRDA:42,1,3,21
BRDA:42,1,4,20
BRDA:125,2,0,51
BRDA:125,2,1,51
BRDA:146,3,0,0
BRDA:146,3,1,423
BRDA:153,4,0,34
BRDA:153,4,1,17
BRDA:164,5,0,19
BRDA:164,5,1,32
BRDA:164,6,0,51
BRDA:164,6,1,20
BRDA:175,7,0,1
BRDA:175,7,1,0
BRDA:186,8,0,78
BRDA:186,8,1,71
BRDA:193,9,0,46
BRDA:193,9,1,1
BRDA:199,10,0,1
BRDA:199,10,1,1
BRDA:208,11,0,6
BRDA:208,11,1,26
BRDA:211,12,0,0
BRDA:211,12,1,6
BRDA:220,13,0,0
BRDA:222,14,0,0
BRDA:222,14,1,5
BRDA:231,15,0,5
BRDA:231,15,1,5
BRDA:241,16,0,24
BRDA:263,17,0,51
BRDA:263,17,1,1
BRDA:267,18,0,0
BRDA:267,18,1,0
BRDA:268,19,0,0
BRDA:268,19,1,0
BRDA:283,20,0,51
BRDA:283,20,1,0
BRDA:289,21,0,1
BRDA:289,21,1,1
BRDA:296,22,0,2
BRDA:296,22,1,2
BRDA:302,23,0,5
BRDA:302,23,1,14
BRDA:302,24,0,19
BRDA:302,24,1,17
BRDA:317,25,0,51
BRDA:317,25,1,43
BRDA:317,25,2,34
BRDA:330,26,0,4
BRDA:330,26,1,47
BRDA:344,27,0,51
BRDA:344,27,1,41
BRDA:344,27,2,37
BRDA:360,28,0,79
BRDA:360,28,1,1
BRDA:372,29,0,1
BRDA:372,29,1,5
BRDA:383,30,0,2
BRDA:383,30,1,3
BRDA:384,31,0,5
BRDA:384,31,1,2
BRDA:384,31,2,1
BRDA:384,31,3,2
BRDA:384,31,4,2
BRDA:394,32,0,3
BRDA:394,32,1,0
BRDA:395,33,0,3
BRDA:395,33,1,2
BRDA:398,34,0,1
BRDA:398,34,1,2
BRDA:404,35,0,2
BRDA:404,35,1,0
BRDA:424,36,0,27
BRDA:424,36,1,24
BRDA:430,37,0,0
BRDA:430,37,1,51
BRDA:443,38,0,51
BRDA:443,38,1,0
BRF:84
BRH:69
end_of_record
TN:
SF:/Users/agreen/Repos/react-components/packages/avatars/src/Avatar.js
FN:27,className
FN:42,(anonymous_3)
FNF:2
FNH:0
FNDA:0,className
FNDA:0,(anonymous_3)
DA:8,0
DA:9,0
DA:10,0
DA:11,0
DA:12,0
DA:14,0
DA:15,0
DA:24,0
DA:27,0
DA:42,0
DA:45,0
LF:11
LH:0
BRF:0
BRH:0
end_of_record
TN:
SF:/Users/agreen/Repos/react-components/packages/breadcrumbs/src/containers/BreadcrumbContainer.js
FNF:0
FNH:0
DA:8,0
DA:9,0
DA:24,0
DA:25,0
DA:32,0
DA:33,0
DA:35,0
LF:7
LH:0
BRDA:24,0,0,0
BRDA:24,0,1,0
BRDA:24,1,0,0
BRDA:24,1,1,0
BRDA:24,2,0,0
BRDA:24,2,1,0
BRDA:33,3,0,0
BRDA:33,3,1,0
BRF:8
BRH:0
end_of_record
TN:
SF:/Users/agreen/Repos/react-components/packages/breadcrumbs/src/elements/Breadcrumb.js
FN:29,(anonymous_21)
FN:48,(anonymous_23)
FNF:2
FNH:0
FNDA:0,(anonymous_21)
FNDA:0,(anonymous_23)
DA:8,0
DA:9,0
DA:10,0
DA:12,0
DA:13,0
DA:14,0
DA:15,0
DA:27,0
DA:29,0
DA:30,0
DA:35,0
DA:43,0
DA:44,0
DA:46,0
DA:48,0
LF:15
LH:0
BRDA:36,0,0,0
BRDA:36,0,1,0
BRF:2
BRH:0
end_of_record
TN:
SF:/Users/agreen/Repos/react-components/packages/breadcrumbs/src/views/BreadcrumbView.js
FN:20,(anonymous_1)
FNF:1
FNH:0
FNDA:0,(anonymous_1)
DA:8,0
DA:9,0
DA:11,0
DA:16,0
DA:20,0
LF:5
LH:0
BRF:0
BRH:0
end_of_record
TN:
SF:/Users/agreen/Repos/react-components/packages/breadcrumbs/src/views/Item.js
FN:22,className
FN:28,(anonymous_3)
FN:33,(anonymous_4)
FNF:3
FNH:0
FNDA:0,className
FNDA:0,(anonymous_3)
FNDA:0,(anonymous_4)
DA:8,0
DA:9,0
DA:10,0
DA:11,0
DA:12,0
DA:14,0
DA:19,0
DA:22,0
DA:28,0
DA:31,0
DA:33,0
LF:11
LH:0
BRF:0
BRH:0
end_of_record
TN:
SF:/Users/agreen/Repos/react-components/packages/breadcrumbs/src/views/List.js
FN:21,className
FN:27,(anonymous_3)
FNF:2
FNH:0
FNDA:0,className
FNDA:0,(anonymous_3)
DA:8,0
DA:9,0
DA:10,0
DA:11,0
DA:13,0
DA:18,0
DA:21,0
DA:27,0
LF:8
LH:0
BRF:0
BRH:0
end_of_record
TN:
SF:/Users/agreen/Repos/react-components/packages/buttons/src/containers/ButtonGroupContainer.js
FN:50,(anonymous_0)
FN:60,(anonymous_1)
FN:67,(anonymous_2)
FN:78,(anonymous_3)
FN:90,(anonymous_4)
FN:101,(anonymous_5)
FN:103,(anonymous_6)
FN:104,(anonymous_7)
FNF:8
FNH:0
FNDA:0,(anonymous_0)
FNDA:0,(anonymous_1)
FNDA:0,(anonymous_2)
FNDA:0,(anonymous_3)
FNDA:0,(anonymous_4)
FNDA:0,(anonymous_5)
FNDA:0,(anonymous_6)
FNDA:0,(anonymous_7)
DA:51,0
DA:53,0
DA:61,0
DA:68,0
DA:69,0
DA:74,0
DA:82,0
DA:84,0
DA:91,0
DA:92,0
DA:94,0
DA:102,0
DA:103,0
DA:105,0
LF:14
LH:0
BRDA:60,0,0,0
BRDA:60,1,0,0
BRDA:67,2,0,0
BRDA:67,3,0,0
BRDA:67,4,0,0
BRDA:68,5,0,0
BRDA:68,5,1,0
BRDA:68,6,0,0
BRDA:68,6,1,0
BRDA:91,7,0,0
BRF:10
BRH:0
end_of_record
TN:
SF:/Users/agreen/Repos/react-components/packages/buttons/src/elements/ButtonGroup.js
FN:35,(anonymous_0)
FN:47,(anonymous_1)
FN:56,(anonymous_2)
FN:60,(anonymous_3)
FN:95,(anonymous_4)
FN:106,(anonymous_5)
FNF:6
FNH:0
FNDA:0,(anonymous_0)
FNDA:0,(anonymous_1)
FNDA:0,(anonymous_2)
FNDA:0,(anonymous_3)
FNDA:0,(anonymous_4)
FNDA:0,(anonymous_5)
DA:36,0
DA:38,0
DA:44,0
DA:51,0
DA:52,0
DA:57,0
DA:58,0
DA:60,0
DA:61,0
DA:62,0
DA:65,0
DA:66,0
DA:67,0
DA:70,0
DA:72,0
DA:73,0
DA:76,0
DA:77,0
DA:80,0
DA:91,0
DA:96,0
DA:97,0
DA:99,0
DA:107,0
LF:24
LH:0
BRDA:51,0,0,0
BRDA:51,0,1,0
BRDA:51,1,0,0
BRDA:51,1,1,0
BRDA:61,2,0,0
BRDA:61,2,1,0
BRDA:65,3,0,0
BRDA:65,3,1,0
BRDA:66,4,0,0
BRDA:66,4,1,0
BRDA:72,5,0,0
BRDA:72,5,1,0
BRDA:76,6,0,0
BRDA:76,6,1,0
BRF:14
BRH:0
end_of_record
TN:
SF:/Users/agreen/Repos/react-components/packages/buttons/src/views/Anchor.js
FN:21,(anonymous_0)
FN:34,(anonymous_1)
FN:40,(anonymous_2)
FN:42,(anonymous_3)
FNF:4
FNH:4
FNDA:6,(anonymous_0)
FNDA:6,(anonymous_1)
FNDA:6,(anonymous_2)
FNDA:6,(anonymous_3)
DA:16,1
DA:18,1
DA:22,6
DA:34,6
DA:40,1
DA:41,6
DA:43,6
DA:53,1
LF:8
LH:8
BRDA:46,0,0,6
BRDA:46,0,1,6
BRF:2
BRH:2
end_of_record
TN:
SF:/Users/agreen/Repos/react-components/packages/buttons/src/views/Button.js
FN:26,(anonymous_0)
FN:66,(anonymous_1)
FN:72,(anonymous_2)
FN:74,(anonymous_3)
FN:111,(anonymous_4)
FNF:5
FNH:0
FNDA:0,(anonymous_0)
FNDA:0,(anonymous_1)
FNDA:0,(anonymous_2)
FNDA:0,(anonymous_3)
FNDA:0,(anonymous_4)
DA:16,1
DA:18,1
DA:23,1
DA:41,0
DA:66,0
DA:72,1
DA:73,0
DA:75,0
DA:86,1
DA:111,1
LF:10
LH:6
BRDA:43,0,0,0
BRDA:43,0,1,0
BRDA:79,1,0,0
BRDA:79,1,1,0
BRF:4
BRH:0
end_of_record
TN:
SF:/Users/agreen/Repos/react-components/packages/buttons/src/views/button-group/ButtonGroupView.js
FN:21,(anonymous_0)
FN:30,(anonymous_1)
FNF:2
FNH:0
FNDA:0,(anonymous_0)
FNDA:0,(anonymous_1)
DA:13,1
DA:18,1
DA:22,0
DA:30,0
LF:4
LH:2
BRF:0
BRH:0
end_of_record
TN:
SF:/Users/agreen/Repos/react-components/packages/buttons/src/views/icon-button/ChevronButton.js
FN:22,(anonymous_0)
FNF:1
FNH:0
FNDA:0,(anonymous_0)
DA:14,1
DA:22,1
DA:23,0
DA:30,1
LF:4
LH:3
BRF:0
BRH:0
end_of_record
TN:
SF:/Users/agreen/Repos/react-components/packages/buttons/src/views/icon-button/Icon.js
FN:15,(anonymous_0)
FNF:1
FNH:0
FNDA:0,(anonymous_0)
DA:13,1
DA:15,1
DA:16,0
DA:25,1
LF:4
LH:3
BRF:0
BRH:0
end_of_record
TN:
SF:/Users/agreen/Repos/react-components/packages/buttons/src/views/icon-button/IconButton.js
FN:27,(anonymous_0)
FNF:1
FNH:0
FNDA:0,(anonymous_0)
DA:13,1
DA:17,1
DA:22,1
DA:27,0
DA:30,1
DA:50,1
LF:6
LH:5
BRF:0
BRH:0
end_of_record
TN:
SF:/Users/agreen/Repos/react-components/packages/checkboxes/src/elements/Checkbox.js
FN:40,Checkbox
FN:48,(anonymous_23)
FN:68,(anonymous_24)
FN:77,(anonymous_25)
FN:111,(anonymous_27)
FN:113,(anonymous_28)
FNF:6
FNH:0
FNDA:0,Checkbox
FNDA:0,(anonymous_23)
FNDA:0,(anonymous_24)
FNDA:0,(anonymous_25)
FNDA:0,(anonymous_27)
FNDA:0,(anonymous_28)
DA:8,0
DA:9,0
DA:10,0
DA:17,0
DA:19,0
DA:20,0
DA:21,0
DA:22,0
DA:40,0
DA:41,0
DA:43,0
DA:54,0
DA:55,0
DA:64,0
DA:66,0
DA:68,0
DA:69,0
DA:70,0
DA:74,0
DA:78,0
DA:79,0
DA:82,0
DA:83,0
DA:85,0
DA:96,0
DA:97,0
DA:100,0
DA:106,0
DA:107,0
DA:109,0
DA:111,0
DA:113,0
LF:32
LH:0
BRDA:54,0,0,0
BRDA:54,0,1,0
BRDA:54,1,0,0
BRDA:54,1,1,0
BRDA:69,2,0,0
BRDA:69,2,1,0
BRDA:78,3,0,0
BRDA:78,3,1,0
BRDA:82,4,0,0
BRDA:82,4,1,0
BRDA:96,5,0,0
BRDA:96,5,1,0
BRF:12
BRH:0
end_of_record
TN:
SF:/Users/agreen/Repos/react-components/packages/checkboxes/src/views/CheckboxView.js
FN:21,className
FN:27,(anonymous_3)
FNF:2
FNH:0
FNDA:0,className
FNDA:0,(anonymous_3)
DA:8,0
DA:9,0
DA:10,0
DA:11,0
DA:13,0
DA:18,0
DA:21,0
DA:27,0
LF:8
LH:0
BRF:0
BRH:0
end_of_record
TN:
SF:/Users/agreen/Repos/react-components/packages/checkboxes/src/views/Hint.js
FN:21,className
FN:27,(anonymous_3)
FN:30,(anonymous_4)
FNF:3
FNH:0
FNDA:0,className
FNDA:0,(anonymous_3)
FNDA:0,(anonymous_4)
DA:8,0
DA:9,0
DA:10,0
DA:11,0
DA:13,0
DA:18,0
DA:21,0
DA:27,0
DA:30,0
LF:9
LH:0
BRF:0
BRH:0
end_of_record
TN:
SF:/Users/agreen/Repos/react-components/packages/checkboxes/src/views/Input.js
FN:24,(anonymous_1)
FNF:1
FNH:0
FNDA:0,(anonymous_1)
DA:8,0
DA:9,0
DA:10,0
DA:12,0
DA:17,0
DA:24,0
LF:6
LH:0
BRF:0
BRH:0
end_of_record
TN:
SF:/Users/agreen/Repos/react-components/packages/checkboxes/src/views/Label.js
FN:22,className
FN:39,(anonymous_3)
FN:52,(anonymous_4)
FNF:3
FNH:0
FNDA:0,className
FNDA:0,(anonymous_3)
FNDA:0,(anonymous_4)
DA:8,0
DA:9,0
DA:10,0
DA:11,0
DA:12,0
DA:14,0
DA:19,0
DA:22,0
DA:39,0
DA:42,0
DA:52,0
LF:11
LH:0
BRF:0
BRH:0
end_of_record
TN:
SF:/Users/agreen/Repos/react-components/packages/checkboxes/src/views/Message.js
FN:28,className
FN:38,(anonymous_3)
FN:50,(anonymous_4)
FNF:3
FNH:0
FNDA:0,className
FNDA:0,(anonymous_3)
FNDA:0,(anonymous_4)
DA:8,0
DA:9,0
DA:10,0
DA:11,0
DA:12,0
DA:14,0
DA:15,0
DA:25,0
DA:28,0
DA:38,0
DA:41,0
DA:50,0
LF:12
LH:0
BRF:0
BRH:0
end_of_record
TN:
SF:/Users/agreen/Repos/react-components/packages/chrome/src/containers/AccordionContainer.js
FN:44,AccordionContainer
FN:53,(anonymous_22)
FN:55,(anonymous_23)
FN:57,(anonymous_24)
FN:71,(anonymous_25)
FN:78,(anonymous_26)
FN:85,(anonymous_27)
FNF:7
FNH:0
FNDA:0,AccordionContainer
FNDA:0,(anonymous_22)
FNDA:0,(anonymous_23)
FNDA:0,(anonymous_24)
FNDA:0,(anonymous_25)
FNDA:0,(anonymous_26)
FNDA:0,(anonymous_27)
DA:8,0
DA:9,0
DA:44,0
DA:45,0
DA:47,0
DA:53,0
DA:55,0
DA:57,0
DA:58,0
DA:59,0
DA:64,0
DA:71,0
DA:72,0
DA:74,0
DA:79,0
DA:85,0
DA:86,0
DA:88,0
DA:97,0
DA:98,0
DA:99,0
DA:101,0
LF:22
LH:0
BRDA:57,0,0,0
BRDA:57,0,1,0
BRDA:57,1,0,0
BRDA:57,1,1,0
BRDA:57,2,0,0
BRDA:57,2,1,0
BRDA:58,3,0,0
BRDA:58,3,1,0
BRDA:71,4,0,0
BRDA:71,4,1,0
BRDA:71,5,0,0
BRDA:71,5,1,0
BRDA:85,6,0,0
BRDA:85,6,1,0
BRDA:85,7,0,0
BRDA:85,7,1,0
BRDA:85,8,0,0
BRDA:85,8,1,0
BRDA:98,9,0,0
BRDA:98,9,1,0
BRF:20
BRH:0
end_of_record
TN:
SF:/Users/agreen/Repos/react-components/packages/chrome/src/views/Chrome.js
FN:21,className
FN:27,(anonymous_3)
FNF:2
FNH:0
FNDA:0,className
FNDA:0,(anonymous_3)
DA:8,0
DA:9,0
DA:10,0
DA:11,0
DA:13,0
DA:18,0
DA:21,0
DA:27,0
LF:8
LH:0
BRF:0
BRH:0
end_of_record
TN:
SF:/Users/agreen/Repos/react-components/packages/chrome/src/views/body/Body.js
FN:22,(anonymous_1)
FNF:1
FNH:0
FNDA:0,(anonymous_1)
DA:8,0
DA:9,0
DA:10,0
DA:12,0
DA:17,0
DA:22,0
LF:6
LH:0
BRF:0
BRH:0
end_of_record
TN:
SF:/Users/agreen/Repos/react-components/packages/chrome/src/views/body/Content.js
FN:22,(anonymous_1)
FNF:1
FNH:0
FNDA:0,(anonymous_1)
DA:8,0
DA:9,0
DA:10,0
DA:12,0
DA:17,0
DA:22,0
LF:6
LH:0
BRF:0
BRH:0
end_of_record
TN:
SF:/Users/agreen/Repos/react-components/packages/chrome/src/views/body/Main.js
FN:22,(anonymous_1)
FNF:1
FNH:0
FNDA:0,(anonymous_1)
DA:8,0
DA:9,0
DA:10,0
DA:12,0
DA:17,0
DA:22,0
LF:6
LH:0
BRF:0
BRH:0
end_of_record
TN:
SF:/Users/agreen/Repos/react-components/packages/chrome/src/views/body/Sidebar.js
FN:22,(anonymous_1)
FNF:1
FNH:0
FNDA:0,(anonymous_1)
DA:8,0
DA:9,0
DA:10,0
DA:12,0
DA:17,0
DA:22,0
LF:6
LH:0
BRF:0
BRH:0
end_of_record
TN:
SF:/Users/agreen/Repos/react-components/packages/chrome/src/views/header/Header.js
FN:22,className
FN:27,(anonymous_3)
FNF:2
FNH:0
FNDA:0,className
FNDA:0,(anonymous_3)
DA:8,0
DA:9,0
DA:10,0
DA:11,0
DA:12,0
DA:14,0
DA:19,0
DA:22,0
DA:27,0
DA:30,0
LF:10
LH:0
BRF:0
BRH:0
end_of_record
TN:
SF:/Users/agreen/Repos/react-components/packages/chrome/src/views/header/HeaderItem.js
FN:31,className
FN:58,(anonymous_8)
FN:64,HeaderItem
FN:66,(anonymous_10)
FNF:4
FNH:0
FNDA:0,className
FNDA:0,(anonymous_8)
FNDA:0,HeaderItem
FNDA:0,(anonymous_10)
DA:8,0
DA:9,0
DA:10,0
DA:11,0
DA:12,0
DA:13,0
DA:14,0
DA:16,0
DA:18,0
DA:28,0
DA:31,0
DA:58,0
DA:64,0
DA:66,0
DA:77,0
LF:15
LH:0
BRDA:70,0,0,0
BRDA:70,0,1,0
BRF:2
BRH:0
end_of_record
TN:
SF:/Users/agreen/Repos/react-components/packages/chrome/src/views/header/HeaderItemIcon.js
FN:14,HeaderItemIcon
FNF:1
FNH:0
FNDA:0,HeaderItemIcon
DA:8,0
DA:9,0
DA:11,0
DA:14,0
DA:15,0
LF:5
LH:0
BRF:0
BRH:0
end_of_record
TN:
SF:/Users/agreen/Repos/react-components/packages/chrome/src/views/header/HeaderItemText.js
FN:22,className
FN:27,(anonymous_3)
FNF:2
FNH:0
FNDA:0,className
FNDA:0,(anonymous_3)
DA:8,0
DA:9,0
DA:10,0
DA:11,0
DA:12,0
DA:14,0
DA:19,0
DA:22,0
DA:27,0
DA:30,0
LF:10
LH:0
BRF:0
BRH:0
end_of_record
TN:
SF:/Users/agreen/Repos/react-components/packages/chrome/src/views/header/HeaderItemWrapper.js
FN:31,(anonymous_1)
FNF:1
FNH:0
FNDA:0,(anonymous_1)
DA:8,0
DA:9,0
DA:10,0
DA:12,0
DA:14,0
DA:16,0
DA:27,0
DA:31,0
DA:34,0
LF:9
LH:0
BRF:0
BRH:0
end_of_record
TN:
SF:/Users/agreen/Repos/react-components/packages/chrome/src/views/nav/Nav.js
FN:22,className
FN:32,(anonymous_3)
FNF:2
FNH:0
FNDA:0,className
FNDA:0,(anonymous_3)
DA:8,0
DA:9,0
DA:10,0
DA:11,0
DA:12,0
DA:14,0
DA:19,0
DA:22,0
DA:32,0
DA:35,0
LF:10
LH:0
BRF:0
BRH:0
end_of_record
TN:
SF:/Users/agreen/Repos/react-components/packages/chrome/src/views/nav/NavItem.js
FN:34,className
FN:56,(anonymous_8)
FN:62,NavItem
FN:64,(anonymous_10)
FNF:4
FNH:0
FNDA:0,className
FNDA:0,(anonymous_8)
FNDA:0,NavItem
FNDA:0,(anonymous_10)
DA:8,0
DA:9,0
DA:10,0
DA:11,0
DA:12,0
DA:13,0
DA:14,0
DA:16,0
DA:18,0
DA:31,0
DA:34,0
DA:56,0
DA:62,0
DA:64,0
DA:78,0
LF:15
LH:0
BRDA:67,0,0,0
BRDA:67,0,1,0
BRDA:67,1,0,0
BRDA:67,1,1,0
BRDA:69,2,0,0
BRDA:69,2,1,0
BRF:6
BRH:0
end_of_record
TN:
SF:/Users/agreen/Repos/react-components/packages/chrome/src/views/nav/NavItemIcon.js
FN:14,NavItemIcon
FNF:1
FNH:0
FNDA:0,NavItemIcon
DA:8,0
DA:9,0
DA:11,0
DA:14,0
DA:15,0
LF:5
LH:0
BRF:0
BRH:0
end_of_record
TN:
SF:/Users/agreen/Repos/react-components/packages/chrome/src/views/nav/NavItemText.js
FN:22,className
FN:27,(anonymous_3)
FNF:2
FNH:0
FNDA:0,className
FNDA:0,(anonymous_3)
DA:8,0
DA:9,0
DA:10,0
DA:11,0
DA:12,0
DA:14,0
DA:19,0
DA:22,0
DA:27,0
DA:30,0
LF:10
LH:0
BRF:0
BRH:0
end_of_record
TN:
SF:/Users/agreen/Repos/react-components/packages/chrome/src/views/subnav/CollapsibleSubNavItem.js
FN:25,className
FN:30,(anonymous_22)
FN:41,className
FN:46,(anonymous_24)
FN:78,onStateChange
FN:82,(anonymous_30)
FN:97,innerRef
FNF:7
FNH:0
FNDA:0,className
FNDA:0,(anonymous_22)
FNDA:0,className
FNDA:0,(anonymous_24)
FNDA:0,onStateChange
FNDA:0,(anonymous_30)
FNDA:0,innerRef
DA:8,0
DA:9,0
DA:10,0
DA:11,0
DA:12,0
DA:13,0
DA:15,0
DA:16,0
DA:18,0
DA:19,0
DA:22,0
DA:25,0
DA:30,0
DA:33,0
DA:38,0
DA:41,0
DA:46,0
DA:49,0
DA:67,0
DA:68,0
DA:72,0
DA:73,0
DA:75,0
DA:79,0
DA:82,0
DA:98,0
LF:26
LH:0
BRDA:67,0,0,0
BRDA:67,0,1,0
BRDA:67,1,0,0
BRDA:67,1,1,0
BRDA:79,2,0,0
BRDA:79,2,1,0
BRF:6
BRH:0
end_of_record
TN:
SF:/Users/agreen/Repos/react-components/packages/chrome/src/views/subnav/SubNav.js
FN:22,(anonymous_1)
FNF:1
FNH:0
FNDA:0,(anonymous_1)
DA:8,0
DA:9,0
DA:10,0
DA:12,0
DA:17,0
DA:22,0
LF:6
LH:0
BRF:0
BRH:0
end_of_record
TN:
SF:/Users/agreen/Repos/react-components/packages/chrome/src/views/subnav/SubNavItem.js
FN:21,className
FN:29,(anonymous_6)
FN:35,SubNavItem
FN:37,(anonymous_8)
FNF:4
FNH:0
FNDA:0,className
FNDA:0,(anonymous_6)
FNDA:0,SubNavItem
FNDA:0,(anonymous_8)
DA:8,0
DA:9,0
DA:10,0
DA:11,0
DA:12,0
DA:13,0
DA:14,0
DA:16,0
DA:18,0
DA:21,0
DA:29,0
DA:35,0
DA:37,0
DA:48,0
LF:14
LH:0
BRF:0
BRH:0
end_of_record
TN:
SF:/Users/agreen/Repos/react-components/packages/chrome/src/views/subnav/SubNavItemText.js
FN:22,className
FN:27,(anonymous_3)
FNF:2
FNH:0
FNDA:0,className
FNDA:0,(anonymous_3)
DA:8,0
DA:9,0
DA:10,0
DA:11,0
DA:12,0
DA:14,0
DA:19,0
DA:22,0
DA:27,0
DA:30,0
LF:10
LH:0
BRF:0
BRH:0
end_of_record
TN:
SF:/Users/agreen/Repos/react-components/packages/grid/src/views/Col.js
FN:16,retrieveNumberedClass
FN:24,retrieveColClassNames
FN:64,className
FN:71,(anonymous_9)
FNF:4
FNH:0
FNDA:0,retrieveNumberedClass
FNDA:0,retrieveColClassNames
FNDA:0,className
FNDA:0,(anonymous_9)
DA:8,0
DA:9,0
DA:10,0
DA:11,0
DA:12,0
DA:14,0
DA:16,0
DA:17,0
DA:18,0
DA:19,0
DA:20,0
DA:24,0
DA:36,0
DA:37,0
DA:39,0
DA:40,0
DA:41,0
DA:42,0
DA:43,0
DA:44,0
DA:45,0
DA:46,0
DA:47,0
DA:48,0
DA:49,0
DA:51,0
DA:52,0
DA:55,0
DA:61,0
DA:64,0
DA:71,0
DA:74,0
LF:32
LH:0
BRDA:17,0,0,0
BRDA:17,0,1,0
BRDA:19,1,0,0
BRDA:19,1,1,0
BRDA:36,2,0,0
BRDA:36,2,1,0
BRDA:36,3,0,0
BRDA:36,3,1,0
BRDA:51,4,0,0
BRDA:51,4,1,0
BRF:10
BRH:0
end_of_record
TN:
SF:/Users/agreen/Repos/react-components/packages/grid/src/views/Grid.js
FN:23,className
FN:36,(anonymous_3)
FNF:2
FNH:0
FNDA:0,className
FNDA:0,(anonymous_3)
DA:8,0
DA:9,0
DA:10,0
DA:11,0
DA:12,0
DA:14,0
DA:20,0
DA:23,0
DA:36,0
DA:39,0
DA:46,0
LF:11
LH:0
BRF:0
BRH:0
end_of_record
TN:
SF:/Users/agreen/Repos/react-components/packages/grid/src/views/Row.js
FN:22,className
FN:29,(anonymous_3)
FNF:2
FNH:0
FNDA:0,className
FNDA:0,(anonymous_3)
DA:8,0
DA:9,0
DA:10,0
DA:11,0
DA:12,0
DA:14,0
DA:19,0
DA:22,0
DA:29,0
DA:32,0
DA:41,0
LF:11
LH:0
BRF:0
BRH:0
end_of_record
TN:
SF:/Users/agreen/Repos/react-components/packages/loaders/src/Dots.js
FN:62,(anonymous_22)
FN:85,(anonymous_25)
FNF:2
FNH:0
FNDA:0,(anonymous_22)
FNDA:0,(anonymous_25)
DA:8,0
DA:9,0
DA:11,0
DA:12,0
DA:13,0
DA:15,0
DA:51,0
DA:52,0
DA:54,0
DA:56,0
DA:57,0
DA:58,0
DA:59,0
DA:62,0
DA:63,0
DA:64,0
DA:65,0
DA:67,0
DA:72,0
DA:74,0
DA:77,0
DA:78,0
DA:79,0
DA:80,0
DA:81,0
DA:83,0
DA:85,0
LF:27
LH:0
BRDA:51,0,0,0
BRDA:51,0,1,0
BRDA:51,1,0,0
BRDA:51,1,1,0
BRDA:56,2,0,0
BRDA:56,2,1,0
BRDA:58,3,0,0
BRDA:58,3,1,0
BRF:8
BRH:0
end_of_record
TN:
SF:/Users/agreen/Repos/react-components/packages/loaders/src/Spinner.js
FN:22,Spinner
FN:65,(anonymous_25)
FN:69,(anonymous_26)
FN:91,(anonymous_27)
FN:96,(anonymous_28)
FN:118,(anonymous_30)
FNF:6
FNH:0
FNDA:0,Spinner
FNDA:0,(anonymous_25)
FNDA:0,(anonymous_26)
FNDA:0,(anonymous_27)
FNDA:0,(anonymous_28)
FNDA:0,(anonymous_30)
DA:8,0
DA:9,0
DA:11,0
DA:16,0
DA:17,0
DA:19,0
DA:22,0
DA:23,0
DA:25,0
DA:26,0
DA:27,0
DA:66,0
DA:67,0
DA:69,0
DA:71,0
DA:72,0
DA:73,0
DA:75,0
DA:76,0
DA:78,0
DA:79,0
DA:80,0
DA:81,0
DA:83,0
DA:85,0
DA:87,0
DA:91,0
DA:92,0
DA:93,0
DA:94,0
DA:96,0
DA:97,0
DA:98,0
DA:99,0
DA:100,0
DA:101,0
DA:103,0
DA:107,0
DA:108,0
DA:109,0
DA:110,0
DA:111,0
DA:112,0
DA:113,0
DA:114,0
DA:116,0
DA:118,0
LF:47
LH:0
BRDA:71,0,0,0
BRDA:71,0,1,0
BRDA:91,1,0,0
BRDA:91,1,1,0
BRDA:91,2,0,0
BRDA:91,2,1,0
BRF:6
BRH:0
end_of_record
TN:
SF:/Users/agreen/Repos/react-components/packages/loaders/src/styled-elements.js
FN:17,transform
FN:31,strokeWidth
FN:32,strokeDasharray
FN:33,transform
FN:43,dataGardenId
FN:46,width
FN:47,height
FN:49,viewBox
FN:54,(anonymous_13)
FN:55,(anonymous_14)
FN:57,(anonymous_15)
FN:65,StyledSVG
FN:86,(anonymous_17)
FNF:13
FNH:0
FNDA:0,transform
FNDA:0,strokeWidth
FNDA:0,strokeDasharray
FNDA:0,transform
FNDA:0,dataGardenId
FNDA:0,width
FNDA:0,height
FNDA:0,viewBox
FNDA:0,(anonymous_13)
FNDA:0,(anonymous_14)
FNDA:0,(anonymous_15)
FNDA:0,StyledSVG
FNDA:0,(anonymous_17)
DA:8,0
DA:9,0
DA:10,0
DA:11,0
DA:13,0
DA:17,0
DA:20,0
DA:24,0
DA:31,0
DA:32,0
DA:33,0
DA:36,0
DA:42,0
DA:43,0
DA:46,0
DA:47,0
DA:49,0
DA:54,0
DA:55,0
DA:57,0
DA:60,0
DA:65,0
DA:66,0
DA:73,0
DA:80,0
DA:86,0
DA:89,0
LF:27
LH:0
BRDA:54,0,0,0
BRDA:54,0,1,0
BRDA:55,1,0,0
BRDA:55,1,1,0
BRF:4
BRH:0
end_of_record
TN:
SF:/Users/agreen/Repos/react-components/packages/loaders/src/containers/ScheduleContainer.js
FN:39,ScheduleContainer
FN:50,(anonymous_19)
FN:51,(anonymous_20)
FN:63,(anonymous_23)
FNF:4
FNH:0
FNDA:0,ScheduleContainer
FNDA:0,(anonymous_19)
FNDA:0,(anonymous_20)
FNDA:0,(anonymous_23)
DA:8,0
DA:9,0
DA:11,0
DA:39,0
DA:40,0
DA:42,0
DA:47,0
DA:48,0
DA:50,0
DA:51,0
DA:52,0
DA:58,0
DA:59,0
DA:62,0
DA:63,0
DA:64,0
DA:65,0
DA:69,0
DA:70,0
DA:71,0
DA:73,0
DA:74,0
DA:77,0
LF:23
LH:0
BRDA:70,0,0,0
BRDA:70,0,1,0
BRDA:73,1,0,0
BRDA:73,1,1,0
BRDA:73,2,0,0
BRDA:73,2,1,0
BRF:6
BRH:0
end_of_record
TN:
SF:/Users/agreen/Repos/react-components/packages/loaders/src/utils/animations.js
FN:12,easeInCubic
FN:20,easeOutCubic
FN:30,easeInOutCubic
FNF:3
FNH:0
FNDA:0,easeInCubic
FNDA:0,easeOutCubic
FNDA:0,easeInOutCubic
DA:13,0
DA:21,0
DA:23,0
DA:31,0
LF:4
LH:0
BRDA:31,0,0,0
BRDA:31,0,1,0
BRF:2
BRH:0
end_of_record
TN:
SF:/Users/agreen/Repos/react-components/packages/loaders/src/utils/dot-coordinates.js
FN:28,retrieveXCoordinate
FN:61,retrieveYCoordinate
FNF:2
FNH:0
FNDA:0,retrieveXCoordinate
FNDA:0,retrieveYCoordinate
DA:8,0
DA:10,0
DA:11,0
DA:12,0
DA:13,0
DA:14,0
DA:15,0
DA:17,0
DA:18,0
DA:19,0
DA:20,0
DA:21,0
DA:22,0
DA:31,0
DA:33,0
DA:34,0
DA:35,0
DA:36,0
DA:37,0
DA:38,0
DA:40,0
DA:41,0
DA:42,0
DA:44,0
DA:45,0
DA:47,0
DA:50,0
DA:51,0
DA:54,0
DA:62,0
DA:64,0
DA:65,0
DA:66,0
DA:67,0
DA:68,0
DA:69,0
DA:70,0
DA:72,0
DA:73,0
DA:74,0
DA:75,0
DA:76,0
DA:78,0
DA:80,0
DA:81,0
DA:82,0
DA:84,0
LF:47
LH:0
BRDA:33,0,0,0
BRDA:33,0,1,0
BRDA:35,1,0,0
BRDA:35,1,1,0
BRDA:41,2,0,0
BRDA:41,2,1,0
BRDA:50,3,0,0
BRDA:50,3,1,0
BRDA:64,4,0,0
BRDA:64,4,1,0
BRDA:66,5,0,0
BRDA:66,5,1,0
BRDA:68,6,0,0
BRDA:68,6,1,0
BRDA:73,7,0,0
BRDA:73,7,1,0
BRF:16
BRH:0
end_of_record
TN:
SF:/Users/agreen/Repos/react-components/packages/loaders/src/utils/spinner-coordinates.js
FNF:0
FNH:0
DA:8,0
DA:20,0
DA:48,0
LF:3
LH:0
BRF:0
BRH:0
end_of_record
TN:
SF:/Users/agreen/Repos/react-components/packages/menus/src/containers/MenuContainer.js
FN:33,(anonymous_0)
FN:143,(anonymous_1)
FN:157,(anonymous_2)
FN:158,(anonymous_3)
FN:163,(anonymous_4)
FN:164,(anonymous_5)
FN:169,(anonymous_6)
FN:173,(anonymous_7)
FN:202,(anonymous_8)
FN:210,(anonymous_9)
FN:215,(anonymous_10)
FN:231,(anonymous_11)
FN:247,(anonymous_12)
FN:263,(anonymous_13)
FN:270,(anonymous_14)
FN:271,(anonymous_15)
FN:293,(anonymous_16)
FN:299,(anonymous_17)
FN:308,(anonymous_18)
FN:317,(anonymous_19)
FN:326,(anonymous_20)
FN:335,(anonymous_21)
FN:414,(anonymous_22)
FN:445,(anonymous_23)
FN:459,(anonymous_24)
FN:472,(anonymous_25)
FN:485,(anonymous_26)
FN:495,(anonymous_27)
FN:526,(anonymous_28)
FN:532,(anonymous_29)
FN:533,(anonymous_30)
FN:548,(anonymous_31)
FN:555,(anonymous_32)
FN:562,(anonymous_33)
FN:587,(anonymous_34)
FN:594,(anonymous_35)
FN:598,(anonymous_36)
FN:602,(anonymous_37)
FN:606,(anonymous_38)
FN:610,(anonymous_39)
FNF:40
FNH:0
FNDA:0,(anonymous_0)
FNDA:0,(anonymous_1)
FNDA:0,(anonymous_2)
FNDA:0,(anonymous_3)
FNDA:0,(anonymous_4)
FNDA:0,(anonymous_5)
FNDA:0,(anonymous_6)
FNDA:0,(anonymous_7)
FNDA:0,(anonymous_8)
FNDA:0,(anonymous_9)
FNDA:0,(anonymous_10)
FNDA:0,(anonymous_11)
FNDA:0,(anonymous_12)
FNDA:0,(anonymous_13)
FNDA:0,(anonymous_14)
FNDA:0,(anonymous_15)
FNDA:0,(anonymous_16)
FNDA:0,(anonymous_17)
FNDA:0,(anonymous_18)
FNDA:0,(anonymous_19)
FNDA:0,(anonymous_20)
FNDA:0,(anonymous_21)
FNDA:0,(anonymous_22)
FNDA:0,(anonymous_23)
FNDA:0,(anonymous_24)
FNDA:0,(anonymous_25)
FNDA:0,(anonymous_26)
FNDA:0,(anonymous_27)
FNDA:0,(anonymous_28)
FNDA:0,(anonymous_29)
FNDA:0,(anonymous_30)
FNDA:0,(anonymous_31)
FNDA:0,(anonymous_32)
FNDA:0,(anonymous_33)
FNDA:0,(anonymous_34)
FNDA:0,(anonymous_35)
FNDA:0,(anonymous_36)
FNDA:0,(anonymous_37)
FNDA:0,(anonymous_38)
FNDA:0,(anonymous_39)
DA:32,1
DA:33,0
DA:144,0
DA:146,0
DA:158,0
DA:159,0
DA:164,0
DA:165,0
DA:170,0
DA:174,0
DA:175,0
DA:180,0
DA:181,0
DA:182,0
DA:185,0
DA:191,0
DA:192,0
DA:193,0
DA:202,0
DA:203,0
DA:206,0
DA:211,0
DA:212,0
DA:214,0
DA:216,0
DA:217,0
DA:218,0
DA:222,0
DA:232,0
DA:233,0
DA:234,0
DA:236,0
DA:237,0
DA:240,0
DA:241,0
DA:242,0
DA:248,0
DA:249,0
DA:251,0
DA:264,0
DA:266,0
DA:270,0
DA:272,0
DA:279,0
DA:280,0
DA:285,0
DA:286,0
DA:294,0
DA:295,0
DA:300,0
DA:301,0
DA:309,0
DA:311,0
DA:321,0
DA:323,0
DA:331,0
DA:332,0
DA:336,0
DA:338,0
DA:339,0
DA:340,0
DA:342,0
DA:345,0
DA:346,0
DA:348,0
DA:354,0
DA:355,0
DA:356,0
DA:357,0
DA:359,0
DA:362,0
DA:363,0
DA:367,0
DA:368,0
DA:369,0
DA:370,0
DA:372,0
DA:376,0
DA:377,0
DA:381,0
DA:382,0
DA:383,0
DA:384,0
DA:386,0
DA:390,0
DA:391,0
DA:392,0
DA:396,0
DA:397,0
DA:399,0
DA:401,0
DA:415,0
DA:417,0
DA:418,0
DA:420,0
DA:421,0
DA:427,0
DA:429,0
DA:430,0
DA:432,0
DA:433,0
DA:435,0
DA:439,0
DA:446,0
DA:447,0
DA:460,0
DA:462,0
DA:473,0
DA:475,0
DA:486,0
DA:488,0
DA:489,0
DA:492,0
DA:504,0
DA:511,0
DA:513,0
DA:514,0
DA:515,0
DA:520,0
DA:522,0
DA:527,0
DA:529,0
DA:532,0
DA:534,0
DA:535,0
DA:549,0
DA:550,0
DA:553,0
DA:556,0
DA:566,0
DA:567,0
DA:569,0
DA:570,0
DA:573,0
DA:575,0
DA:576,0
DA:578,0
DA:584,0
DA:593,0
DA:595,0
DA:599,0
DA:603,0
DA:607,0
DA:611,0
DA:612,0
DA:626,0
DA:627,0
DA:630,0
LF:148
LH:1
BRDA:175,0,0,0
BRDA:175,0,1,0
BRDA:180,1,0,0
BRDA:180,1,1,0
BRDA:180,2,0,0
BRDA:180,2,1,0
BRDA:181,3,0,0
BRDA:181,3,1,0
BRDA:182,4,0,0
BRDA:182,4,1,0
BRDA:191,5,0,0
BRDA:191,5,1,0
BRDA:191,6,0,0
BRDA:191,6,1,0
BRDA:192,7,0,0
BRDA:192,7,1,0
BRDA:203,8,0,0
BRDA:203,8,1,0
BRDA:211,9,0,0
BRDA:211,9,1,0
BRDA:217,10,0,0
BRDA:217,10,1,0
BRDA:236,11,0,0
BRDA:236,11,1,0
BRDA:236,12,0,0
BRDA:236,12,1,0
BRDA:240,13,0,0
BRDA:240,13,1,0
BRDA:240,14,0,0
BRDA:240,14,1,0
BRDA:241,15,0,0
BRDA:241,15,1,0
BRDA:241,16,0,0
BRDA:241,16,1,0
BRDA:247,17,0,0
BRDA:252,18,0,0
BRDA:252,18,1,0
BRDA:263,19,0,0
BRDA:263,20,0,0
BRDA:279,21,0,0
BRDA:279,21,1,0
BRDA:281,22,0,0
BRDA:281,22,1,0
BRDA:294,23,0,0
BRDA:294,23,1,0
BRDA:300,24,0,0
BRDA:300,24,1,0
BRDA:311,25,0,0
BRDA:311,25,1,0
BRDA:318,26,0,0
BRDA:318,27,0,0
BRDA:318,28,0,0
BRDA:331,29,0,0
BRDA:331,29,1,0
BRDA:338,30,0,0
BRDA:338,30,1,0
BRDA:339,31,0,0
BRDA:339,31,1,0
BRDA:354,32,0,0
BRDA:354,32,1,0
BRDA:362,33,0,0
BRDA:362,33,1,0
BRDA:363,34,0,0
BRDA:363,34,1,0
BRDA:365,35,0,0
BRDA:365,35,1,0
BRDA:367,36,0,0
BRDA:367,36,1,0
BRDA:376,37,0,0
BRDA:376,37,1,0
BRDA:377,38,0,0
BRDA:377,38,1,0
BRDA:378,39,0,0
BRDA:378,39,1,0
BRDA:381,40,0,0
BRDA:381,40,1,0
BRDA:390,41,0,0
BRDA:390,41,1,0
BRDA:396,42,0,0
BRDA:396,42,1,0
BRDA:414,43,0,0
BRDA:417,44,0,0
BRDA:417,44,1,0
BRDA:417,45,0,0
BRDA:417,45,1,0
BRDA:420,46,0,0
BRDA:420,46,1,0
BRDA:432,47,0,0
BRDA:432,47,1,0
BRDA:446,48,0,0
BRDA:446,48,1,0
BRDA:459,49,0,0
BRDA:472,50,0,0
BRDA:488,51,0,0
BRDA:488,51,1,0
BRDA:498,52,0,0
BRDA:520,53,0,0
BRDA:520,53,1,0
BRDA:530,54,0,0
BRDA:530,54,1,0
BRDA:537,55,0,0
BRDA:537,55,1,0
BRDA:542,56,0,0
BRDA:542,56,1,0
BRDA:566,57,0,0
BRDA:566,57,1,0
BRDA:569,58,0,0
BRDA:569,58,1,0
BRDA:575,59,0,0
BRDA:575,59,1,0
BRDA:579,60,0,0
BRDA:579,60,1,0
BRDA:626,61,0,0
BRDA:626,61,1,0
BRF:114
BRH:0
end_of_record
TN:
SF:/Users/agreen/Repos/react-components/packages/menus/src/elements/Menu.js
FN:24,(anonymous_0)
FN:124,(anonymous_1)
FN:153,(anonymous_2)
FN:162,(anonymous_3)
FN:173,(anonymous_4)
FNF:5
FNH:0
FNDA:0,(anonymous_0)
FNDA:0,(anonymous_1)
FNDA:0,(anonymous_2)
FNDA:0,(anonymous_3)
FNDA:0,(anonymous_4)
DA:22,1
DA:25,0
DA:137,0
DA:139,0
DA:141,0
DA:154,0
DA:159,0
DA:170,0
DA:174,0
DA:175,0
DA:178,0
DA:179,0
DA:184,0
DA:185,0
DA:188,0
DA:199,0
DA:201,0
DA:203,0
DA:204,0
DA:205,0
DA:206,0
DA:209,0
DA:221,0
LF:23
LH:1
BRDA:25,0,0,0
BRDA:25,0,1,0
BRDA:156,1,0,0
BRDA:156,1,1,0
BRDA:174,2,0,0
BRDA:174,2,1,0
BRDA:184,3,0,0
BRDA:184,3,1,0
BRDA:188,4,0,0
BRDA:188,4,1,0
BRDA:189,5,0,0
BRDA:189,5,1,0
BRDA:189,5,2,0
BRDA:189,5,3,0
BRDA:189,5,4,0
BRDA:199,6,0,0
BRDA:199,6,1,0
BRDA:203,7,0,0
BRDA:203,7,1,0
BRDA:205,8,0,0
BRDA:205,8,1,0
BRDA:213,9,0,0
BRDA:213,9,1,0
BRF:23
BRH:0
end_of_record
TN:
SF:/Users/agreen/Repos/react-components/packages/menus/src/views/MenuView.js
FN:34,(anonymous_0)
FN:38,(anonymous_1)
FN:82,(anonymous_2)
FN:136,(anonymous_3)
FN:143,(anonymous_4)
FNF:5
FNH:5
FNDA:20,(anonymous_0)
FNDA:10,(anonymous_1)
FNDA:10,(anonymous_2)
FNDA:10,(anonymous_3)
FNDA:10,(anonymous_4)
DA:16,1
DA:18,1
DA:34,1
DA:35,20
DA:38,1
DA:39,10
DA:41,10
DA:46,0
DA:49,10
DA:54,0
DA:57,10
DA:62,0
DA:65,10
DA:70,0
DA:73,10
DA:79,1
DA:83,10
DA:136,10
DA:139,1
DA:143,1
DA:144,10
DA:145,10
DA:147,10
DA:154,1
LF:24
LH:20
BRDA:35,0,0,20
BRDA:35,0,1,0
BRDA:39,1,0,0
BRDA:39,1,1,10
BRDA:41,2,0,0
BRDA:41,2,1,10
BRDA:42,3,0,10
BRDA:42,3,1,10
BRDA:42,3,2,10
BRDA:49,4,0,0
BRDA:49,4,1,10
BRDA:50,5,0,10
BRDA:50,5,1,10
BRDA:50,5,2,10
BRDA:57,6,0,0
BRDA:57,6,1,10
BRDA:58,7,0,10
BRDA:58,7,1,10
BRDA:58,7,2,10
BRDA:65,8,0,0
BRDA:65,8,1,10
BRDA:66,9,0,10
BRDA:66,9,1,10
BRDA:66,9,2,10
BRDA:89,10,0,10
BRDA:89,10,1,10
BRDA:89,10,2,10
BRDA:93,11,0,10
BRDA:93,11,1,10
BRDA:93,11,2,10
BRDA:97,12,0,10
BRDA:97,12,1,10
BRDA:97,12,2,10
BRDA:101,13,0,10
BRDA:101,13,1,10
BRDA:101,13,2,10
BRF:36
BRH:30
end_of_record
TN:
SF:/Users/agreen/Repos/react-components/packages/menus/src/views/Separator.js
FN:23,(anonymous_0)
FNF:1
FNH:0
FNDA:0,(anonymous_0)
DA:12,1
DA:17,1
DA:23,0
LF:3
LH:2
BRF:0
BRH:0
end_of_record
TN:
SF:/Users/agreen/Repos/react-components/packages/menus/src/views/items/AddItem.js
FN:25,(anonymous_0)
FN:35,(anonymous_1)
FNF:2
FNH:0
FNDA:0,(anonymous_0)
FNDA:0,(anonymous_1)
DA:15,1
DA:20,1
DA:25,0
DA:28,1
DA:35,1
LF:5
LH:4
BRF:0
BRH:0
end_of_record
TN:
SF:/Users/agreen/Repos/react-components/packages/menus/src/views/items/Item.js
FN:22,(anonymous_0)
FN:33,(anonymous_1)
FN:40,(anonymous_2)
FN:52,(anonymous_3)
FNF:4
FNH:3
FNDA:12,(anonymous_0)
FNDA:12,(anonymous_1)
FNDA:12,(anonymous_2)
FNDA:0,(anonymous_3)
DA:14,1
DA:19,1
DA:23,12
DA:34,12
DA:40,12
DA:44,1
DA:52,1
LF:7
LH:7
BRDA:34,0,0,12
BRDA:34,0,1,12
BRF:2
BRH:2
end_of_record
TN:
SF:/Users/agreen/Repos/react-components/packages/menus/src/views/items/ItemMeta.js
FN:22,(anonymous_0)
FNF:1
FNH:0
FNDA:0,(anonymous_0)
DA:12,1
DA:17,1
DA:22,0
LF:3
LH:2
BRF:0
BRH:0
end_of_record
TN:
SF:/Users/agreen/Repos/react-components/packages/menus/src/views/items/NextItem.js
FN:25,(anonymous_0)
FN:35,(anonymous_1)
FNF:2
FNH:0
FNDA:0,(anonymous_0)
FNDA:0,(anonymous_1)
DA:15,1
DA:20,1
DA:25,0
DA:28,1
DA:35,1
LF:5
LH:4
BRF:0
BRH:0
end_of_record
TN:
SF:/Users/agreen/Repos/react-components/packages/menus/src/views/items/PreviousItem.js
FN:25,(anonymous_0)
FN:35,(anonymous_1)
FNF:2
FNH:0
FNDA:0,(anonymous_0)
FNDA:0,(anonymous_1)
DA:15,1
DA:20,1
DA:25,0
DA:28,1
DA:35,1
LF:5
LH:4
BRF:0
BRH:0
end_of_record
TN:
SF:/Users/agreen/Repos/react-components/packages/menus/src/views/items/header/HeaderIcon.js
FN:13,(anonymous_0)
FNF:1
FNH:0
FNDA:0,(anonymous_0)
DA:11,1
DA:13,1
DA:14,0
LF:3
LH:2
BRF:0
BRH:0
end_of_record
TN:
SF:/Users/agreen/Repos/react-components/packages/menus/src/views/items/header/HeaderItem.js
FN:24,(anonymous_0)
FN:29,(anonymous_1)
FN:42,(anonymous_2)
FNF:3
FNH:0
FNDA:0,(anonymous_0)
FNDA:0,(anonymous_1)
FNDA:0,(anonymous_2)
DA:16,1
DA:21,1
DA:25,0
DA:29,0
DA:32,1
DA:42,1
LF:6
LH:4
BRF:0
BRH:0
end_of_record
TN:
SF:/Users/agreen/Repos/react-components/packages/menus/src/views/items/media/MediaBody.js
FN:22,(anonymous_0)
FNF:1
FNH:0
FNDA:0,(anonymous_0)
DA:12,1
DA:17,1
DA:22,0
LF:3
LH:2
BRF:0
BRH:0
end_of_record
TN:
SF:/Users/agreen/Repos/react-components/packages/menus/src/views/items/media/MediaFigure.js
FN:13,(anonymous_0)
FNF:1
FNH:0
FNDA:0,(anonymous_0)
DA:11,1
DA:13,1
DA:14,0
LF:3
LH:2
BRF:0
BRH:0
end_of_record
TN:
SF:/Users/agreen/Repos/react-components/packages/menus/src/views/items/media/MediaItem.js
FN:25,(anonymous_0)
FNF:1
FNH:0
FNDA:0,(anonymous_0)
DA:15,1
DA:20,1
DA:25,0
DA:28,1
LF:4
LH:3
BRF:0
BRH:0
end_of_record
TN:
SF:/Users/agreen/Repos/react-components/packages/modals/src/containers/FocusJailContainer.js
FN:40,(anonymous_0)
FN:52,(anonymous_1)
FN:57,(anonymous_2)
FN:65,(anonymous_3)
FN:67,(anonymous_4)
FN:93,(anonymous_5)
FN:102,(anonymous_6)
FN:109,(anonymous_7)
FN:113,(anonymous_8)
FNF:9
FNH:0
FNDA:0,(anonymous_0)
FNDA:0,(anonymous_1)
FNDA:0,(anonymous_2)
FNDA:0,(anonymous_3)
FNDA:0,(anonymous_4)
FNDA:0,(anonymous_5)
FNDA:0,(anonymous_6)
FNDA:0,(anonymous_7)
FNDA:0,(anonymous_8)
DA:41,0
DA:43,0
DA:45,0
DA:46,0
DA:53,0
DA:58,0
DA:59,0
DA:66,0
DA:68,0
DA:69,0
DA:72,0
DA:74,0
DA:76,0
DA:80,0
DA:81,0
DA:84,0
DA:85,0
DA:86,0
DA:94,0
DA:96,0
DA:103,0
DA:104,0
DA:106,0
DA:110,0
DA:114,0
DA:116,0
LF:26
LH:0
BRDA:45,0,0,0
BRDA:45,0,1,0
BRDA:53,1,0,0
BRDA:53,1,1,0
BRDA:58,2,0,0
BRDA:58,2,1,0
BRDA:65,3,0,0
BRDA:68,4,0,0
BRDA:68,4,1,0
BRDA:76,5,0,0
BRDA:76,5,1,0
BRDA:77,6,0,0
BRDA:77,6,1,0
BRDA:77,6,2,0
BRDA:84,7,0,0
BRDA:84,7,1,0
BRDA:84,8,0,0
BRDA:84,8,1,0
BRDA:97,9,0,0
BRDA:97,9,1,0
BRDA:98,10,0,0
BRDA:98,10,1,0
BRDA:103,11,0,0
BRDA:103,11,1,0
BRDA:106,12,0,0
BRDA:106,12,1,0
BRDA:114,13,0,0
BRF:27
BRH:0
end_of_record
TN:
SF:/Users/agreen/Repos/react-components/packages/modals/src/containers/ModalContainer.js
FN:50,(anonymous_0)
FN:52,(anonymous_1)
FN:54,(anonymous_2)
FN:60,(anonymous_3)
FN:62,(anonymous_4)
FN:69,(anonymous_5)
FN:76,(anonymous_6)
FN:83,(anonymous_7)
FN:92,(anonymous_8)
FN:99,(anonymous_9)
FN:106,(anonymous_10)
FN:109,(anonymous_11)
FN:116,(anonymous_12)
FN:121,(anonymous_13)
FN:124,(anonymous_14)
FNF:15
FNH:0
FNDA:0,(anonymous_0)
FNDA:0,(anonymous_1)
FNDA:0,(anonymous_2)
FNDA:0,(anonymous_3)
FNDA:0,(anonymous_4)
FNDA:0,(anonymous_5)
FNDA:0,(anonymous_6)
FNDA:0,(anonymous_7)
FNDA:0,(anonymous_8)
FNDA:0,(anonymous_9)
FNDA:0,(anonymous_10)
FNDA:0,(anonymous_11)
FNDA:0,(anonymous_12)
FNDA:0,(anonymous_13)
FNDA:0,(anonymous_14)
DA:50,0
DA:52,0
DA:55,0
DA:57,0
DA:61,0
DA:63,0
DA:70,0
DA:81,0
DA:84,0
DA:85,0
DA:93,0
DA:100,0
DA:107,0
DA:110,0
DA:117,0
DA:119,0
DA:122,0
DA:124,0
LF:18
LH:0
BRDA:57,0,0,0
BRDA:57,0,1,0
BRDA:60,1,0,0
BRDA:69,2,0,0
BRDA:69,3,0,0
BRDA:84,4,0,0
BRDA:84,4,1,0
BRDA:92,5,0,0
BRDA:92,6,0,0
BRDA:99,7,0,0
BRDA:99,8,0,0
BRDA:106,9,0,0
BRDA:117,10,0,0
BRF:13
BRH:0
end_of_record
TN:
SF:/Users/agreen/Repos/react-components/packages/modals/src/elements/Modal.js
FN:69,(anonymous_0)
FN:84,(anonymous_1)
FN:91,(anonymous_2)
FN:109,(anonymous_3)
FN:115,(anonymous_4)
FN:126,(anonymous_5)
FNF:6
FNH:0
FNDA:0,(anonymous_0)
FNDA:0,(anonymous_1)
FNDA:0,(anonymous_2)
FNDA:0,(anonymous_3)
FNDA:0,(anonymous_4)
FNDA:0,(anonymous_5)
DA:70,0
DA:72,0
DA:73,0
DA:74,0
DA:76,0
DA:77,0
DA:80,0
DA:81,0
DA:85,0
DA:87,0
DA:88,0
DA:92,0
DA:93,0
DA:95,0
DA:102,0
DA:103,0
DA:104,0
DA:106,0
DA:110,0
DA:111,0
DA:113,0
DA:123,0
DA:127,0
DA:128,0
DA:131,0
DA:132,0
DA:135,0
DA:136,0
DA:139,0
DA:140,0
DA:143,0
LF:31
LH:0
BRDA:72,0,0,0
BRDA:72,0,1,0
BRDA:74,1,0,0
BRDA:74,1,1,0
BRDA:95,2,0,0
BRDA:95,2,1,0
BRDA:127,3,0,0
BRDA:127,3,1,0
BRDA:131,4,0,0
BRDA:131,4,1,0
BRDA:135,5,0,0
BRDA:135,5,1,0
BRDA:139,6,0,0
BRDA:139,6,1,0
BRF:14
BRH:0
end_of_record
TN:
SF:/Users/agreen/Repos/react-components/packages/modals/src/views/Backdrop.js
FN:22,(anonymous_0)
FN:31,(anonymous_1)
FNF:2
FNH:0
FNDA:0,(anonymous_0)
FNDA:0,(anonymous_1)
DA:14,1
DA:19,1
DA:23,0
DA:31,0
DA:34,1
LF:5
LH:3
BRF:0
BRH:0
end_of_record
TN:
SF:/Users/agreen/Repos/react-components/packages/modals/src/views/Body.js
FN:22,(anonymous_0)
FN:25,(anonymous_1)
FNF:2
FNH:0
FNDA:0,(anonymous_0)
FNDA:0,(anonymous_1)
DA:12,1
DA:17,1
DA:22,0
DA:25,1
LF:4
LH:3
BRF:0
BRH:0
end_of_record
TN:
SF:/Users/agreen/Repos/react-components/packages/modals/src/views/Close.js
FN:21,(anonymous_0)
FN:28,(anonymous_1)
FN:40,(anonymous_2)
FN:46,(anonymous_3)
FN:53,(anonymous_4)
FN:54,(anonymous_5)
FNF:6
FNH:0
FNDA:0,(anonymous_0)
FNDA:0,(anonymous_1)
FNDA:0,(anonymous_2)
FNDA:0,(anonymous_3)
FNDA:0,(anonymous_4)
FNDA:0,(anonymous_5)
DA:16,1
DA:18,1
DA:22,0
DA:28,0
DA:40,0
DA:47,0
DA:48,0
DA:50,0
DA:53,0
DA:54,0
LF:10
LH:2
BRF:0
BRH:0
end_of_record
TN:
SF:/Users/agreen/Repos/react-components/packages/modals/src/views/Footer.js
FN:22,(anonymous_0)
FNF:1
FNH:0
FNDA:0,(anonymous_0)
DA:12,1
DA:17,1
DA:22,0
LF:3
LH:2
BRF:0
BRH:0
end_of_record
TN:
SF:/Users/agreen/Repos/react-components/packages/modals/src/views/FooterItem.js
FN:22,(anonymous_0)
FNF:1
FNH:0
FNDA:0,(anonymous_0)
DA:12,1
DA:17,1
DA:22,0
LF:3
LH:2
BRF:0
BRH:0
end_of_record
TN:
SF:/Users/agreen/Repos/react-components/packages/modals/src/views/Header.js
FN:21,(anonymous_0)
FN:27,(anonymous_1)
FN:30,(anonymous_2)
FNF:3
FNH:0
FNDA:0,(anonymous_0)
FNDA:0,(anonymous_1)
FNDA:0,(anonymous_2)
DA:13,1
DA:18,1
DA:22,0
DA:27,0
DA:30,1
LF:5
LH:3
BRF:0
BRH:0
end_of_record
TN:
SF:/Users/agreen/Repos/react-components/packages/modals/src/views/ModalView.js
FN:22,(anonymous_0)
FN:34,(anonymous_1)
FNF:2
FNH:0
FNDA:0,(anonymous_0)
FNDA:0,(anonymous_1)
DA:14,1
DA:19,1
DA:23,0
DA:34,0
DA:37,1
LF:5
LH:3
BRF:0
BRH:0
end_of_record
TN:
SF:/Users/agreen/Repos/react-components/packages/notifications/src/Alert.js
FN:29,className
FN:37,(anonymous_3)
FNF:2
FNH:0
FNDA:0,className
FNDA:0,(anonymous_3)
DA:8,0
DA:9,0
DA:10,0
DA:11,0
DA:12,0
DA:14,0
DA:15,0
DA:17,0
DA:26,0
DA:29,0
DA:37,0
DA:40,0
LF:12
LH:0
BRF:0
BRH:0
end_of_record
TN:
SF:/Users/agreen/Repos/react-components/packages/notifications/src/Notification.js
FN:30,className
FN:38,(anonymous_3)
FNF:2
FNH:0
FNDA:0,className
FNDA:0,(anonymous_3)
DA:8,0
DA:9,0
DA:10,0
DA:11,0
DA:12,0
DA:14,0
DA:15,0
DA:17,0
DA:26,0
DA:30,0
DA:38,0
DA:41,0
LF:12
LH:0
BRF:0
BRH:0
end_of_record
TN:
SF:/Users/agreen/Repos/react-components/packages/notifications/src/Well.js
FN:22,className
FN:32,(anonymous_3)
FNF:2
FNH:0
FNDA:0,className
FNDA:0,(anonymous_3)
DA:8,0
DA:9,0
DA:10,0
DA:11,0
DA:12,0
DA:14,0
DA:19,0
DA:22,0
DA:32,0
DA:35,0
LF:10
LH:0
BRF:0
BRH:0
end_of_record
TN:
SF:/Users/agreen/Repos/react-components/packages/notifications/src/content/Close.js
FN:23,className
FN:30,(anonymous_3)
FNF:2
FNH:0
FNDA:0,className
FNDA:0,(anonymous_3)
DA:8,0
DA:9,0
DA:10,0
DA:11,0
DA:12,0
DA:14,0
DA:19,0
DA:23,0
DA:30,0
DA:33,0
LF:10
LH:0
BRF:0
BRH:0
end_of_record
TN:
SF:/Users/agreen/Repos/react-components/packages/notifications/src/content/Paragraph.js
FN:23,(anonymous_1)
FNF:1
FNH:0
FNDA:0,(anonymous_1)
DA:8,0
DA:9,0
DA:10,0
DA:11,0
DA:13,0
DA:18,0
DA:23,0
LF:7
LH:0
BRF:0
BRH:0
end_of_record
TN:
SF:/Users/agreen/Repos/react-components/packages/notifications/src/content/Title.js
FN:23,(anonymous_1)
FNF:1
FNH:0
FNDA:0,(anonymous_1)
DA:8,0
DA:9,0
DA:10,0
DA:11,0
DA:13,0
DA:18,0
DA:23,0
LF:7
LH:0
BRF:0
BRH:0
end_of_record
TN:
SF:/Users/agreen/Repos/react-components/packages/pagination/src/containers/PaginationContainer.js
FN:44,PaginationContainer
FN:54,(anonymous_22)
FN:61,(anonymous_23)
FN:75,(anonymous_24)
FN:89,(anonymous_25)
FN:122,(anonymous_27)
FN:124,getContainerProps
FN:125,getPageProps
FN:126,getPreviousPageProps
FN:127,getNextPageProps
FNF:10
FNH:0
FNDA:0,PaginationContainer
FNDA:0,(anonymous_22)
FNDA:0,(anonymous_23)
FNDA:0,(anonymous_24)
FNDA:0,(anonymous_25)
FNDA:0,(anonymous_27)
FNDA:0,getContainerProps
FNDA:0,getPageProps
FNDA:0,getPreviousPageProps
FNDA:0,getNextPageProps
DA:8,0
DA:9,0
DA:10,0
DA:44,0
DA:45,0
DA:47,0
DA:54,0
DA:55,0
DA:61,0
DA:62,0
DA:63,0
DA:68,0
DA:75,0
DA:76,0
DA:77,0
DA:82,0
DA:89,0
DA:90,0
DA:91,0
DA:96,0
DA:97,0
DA:98,0
DA:100,0
DA:101,0
DA:104,0
DA:111,0
DA:112,0
DA:113,0
DA:115,0
DA:122,0
DA:124,0
DA:125,0
DA:126,0
DA:127,0
LF:34
LH:0
BRDA:54,0,0,0
BRDA:54,0,1,0
BRDA:54,1,0,0
BRDA:54,1,1,0
BRDA:61,2,0,0
BRDA:61,2,1,0
BRDA:61,3,0,0
BRDA:61,3,1,0
BRDA:62,4,0,0
BRDA:62,4,1,0
BRDA:62,5,0,0
BRDA:62,5,1,0
BRDA:75,6,0,0
BRDA:75,6,1,0
BRDA:75,7,0,0
BRDA:75,7,1,0
BRDA:76,8,0,0
BRDA:76,8,1,0
BRDA:76,9,0,0
BRDA:76,9,1,0
BRDA:89,10,0,0
BRDA:89,10,1,0
BRDA:89,11,0,0
BRDA:89,11,1,0
BRDA:90,12,0,0
BRDA:90,12,1,0
BRDA:90,13,0,0
BRDA:90,13,1,0
BRDA:100,14,0,0
BRDA:100,14,1,0
BRDA:112,15,0,0
BRDA:112,15,1,0
BRF:32
BRH:0
end_of_record
TN:
SF:/Users/agreen/Repos/react-components/packages/pagination/src/elements/Pagination.js
FN:74,Pagination
FN:84,(anonymous_17)
FN:94,(anonymous_18)
FN:115,(anonymous_19)
FN:135,(anonymous_20)
FN:157,(anonymous_21)
FN:223,(anonymous_22)
FN:262,(anonymous_24)
FNF:8
FNH:0
FNDA:0,Pagination
FNDA:0,(anonymous_17)
FNDA:0,(anonymous_18)
FNDA:0,(anonymous_19)
FNDA:0,(anonymous_20)
FNDA:0,(anonymous_21)
FNDA:0,(anonymous_22)
FNDA:0,(anonymous_24)
DA:8,0
DA:9,0
DA:10,0
DA:12,0
DA:13,0
DA:14,0
DA:15,0
DA:16,0
DA:17,0
DA:19,0
DA:20,0
DA:22,0
DA:74,0
DA:75,0
DA:77,0
DA:84,0
DA:85,0
DA:87,0
DA:88,0
DA:91,0
DA:94,0
DA:95,0
DA:96,0
DA:99,0
DA:100,0
DA:105,0
DA:115,0
DA:116,0
DA:117,0
DA:118,0
DA:121,0
DA:122,0
DA:125,0
DA:135,0
DA:136,0
DA:138,0
DA:157,0
DA:158,0
DA:159,0
DA:161,0
DA:163,0
DA:165,0
DA:166,0
DA:167,0
DA:171,0
DA:172,0
DA:173,0
DA:177,0
DA:178,0
DA:179,0
DA:183,0
DA:184,0
DA:185,0
DA:189,0
DA:193,0
DA:194,0
DA:198,0
DA:199,0
DA:203,0
DA:204,0
DA:206,0
DA:209,0
DA:212,0
DA:216,0
DA:223,0
DA:224,0
DA:225,0
DA:227,0
DA:228,0
DA:231,0
DA:232,0
DA:234,0
DA:235,0
DA:238,0
DA:239,0
DA:241,0
DA:242,0
DA:245,0
DA:246,0
DA:249,0
DA:252,0
DA:253,0
DA:255,0
DA:262,0
LF:84
LH:0
BRDA:84,0,0,0
BRDA:84,0,1,0
BRDA:84,1,0,0
BRDA:84,1,1,0
BRDA:87,2,0,0
BRDA:87,2,1,0
BRDA:99,3,0,0
BRDA:99,3,1,0
BRDA:121,4,0,0
BRDA:121,4,1,0
BRDA:165,5,0,0
BRDA:165,5,1,0
BRDA:171,6,0,0
BRDA:171,6,1,0
BRDA:171,7,0,0
BRDA:171,7,1,0
BRDA:177,8,0,0
BRDA:177,8,1,0
BRDA:177,9,0,0
BRDA:177,9,1,0
BRDA:183,10,0,0
BRDA:183,10,1,0
BRDA:183,11,0,0
BRDA:183,11,1,0
BRDA:189,12,0,0
BRDA:189,12,1,0
BRDA:190,13,0,0
BRDA:190,13,1,0
BRDA:198,14,0,0
BRDA:198,14,1,0
BRDA:203,15,0,0
BRDA:203,15,1,0
BRDA:227,16,0,0
BRDA:227,16,1,0
BRDA:227,17,0,0
BRDA:227,17,1,0
BRDA:231,18,0,0
BRDA:231,18,1,0
BRDA:231,19,0,0
BRDA:231,19,1,0
BRDA:234,20,0,0
BRDA:234,20,1,0
BRDA:234,21,0,0
BRDA:234,21,1,0
BRDA:238,22,0,0
BRDA:238,22,1,0
BRDA:238,23,0,0
BRDA:238,23,1,0
BRDA:241,24,0,0
BRDA:241,24,1,0
BRDA:245,25,0,0
BRDA:245,25,1,0
BRDA:246,26,0,0
BRDA:246,26,1,0
BRF:54
BRH:0
end_of_record
TN:
SF:/Users/agreen/Repos/react-components/packages/pagination/src/views/Gap.js
FN:24,(anonymous_1)
FNF:1
FNH:0
FNDA:0,(anonymous_1)
DA:8,0
DA:9,0
DA:10,0
DA:11,0
DA:13,0
DA:14,0
DA:19,0
DA:24,0
DA:27,0
LF:9
LH:0
BRF:0
BRH:0
end_of_record
TN:
SF:/Users/agreen/Repos/react-components/packages/pagination/src/views/NextPage.js
FN:24,(anonymous_1)
FNF:1
FNH:0
FNDA:0,(anonymous_1)
DA:8,0
DA:9,0
DA:10,0
DA:11,0
DA:13,0
DA:14,0
DA:19,0
DA:24,0
DA:27,0
LF:9
LH:0
BRF:0
BRH:0
end_of_record
TN:
SF:/Users/agreen/Repos/react-components/packages/pagination/src/views/Page.js
FN:22,className
FN:40,(anonymous_3)
FNF:2
FNH:0
FNDA:0,className
FNDA:0,(anonymous_3)
DA:8,0
DA:9,0
DA:10,0
DA:11,0
DA:12,0
DA:14,0
DA:19,0
DA:22,0
DA:40,0
DA:43,0
LF:10
LH:0
BRF:0
BRH:0
end_of_record
TN:
SF:/Users/agreen/Repos/react-components/packages/pagination/src/views/PaginationView.js
FN:21,className
FN:37,(anonymous_3)
FNF:2
FNH:0
FNDA:0,className
FNDA:0,(anonymous_3)
DA:8,0
DA:9,0
DA:10,0
DA:11,0
DA:13,0
DA:18,0
DA:21,0
DA:37,0
LF:8
LH:0
BRF:0
BRH:0
end_of_record
TN:
SF:/Users/agreen/Repos/react-components/packages/pagination/src/views/PreviousPage.js
FN:24,(anonymous_1)
FNF:1
FNH:0
FNDA:0,(anonymous_1)
DA:8,0
DA:9,0
DA:10,0
DA:11,0
DA:13,0
DA:14,0
DA:19,0
DA:24,0
DA:27,0
LF:9
LH:0
BRF:0
BRH:0
end_of_record
TN:
SF:/Users/agreen/Repos/react-components/packages/radios/src/elements/Radio.js
FN:40,Radio
FN:48,(anonymous_23)
FN:68,(anonymous_24)
FN:77,(anonymous_25)
FN:111,(anonymous_27)
FN:113,(anonymous_28)
FNF:6
FNH:0
FNDA:0,Radio
FNDA:0,(anonymous_23)
FNDA:0,(anonymous_24)
FNDA:0,(anonymous_25)
FNDA:0,(anonymous_27)
FNDA:0,(anonymous_28)
DA:8,0
DA:9,0
DA:10,0
DA:17,0
DA:19,0
DA:20,0
DA:21,0
DA:22,0
DA:40,0
DA:41,0
DA:43,0
DA:54,0
DA:55,0
DA:64,0
DA:66,0
DA:68,0
DA:69,0
DA:70,0
DA:74,0
DA:78,0
DA:79,0
DA:82,0
DA:83,0
DA:85,0
DA:96,0
DA:97,0
DA:100,0
DA:106,0
DA:107,0
DA:109,0
DA:111,0
DA:113,0
LF:32
LH:0
BRDA:54,0,0,0
BRDA:54,0,1,0
BRDA:54,1,0,0
BRDA:54,1,1,0
BRDA:69,2,0,0
BRDA:69,2,1,0
BRDA:78,3,0,0
BRDA:78,3,1,0
BRDA:82,4,0,0
BRDA:82,4,1,0
BRDA:96,5,0,0
BRDA:96,5,1,0
BRF:12
BRH:0
end_of_record
TN:
SF:/Users/agreen/Repos/react-components/packages/radios/src/views/Hint.js
FN:21,className
FN:27,(anonymous_3)
FN:30,(anonymous_4)
FNF:3
FNH:0
FNDA:0,className
FNDA:0,(anonymous_3)
FNDA:0,(anonymous_4)
DA:8,0
DA:9,0
DA:10,0
DA:11,0
DA:13,0
DA:18,0
DA:21,0
DA:27,0
DA:30,0
LF:9
LH:0
BRF:0
BRH:0
end_of_record
TN:
SF:/Users/agreen/Repos/react-components/packages/radios/src/views/Input.js
FN:24,(anonymous_1)
FNF:1
FNH:0
FNDA:0,(anonymous_1)
DA:8,0
DA:9,0
DA:10,0
DA:12,0
DA:17,0
DA:24,0
LF:6
LH:0
BRF:0
BRH:0
end_of_record
TN:
SF:/Users/agreen/Repos/react-components/packages/radios/src/views/Label.js
FN:22,className
FN:39,(anonymous_3)
FN:51,(anonymous_4)
FNF:3
FNH:0
FNDA:0,className
FNDA:0,(anonymous_3)
FNDA:0,(anonymous_4)
DA:8,0
DA:9,0
DA:10,0
DA:11,0
DA:12,0
DA:14,0
DA:19,0
DA:22,0
DA:39,0
DA:42,0
DA:51,0
LF:11
LH:0
BRF:0
BRH:0
end_of_record
TN:
SF:/Users/agreen/Repos/react-components/packages/radios/src/views/Message.js
FN:28,className
FN:38,(anonymous_3)
FN:50,(anonymous_4)
FNF:3
FNH:0
FNDA:0,className
FNDA:0,(anonymous_3)
FNDA:0,(anonymous_4)
DA:8,0
DA:9,0
DA:10,0
DA:11,0
DA:12,0
DA:14,0
DA:15,0
DA:25,0
DA:28,0
DA:38,0
DA:41,0
DA:50,0
LF:12
LH:0
BRF:0
BRH:0
end_of_record
TN:
SF:/Users/agreen/Repos/react-components/packages/radios/src/views/RadioView.js
FN:21,className
FN:27,(anonymous_3)
FNF:2
FNH:0
FNDA:0,className
FNDA:0,(anonymous_3)
DA:8,0
DA:9,0
DA:10,0
DA:11,0
DA:13,0
DA:18,0
DA:21,0
DA:27,0
LF:8
LH:0
BRF:0
BRH:0
end_of_record
TN:
SF:/Users/agreen/Repos/react-components/packages/ranges/src/elements/Range.js
FN:87,(anonymous_25)
FN:90,(anonymous_26)
FN:93,(anonymous_27)
FN:96,innerRef
FNF:4
FNH:0
FNDA:0,(anonymous_25)
FNDA:0,(anonymous_26)
FNDA:0,(anonymous_27)
FNDA:0,innerRef
DA:8,0
DA:9,0
DA:10,0
DA:12,0
DA:37,0
DA:49,0
DA:53,0
DA:63,0
DA:64,0
DA:65,0
DA:67,0
DA:68,0
DA:71,0
DA:73,0
DA:76,0
DA:77,0
DA:78,0
DA:80,0
DA:88,0
DA:91,0
DA:94,0
DA:97,0
DA:98,0
LF:23
LH:0
BRDA:67,0,0,0
BRDA:67,0,1,0
BRDA:98,1,0,0
BRDA:98,1,1,0
BRF:4
BRH:0
end_of_record
TN:
SF:/Users/agreen/Repos/react-components/packages/ranges/src/elements/RangeField.js
FN:32,RangeField
FN:46,(anonymous_21)
FN:54,(anonymous_22)
FN:56,(anonymous_23)
FNF:4
FNH:0
FNDA:0,RangeField
FNDA:0,(anonymous_21)
FNDA:0,(anonymous_22)
FNDA:0,(anonymous_23)
DA:8,0
DA:9,0
DA:10,0
DA:11,0
DA:13,0
DA:14,0
DA:15,0
DA:16,0
DA:32,0
DA:33,0
DA:35,0
DA:40,0
DA:41,0
DA:42,0
DA:44,0
DA:46,0
DA:47,0
DA:48,0
DA:52,0
DA:54,0
DA:57,0
DA:58,0
DA:61,0
DA:62,0
DA:65,0
DA:66,0
DA:69,0
DA:70,0
DA:73,0
LF:29
LH:0
BRDA:47,0,0,0
BRDA:47,0,1,0
BRDA:57,1,0,0
BRDA:57,1,1,0
BRDA:61,2,0,0
BRDA:61,2,1,0
BRDA:65,3,0,0
BRDA:65,3,1,0
BRDA:69,4,0,0
BRDA:69,4,1,0
BRF:10
BRH:0
end_of_record
TN:
SF:/Users/agreen/Repos/react-components/packages/ranges/src/views/Hint.js
FN:22,className
FN:30,(anonymous_3)
FN:37,(anonymous_4)
FNF:3
FNH:0
FNDA:0,className
FNDA:0,(anonymous_3)
FNDA:0,(anonymous_4)
DA:8,0
DA:9,0
DA:10,0
DA:11,0
DA:12,0
DA:14,0
DA:19,0
DA:22,0
DA:30,0
DA:33,0
DA:37,0
LF:11
LH:0
BRF:0
BRH:0
end_of_record
TN:
SF:/Users/agreen/Repos/react-components/packages/ranges/src/views/Label.js
FN:22,className
FN:31,(anonymous_3)
FN:39,(anonymous_4)
FNF:3
FNH:0
FNDA:0,className
FNDA:0,(anonymous_3)
FNDA:0,(anonymous_4)
DA:8,0
DA:9,0
DA:10,0
DA:11,0
DA:12,0
DA:14,0
DA:19,0
DA:22,0
DA:31,0
DA:34,0
DA:39,0
LF:11
LH:0
BRF:0
BRH:0
end_of_record
TN:
SF:/Users/agreen/Repos/react-components/packages/ranges/src/views/Message.js
FN:28,className
FN:38,(anonymous_3)
FN:50,(anonymous_4)
FNF:3
FNH:0
FNDA:0,className
FNDA:0,(anonymous_3)
FNDA:0,(anonymous_4)
DA:8,0
DA:9,0
DA:10,0
DA:11,0
DA:12,0
DA:14,0
DA:15,0
DA:25,0
DA:28,0
DA:38,0
DA:41,0
DA:50,0
LF:12
LH:0
BRF:0
BRH:0
end_of_record
TN:
SF:/Users/agreen/Repos/react-components/packages/ranges/src/views/RangeGroup.js
FN:22,className
FN:30,(anonymous_3)
FNF:2
FNH:0
FNDA:0,className
FNDA:0,(anonymous_3)
DA:8,0
DA:9,0
DA:10,0
DA:11,0
DA:12,0
DA:14,0
DA:19,0
DA:22,0
DA:30,0
DA:33,0
LF:10
LH:0
BRF:0
BRH:0
end_of_record
TN:
SF:/Users/agreen/Repos/react-components/packages/ranges/src/views/SingleThumbView.js
FN:23,className
FN:34,(anonymous_3)
FN:37,(anonymous_4)
FNF:3
FNH:0
FNDA:0,className
FNDA:0,(anonymous_3)
FNDA:0,(anonymous_4)
DA:8,0
DA:9,0
DA:10,0
DA:11,0
DA:12,0
DA:14,0
DA:19,0
DA:23,0
DA:34,0
DA:37,0
DA:40,0
DA:47,0
LF:12
LH:0
BRF:0
BRH:0
end_of_record
TN:
SF:/Users/agreen/Repos/react-components/packages/select/src/containers/SelectContainer.js
FN:114,SelectContainer
FN:126,(anonymous_22)
FN:133,(anonymous_23)
FN:163,onStateChange
FN:166,onChange
FN:169,trigger
FN:172,getTriggerProps
FN:181,(anonymous_29)
FN:192,getSelectProps
FNF:9
FNH:0
FNDA:0,SelectContainer
FNDA:0,(anonymous_22)
FNDA:0,(anonymous_23)
FNDA:0,onStateChange
FNDA:0,onChange
FNDA:0,trigger
FNDA:0,getTriggerProps
FNDA:0,(anonymous_29)
FNDA:0,getSelectProps
DA:8,0
DA:9,0
DA:10,0
DA:11,0
DA:114,0
DA:115,0
DA:117,0
DA:126,0
DA:127,0
DA:133,0
DA:134,0
DA:140,0
DA:151,0
DA:152,0
DA:154,0
DA:164,0
DA:167,0
DA:169,0
DA:172,0
DA:181,0
DA:192,0
LF:21
LH:0
BRDA:126,0,0,0
BRDA:126,0,1,0
BRDA:126,1,0,0
BRDA:126,1,1,0
BRDA:126,2,0,0
BRDA:126,2,1,0
BRDA:133,3,0,0
BRDA:133,3,1,0
BRDA:133,4,0,0
BRDA:133,4,1,0
BRDA:133,5,0,0
BRDA:133,5,1,0
BRDA:143,6,0,0
BRDA:143,6,1,0
BRDA:167,7,0,0
BRDA:167,7,1,0
BRDA:170,8,0,0
BRDA:170,8,1,0
BRF:18
BRH:0
end_of_record
TN:
SF:/Users/agreen/Repos/react-components/packages/select/src/elements/Select.js
FN:31,(anonymous_21)
FN:140,(anonymous_25)
FN:234,trigger
FN:242,inputRef
FN:247,(anonymous_32)
FN:271,(anonymous_33)
FN:293,(anonymous_34)
FNF:7
FNH:0
FNDA:0,(anonymous_21)
FNDA:0,(anonymous_25)
FNDA:0,trigger
FNDA:0,inputRef
FNDA:0,(anonymous_32)
FNDA:0,(anonymous_33)
FNDA:0,(anonymous_34)
DA:8,0
DA:9,0
DA:10,0
DA:11,0
DA:18,0
DA:20,0
DA:21,0
DA:22,0
DA:23,0
DA:24,0
DA:25,0
DA:26,0
DA:27,0
DA:29,0
DA:31,0
DA:117,0
DA:127,0
DA:131,0
DA:134,0
DA:135,0
DA:136,0
DA:138,0
DA:140,0
DA:141,0
DA:142,0
DA:144,0
DA:145,0
DA:148,0
DA:158,0
DA:160,0
DA:161,0
DA:167,0
DA:168,0
DA:170,0
DA:171,0
DA:177,0
DA:179,0
DA:180,0
DA:182,0
DA:183,0
DA:185,0
DA:193,0
DA:195,0
DA:198,0
DA:215,0
DA:216,0
DA:217,0
DA:219,0
DA:221,0
DA:234,0
DA:243,0
DA:244,0
DA:245,0
DA:248,0
DA:249,0
DA:250,0
DA:254,0
DA:255,0
DA:257,0
DA:261,0
DA:271,0
DA:293,0
DA:294,0
DA:295,0
DA:298,0
DA:299,0
DA:304,0
DA:305,0
DA:308,0
DA:319,0
DA:321,0
DA:323,0
DA:324,0
DA:325,0
DA:326,0
DA:329,0
DA:342,0
LF:77
LH:0
BRDA:31,0,0,0
BRDA:31,0,1,0
BRDA:144,1,0,0
BRDA:144,1,1,0
BRDA:148,2,0,0
BRDA:148,2,1,0
BRDA:149,3,0,0
BRDA:149,3,1,0
BRDA:149,3,2,0
BRDA:149,3,3,0
BRDA:149,3,4,0
BRDA:160,4,0,0
BRDA:160,4,1,0
BRDA:161,5,0,0
BRDA:161,5,1,0
BRDA:167,6,0,0
BRDA:167,6,1,0
BRDA:167,7,0,0
BRDA:167,7,1,0
BRDA:170,8,0,0
BRDA:170,8,1,0
BRDA:182,9,0,0
BRDA:182,9,1,0
BRDA:195,10,0,0
BRDA:195,10,1,0
BRDA:210,11,0,0
BRDA:210,11,1,0
BRDA:225,12,0,0
BRDA:225,12,1,0
BRDA:245,13,0,0
BRDA:245,13,1,0
BRDA:248,14,0,0
BRDA:248,14,1,0
BRDA:254,15,0,0
BRDA:254,15,1,0
BRDA:286,16,0,0
BRDA:286,16,1,0
BRDA:294,17,0,0
BRDA:294,17,1,0
BRDA:304,18,0,0
BRDA:304,18,1,0
BRDA:308,19,0,0
BRDA:308,19,1,0
BRDA:309,20,0,0
BRDA:309,20,1,0
BRDA:309,20,2,0
BRDA:309,20,3,0
BRDA:309,20,4,0
BRDA:319,21,0,0
BRDA:319,21,1,0
BRDA:323,22,0,0
BRDA:323,22,1,0
BRDA:325,23,0,0
BRDA:325,23,1,0
BRDA:333,24,0,0
BRDA:333,24,1,0
BRF:56
BRH:0
end_of_record
TN:
SF:/Users/agreen/Repos/react-components/packages/select/src/elements/SelectField.js
FN:28,(anonymous_24)
FN:31,(anonymous_25)
FN:34,(anonymous_26)
FN:46,selectRef
FN:61,(anonymous_30)
FN:67,(anonymous_31)
FNF:6
FNH:0
FNDA:0,(anonymous_24)
FNDA:0,(anonymous_25)
FNDA:0,(anonymous_26)
FNDA:0,selectRef
FNDA:0,(anonymous_30)
FNDA:0,(anonymous_31)
DA:8,0
DA:9,0
DA:14,0
DA:16,0
DA:17,0
DA:18,0
DA:19,0
DA:26,0
DA:27,0
DA:29,0
DA:32,0
DA:35,0
DA:41,0
DA:42,0
DA:44,0
DA:47,0
DA:48,0
DA:54,0
DA:55,0
DA:57,0
DA:59,0
DA:61,0
DA:68,0
DA:69,0
DA:72,0
DA:73,0
DA:76,0
DA:77,0
DA:80,0
DA:81,0
DA:84,0
LF:31
LH:0
BRDA:35,0,0,0
BRDA:35,0,1,0
BRDA:47,1,0,0
BRDA:47,1,1,0
BRDA:68,2,0,0
BRDA:68,2,1,0
BRDA:72,3,0,0
BRDA:72,3,1,0
BRDA:76,4,0,0
BRDA:76,4,1,0
BRDA:80,5,0,0
BRDA:80,5,1,0
BRF:12
BRH:0
end_of_record
TN:
SF:/Users/agreen/Repos/react-components/packages/select/src/views/Dropdown.js
FN:36,(anonymous_5)
FN:39,Dropdown
FNF:2
FNH:0
FNDA:0,(anonymous_5)
FNDA:0,Dropdown
DA:8,0
DA:9,0
DA:10,0
DA:11,0
DA:12,0
DA:14,0
DA:16,0
DA:32,0
DA:36,0
DA:39,0
DA:40,0
DA:42,0
DA:45,0
LF:13
LH:0
BRF:0
BRH:0
end_of_record
TN:
SF:/Users/agreen/Repos/react-components/packages/select/src/views/SelectGroup.js
FN:22,(anonymous_1)
FNF:1
FNH:0
FNDA:0,(anonymous_1)
DA:8,0
DA:9,0
DA:10,0
DA:11,0
DA:13,0
DA:18,0
DA:22,0
DA:25,0
LF:8
LH:0
BRF:0
BRH:0
end_of_record
TN:
SF:/Users/agreen/Repos/react-components/packages/select/src/views/SelectView.js
FN:28,(anonymous_1)
FNF:1
FNH:0
FNDA:0,(anonymous_1)
DA:8,0
DA:9,0
DA:10,0
DA:11,0
DA:13,0
DA:14,0
DA:21,0
DA:28,0
DA:31,0
LF:9
LH:0
BRF:0
BRH:0
end_of_record
TN:
SF:/Users/agreen/Repos/react-components/packages/select/src/views/Separator.js
FN:21,(anonymous_1)
FNF:1
FNH:0
FNDA:0,(anonymous_1)
DA:8,0
DA:9,0
DA:10,0
DA:12,0
DA:17,0
DA:21,0
LF:6
LH:0
BRF:0
BRH:0
end_of_record
TN:
SF:/Users/agreen/Repos/react-components/packages/select/src/views/fields/Hint.js
FN:22,(anonymous_1)
FN:29,(anonymous_2)
FNF:2
FNH:0
FNDA:0,(anonymous_1)
FNDA:0,(anonymous_2)
DA:8,0
DA:9,0
DA:10,0
DA:11,0
DA:13,0
DA:18,0
DA:22,0
DA:25,0
DA:29,0
LF:9
LH:0
BRF:0
BRH:0
end_of_record
TN:
SF:/Users/agreen/Repos/react-components/packages/select/src/views/fields/Label.js
FN:22,(anonymous_1)
FN:30,(anonymous_2)
FNF:2
FNH:0
FNDA:0,(anonymous_1)
FNDA:0,(anonymous_2)
DA:8,0
DA:9,0
DA:10,0
DA:11,0
DA:13,0
DA:18,0
DA:22,0
DA:25,0
DA:30,0
LF:9
LH:0
BRF:0
BRH:0
end_of_record
TN:
SF:/Users/agreen/Repos/react-components/packages/select/src/views/fields/Message.js
FN:28,(anonymous_1)
FN:40,(anonymous_2)
FNF:2
FNH:0
FNDA:0,(anonymous_1)
FNDA:0,(anonymous_2)
DA:8,0
DA:9,0
DA:10,0
DA:11,0
DA:13,0
DA:14,0
DA:24,0
DA:28,0
DA:31,0
DA:40,0
LF:10
LH:0
BRF:0
BRH:0
end_of_record
TN:
SF:/Users/agreen/Repos/react-components/packages/select/src/views/items/AddItem.js
FN:22,(anonymous_1)
FN:32,(anonymous_2)
FNF:2
FNH:0
FNDA:0,(anonymous_1)
FNDA:0,(anonymous_2)
DA:8,0
DA:9,0
DA:10,0
DA:11,0
DA:13,0
DA:18,0
DA:22,0
DA:25,0
DA:32,0
LF:9
LH:0
BRF:0
BRH:0
end_of_record
TN:
SF:/Users/agreen/Repos/react-components/packages/select/src/views/items/Item.js
FN:22,(anonymous_1)
FN:33,(anonymous_2)
FNF:2
FNH:0
FNDA:0,(anonymous_1)
FNDA:0,(anonymous_2)
DA:8,0
DA:9,0
DA:10,0
DA:11,0
DA:13,0
DA:18,0
DA:22,0
DA:25,0
DA:33,0
LF:9
LH:0
BRF:0
BRH:0
end_of_record
TN:
SF:/Users/agreen/Repos/react-components/packages/select/src/views/items/ItemMeta.js
FN:21,(anonymous_1)
FNF:1
FNH:0
FNDA:0,(anonymous_1)
DA:8,0
DA:9,0
DA:10,0
DA:12,0
DA:17,0
DA:21,0
LF:6
LH:0
BRF:0
BRH:0
end_of_record
TN:
SF:/Users/agreen/Repos/react-components/packages/select/src/views/items/NextItem.js
FN:22,(anonymous_1)
FN:32,(anonymous_2)
FNF:2
FNH:0
FNDA:0,(anonymous_1)
FNDA:0,(anonymous_2)
DA:8,0
DA:9,0
DA:10,0
DA:11,0
DA:13,0
DA:18,0
DA:22,0
DA:25,0
DA:32,0
LF:9
LH:0
BRF:0
BRH:0
end_of_record
TN:
SF:/Users/agreen/Repos/react-components/packages/select/src/views/items/PreviousItem.js
FN:22,(anonymous_1)
FN:32,(anonymous_2)
FNF:2
FNH:0
FNDA:0,(anonymous_1)
FNDA:0,(anonymous_2)
DA:8,0
DA:9,0
DA:10,0
DA:11,0
DA:13,0
DA:18,0
DA:22,0
DA:25,0
DA:32,0
LF:9
LH:0
BRF:0
BRH:0
end_of_record
TN:
SF:/Users/agreen/Repos/react-components/packages/select/src/views/items/header/HeaderIcon.js
FNF:0
FNH:0
DA:8,0
LF:1
LH:0
BRF:0
BRH:0
end_of_record
TN:
SF:/Users/agreen/Repos/react-components/packages/select/src/views/items/header/HeaderItem.js
FN:22,(anonymous_1)
FNF:1
FNH:0
FNDA:0,(anonymous_1)
DA:8,0
DA:9,0
DA:10,0
DA:11,0
DA:13,0
DA:18,0
DA:22,0
DA:25,0
LF:8
LH:0
BRF:0
BRH:0
end_of_record
TN:
SF:/Users/agreen/Repos/react-components/packages/select/src/views/items/media/MediaBody.js
FN:21,(anonymous_1)
FNF:1
FNH:0
FNDA:0,(anonymous_1)
DA:8,0
DA:9,0
DA:10,0
DA:12,0
DA:17,0
DA:21,0
LF:6
LH:0
BRF:0
BRH:0
end_of_record
TN:
SF:/Users/agreen/Repos/react-components/packages/select/src/views/items/media/MediaFigure.js
FNF:0
FNH:0
DA:8,0
LF:1
LH:0
BRF:0
BRH:0
end_of_record
TN:
SF:/Users/agreen/Repos/react-components/packages/select/src/views/items/media/MediaItem.js
FN:22,(anonymous_1)
FNF:1
FNH:0
FNDA:0,(anonymous_1)
DA:8,0
DA:9,0
DA:10,0
DA:11,0
DA:13,0
DA:18,0
DA:22,0
DA:25,0
LF:8
LH:0
BRF:0
BRH:0
end_of_record
TN:
SF:/Users/agreen/Repos/react-components/packages/selection/src/constants/KEY_CODES.js
FNF:0
FNH:0
LF:0
LH:0
BRF:0
BRH:0
end_of_record
TN:
SF:/Users/agreen/Repos/react-components/packages/selection/src/containers/FieldContainer.js
FN:31,(anonymous_0)
FN:39,(anonymous_1)
FN:41,(anonymous_2)
FN:43,(anonymous_3)
FN:45,(anonymous_4)
FN:57,(anonymous_5)
FN:69,(anonymous_6)
FN:76,(anonymous_7)
FN:88,(anonymous_8)
FNF:9
FNH:6
FNDA:23,(anonymous_0)
FNDA:52,(anonymous_1)
FNDA:52,(anonymous_2)
FNDA:0,(anonymous_3)
FNDA:1,(anonymous_4)
FNDA:51,(anonymous_5)
FNDA:0,(anonymous_6)
FNDA:0,(anonymous_7)
FNDA:51,(anonymous_8)
DA:32,23
DA:34,23
DA:39,52
DA:41,52
DA:43,0
DA:50,1
DA:61,51
DA:70,0
DA:77,0
DA:79,0
DA:85,0
DA:89,51
DA:91,51
LF:13
LH:8
BRDA:45,0,0,0
BRDA:46,1,0,1
BRDA:47,2,0,1
BRDA:58,3,0,0
BRDA:58,4,0,51
BRDA:59,5,0,0
BRDA:59,6,0,0
BRDA:64,7,0,0
BRDA:64,7,1,51
BRDA:69,8,0,0
BRDA:69,9,0,0
BRDA:77,10,0,0
BRDA:77,10,1,0
BRDA:89,11,0,51
BRF:14
BRH:5
end_of_record
TN:
SF:/Users/agreen/Repos/react-components/packages/selection/src/containers/KeyboardFocusContainer.js
FN:25,(anonymous_0)
FN:35,(anonymous_1)
FN:42,(anonymous_2)
FN:47,(anonymous_3)
FN:53,(anonymous_4)
FN:57,(anonymous_5)
FN:67,(anonymous_6)
FNF:7
FNH:3
FNDA:6,(anonymous_0)
FNDA:0,(anonymous_1)
FNDA:0,(anonymous_2)
FNDA:0,(anonymous_3)
FNDA:0,(anonymous_4)
FNDA:6,(anonymous_5)
FNDA:6,(anonymous_6)
DA:26,6
DA:28,6
DA:32,6
DA:36,0
DA:42,0
DA:43,0
DA:48,0
DA:49,0
DA:54,0
DA:58,6
DA:68,6
DA:69,6
DA:71,6
LF:13
LH:7
BRDA:48,0,0,0
BRDA:48,0,1,0
BRDA:57,1,0,0
BRDA:57,2,0,0
BRDA:68,3,0,6
BRF:5
BRH:1
end_of_record
TN:
SF:/Users/agreen/Repos/react-components/packages/selection/src/containers/SelectionContainer.js
FN:74,(anonymous_0)
FN:87,(anonymous_1)
FN:107,(anonymous_2)
FN:113,(anonymous_3)
FN:119,(anonymous_4)
FN:123,(anonymous_5)
FN:127,(anonymous_6)
FN:140,(anonymous_7)
FN:153,(anonymous_8)
FN:161,(anonymous_9)
FN:171,(anonymous_10)
FN:177,(anonymous_11)
FN:181,(anonymous_12)
FN:183,(anonymous_13)
FN:201,(anonymous_14)
FN:206,(anonymous_15)
FN:222,(anonymous_16)
FN:229,(anonymous_17)
FN:233,(anonymous_18)
FN:240,(anonymous_19)
FN:243,(anonymous_20)
FN:273,(anonymous_21)
FN:280,(anonymous_22)
FNF:23
FNH:0
FNDA:0,(anonymous_0)
FNDA:0,(anonymous_1)
FNDA:0,(anonymous_2)
FNDA:0,(anonymous_3)
FNDA:0,(anonymous_4)
FNDA:0,(anonymous_5)
FNDA:0,(anonymous_6)
FNDA:0,(anonymous_7)
FNDA:0,(anonymous_8)
FNDA:0,(anonymous_9)
FNDA:0,(anonymous_10)
FNDA:0,(anonymous_11)
FNDA:0,(anonymous_12)
FNDA:0,(anonymous_13)
FNDA:0,(anonymous_14)
FNDA:0,(anonymous_15)
FNDA:0,(anonymous_16)
FNDA:0,(anonymous_17)
FNDA:0,(anonymous_18)
FNDA:0,(anonymous_19)
FNDA:0,(anonymous_20)
FNDA:0,(anonymous_21)
FNDA:0,(anonymous_22)
DA:18,1
DA:75,0
DA:77,0
DA:83,0
DA:84,0
DA:88,0
DA:89,0
DA:90,0
DA:96,0
DA:97,0
DA:100,0
DA:108,0
DA:109,0
DA:111,0
DA:114,0
DA:115,0
DA:117,0
DA:120,0
DA:121,0
DA:124,0
DA:125,0
DA:128,0
DA:130,0
DA:131,0
DA:133,0
DA:134,0
DA:136,0
DA:141,0
DA:143,0
DA:144,0
DA:146,0
DA:147,0
DA:149,0
DA:154,0
DA:156,0
DA:157,0
DA:158,0
DA:162,0
DA:164,0
DA:165,0
DA:166,0
DA:172,0
DA:174,0
DA:178,0
DA:181,0
DA:193,0
DA:194,0
DA:196,0
DA:202,0
DA:204,0
DA:207,0
DA:208,0
DA:209,0
DA:211,0
DA:212,0
DA:218,0
DA:223,0
DA:229,0
DA:230,0
DA:234,0
DA:241,0
DA:247,0
DA:248,0
DA:253,0
DA:254,0
DA:255,0
DA:257,0
DA:259,0
DA:260,0
DA:262,0
DA:263,0
DA:266,0
DA:268,0
DA:274,0
DA:281,0
DA:282,0
DA:284,0
DA:285,0
DA:286,0
DA:287,0
DA:289,0
LF:81
LH:1
BRDA:88,0,0,0
BRDA:88,0,1,0
BRDA:89,1,0,0
BRDA:89,1,1,0
BRDA:90,2,0,0
BRDA:90,2,1,0
BRDA:96,3,0,0
BRDA:96,3,1,0
BRDA:96,4,0,0
BRDA:96,4,1,0
BRDA:100,5,0,0
BRDA:130,6,0,0
BRDA:130,6,1,0
BRDA:133,7,0,0
BRDA:133,7,1,0
BRDA:143,8,0,0
BRDA:143,8,1,0
BRDA:146,9,0,0
BRDA:146,9,1,0
BRDA:156,10,0,0
BRDA:156,10,1,0
BRDA:164,11,0,0
BRDA:164,11,1,0
BRDA:183,12,0,0
BRDA:184,13,0,0
BRDA:185,14,0,0
BRDA:186,15,0,0
BRDA:204,16,0,0
BRDA:204,16,1,0
BRDA:207,17,0,0
BRDA:207,17,1,0
BRDA:208,18,0,0
BRDA:208,18,1,0
BRDA:211,19,0,0
BRDA:211,19,1,0
BRDA:213,20,0,0
BRDA:213,20,1,0
BRDA:241,21,0,0
BRDA:241,21,1,0
BRDA:244,22,0,0
BRDA:244,23,0,0
BRDA:244,24,0,0
BRDA:245,25,0,0
BRDA:245,26,0,0
BRDA:247,27,0,0
BRDA:247,27,1,0
BRDA:257,28,0,0
BRDA:257,28,1,0
BRDA:262,29,0,0
BRDA:262,29,1,0
BRDA:262,30,0,0
BRDA:262,30,1,0
BRDA:262,30,2,0
BRDA:281,31,0,0
BRF:54
BRH:0
end_of_record
TN:
SF:/Users/agreen/Repos/react-components/packages/selection/src/utils/ControlledComponent.js
FN:17,(anonymous_0)
FN:24,(anonymous_1)
FN:25,(anonymous_2)
FN:35,(anonymous_3)
FNF:4
FNH:4
FNDA:4882,(anonymous_0)
FNDA:1319,(anonymous_1)
FNDA:4811,(anonymous_2)
FNDA:25,(anonymous_3)
DA:18,4882
DA:25,1319
DA:26,4811
DA:28,4811
DA:36,25
DA:38,25
DA:39,19
DA:40,19
DA:42,19
DA:43,43
DA:44,43
DA:46,0
DA:50,19
DA:51,19
DA:53,6
LF:15
LH:14
BRDA:24,0,0,1319
BRDA:26,1,0,3539
BRDA:26,1,1,1272
BRDA:35,2,0,0
BRDA:38,3,0,19
BRDA:38,3,1,6
BRDA:43,4,0,43
BRDA:43,4,1,0
BRF:8
BRH:6
end_of_record
TN:
SF:/Users/agreen/Repos/react-components/packages/selection/src/utils/IdManager.js
FN:15,generateId
FN:23,setIdCounter
FNF:2
FNH:1
FNDA:46,generateId
FNDA:0,setIdCounter
DA:8,1
DA:16,46
DA:24,0
LF:3
LH:2
BRDA:15,0,0,0
BRF:1
BRH:0
end_of_record
TN:
SF:/Users/agreen/Repos/react-components/packages/selection/src/utils/SingleSelectionModel.js
FN:13,(anonymous_0)
FN:19,(anonymous_1)
FN:27,(anonymous_2)
FN:39,(anonymous_3)
FN:65,(anonymous_4)
FN:91,(anonymous_5)
FN:101,(anonymous_6)
FN:111,(anonymous_7)
FN:115,(anonymous_8)
FN:120,(anonymous_9)
FNF:10
FNH:5
FNDA:46,(anonymous_0)
FNDA:8,(anonymous_1)
FNDA:8,(anonymous_2)
FNDA:0,(anonymous_3)
FNDA:0,(anonymous_4)
FNDA:0,(anonymous_5)
FNDA:0,(anonymous_6)
FNDA:4,(anonymous_7)
FNDA:102,(anonymous_8)
FNDA:0,(anonymous_9)
DA:14,46
DA:15,46
DA:16,46
DA:20,8
DA:28,8
DA:30,8
DA:32,8
DA:33,0
DA:36,8
DA:40,0
DA:41,0
DA:42,0
DA:45,0
DA:47,0
DA:48,0
DA:49,0
DA:50,0
DA:51,0
DA:52,0
DA:53,0
DA:57,0
DA:59,0
DA:62,0
DA:66,0
DA:67,0
DA:68,0
DA:71,0
DA:73,0
DA:74,0
DA:75,0
DA:76,0
DA:77,0
DA:78,0
DA:79,0
DA:83,0
DA:85,0
DA:88,0
DA:92,0
DA:93,0
DA:95,0
DA:98,0
DA:102,0
DA:103,0
DA:105,0
DA:108,0
DA:112,4
DA:116,102
DA:117,102
DA:121,0
LF:49
LH:11
BRDA:13,0,0,46
BRDA:13,1,0,46
BRDA:20,2,0,8
BRDA:20,2,1,8
BRDA:32,3,0,0
BRDA:32,3,1,8
BRDA:40,4,0,0
BRDA:40,4,1,0
BRDA:41,5,0,0
BRDA:41,5,1,0
BRDA:47,6,0,0
BRDA:47,6,1,0
BRDA:48,7,0,0
BRDA:48,7,1,0
BRDA:50,8,0,0
BRDA:50,8,1,0
BRDA:52,9,0,0
BRDA:52,9,1,0
BRDA:66,10,0,0
BRDA:66,10,1,0
BRDA:67,11,0,0
BRDA:67,11,1,0
BRDA:73,12,0,0
BRDA:73,12,1,0
BRDA:74,13,0,0
BRDA:74,13,1,0
BRDA:76,14,0,0
BRDA:76,14,1,0
BRDA:78,15,0,0
BRDA:78,15,1,0
BRDA:92,16,0,0
BRDA:92,16,1,0
BRDA:102,17,0,0
BRDA:102,17,1,0
BRDA:115,18,0,102
BRDA:115,19,0,102
BRF:36
BRH:7
end_of_record
TN:
SF:/Users/agreen/Repos/react-components/packages/selection/src/utils/composeEventHandlers.js
FN:24,composeEventHandlers
FN:25,(anonymous_1)
FN:26,(anonymous_2)
FNF:3
FNH:3
FNDA:1689,composeEventHandlers
FNDA:31,(anonymous_1)
FNDA:56,(anonymous_2)
DA:25,1689
DA:26,31
DA:27,56
DA:29,56
LF:4
LH:4
BRDA:27,0,0,56
BRDA:27,0,1,32
BRDA:29,1,0,56
BRDA:29,1,1,56
BRF:4
BRH:4
end_of_record
TN:
SF:/Users/agreen/Repos/react-components/packages/tables/src/views/Body.js
FN:20,(anonymous_1)
FNF:1
FNH:0
FNDA:0,(anonymous_1)
DA:8,0
DA:9,0
DA:11,0
DA:16,0
DA:20,0
LF:5
LH:0
BRF:0
BRH:0
end_of_record
TN:
SF:/Users/agreen/Repos/react-components/packages/tables/src/views/Caption.js
FN:26,(anonymous_1)
FNF:1
FNH:0
FNDA:0,(anonymous_1)
DA:8,0
DA:9,0
DA:10,0
DA:12,0
DA:17,0
DA:26,0
LF:6
LH:0
BRF:0
BRH:0
end_of_record
TN:
SF:/Users/agreen/Repos/react-components/packages/tables/src/views/Cell.js
FN:23,className
FN:32,(anonymous_3)
FN:35,(anonymous_4)
FNF:3
FNH:0
FNDA:0,className
FNDA:0,(anonymous_3)
FNDA:0,(anonymous_4)
DA:8,0
DA:9,0
DA:10,0
DA:11,0
DA:12,0
DA:14,0
DA:19,0
DA:23,0
DA:32,0
DA:35,0
DA:38,0
LF:11
LH:0
BRF:0
BRH:0
end_of_record
TN:
SF:/Users/agreen/Repos/react-components/packages/tables/src/views/GroupRow.js
FN:25,(anonymous_1)
FNF:1
FNH:0
FNDA:0,(anonymous_1)
DA:8,0
DA:9,0
DA:10,0
DA:11,0
DA:13,0
DA:15,0
DA:25,0
LF:7
LH:0
BRF:0
BRH:0
end_of_record
TN:
SF:/Users/agreen/Repos/react-components/packages/tables/src/views/Head.js
FN:20,(anonymous_1)
FNF:1
FNH:0
FNDA:0,(anonymous_1)
DA:8,0
DA:9,0
DA:11,0
DA:16,0
DA:20,0
LF:5
LH:0
BRF:0
BRH:0
end_of_record
TN:
SF:/Users/agreen/Repos/react-components/packages/tables/src/views/HeaderCell.js
FN:21,(anonymous_1)
FNF:1
FNH:0
FNDA:0,(anonymous_1)
DA:8,0
DA:9,0
DA:10,0
DA:11,0
DA:13,0
DA:16,0
DA:21,0
DA:24,0
LF:8
LH:0
BRF:0
BRH:0
end_of_record
TN:
SF:/Users/agreen/Repos/react-components/packages/tables/src/views/HeaderRow.js
FN:33,(anonymous_1)
FNF:1
FNH:0
FNDA:0,(anonymous_1)
DA:8,0
DA:9,0
DA:10,0
DA:11,0
DA:13,0
DA:15,0
DA:17,0
DA:33,0
LF:8
LH:0
BRF:0
BRH:0
end_of_record
TN:
SF:/Users/agreen/Repos/react-components/packages/tables/src/views/OverflowButton.js
FN:25,className
FN:32,(anonymous_21)
FN:52,(anonymous_25)
FN:55,(anonymous_26)
FNF:4
FNH:0
FNDA:0,className
FNDA:0,(anonymous_21)
FNDA:0,(anonymous_25)
FNDA:0,(anonymous_26)
DA:8,0
DA:9,0
DA:10,0
DA:11,0
DA:12,0
DA:13,0
DA:14,0
DA:16,0
DA:21,0
DA:25,0
DA:32,0
DA:46,0
DA:47,0
DA:48,0
DA:50,0
DA:53,0
DA:56,0
LF:17
LH:0
BRF:0
BRH:0
end_of_record
TN:
SF:/Users/agreen/Repos/react-components/packages/tables/src/views/Row.js
FN:23,className
FN:37,(anonymous_21)
FN:67,(anonymous_25)
FN:70,(anonymous_26)
FNF:4
FNH:0
FNDA:0,className
FNDA:0,(anonymous_21)
FNDA:0,(anonymous_25)
FNDA:0,(anonymous_26)
DA:8,0
DA:9,0
DA:10,0
DA:11,0
DA:12,0
DA:13,0
DA:14,0
DA:16,0
DA:18,0
DA:23,0
DA:37,0
DA:60,0
DA:62,0
DA:63,0
DA:65,0
DA:68,0
DA:71,0
LF:17
LH:0
BRDA:73,0,0,0
BRDA:73,0,1,0
BRF:2
BRH:0
end_of_record
TN:
SF:/Users/agreen/Repos/react-components/packages/tables/src/views/SortableCell.js
FN:30,className
FN:41,(anonymous_7)
FN:44,SortableCell
FNF:3
FNH:0
FNDA:0,className
FNDA:0,(anonymous_7)
FNDA:0,SortableCell
DA:8,0
DA:9,0
DA:10,0
DA:11,0
DA:12,0
DA:13,0
DA:15,0
DA:17,0
DA:18,0
DA:26,0
DA:30,0
DA:41,0
DA:44,0
DA:45,0
DA:47,0
DA:48,0
DA:49,0
DA:50,0
DA:53,0
DA:66,0
LF:20
LH:0
BRDA:47,0,0,0
BRDA:47,0,1,0
BRDA:49,1,0,0
BRDA:49,1,1,0
BRF:4
BRH:0
end_of_record
TN:
SF:/Users/agreen/Repos/react-components/packages/tables/src/views/Table.js
FN:27,retrieveSrollableStyling
FN:49,retrieveRowMinHeight
FN:68,className
FN:78,(anonymous_6)
FN:79,(anonymous_7)
FN:82,(anonymous_8)
FNF:6
FNH:0
FNDA:0,retrieveSrollableStyling
FNDA:0,retrieveRowMinHeight
FNDA:0,className
FNDA:0,(anonymous_6)
FNDA:0,(anonymous_7)
FNDA:0,(anonymous_8)
DA:8,0
DA:9,0
DA:10,0
DA:11,0
DA:12,0
DA:13,0
DA:15,0
DA:16,0
DA:17,0
DA:19,0
DA:20,0
DA:21,0
DA:27,0
DA:28,0
DA:29,0
DA:32,0
DA:49,0
DA:50,0
DA:51,0
DA:54,0
DA:55,0
DA:58,0
DA:64,0
DA:68,0
DA:78,0
DA:79,0
DA:82,0
DA:86,0
LF:28
LH:0
BRDA:28,0,0,0
BRDA:28,0,1,0
BRDA:40,1,0,0
BRDA:40,1,1,0
BRDA:50,2,0,0
BRDA:50,2,1,0
BRDA:54,3,0,0
BRDA:54,3,1,0
BRF:8
BRH:0
end_of_record
TN:
SF:/Users/agreen/Repos/react-components/packages/tabs/src/containers/TabsContainer.js
FN:60,TabsContainer
FN:70,(anonymous_22)
FN:76,(anonymous_23)
FN:83,(anonymous_24)
FN:97,(anonymous_25)
FN:125,onStateChange
FN:136,(anonymous_28)
FN:138,getTabListProps
FN:139,getTabProps
FNF:9
FNH:0
FNDA:0,TabsContainer
FNDA:0,(anonymous_22)
FNDA:0,(anonymous_23)
FNDA:0,(anonymous_24)
FNDA:0,(anonymous_25)
FNDA:0,onStateChange
FNDA:0,(anonymous_28)
FNDA:0,getTabListProps
FNDA:0,getTabProps
DA:8,0
DA:9,0
DA:10,0
DA:60,0
DA:61,0
DA:63,0
DA:71,0
DA:73,0
DA:76,0
DA:77,0
DA:83,0
DA:84,0
DA:85,0
DA:90,0
DA:97,0
DA:98,0
DA:99,0
DA:104,0
DA:105,0
DA:107,0
DA:115,0
DA:116,0
DA:117,0
DA:119,0
DA:129,0
DA:130,0
DA:133,0
DA:136,0
DA:138,0
DA:139,0
LF:30
LH:0
BRDA:73,0,0,0
BRDA:73,0,1,0
BRDA:76,1,0,0
BRDA:76,1,1,0
BRDA:76,2,0,0
BRDA:76,2,1,0
BRDA:76,3,0,0
BRDA:76,3,1,0
BRDA:83,4,0,0
BRDA:83,4,1,0
BRDA:83,5,0,0
BRDA:83,5,1,0
BRDA:83,6,0,0
BRDA:83,6,1,0
BRDA:84,7,0,0
BRDA:84,7,1,0
BRDA:84,8,0,0
BRDA:84,8,1,0
BRDA:97,9,0,0
BRDA:97,9,1,0
BRDA:97,10,0,0
BRDA:97,10,1,0
BRDA:97,11,0,0
BRDA:97,11,1,0
BRDA:98,12,0,0
BRDA:98,12,1,0
BRDA:98,13,0,0
BRDA:98,13,1,0
BRDA:116,14,0,0
BRDA:116,14,1,0
BRDA:122,15,0,0
BRDA:122,15,1,0
BRDA:129,16,0,0
BRDA:129,16,1,0
BRF:34
BRH:0
end_of_record
TN:
SF:/Users/agreen/Repos/react-components/packages/tabs/src/elements/Tabs.js
FN:47,Tabs
FN:79,(anonymous_27)
FN:82,(anonymous_28)
FN:112,(anonymous_29)
FNF:4
FNH:0
FNDA:0,Tabs
FNDA:0,(anonymous_27)
FNDA:0,(anonymous_28)
FNDA:0,(anonymous_29)
DA:8,0
DA:9,0
DA:10,0
DA:12,0
DA:13,0
DA:14,0
DA:15,0
DA:47,0
DA:48,0
DA:50,0
DA:55,0
DA:62,0
DA:63,0
DA:67,0
DA:68,0
DA:69,0
DA:71,0
DA:79,0
DA:82,0
DA:83,0
DA:84,0
DA:87,0
DA:88,0
DA:90,0
DA:91,0
DA:94,0
DA:95,0
DA:98,0
DA:112,0
DA:113,0
DA:114,0
DA:117,0
DA:118,0
DA:122,0
DA:124,0
LF:35
LH:0
BRDA:62,0,0,0
BRDA:62,0,1,0
BRDA:62,1,0,0
BRDA:62,1,1,0
BRDA:83,2,0,0
BRDA:83,2,1,0
BRDA:90,3,0,0
BRDA:90,3,1,0
BRDA:94,4,0,0
BRDA:94,4,1,0
BRDA:113,5,0,0
BRDA:113,5,1,0
BRDA:117,6,0,0
BRDA:117,6,1,0
BRF:14
BRH:0
end_of_record
TN:
SF:/Users/agreen/Repos/react-components/packages/tabs/src/views/Tab.js
FN:22,className
FN:32,(anonymous_3)
FNF:2
FNH:0
FNDA:0,className
FNDA:0,(anonymous_3)
DA:8,0
DA:9,0
DA:10,0
DA:11,0
DA:12,0
DA:14,0
DA:19,0
DA:22,0
DA:32,0
DA:35,0
LF:10
LH:0
BRF:0
BRH:0
end_of_record
TN:
SF:/Users/agreen/Repos/react-components/packages/tabs/src/views/TabList.js
FN:26,(anonymous_1)
FNF:1
FNH:0
FNDA:0,(anonymous_1)
DA:8,0
DA:9,0
DA:10,0
DA:12,0
DA:17,0
DA:26,0
LF:6
LH:0
BRF:0
BRH:0
end_of_record
TN:
SF:/Users/agreen/Repos/react-components/packages/tabs/src/views/TabPanel.js
FN:22,(anonymous_1)
FNF:1
FNH:0
FNDA:0,(anonymous_1)
DA:8,0
DA:9,0
DA:10,0
DA:12,0
DA:17,0
DA:22,0
LF:6
LH:0
BRF:0
BRH:0
end_of_record
TN:
SF:/Users/agreen/Repos/react-components/packages/tabs/src/views/TabsView.js
FN:22,className
FN:31,(anonymous_3)
FNF:2
FNH:0
FNDA:0,className
FNDA:0,(anonymous_3)
DA:8,0
DA:9,0
DA:10,0
DA:11,0
DA:12,0
DA:14,0
DA:19,0
DA:22,0
DA:31,0
DA:34,0
LF:10
LH:0
BRF:0
BRH:0
end_of_record
TN:
SF:/Users/agreen/Repos/react-components/packages/tags/src/views/Avatar.js
FN:14,(anonymous_0)
FNF:1
FNH:0
FNDA:0,(anonymous_0)
DA:12,1
DA:14,1
DA:15,0
LF:3
LH:2
BRF:0
BRH:0
end_of_record
TN:
SF:/Users/agreen/Repos/react-components/packages/tags/src/views/Close.js
FN:23,(anonymous_0)
FN:28,(anonymous_1)
FNF:2
FNH:2
FNDA:88,(anonymous_0)
FNDA:88,(anonymous_1)
DA:14,1
DA:19,1
DA:24,88
DA:28,88
DA:31,1
LF:5
LH:5
BRF:0
BRH:0
end_of_record
TN:
SF:/Users/agreen/Repos/react-components/packages/tags/src/views/Tag.js
FN:37,(anonymous_0)
FN:62,(anonymous_1)
FNF:2
FNH:2
FNDA:88,(anonymous_0)
FNDA:88,(anonymous_1)
DA:15,1
DA:17,1
DA:26,1
DA:34,1
DA:38,88
DA:62,88
DA:65,1
LF:7
LH:7
BRF:0
BRH:0
end_of_record
TN:
SF:/Users/agreen/Repos/react-components/packages/testing/src/utils/getExports.js
FN:14,defaultFileMapper
FN:16,(anonymous_1)
FN:29,getExports
FN:34,(anonymous_3)
FN:35,(anonymous_4)
FNF:5
FNH:0
FNDA:0,defaultFileMapper
FNDA:0,(anonymous_1)
FNDA:0,getExports
FNDA:0,(anonymous_3)
FNDA:0,(anonymous_4)
DA:15,0
DA:17,0
DA:34,0
DA:35,0
DA:36,0
DA:37,0
DA:40,0
LF:7
LH:0
BRDA:29,0,0,0
BRDA:30,1,0,0
BRDA:32,2,0,0
BRDA:36,3,0,0
BRDA:36,3,1,0
BRF:5
BRH:0
end_of_record
TN:
SF:/Users/agreen/Repos/react-components/packages/testing/src/utils/mountWithTheme.js
FN:18,(anonymous_0)
FNF:1
FNH:1
FNDA:23,(anonymous_0)
DA:18,1
DA:19,23
DA:24,23
LF:3
LH:3
BRDA:18,0,0,23
BRDA:18,1,0,23
BRF:2
BRH:2
end_of_record
TN:
SF:/Users/agreen/Repos/react-components/packages/testing/src/utils/renderWithTheme.js
FN:18,(anonymous_0)
FNF:1
FNH:0
FNDA:0,(anonymous_0)
DA:18,1
DA:19,0
DA:24,0
LF:3
LH:1
BRDA:18,0,0,0
BRF:1
BRH:0
end_of_record
TN:
SF:/Users/agreen/Repos/react-components/packages/testing/src/utils/shallowWithTheme.js
FN:17,(anonymous_0)
FNF:1
FNH:0
FNDA:0,(anonymous_0)
DA:17,1
DA:18,0
DA:23,0
LF:3
LH:1
BRDA:17,0,0,0
BRF:1
BRH:0
end_of_record
TN:
SF:/Users/agreen/Repos/react-components/packages/textfields/src/elements/FauxInput.js
FN:49,(anonymous_0)
FN:57,(anonymous_1)
FN:65,(anonymous_2)
FN:68,(anonymous_3)
FNF:4
FNH:4
FNDA:23,(anonymous_0)
FNDA:51,(anonymous_1)
FNDA:5,(anonymous_2)
FNDA:1,(anonymous_3)
DA:13,1
DA:14,1
DA:50,23
DA:52,23
DA:58,51
DA:59,51
DA:61,51
DA:66,5
DA:69,1
LF:9
LH:9
BRF:0
BRH:0
end_of_record
TN:
SF:/Users/agreen/Repos/react-components/packages/textfields/src/elements/TextField.js
FN:33,(anonymous_0)
FN:41,(anonymous_1)
FN:47,(anonymous_2)
FN:55,(anonymous_3)
FN:57,(anonymous_4)
FNF:5
FNH:0
FNDA:0,(anonymous_0)
FNDA:0,(anonymous_1)
FNDA:0,(anonymous_2)
FNDA:0,(anonymous_3)
FNDA:0,(anonymous_4)
DA:34,0
DA:36,0
DA:42,0
DA:43,0
DA:45,0
DA:47,0
DA:48,0
DA:49,0
DA:53,0
DA:56,0
DA:58,0
DA:59,0
DA:62,0
DA:63,0
DA:66,0
DA:67,0
DA:70,0
DA:71,0
DA:74,0
LF:19
LH:0
BRDA:48,0,0,0
BRDA:48,0,1,0
BRDA:58,1,0,0
BRDA:58,1,1,0
BRDA:62,2,0,0
BRDA:62,2,1,0
BRDA:66,3,0,0
BRDA:66,3,1,0
BRDA:66,4,0,0
BRDA:66,4,1,0
BRDA:70,5,0,0
BRDA:70,5,1,0
BRF:12
BRH:0
end_of_record
TN:
SF:/Users/agreen/Repos/react-components/packages/textfields/src/views/Hint.js
FN:22,(anonymous_0)
FN:30,(anonymous_1)
FN:37,(anonymous_2)
FNF:3
FNH:0
FNDA:0,(anonymous_0)
FNDA:0,(anonymous_1)
FNDA:0,(anonymous_2)
DA:14,1
DA:19,1
DA:23,0
DA:30,0
DA:33,1
DA:37,1
LF:6
LH:4
BRF:0
BRH:0
end_of_record
TN:
SF:/Users/agreen/Repos/react-components/packages/textfields/src/views/Input.js
FN:22,(anonymous_0)
FN:32,(anonymous_1)
FN:33,(anonymous_2)
FN:57,(anonymous_3)
FN:83,(anonymous_4)
FNF:5
FNH:4
FNDA:102,(anonymous_0)
FNDA:102,(anonymous_1)
FNDA:102,(anonymous_2)
FNDA:102,(anonymous_3)
FNDA:0,(anonymous_4)
DA:14,1
DA:15,1
DA:22,1
DA:23,102
DA:29,1
DA:32,102
DA:34,102
DA:57,102
DA:60,1
DA:83,1
LF:10
LH:10
BRDA:23,0,0,102
BRDA:23,0,1,101
BRF:2
BRH:2
end_of_record
TN:
SF:/Users/agreen/Repos/react-components/packages/textfields/src/views/Label.js
FN:22,(anonymous_0)
FN:31,(anonymous_1)
FN:39,(anonymous_2)
FNF:3
FNH:2
FNDA:1,(anonymous_0)
FNDA:1,(anonymous_1)
FNDA:0,(anonymous_2)
DA:14,1
DA:19,1
DA:23,1
DA:31,1
DA:34,1
DA:39,1
LF:6
LH:6
BRF:0
BRH:0
end_of_record
TN:
SF:/Users/agreen/Repos/react-components/packages/textfields/src/views/MediaFigure.js
FN:22,(anonymous_0)
FNF:1
FNH:0
FNDA:0,(anonymous_0)
DA:12,1
DA:17,1
DA:22,0
LF:3
LH:2
BRF:0
BRH:0
end_of_record
TN:
SF:/Users/agreen/Repos/react-components/packages/textfields/src/views/MediaInput.js
FN:31,(anonymous_0)
FNF:1
FNH:0
FNDA:0,(anonymous_0)
DA:15,1
DA:16,1
DA:26,1
DA:31,0
DA:34,1
DA:48,1
LF:6
LH:5
BRF:0
BRH:0
end_of_record
TN:
SF:/Users/agreen/Repos/react-components/packages/textfields/src/views/Message.js
FN:28,(anonymous_0)
FN:38,(anonymous_1)
FN:50,(anonymous_2)
FNF:3
FNH:0
FNDA:0,(anonymous_0)
FNDA:0,(anonymous_1)
FNDA:0,(anonymous_2)
DA:14,1
DA:15,1
DA:25,1
DA:29,0
DA:38,0
DA:41,1
DA:50,1
LF:7
LH:5
BRF:0
BRH:0
end_of_record
TN:
SF:/Users/agreen/Repos/react-components/packages/textfields/src/views/TextGroup.js
FN:22,(anonymous_0)
FN:30,(anonymous_1)
FNF:2
FNH:2
FNDA:51,(anonymous_0)
FNDA:51,(anonymous_1)
DA:14,1
DA:19,1
DA:23,51
DA:30,51
DA:33,1
LF:5
LH:5
BRF:0
BRH:0
end_of_record
TN:
SF:/Users/agreen/Repos/react-components/packages/textfields/src/views/Textarea.js
FN:30,(anonymous_0)
FN:38,(anonymous_1)
FN:56,(anonymous_2)
FNF:3
FNH:0
FNDA:0,(anonymous_0)
FNDA:0,(anonymous_1)
FNDA:0,(anonymous_2)
DA:16,1
DA:17,1
DA:27,1
DA:31,0
DA:38,0
DA:41,1
DA:56,1
LF:7
LH:5
BRF:0
BRH:0
end_of_record
TN:
SF:/Users/agreen/Repos/react-components/packages/theming/src/ThemeProvider/ThemeProvider.js
FN:12,(anonymous_0)
FNF:1
FNH:1
FNDA:23,(anonymous_0)
DA:12,1
DA:13,23
DA:19,23
DA:22,1
LF:4
LH:4
BRF:0
BRH:0
end_of_record
TN:
SF:/Users/agreen/Repos/react-components/packages/theming/src/utils/getDocument.js
FN:9,getDocument
FNF:1
FNH:0
FNDA:0,getDocument
DA:10,0
LF:1
LH:0
BRDA:9,0,0,0
BRDA:10,1,0,0
BRDA:10,1,1,0
BRDA:10,1,2,0
BRF:4
BRH:0
end_of_record
TN:
SF:/Users/agreen/Repos/react-components/packages/theming/src/utils/isRtl.js
FN:9,isRtl
FNF:1
FNH:1
FNDA:303,isRtl
DA:10,303
LF:1
LH:1
BRDA:9,0,0,0
BRDA:10,1,0,303
BRDA:10,1,1,303
BRF:3
BRH:2
end_of_record
TN:
SF:/Users/agreen/Repos/react-components/packages/theming/src/utils/retrieveTheme.js
FN:9,retrieveTheme
FNF:1
FNH:1
FNDA:358,retrieveTheme
DA:10,358
DA:12,358
DA:13,0
DA:16,358
DA:18,358
DA:19,0
DA:22,358
LF:7
LH:5
BRDA:12,0,0,0
BRDA:12,0,1,358
BRDA:18,1,0,0
BRDA:18,1,1,358
BRF:4
BRH:2
end_of_record
TN:
SF:/Users/agreen/Repos/react-components/packages/theming/src/utils/withTheme.js
FN:11,withTheme
FNF:1
FNH:1
FNDA:5,withTheme
DA:12,5
LF:1
LH:1
BRF:0
BRH:0
end_of_record
TN:
SF:/Users/agreen/Repos/react-components/packages/toggles/src/elements/Toggle.js
FN:40,Toggle
FN:48,(anonymous_23)
FN:68,(anonymous_24)
FN:77,(anonymous_25)
FN:111,(anonymous_27)
FN:113,(anonymous_28)
FNF:6
FNH:0
FNDA:0,Toggle
FNDA:0,(anonymous_23)
FNDA:0,(anonymous_24)
FNDA:0,(anonymous_25)
FNDA:0,(anonymous_27)
FNDA:0,(anonymous_28)
DA:8,0
DA:9,0
DA:10,0
DA:17,0
DA:19,0
DA:20,0
DA:21,0
DA:22,0
DA:40,0
DA:41,0
DA:43,0
DA:54,0
DA:55,0
DA:64,0
DA:66,0
DA:68,0
DA:69,0
DA:70,0
DA:74,0
DA:78,0
DA:79,0
DA:82,0
DA:83,0
DA:85,0
DA:96,0
DA:97,0
DA:100,0
DA:106,0
DA:107,0
DA:109,0
DA:111,0
DA:113,0
LF:32
LH:0
BRDA:54,0,0,0
BRDA:54,0,1,0
BRDA:54,1,0,0
BRDA:54,1,1,0
BRDA:69,2,0,0
BRDA:69,2,1,0
BRDA:78,3,0,0
BRDA:78,3,1,0
BRDA:82,4,0,0
BRDA:82,4,1,0
BRDA:96,5,0,0
BRDA:96,5,1,0
BRF:12
BRH:0
end_of_record
TN:
SF:/Users/agreen/Repos/react-components/packages/toggles/src/views/Hint.js
FN:21,className
FN:27,(anonymous_3)
FN:30,(anonymous_4)
FNF:3
FNH:0
FNDA:0,className
FNDA:0,(anonymous_3)
FNDA:0,(anonymous_4)
DA:8,0
DA:9,0
DA:10,0
DA:11,0
DA:13,0
DA:18,0
DA:21,0
DA:27,0
DA:30,0
LF:9
LH:0
BRF:0
BRH:0
end_of_record
TN:
SF:/Users/agreen/Repos/react-components/packages/toggles/src/views/Input.js
FN:24,(anonymous_1)
FNF:1
FNH:0
FNDA:0,(anonymous_1)
DA:8,0
DA:9,0
DA:10,0
DA:12,0
DA:17,0
DA:24,0
LF:6
LH:0
BRF:0
BRH:0
end_of_record
TN:
SF:/Users/agreen/Repos/react-components/packages/toggles/src/views/Label.js
FN:22,className
FN:39,(anonymous_3)
FN:51,(anonymous_4)
FNF:3
FNH:0
FNDA:0,className
FNDA:0,(anonymous_3)
FNDA:0,(anonymous_4)
DA:8,0
DA:9,0
DA:10,0
DA:11,0
DA:12,0
DA:14,0
DA:19,0
DA:22,0
DA:39,0
DA:42,0
DA:51,0
LF:11
LH:0
BRF:0
BRH:0
end_of_record
TN:
SF:/Users/agreen/Repos/react-components/packages/toggles/src/views/Message.js
FN:28,className
FN:38,(anonymous_3)
FN:50,(anonymous_4)
FNF:3
FNH:0
FNDA:0,className
FNDA:0,(anonymous_3)
FNDA:0,(anonymous_4)
DA:8,0
DA:9,0
DA:10,0
DA:11,0
DA:12,0
DA:14,0
DA:15,0
DA:25,0
DA:28,0
DA:38,0
DA:41,0
DA:50,0
LF:12
LH:0
BRF:0
BRH:0
end_of_record
TN:
SF:/Users/agreen/Repos/react-components/packages/toggles/src/views/ToggleView.js
FN:21,className
FN:27,(anonymous_3)
FNF:2
FNH:0
FNDA:0,className
FNDA:0,(anonymous_3)
DA:8,0
DA:9,0
DA:10,0
DA:11,0
DA:13,0
DA:18,0
DA:21,0
DA:27,0
LF:8
LH:0
BRF:0
BRH:0
end_of_record
TN:
SF:/Users/agreen/Repos/react-components/packages/tooltips/src/containers/TooltipContainer.js
FN:29,(anonymous_0)
FN:101,(anonymous_1)
FN:112,(anonymous_2)
FN:117,(anonymous_3)
FN:120,(anonymous_4)
FN:125,(anonymous_5)
FN:128,(anonymous_6)
FN:133,(anonymous_7)
FN:143,(anonymous_8)
FN:144,(anonymous_9)
FN:145,(anonymous_10)
FN:147,(anonymous_11)
FN:152,(anonymous_12)
FN:155,(anonymous_13)
FN:156,(anonymous_14)
FN:161,(anonymous_15)
FN:171,(anonymous_16)
FN:187,(anonymous_17)
FN:191,(anonymous_18)
FN:203,(anonymous_19)
FN:218,(anonymous_20)
FNF:21
FNH:0
FNDA:0,(anonymous_0)
FNDA:0,(anonymous_1)
FNDA:0,(anonymous_2)
FNDA:0,(anonymous_3)
FNDA:0,(anonymous_4)
FNDA:0,(anonymous_5)
FNDA:0,(anonymous_6)
FNDA:0,(anonymous_7)
FNDA:0,(anonymous_8)
FNDA:0,(anonymous_9)
FNDA:0,(anonymous_10)
FNDA:0,(anonymous_11)
FNDA:0,(anonymous_12)
FNDA:0,(anonymous_13)
FNDA:0,(anonymous_14)
FNDA:0,(anonymous_15)
FNDA:0,(anonymous_16)
FNDA:0,(anonymous_17)
FNDA:0,(anonymous_18)
FNDA:0,(anonymous_19)
FNDA:0,(anonymous_20)
DA:28,1
DA:29,0
DA:102,0
DA:104,0
DA:109,0
DA:113,0
DA:114,0
DA:118,0
DA:120,0
DA:121,0
DA:126,0
DA:128,0
DA:129,0
DA:141,0
DA:143,0
DA:144,0
DA:145,0
DA:147,0
DA:153,0
DA:155,0
DA:156,0
DA:162,0
DA:164,0
DA:165,0
DA:168,0
DA:180,0
DA:181,0
DA:183,0
DA:188,0
DA:191,0
DA:204,0
DA:205,0
DA:207,0
DA:208,0
DA:212,0
DA:218,0
DA:227,0
DA:228,0
DA:231,0
LF:39
LH:1
BRDA:117,0,0,0
BRDA:125,1,0,0
BRDA:133,2,0,0
BRDA:134,3,0,0
BRDA:152,4,0,0
BRDA:152,5,0,0
BRDA:164,6,0,0
BRDA:164,6,1,0
BRDA:174,7,0,0
BRDA:189,8,0,0
BRDA:189,8,1,0
BRDA:207,9,0,0
BRDA:207,9,1,0
BRDA:227,10,0,0
BRDA:227,10,1,0
BRF:15
BRH:0
end_of_record
TN:
SF:/Users/agreen/Repos/react-components/packages/tooltips/src/elements/Tooltip.js
FN:88,(anonymous_0)
FN:115,(anonymous_1)
FN:121,(anonymous_2)
FNF:3
FNH:0
FNDA:0,(anonymous_0)
FNDA:0,(anonymous_1)
FNDA:0,(anonymous_2)
DA:17,1
DA:24,1
DA:33,1
DA:102,0
DA:104,0
DA:106,0
DA:116,0
DA:118,0
DA:122,0
DA:123,0
DA:125,0
LF:11
LH:3
BRDA:123,0,0,0
BRDA:123,0,1,0
BRF:2
BRH:0
end_of_record
TN:
SF:/Users/agreen/Repos/react-components/packages/tooltips/src/utils/gardenPlacements.js
FN:42,getPopperPlacement
FN:70,getRtlPopperPlacement
FNF:2
FNH:1
FNDA:51,getPopperPlacement
FNDA:0,getRtlPopperPlacement
DA:8,1
DA:18,1
DA:28,1
DA:43,51
DA:45,51
DA:46,357
DA:47,357
DA:49,357
DA:53,51
DA:63,51
DA:71,0
DA:84,0
DA:86,0
LF:13
LH:10
BRDA:46,0,0,357
BRDA:46,0,1,0
BRDA:86,1,0,0
BRDA:86,1,1,0
BRF:4
BRH:1
end_of_record
TN:
SF:/Users/agreen/Repos/react-components/packages/tooltips/src/views/LightTooltip.js
FN:48,(anonymous_0)
FNF:1
FNH:0
FNDA:0,(anonymous_0)
DA:16,1
DA:18,1
DA:25,1
DA:43,1
DA:48,0
DA:51,1
DA:71,1
LF:7
LH:6
BRF:0
BRH:0
end_of_record
TN:
SF:/Users/agreen/Repos/react-components/packages/tooltips/src/views/TooltipView.js
FN:39,(anonymous_0)
FN:43,(anonymous_1)
FN:61,(anonymous_2)
FN:88,(anonymous_3)
FN:89,(anonymous_4)
FNF:5
FNH:0
FNDA:0,(anonymous_0)
FNDA:0,(anonymous_1)
FNDA:0,(anonymous_2)
FNDA:0,(anonymous_3)
FNDA:0,(anonymous_4)
DA:15,1
DA:17,1
DA:24,1
DA:39,1
DA:40,0
DA:43,1
DA:44,0
DA:45,0
DA:46,0
DA:47,0
DA:48,0
DA:52,0
DA:58,1
DA:62,0
DA:88,0
DA:89,0
DA:92,1
DA:112,1
LF:18
LH:8
BRDA:40,0,0,0
BRDA:40,0,1,0
BRDA:44,1,0,0
BRDA:44,1,1,0
BRDA:45,2,0,0
BRDA:45,2,1,0
BRDA:47,3,0,0
BRDA:47,3,1,0
BRF:8
BRH:0
end_of_record
TN:
SF:/Users/agreen/Repos/react-components/packages/tooltips/src/views/content/Paragraph.js
FN:22,(anonymous_0)
FNF:1
FNH:0
FNDA:0,(anonymous_0)
DA:12,1
DA:17,1
DA:22,0
LF:3
LH:2
BRF:0
BRH:0
end_of_record
TN:
SF:/Users/agreen/Repos/react-components/packages/tooltips/src/views/content/Title.js
FN:22,(anonymous_0)
FNF:1
FNH:0
FNDA:0,(anonymous_0)
DA:12,1
DA:17,1
DA:22,0
LF:3
LH:2
BRF:0
BRH:0
end_of_record
TN:
SF:/Users/agreen/Repos/react-components/packages/typography/src/views/Ellipsis.js
FN:23,(anonymous_5)
FN:25,(anonymous_6)
FN:36,Ellipsis
FNF:3
FNH:0
FNDA:0,(anonymous_5)
FNDA:0,(anonymous_6)
FNDA:0,Ellipsis
DA:8,0
DA:9,0
DA:10,0
DA:11,0
DA:13,0
DA:15,0
DA:23,0
DA:25,0
DA:36,0
DA:37,0
DA:39,0
DA:41,0
DA:42,0
DA:43,0
DA:44,0
DA:47,0
DA:54,0
DA:64,0
LF:18
LH:0
BRDA:23,0,0,0
BRDA:23,0,1,0
BRDA:41,1,0,0
BRDA:41,1,1,0
BRDA:43,2,0,0
BRDA:43,2,1,0
BRF:6
BRH:0
end_of_record
TN:
SF:/Users/agreen/Repos/react-components/packages/typography/src/views/LG.js
FN:23,(anonymous_3)
FN:25,(anonymous_4)
FN:31,LG
FNF:3
FNH:0
FNDA:0,(anonymous_3)
FNDA:0,(anonymous_4)
FNDA:0,LG
DA:8,0
DA:9,0
DA:10,0
DA:11,0
DA:12,0
DA:14,0
DA:16,0
DA:23,0
DA:25,0
DA:31,0
DA:32,0
DA:34,0
DA:37,0
DA:42,0
LF:14
LH:0
BRDA:23,0,0,0
BRDA:23,0,1,0
BRF:2
BRH:0
end_of_record
TN:
SF:/Users/agreen/Repos/react-components/packages/typography/src/views/MD.js
FN:23,(anonymous_3)
FN:25,(anonymous_4)
FN:31,MD
FNF:3
FNH:0
FNDA:0,(anonymous_3)
FNDA:0,(anonymous_4)
FNDA:0,MD
DA:8,0
DA:9,0
DA:10,0
DA:11,0
DA:12,0
DA:14,0
DA:16,0
DA:23,0
DA:25,0
DA:31,0
DA:32,0
DA:34,0
DA:37,0
DA:42,0
LF:14
LH:0
BRDA:23,0,0,0
BRDA:23,0,1,0
BRF:2
BRH:0
end_of_record
TN:
SF:/Users/agreen/Repos/react-components/packages/typography/src/views/SM.js
FN:23,(anonymous_3)
FN:25,(anonymous_4)
FN:31,SM
FNF:3
FNH:0
FNDA:0,(anonymous_3)
FNDA:0,(anonymous_4)
FNDA:0,SM
DA:8,0
DA:9,0
DA:10,0
DA:11,0
DA:12,0
DA:14,0
DA:16,0
DA:23,0
DA:25,0
DA:31,0
DA:32,0
DA:34,0
DA:37,0
DA:42,0
LF:14
LH:0
BRDA:23,0,0,0
BRDA:23,0,1,0
BRF:2
BRH:0
end_of_record
TN:
SF:/Users/agreen/Repos/react-components/packages/typography/src/views/XL.js
FN:23,(anonymous_3)
FN:25,(anonymous_4)
FN:31,XL
FNF:3
FNH:0
FNDA:0,(anonymous_3)
FNDA:0,(anonymous_4)
FNDA:0,XL
DA:8,0
DA:9,0
DA:10,0
DA:11,0
DA:12,0
DA:14,0
DA:16,0
DA:23,0
DA:25,0
DA:31,0
DA:32,0
DA:34,0
DA:37,0
DA:42,0
LF:14
LH:0
BRDA:23,0,0,0
BRDA:23,0,1,0
BRF:2
BRH:0
end_of_record
TN:
SF:/Users/agreen/Repos/react-components/packages/typography/src/views/XXL.js
FN:23,(anonymous_3)
FN:25,(anonymous_4)
FN:31,XXL
FNF:3
FNH:0
FNDA:0,(anonymous_3)
FNDA:0,(anonymous_4)
FNDA:0,XXL
DA:8,0
DA:9,0
DA:10,0
DA:11,0
DA:12,0
DA:14,0
DA:16,0
DA:23,0
DA:25,0
DA:31,0
DA:32,0
DA:34,0
DA:37,0
DA:42,0
LF:14
LH:0
BRDA:23,0,0,0
BRDA:23,0,1,0
BRF:2
BRH:0
end_of_record
TN:
SF:/Users/agreen/Repos/react-components/packages/typography/src/views/XXXL.js
FN:23,(anonymous_3)
FN:25,(anonymous_4)
FN:31,XXXL
FNF:3
FNH:0
FNDA:0,(anonymous_3)
FNDA:0,(anonymous_4)
FNDA:0,XXXL
DA:8,0
DA:9,0
DA:10,0
DA:11,0
DA:12,0
DA:14,0
DA:16,0
DA:23,0
DA:25,0
DA:31,0
DA:32,0
DA:34,0
DA:37,0
DA:42,0
LF:14
LH:0
BRDA:23,0,0,0
BRDA:23,0,1,0
BRF:2
BRH:0
end_of_record
TN:
SF:/Users/agreen/Repos/react-components/packages/utilities/src/utils/hasType.js
FN:14,(anonymous_0)
FNF:1
FNH:0
FNDA:0,(anonymous_0)
DA:15,0
DA:16,0
DA:17,0
DA:21,0
DA:22,0
DA:23,0
DA:24,0
DA:27,0
LF:8
LH:0
BRDA:14,0,0,0
BRDA:15,1,0,0
BRDA:15,1,1,0
BRDA:16,2,0,0
BRDA:21,3,0,0
BRDA:21,3,1,0
BRDA:23,4,0,0
BRDA:23,4,1,0
BRDA:23,5,0,0
BRDA:23,5,1,0
BRF:10
BRH:0
end_of_record
TN:
SF:/Users/agreen/Repos/react-components/packages/utilities/src/utils/requiredParam.js
FN:14,(anonymous_0)
FNF:1
FNH:0
FNDA:0,(anonymous_0)
DA:15,0
DA:16,0
DA:19,0
LF:3
LH:0
BRDA:15,0,0,0
BRDA:15,0,1,0
BRF:2
BRH:0
end_of_record
