TN:
SF:/home/travis/build/zendeskgarden/react-components/packages/autocomplete/src/containers/AutocompleteContainer.js
FN:33,(anonymous_0)
FN:131,(anonymous_1)
FN:148,(anonymous_2)
FN:171,(anonymous_3)
FN:177,(anonymous_4)
FN:183,(anonymous_5)
FN:191,(anonymous_6)
FN:195,(anonymous_7)
FN:200,(anonymous_8)
FN:204,(anonymous_9)
FN:213,(anonymous_10)
FN:228,(anonymous_11)
FN:235,(anonymous_12)
FN:242,(anonymous_13)
FN:253,(anonymous_14)
FN:264,(anonymous_15)
FN:272,(anonymous_16)
FN:288,(anonymous_17)
FN:299,(anonymous_18)
FN:310,(anonymous_19)
FN:320,(anonymous_20)
FN:323,(anonymous_21)
FN:326,(anonymous_22)
FN:345,(anonymous_23)
FN:350,(anonymous_24)
FN:353,(anonymous_25)
FN:358,(anonymous_26)
FN:365,(anonymous_27)
FN:367,(anonymous_28)
FN:370,(anonymous_29)
FN:373,(anonymous_30)
FN:388,(anonymous_31)
FN:391,(anonymous_32)
FN:394,(anonymous_33)
FN:402,(anonymous_34)
FN:427,(anonymous_35)
FN:433,(anonymous_36)
FN:444,(anonymous_37)
FN:467,(anonymous_38)
FN:470,(anonymous_39)
FN:473,(anonymous_40)
FN:485,(anonymous_41)
FN:495,(anonymous_42)
FN:516,(anonymous_43)
FN:526,(anonymous_44)
FN:541,(anonymous_45)
FNF:46
FNH:45
FNDA:36,(anonymous_0)
FNDA:66,(anonymous_1)
FNDA:52,(anonymous_2)
FNDA:10,(anonymous_3)
FNDA:2,(anonymous_4)
FNDA:4,(anonymous_5)
FNDA:9,(anonymous_6)
FNDA:2,(anonymous_7)
FNDA:9,(anonymous_8)
FNDA:2,(anonymous_9)
FNDA:4,(anonymous_10)
FNDA:3,(anonymous_11)
FNDA:3,(anonymous_12)
FNDA:2,(anonymous_13)
FNDA:4,(anonymous_14)
FNDA:1,(anonymous_15)
FNDA:3,(anonymous_16)
FNDA:6,(anonymous_17)
FNDA:2,(anonymous_18)
FNDA:2,(anonymous_19)
FNDA:343,(anonymous_20)
FNDA:349,(anonymous_21)
FNDA:118,(anonymous_22)
FNDA:4,(anonymous_23)
FNDA:2,(anonymous_24)
FNDA:26,(anonymous_25)
FNDA:1,(anonymous_26)
FNDA:118,(anonymous_27)
FNDA:2,(anonymous_28)
FNDA:2,(anonymous_29)
FNDA:11,(anonymous_30)
FNDA:118,(anonymous_31)
FNDA:1,(anonymous_32)
FNDA:2,(anonymous_33)
FNDA:303,(anonymous_34)
FNDA:2,(anonymous_35)
FNDA:0,(anonymous_36)
FNDA:267,(anonymous_37)
FNDA:1,(anonymous_38)
FNDA:1,(anonymous_39)
FNDA:2,(anonymous_40)
FNDA:118,(anonymous_41)
FNDA:118,(anonymous_42)
FNDA:118,(anonymous_43)
FNDA:170,(anonymous_44)
FNDA:118,(anonymous_45)
DA:32,3
DA:33,36
DA:132,66
DA:134,66
DA:141,66
DA:142,66
DA:144,66
DA:145,66
DA:149,52
DA:150,52
DA:158,52
DA:159,4
DA:160,4
DA:163,4
DA:172,10
DA:174,10
DA:178,2
DA:180,2
DA:184,4
DA:185,4
DA:187,4
DA:188,4
DA:192,9
DA:196,2
DA:197,2
DA:201,9
DA:205,2
DA:206,2
DA:207,2
DA:208,2
DA:214,4
DA:216,4
DA:217,4
DA:218,2
DA:219,2
DA:220,2
DA:221,2
DA:222,2
DA:229,3
DA:230,2
DA:232,1
DA:236,3
DA:237,1
DA:239,2
DA:243,2
DA:245,2
DA:246,1
DA:247,1
DA:248,1
DA:249,1
DA:250,1
DA:254,4
DA:256,4
DA:257,1
DA:258,1
DA:259,3
DA:260,1
DA:261,1
DA:265,1
DA:267,1
DA:268,1
DA:269,1
DA:273,3
DA:275,3
DA:276,2
DA:277,1
DA:278,1
DA:279,1
DA:282,2
DA:283,1
DA:284,1
DA:285,1
DA:289,6
DA:291,6
DA:292,5
DA:293,5
DA:295,1
DA:296,1
DA:300,2
DA:302,2
DA:303,1
DA:304,1
DA:306,1
DA:307,1
DA:311,2
DA:313,2
DA:314,1
DA:315,1
DA:321,343
DA:324,349
DA:335,118
DA:337,118
DA:346,4
DA:347,2
DA:351,2
DA:354,26
DA:356,26
DA:359,1
DA:366,118
DA:368,2
DA:371,2
DA:374,11
DA:376,11
DA:377,1
DA:379,10
DA:382,11
DA:389,118
DA:392,1
DA:395,2
DA:396,2
DA:411,303
DA:412,303
DA:413,303
DA:415,303
DA:417,303
DA:418,4
DA:421,303
DA:423,303
DA:428,2
DA:434,0
DA:435,0
DA:452,267
DA:453,267
DA:454,267
DA:456,267
DA:458,267
DA:459,2
DA:462,267
DA:464,267
DA:468,1
DA:471,1
DA:474,2
DA:475,2
DA:476,2
DA:486,118
DA:488,118
DA:489,4
DA:492,114
DA:504,118
DA:505,118
DA:507,118
DA:508,118
DA:509,118
DA:510,118
DA:512,118
DA:517,118
DA:519,118
DA:527,170
DA:542,118
DA:543,118
DA:545,118
DA:554,118
DA:555,82
DA:558,36
LF:154
LH:152
BRDA:150,0,0,11
BRDA:150,0,1,41
BRDA:158,1,0,4
BRDA:158,1,1,48
BRDA:158,2,0,52
BRDA:158,2,1,4
BRDA:159,3,0,4
BRDA:159,3,1,0
BRDA:163,4,0,0
BRDA:185,5,0,4
BRDA:185,5,1,4
BRDA:201,6,0,9
BRDA:201,6,1,9
BRDA:205,7,0,2
BRDA:205,7,1,0
BRDA:206,8,0,2
BRDA:206,8,1,0
BRDA:216,9,0,4
BRDA:216,9,1,0
BRDA:217,10,0,2
BRDA:217,10,1,2
BRDA:220,11,0,2
BRDA:220,11,1,0
BRDA:229,12,0,2
BRDA:229,12,1,1
BRDA:236,13,0,1
BRDA:236,13,1,2
BRDA:245,14,0,1
BRDA:245,14,1,1
BRDA:248,15,0,1
BRDA:248,15,1,0
BRDA:256,16,0,1
BRDA:256,16,1,3
BRDA:259,17,0,1
BRDA:259,17,1,2
BRDA:259,18,0,3
BRDA:259,18,1,2
BRDA:267,19,0,1
BRDA:267,19,1,0
BRDA:275,20,0,2
BRDA:275,20,1,1
BRDA:276,21,0,1
BRDA:276,21,1,1
BRDA:278,22,0,1
BRDA:278,22,1,0
BRDA:283,23,0,1
BRDA:283,23,1,0
BRDA:291,24,0,5
BRDA:291,24,1,1
BRDA:302,25,0,1
BRDA:302,25,1,1
BRDA:313,26,0,1
BRDA:313,26,1,1
BRDA:321,27,0,32
BRDA:321,27,1,311
BRDA:324,28,0,80
BRDA:324,28,1,269
BRDA:326,29,0,0
BRDA:327,30,0,118
BRDA:328,31,0,118
BRDA:343,32,0,36
BRDA:343,32,1,82
BRDA:346,33,0,2
BRDA:346,33,1,2
BRDA:346,34,0,4
BRDA:346,34,1,3
BRDA:356,35,0,26
BRDA:356,35,1,26
BRDA:376,36,0,1
BRDA:376,36,1,10
BRDA:388,37,0,5
BRDA:388,38,0,118
BRDA:402,39,0,0
BRDA:403,40,0,0
BRDA:404,41,0,303
BRDA:405,42,0,303
BRDA:413,43,0,288
BRDA:413,43,1,15
BRDA:417,44,0,4
BRDA:417,44,1,299
BRDA:434,45,0,0
BRDA:434,45,1,0
BRDA:445,46,0,0
BRDA:446,47,0,267
BRDA:458,48,0,2
BRDA:458,48,1,265
BRDA:488,49,0,4
BRDA:488,49,1,114
BRDA:498,50,0,118
BRDA:520,51,0,118
BRDA:520,51,1,118
BRDA:554,52,0,82
BRDA:554,52,1,36
BRF:93
BRH:77
end_of_record
TN:
SF:/home/travis/build/zendeskgarden/react-components/packages/autocomplete/src/elements/Autocomplete.js
FN:30,(anonymous_0)
FN:34,(anonymous_1)
FN:98,(anonymous_2)
FN:105,(anonymous_3)
FN:108,(anonymous_4)
FN:111,(anonymous_5)
FN:115,(anonymous_6)
FN:141,(anonymous_7)
FN:161,(anonymous_8)
FN:169,(anonymous_9)
FN:174,(anonymous_10)
FN:180,(anonymous_11)
FN:183,(anonymous_12)
FN:195,(anonymous_13)
FN:198,(anonymous_14)
FN:205,(anonymous_15)
FN:220,(anonymous_16)
FN:250,(anonymous_17)
FN:258,(anonymous_18)
FN:261,(anonymous_19)
FN:264,(anonymous_20)
FN:267,(anonymous_21)
FN:286,(anonymous_22)
FNF:23
FNH:20
FNDA:9,(anonymous_0)
FNDA:24,(anonymous_1)
FNDA:21,(anonymous_2)
FNDA:24,(anonymous_3)
FNDA:21,(anonymous_4)
FNDA:24,(anonymous_5)
FNDA:21,(anonymous_6)
FNDA:24,(anonymous_7)
FNDA:21,(anonymous_8)
FNDA:24,(anonymous_9)
FNDA:0,(anonymous_10)
FNDA:0,(anonymous_11)
FNDA:0,(anonymous_12)
FNDA:1,(anonymous_13)
FNDA:12,(anonymous_14)
FNDA:24,(anonymous_15)
FNDA:34,(anonymous_16)
FNDA:35,(anonymous_17)
FNDA:1,(anonymous_18)
FNDA:1,(anonymous_19)
FNDA:1,(anonymous_20)
FNDA:2,(anonymous_21)
FNDA:24,(anonymous_22)
DA:16,2
DA:23,2
DA:28,2
DA:30,9
DA:33,2
DA:35,24
DA:47,2
DA:51,2
DA:99,21
DA:100,21
DA:102,21
DA:106,24
DA:108,24
DA:112,24
DA:113,24
DA:115,24
DA:116,21
DA:118,21
DA:125,21
DA:127,21
DA:128,0
DA:131,21
DA:134,24
DA:135,7
DA:138,17
DA:158,24
DA:159,24
DA:161,24
DA:162,21
DA:164,21
DA:167,24
DA:170,24
DA:175,0
DA:176,0
DA:177,0
DA:181,0
DA:184,0
DA:196,1
DA:199,12
DA:200,2
DA:203,12
DA:211,24
DA:221,34
DA:222,34
DA:226,24
DA:227,1
DA:237,24
DA:251,35
DA:252,35
DA:253,35
DA:259,1
DA:262,1
DA:265,1
DA:268,2
DA:274,2
DA:287,24
DA:296,24
DA:298,24
DA:299,0
DA:302,24
DA:304,24
LF:61
LH:54
BRDA:30,0,0,9
BRDA:30,0,1,0
BRDA:35,1,0,24
BRDA:35,1,1,15
BRDA:106,2,0,24
BRDA:106,2,1,24
BRDA:127,3,0,0
BRDA:127,3,1,21
BRDA:134,4,0,7
BRDA:134,4,1,17
BRDA:171,5,0,24
BRDA:171,5,1,1
BRDA:175,6,0,0
BRDA:175,6,1,0
BRDA:176,7,0,0
BRDA:176,7,1,0
BRDA:191,8,0,24
BRDA:191,8,1,0
BRDA:196,9,0,1
BRDA:196,9,1,1
BRDA:199,10,0,2
BRDA:199,10,1,10
BRDA:213,11,0,24
BRDA:213,11,1,23
BRDA:226,12,0,1
BRDA:226,12,1,23
BRDA:239,13,0,24
BRDA:239,13,1,15
BRDA:253,14,0,35
BRDA:253,14,1,1
BRDA:268,15,0,2
BRDA:268,15,1,0
BRDA:269,16,0,2
BRDA:269,16,1,2
BRDA:269,16,2,1
BRDA:269,16,3,2
BRDA:269,16,4,2
BRDA:292,17,0,11
BRDA:292,17,1,13
BRDA:298,18,0,0
BRDA:298,18,1,24
BRDA:311,19,0,24
BRDA:311,19,1,0
BRF:43
BRH:33
end_of_record
TN:
SF:/home/travis/build/zendeskgarden/react-components/packages/avatars/src/Avatar.js
FN:27,(anonymous_0)
FN:42,(anonymous_1)
FNF:2
FNH:2
FNDA:7,(anonymous_0)
FNDA:7,(anonymous_1)
DA:14,2
DA:15,2
DA:24,2
DA:28,7
DA:42,7
DA:45,2
LF:6
LH:6
BRF:0
BRH:0
end_of_record
TN:
SF:/home/travis/build/zendeskgarden/react-components/packages/breadcrumbs/src/containers/BreadcrumbContainer.js
FN:25,(anonymous_0)
FN:33,(anonymous_1)
FN:40,(anonymous_2)
FNF:3
FNH:3
FNDA:10,(anonymous_0)
FNDA:18,(anonymous_1)
FNDA:10,(anonymous_2)
DA:26,10
DA:34,18
DA:41,10
DA:43,10
LF:4
LH:4
BRDA:25,0,0,0
BRDA:25,1,0,2
BRDA:41,2,0,10
BRF:3
BRH:2
end_of_record
TN:
SF:/home/travis/build/zendeskgarden/react-components/packages/breadcrumbs/src/elements/Breadcrumb.js
FN:26,(anonymous_0)
FN:30,(anonymous_1)
FN:33,(anonymous_2)
FN:45,(anonymous_3)
FN:50,(anonymous_4)
FNF:5
FNH:5
FNDA:16,(anonymous_0)
FNDA:8,(anonymous_1)
FNDA:23,(anonymous_2)
FNDA:8,(anonymous_3)
FNDA:8,(anonymous_4)
DA:27,16
DA:31,8
DA:33,8
DA:34,23
DA:39,23
DA:46,8
DA:48,8
DA:52,8
LF:8
LH:8
BRDA:27,0,0,1
BRDA:27,0,1,15
BRDA:39,1,0,7
BRDA:39,1,1,16
BRF:4
BRH:4
end_of_record
TN:
SF:/home/travis/build/zendeskgarden/react-components/packages/breadcrumbs/src/views/BreadcrumbView.js
FN:20,(anonymous_0)
FNF:1
FNH:1
FNDA:9,(anonymous_0)
DA:11,3
DA:16,3
DA:20,9
LF:3
LH:3
BRF:0
BRH:0
end_of_record
TN:
SF:/home/travis/build/zendeskgarden/react-components/packages/breadcrumbs/src/views/Item.js
FN:22,(anonymous_0)
FN:28,(anonymous_1)
FN:33,(anonymous_2)
FNF:3
FNH:3
FNDA:25,(anonymous_0)
FNDA:25,(anonymous_1)
FNDA:7,(anonymous_2)
DA:14,3
DA:19,3
DA:23,25
DA:28,25
DA:31,3
DA:33,7
LF:6
LH:6
BRF:0
BRH:0
end_of_record
TN:
SF:/home/travis/build/zendeskgarden/react-components/packages/breadcrumbs/src/views/List.js
FN:21,(anonymous_0)
FN:27,(anonymous_1)
FNF:2
FNH:2
FNDA:10,(anonymous_0)
FNDA:10,(anonymous_1)
DA:13,3
DA:18,3
DA:22,10
DA:27,10
LF:4
LH:4
BRF:0
BRH:0
end_of_record
TN:
SF:/home/travis/build/zendeskgarden/react-components/packages/buttons/src/containers/ButtonGroupContainer.js
FN:50,(anonymous_0)
FN:60,(anonymous_1)
FN:67,(anonymous_2)
FN:78,(anonymous_3)
FN:90,(anonymous_4)
FN:101,(anonymous_5)
FN:103,(anonymous_6)
FN:104,(anonymous_7)
FNF:8
FNH:8
FNDA:14,(anonymous_0)
FNDA:25,(anonymous_1)
FNDA:50,(anonymous_2)
FNDA:1,(anonymous_3)
FNDA:24,(anonymous_4)
FNDA:26,(anonymous_5)
FNDA:24,(anonymous_6)
FNDA:50,(anonymous_7)
DA:51,14
DA:53,14
DA:61,25
DA:68,50
DA:69,2
DA:74,48
DA:82,1
DA:84,1
DA:91,24
DA:92,24
DA:94,24
DA:102,26
DA:103,24
DA:105,50
LF:14
LH:14
BRDA:60,0,0,1
BRDA:60,1,0,25
BRDA:67,2,0,2
BRDA:67,3,0,50
BRDA:67,4,0,50
BRDA:68,5,0,2
BRDA:68,5,1,48
BRDA:68,6,0,50
BRDA:68,6,1,48
BRDA:91,7,0,24
BRF:10
BRH:10
end_of_record
TN:
SF:/home/travis/build/zendeskgarden/react-components/packages/buttons/src/elements/ButtonGroup.js
FN:35,(anonymous_0)
FN:47,(anonymous_1)
FN:56,(anonymous_2)
FN:60,(anonymous_3)
FN:95,(anonymous_4)
FN:106,(anonymous_5)
FNF:6
FNH:6
FNDA:6,(anonymous_0)
FNDA:5,(anonymous_1)
FNDA:15,(anonymous_2)
FNDA:28,(anonymous_3)
FNDA:14,(anonymous_4)
FNDA:15,(anonymous_5)
DA:36,6
DA:38,6
DA:44,6
DA:51,5
DA:52,5
DA:57,15
DA:58,15
DA:60,15
DA:61,28
DA:62,0
DA:65,28
DA:66,25
DA:67,2
DA:70,23
DA:72,23
DA:73,2
DA:76,21
DA:77,5
DA:80,21
DA:91,3
DA:96,14
DA:97,14
DA:99,14
DA:107,15
LF:24
LH:23
BRDA:51,0,0,5
BRDA:51,0,1,0
BRDA:51,1,0,5
BRDA:51,1,1,5
BRDA:61,2,0,0
BRDA:61,2,1,28
BRDA:65,3,0,25
BRDA:65,3,1,3
BRDA:66,4,0,2
BRDA:66,4,1,23
BRDA:72,5,0,2
BRDA:72,5,1,21
BRDA:76,6,0,5
BRDA:76,6,1,16
BRF:14
BRH:12
end_of_record
TN:
SF:/home/travis/build/zendeskgarden/react-components/packages/buttons/src/views/Anchor.js
FN:21,(anonymous_0)
FN:34,(anonymous_1)
FN:40,(anonymous_2)
FN:42,(anonymous_3)
FNF:4
FNH:4
FNDA:8,(anonymous_0)
FNDA:8,(anonymous_1)
FNDA:7,(anonymous_2)
FNDA:8,(anonymous_3)
DA:16,2
DA:18,2
DA:22,8
DA:34,8
DA:40,2
DA:41,7
DA:43,8
DA:53,2
LF:8
LH:8
BRDA:46,0,0,8
BRDA:46,0,1,7
BRF:2
BRH:2
end_of_record
TN:
SF:/home/travis/build/zendeskgarden/react-components/packages/buttons/src/views/Button.js
FN:26,(anonymous_0)
FN:68,(anonymous_1)
FN:74,(anonymous_2)
FN:76,(anonymous_3)
FN:115,(anonymous_4)
FNF:5
FNH:5
FNDA:43,(anonymous_0)
FNDA:43,(anonymous_1)
FNDA:42,(anonymous_2)
FNDA:43,(anonymous_3)
FNDA:27,(anonymous_4)
DA:16,6
DA:18,6
DA:23,6
DA:42,43
DA:68,43
DA:74,6
DA:75,42
DA:77,43
DA:88,6
DA:115,27
LF:10
LH:10
BRDA:44,0,0,43
BRDA:44,0,1,40
BRDA:81,1,0,43
BRDA:81,1,1,40
BRF:4
BRH:4
end_of_record
TN:
SF:/home/travis/build/zendeskgarden/react-components/packages/buttons/src/views/button-group/ButtonGroupView.js
FN:21,(anonymous_0)
FN:30,(anonymous_1)
FNF:2
FNH:2
FNDA:15,(anonymous_0)
FNDA:15,(anonymous_1)
DA:13,3
DA:18,3
DA:22,15
DA:30,15
LF:4
LH:4
BRF:0
BRH:0
end_of_record
TN:
SF:/home/travis/build/zendeskgarden/react-components/packages/buttons/src/views/icon-button/ChevronButton.js
FN:22,(anonymous_0)
FNF:1
FNH:1
FNDA:3,(anonymous_0)
DA:14,2
DA:22,2
DA:23,3
DA:30,2
LF:4
LH:4
BRF:0
BRH:0
end_of_record
TN:
SF:/home/travis/build/zendeskgarden/react-components/packages/buttons/src/views/icon-button/Icon.js
FN:15,(anonymous_0)
FNF:1
FNH:1
FNDA:2,(anonymous_0)
DA:13,3
DA:15,3
DA:16,2
DA:25,3
LF:4
LH:4
BRF:0
BRH:0
end_of_record
TN:
SF:/home/travis/build/zendeskgarden/react-components/packages/buttons/src/views/icon-button/IconButton.js
FN:27,(anonymous_0)
FNF:1
FNH:1
FNDA:1,(anonymous_0)
DA:13,3
DA:17,3
DA:22,3
DA:27,1
DA:30,3
DA:50,3
LF:6
LH:6
BRF:0
BRH:0
end_of_record
TN:
SF:/home/travis/build/zendeskgarden/react-components/packages/checkboxes/src/elements/Checkbox.js
FN:40,(anonymous_0)
FN:48,(anonymous_1)
FN:68,(anonymous_2)
FN:77,(anonymous_3)
FN:106,(anonymous_4)
FN:111,(anonymous_5)
FN:113,(anonymous_6)
FNF:7
FNH:7
FNDA:6,(anonymous_0)
FNDA:7,(anonymous_1)
FNDA:28,(anonymous_2)
FNDA:28,(anonymous_3)
FNDA:6,(anonymous_4)
FNDA:6,(anonymous_5)
FNDA:7,(anonymous_6)
DA:41,6
DA:43,6
DA:55,7
DA:64,7
DA:66,7
DA:68,7
DA:69,28
DA:70,7
DA:74,7
DA:78,28
DA:79,0
DA:82,28
DA:83,7
DA:85,7
DA:96,21
DA:97,7
DA:100,14
DA:107,6
DA:109,6
DA:112,6
DA:114,7
LF:21
LH:20
BRDA:48,0,0,0
BRDA:69,1,0,7
BRDA:69,1,1,21
BRDA:78,2,0,0
BRDA:78,2,1,28
BRDA:82,3,0,7
BRDA:82,3,1,21
BRDA:96,4,0,7
BRDA:96,4,1,14
BRF:9
BRH:7
end_of_record
TN:
SF:/home/travis/build/zendeskgarden/react-components/packages/checkboxes/src/views/CheckboxView.js
FN:21,(anonymous_0)
FN:27,(anonymous_1)
FNF:2
FNH:2
FNDA:9,(anonymous_0)
FNDA:9,(anonymous_1)
DA:13,3
DA:18,3
DA:22,9
DA:27,9
LF:4
LH:4
BRF:0
BRH:0
end_of_record
TN:
SF:/home/travis/build/zendeskgarden/react-components/packages/checkboxes/src/views/Hint.js
FN:21,(anonymous_0)
FN:27,(anonymous_1)
FN:30,(anonymous_2)
FNF:3
FNH:3
FNDA:9,(anonymous_0)
FNDA:9,(anonymous_1)
FNDA:23,(anonymous_2)
DA:13,4
DA:18,4
DA:22,9
DA:27,9
DA:30,23
LF:5
LH:5
BRF:0
BRH:0
end_of_record
TN:
SF:/home/travis/build/zendeskgarden/react-components/packages/checkboxes/src/views/Input.js
FN:24,(anonymous_0)
FNF:1
FNH:1
FNDA:8,(anonymous_0)
DA:12,3
DA:17,3
DA:24,8
LF:3
LH:3
BRF:0
BRH:0
end_of_record
TN:
SF:/home/travis/build/zendeskgarden/react-components/packages/checkboxes/src/views/Label.js
FN:22,(anonymous_0)
FN:39,(anonymous_1)
FN:52,(anonymous_2)
FNF:3
FNH:3
FNDA:15,(anonymous_0)
FNDA:15,(anonymous_1)
FNDA:14,(anonymous_2)
DA:14,3
DA:19,3
DA:23,15
DA:39,15
DA:42,3
DA:52,14
LF:6
LH:6
BRF:0
BRH:0
end_of_record
TN:
SF:/home/travis/build/zendeskgarden/react-components/packages/checkboxes/src/views/Message.js
FN:28,(anonymous_0)
FN:38,(anonymous_1)
FN:50,(anonymous_2)
FNF:3
FNH:3
FNDA:12,(anonymous_0)
FNDA:12,(anonymous_1)
FNDA:21,(anonymous_2)
DA:14,3
DA:15,3
DA:25,3
DA:29,12
DA:38,12
DA:41,3
DA:50,21
LF:7
LH:7
BRF:0
BRH:0
end_of_record
TN:
SF:/home/travis/build/zendeskgarden/react-components/packages/chrome/src/containers/AccordionContainer.js
FN:44,(anonymous_0)
FN:53,(anonymous_1)
FN:55,(anonymous_2)
FN:57,(anonymous_3)
FN:71,(anonymous_4)
FN:78,(anonymous_5)
FN:85,(anonymous_6)
FN:97,(anonymous_7)
FNF:8
FNH:8
FNDA:22,(anonymous_0)
FNDA:44,(anonymous_1)
FNDA:44,(anonymous_2)
FNDA:24,(anonymous_3)
FNDA:22,(anonymous_4)
FNDA:2,(anonymous_5)
FNDA:22,(anonymous_6)
FNDA:24,(anonymous_7)
DA:45,22
DA:47,22
DA:53,44
DA:55,44
DA:58,24
DA:59,2
DA:64,22
DA:72,22
DA:74,22
DA:79,2
DA:86,22
DA:88,22
DA:98,24
DA:99,24
DA:101,24
LF:15
LH:15
BRDA:57,0,0,2
BRDA:57,1,0,24
BRDA:58,2,0,2
BRDA:58,2,1,22
BRDA:71,3,0,0
BRDA:85,4,0,0
BRDA:85,5,0,22
BRDA:98,6,0,24
BRF:8
BRH:6
end_of_record
TN:
SF:/home/travis/build/zendeskgarden/react-components/packages/chrome/src/views/Chrome.js
FN:21,(anonymous_0)
FN:27,(anonymous_1)
FNF:2
FNH:2
FNDA:2,(anonymous_0)
FNDA:2,(anonymous_1)
DA:13,2
DA:18,2
DA:22,2
DA:27,2
LF:4
LH:4
BRF:0
BRH:0
end_of_record
TN:
SF:/home/travis/build/zendeskgarden/react-components/packages/chrome/src/views/body/Body.js
FN:22,(anonymous_0)
FN:27,(anonymous_1)
FNF:2
FNH:2
FNDA:1,(anonymous_0)
FNDA:1,(anonymous_1)
DA:14,2
DA:19,2
DA:23,1
DA:27,1
DA:30,2
LF:5
LH:5
BRF:0
BRH:0
end_of_record
TN:
SF:/home/travis/build/zendeskgarden/react-components/packages/chrome/src/views/body/Content.js
FN:22,(anonymous_0)
FNF:1
FNH:1
FNDA:1,(anonymous_0)
DA:12,2
DA:17,2
DA:22,1
LF:3
LH:3
BRF:0
BRH:0
end_of_record
TN:
SF:/home/travis/build/zendeskgarden/react-components/packages/chrome/src/views/body/Main.js
FN:22,(anonymous_0)
FNF:1
FNH:1
FNDA:1,(anonymous_0)
DA:12,2
DA:17,2
DA:22,1
LF:3
LH:3
BRF:0
BRH:0
end_of_record
TN:
SF:/home/travis/build/zendeskgarden/react-components/packages/chrome/src/views/body/Sidebar.js
FN:22,(anonymous_0)
FNF:1
FNH:1
FNDA:1,(anonymous_0)
DA:12,2
DA:17,2
DA:22,1
LF:3
LH:3
BRF:0
BRH:0
end_of_record
TN:
SF:/home/travis/build/zendeskgarden/react-components/packages/chrome/src/views/footer/Footer.js
FN:22,(anonymous_0)
FNF:1
FNH:1
FNDA:1,(anonymous_0)
DA:12,2
DA:17,2
DA:22,1
LF:3
LH:3
BRF:0
BRH:0
end_of_record
TN:
SF:/home/travis/build/zendeskgarden/react-components/packages/chrome/src/views/footer/FooterItem.js
FN:22,(anonymous_0)
FNF:1
FNH:1
FNDA:1,(anonymous_0)
DA:12,2
DA:17,2
DA:22,1
LF:3
LH:3
BRF:0
BRH:0
end_of_record
TN:
SF:/home/travis/build/zendeskgarden/react-components/packages/chrome/src/views/header/Header.js
FN:22,(anonymous_0)
FN:27,(anonymous_1)
FNF:2
FNH:2
FNDA:2,(anonymous_0)
FNDA:2,(anonymous_1)
DA:14,2
DA:19,2
DA:23,2
DA:27,2
DA:30,2
LF:5
LH:5
BRF:0
BRH:0
end_of_record
TN:
SF:/home/travis/build/zendeskgarden/react-components/packages/chrome/src/views/header/HeaderItem.js
FN:31,(anonymous_0)
FN:58,(anonymous_1)
FN:64,(anonymous_2)
FN:66,(anonymous_3)
FNF:4
FNH:4
FNDA:15,(anonymous_0)
FNDA:15,(anonymous_1)
FNDA:15,(anonymous_2)
FNDA:15,(anonymous_3)
DA:16,3
DA:18,3
DA:28,3
DA:32,15
DA:58,15
DA:64,3
DA:65,15
DA:67,15
DA:77,3
LF:9
LH:9
BRDA:70,0,0,15
BRDA:70,0,1,14
BRF:2
BRH:2
end_of_record
TN:
SF:/home/travis/build/zendeskgarden/react-components/packages/chrome/src/views/header/HeaderItemIcon.js
FN:14,(anonymous_0)
FNF:1
FNH:1
FNDA:1,(anonymous_0)
DA:11,2
DA:14,2
DA:15,1
LF:3
LH:3
BRF:0
BRH:0
end_of_record
TN:
SF:/home/travis/build/zendeskgarden/react-components/packages/chrome/src/views/header/HeaderItemText.js
FN:22,(anonymous_0)
FN:27,(anonymous_1)
FNF:2
FNH:2
FNDA:2,(anonymous_0)
FNDA:2,(anonymous_1)
DA:14,2
DA:19,2
DA:23,2
DA:27,2
DA:30,2
LF:5
LH:5
BRF:0
BRH:0
end_of_record
TN:
SF:/home/travis/build/zendeskgarden/react-components/packages/chrome/src/views/header/HeaderItemWrapper.js
FN:31,(anonymous_0)
FNF:1
FNH:1
FNDA:14,(anonymous_0)
DA:12,2
DA:16,2
DA:27,2
DA:31,14
DA:34,2
LF:5
LH:5
BRF:0
BRH:0
end_of_record
TN:
SF:/home/travis/build/zendeskgarden/react-components/packages/chrome/src/views/nav/Nav.js
FN:22,(anonymous_0)
FN:32,(anonymous_1)
FNF:2
FNH:2
FNDA:4,(anonymous_0)
FNDA:4,(anonymous_1)
DA:14,2
DA:19,2
DA:23,4
DA:32,4
DA:35,2
LF:5
LH:5
BRF:0
BRH:0
end_of_record
TN:
SF:/home/travis/build/zendeskgarden/react-components/packages/chrome/src/views/nav/NavItem.js
FN:34,(anonymous_0)
FN:56,(anonymous_1)
FN:62,(anonymous_2)
FN:64,(anonymous_3)
FNF:4
FNH:4
FNDA:13,(anonymous_0)
FNDA:13,(anonymous_1)
FNDA:13,(anonymous_2)
FNDA:13,(anonymous_3)
DA:16,2
DA:18,2
DA:31,2
DA:35,13
DA:56,13
DA:62,2
DA:63,13
DA:65,13
DA:78,2
LF:9
LH:9
BRDA:67,0,0,2
BRDA:67,0,1,11
BRDA:67,1,0,13
BRDA:67,1,1,12
BRDA:69,2,0,13
BRDA:69,2,1,12
BRF:6
BRH:6
end_of_record
TN:
SF:/home/travis/build/zendeskgarden/react-components/packages/chrome/src/views/nav/NavItemIcon.js
FN:14,(anonymous_0)
FNF:1
FNH:1
FNDA:1,(anonymous_0)
DA:11,2
DA:14,2
DA:15,1
LF:3
LH:3
BRF:0
BRH:0
end_of_record
TN:
SF:/home/travis/build/zendeskgarden/react-components/packages/chrome/src/views/nav/NavItemText.js
FN:22,(anonymous_0)
FN:27,(anonymous_1)
FNF:2
FNH:2
FNDA:2,(anonymous_0)
FNDA:2,(anonymous_1)
DA:14,2
DA:19,2
DA:23,2
DA:27,2
DA:30,2
LF:5
LH:5
BRF:0
BRH:0
end_of_record
TN:
SF:/home/travis/build/zendeskgarden/react-components/packages/chrome/src/views/subnav/CollapsibleSubNavItem.js
FN:25,(anonymous_0)
FN:30,(anonymous_1)
FN:41,(anonymous_2)
FN:46,(anonymous_3)
FN:66,(anonymous_4)
FN:72,(anonymous_5)
FN:78,(anonymous_6)
FN:82,(anonymous_7)
FN:97,(anonymous_8)
FNF:9
FNH:7
FNDA:4,(anonymous_0)
FNDA:4,(anonymous_1)
FNDA:4,(anonymous_2)
FNDA:4,(anonymous_3)
FNDA:0,(anonymous_4)
FNDA:4,(anonymous_5)
FNDA:0,(anonymous_6)
FNDA:4,(anonymous_7)
FNDA:4,(anonymous_8)
DA:18,2
DA:19,2
DA:22,2
DA:26,4
DA:30,4
DA:33,2
DA:38,2
DA:42,4
DA:46,4
DA:49,2
DA:67,0
DA:68,0
DA:73,4
DA:75,4
DA:79,0
DA:83,4
DA:98,4
LF:17
LH:14
BRDA:67,0,0,0
BRDA:67,0,1,0
BRDA:67,1,0,0
BRDA:67,1,1,0
BRDA:79,2,0,0
BRDA:79,2,1,0
BRF:6
BRH:0
end_of_record
TN:
SF:/home/travis/build/zendeskgarden/react-components/packages/chrome/src/views/subnav/SubNav.js
FN:22,(anonymous_0)
FNF:1
FNH:1
FNDA:1,(anonymous_0)
DA:12,2
DA:17,2
DA:22,1
LF:3
LH:3
BRF:0
BRH:0
end_of_record
TN:
SF:/home/travis/build/zendeskgarden/react-components/packages/chrome/src/views/subnav/SubNavItem.js
FN:21,(anonymous_0)
FN:29,(anonymous_1)
FN:35,(anonymous_2)
FN:37,(anonymous_3)
FNF:4
FNH:4
FNDA:8,(anonymous_0)
FNDA:8,(anonymous_1)
FNDA:8,(anonymous_2)
FNDA:8,(anonymous_3)
DA:16,3
DA:18,3
DA:22,8
DA:29,8
DA:35,3
DA:36,8
DA:38,8
DA:48,3
LF:8
LH:8
BRF:0
BRH:0
end_of_record
TN:
SF:/home/travis/build/zendeskgarden/react-components/packages/chrome/src/views/subnav/SubNavItemText.js
FN:22,(anonymous_0)
FN:27,(anonymous_1)
FNF:2
FNH:2
FNDA:2,(anonymous_0)
FNDA:2,(anonymous_1)
DA:14,2
DA:19,2
DA:23,2
DA:27,2
DA:30,2
LF:5
LH:5
BRF:0
BRH:0
end_of_record
TN:
SF:/home/travis/build/zendeskgarden/react-components/packages/grid/src/views/Col.js
FN:16,(anonymous_0)
FN:24,(anonymous_1)
FN:64,(anonymous_2)
FN:71,(anonymous_3)
FNF:4
FNH:4
FNDA:253,(anonymous_0)
FNDA:23,(anonymous_1)
FNDA:23,(anonymous_2)
FNDA:23,(anonymous_3)
DA:14,2
DA:16,2
DA:17,253
DA:18,1
DA:19,252
DA:20,11
DA:24,2
DA:37,23
DA:39,23
DA:40,23
DA:41,23
DA:42,23
DA:43,23
DA:44,23
DA:45,23
DA:46,23
DA:47,23
DA:48,23
DA:49,23
DA:51,23
DA:52,11
DA:55,23
DA:61,2
DA:65,23
DA:71,23
DA:74,2
LF:26
LH:26
BRDA:17,0,0,1
BRDA:17,0,1,252
BRDA:19,1,0,11
BRDA:19,1,1,241
BRDA:24,2,0,0
BRDA:51,3,0,11
BRDA:51,3,1,12
BRF:7
BRH:6
end_of_record
TN:
SF:/home/travis/build/zendeskgarden/react-components/packages/grid/src/views/Grid.js
FN:23,(anonymous_0)
FN:36,(anonymous_1)
FNF:2
FNH:2
FNDA:4,(anonymous_0)
FNDA:4,(anonymous_1)
DA:14,2
DA:20,2
DA:24,4
DA:36,4
DA:39,2
DA:46,2
LF:6
LH:6
BRF:0
BRH:0
end_of_record
TN:
SF:/home/travis/build/zendeskgarden/react-components/packages/grid/src/views/Row.js
FN:22,(anonymous_0)
FN:29,(anonymous_1)
FNF:2
FNH:2
FNDA:10,(anonymous_0)
FNDA:10,(anonymous_1)
DA:14,2
DA:19,2
DA:23,10
DA:29,10
DA:32,2
DA:41,2
LF:6
LH:6
BRF:0
BRH:0
end_of_record
TN:
SF:/home/travis/build/zendeskgarden/react-components/packages/loaders/src/Dots.js
FN:51,(anonymous_0)
FN:62,(anonymous_1)
FN:71,(anonymous_2)
FN:77,(anonymous_3)
FN:85,(anonymous_4)
FNF:5
FNH:3
FNDA:0,(anonymous_0)
FNDA:0,(anonymous_1)
FNDA:12,(anonymous_2)
FNDA:4,(anonymous_3)
FNDA:3,(anonymous_4)
DA:15,2
DA:52,0
DA:54,0
DA:56,0
DA:57,0
DA:58,0
DA:59,0
DA:62,0
DA:63,0
DA:64,0
DA:65,0
DA:67,0
DA:72,12
DA:74,12
DA:78,4
DA:79,4
DA:80,4
DA:81,4
DA:83,4
DA:86,3
LF:20
LH:9
BRDA:51,0,0,0
BRDA:56,1,0,0
BRDA:56,1,1,0
BRDA:58,2,0,0
BRDA:58,2,1,0
BRF:5
BRH:0
end_of_record
TN:
SF:/home/travis/build/zendeskgarden/react-components/packages/loaders/src/Spinner.js
FN:22,(anonymous_0)
FN:65,(anonymous_1)
FN:69,(anonymous_2)
FN:91,(anonymous_3)
FN:96,(anonymous_4)
FN:107,(anonymous_5)
FN:118,(anonymous_6)
FNF:7
FNH:5
FNDA:4,(anonymous_0)
FNDA:12,(anonymous_1)
FNDA:228,(anonymous_2)
FNDA:0,(anonymous_3)
FNDA:0,(anonymous_4)
FNDA:4,(anonymous_5)
FNDA:3,(anonymous_6)
DA:19,2
DA:23,4
DA:25,4
DA:26,4
DA:27,4
DA:66,12
DA:67,12
DA:69,12
DA:70,228
DA:71,228
DA:72,228
DA:73,228
DA:75,228
DA:76,228
DA:78,228
DA:79,228
DA:80,1200
DA:81,1200
DA:83,1200
DA:85,228
DA:87,228
DA:92,0
DA:93,0
DA:94,0
DA:96,0
DA:97,0
DA:98,0
DA:99,0
DA:100,0
DA:101,0
DA:103,0
DA:108,4
DA:109,4
DA:110,4
DA:111,4
DA:112,4
DA:113,4
DA:114,4
DA:116,4
DA:119,3
LF:40
LH:30
BRDA:71,0,0,228
BRDA:71,0,1,12
BRDA:91,1,0,0
BRF:3
BRH:2
end_of_record
TN:
SF:/home/travis/build/zendeskgarden/react-components/packages/loaders/src/styled-elements.js
FN:17,(anonymous_0)
FN:31,(anonymous_1)
FN:32,(anonymous_2)
FN:33,(anonymous_3)
FN:43,(anonymous_4)
FN:46,(anonymous_5)
FN:47,(anonymous_6)
FN:49,(anonymous_7)
FN:54,(anonymous_8)
FN:55,(anonymous_9)
FN:57,(anonymous_10)
FN:65,(anonymous_11)
FN:86,(anonymous_12)
FNF:13
FNH:13
FNDA:10,(anonymous_0)
FNDA:4,(anonymous_1)
FNDA:4,(anonymous_2)
FNDA:4,(anonymous_3)
FNDA:9,(anonymous_4)
FNDA:9,(anonymous_5)
FNDA:9,(anonymous_6)
FNDA:9,(anonymous_7)
FNDA:9,(anonymous_8)
FNDA:9,(anonymous_9)
FNDA:9,(anonymous_10)
FNDA:9,(anonymous_11)
FNDA:13,(anonymous_12)
DA:13,5
DA:17,10
DA:20,5
DA:24,5
DA:31,4
DA:32,4
DA:33,4
DA:36,5
DA:42,5
DA:43,9
DA:46,9
DA:47,9
DA:49,9
DA:54,9
DA:55,9
DA:57,9
DA:60,5
DA:65,5
DA:66,9
DA:73,5
DA:80,5
DA:86,13
DA:89,5
LF:23
LH:23
BRDA:54,0,0,9
BRDA:54,0,1,2
BRDA:55,1,0,9
BRDA:55,1,1,2
BRF:4
BRH:4
end_of_record
TN:
SF:/home/travis/build/zendeskgarden/react-components/packages/loaders/src/containers/ScheduleContainer.js
FN:39,(anonymous_0)
FN:47,(anonymous_1)
FN:50,(anonymous_2)
FN:51,(anonymous_3)
FN:57,(anonymous_4)
FN:62,(anonymous_5)
FN:63,(anonymous_6)
FN:69,(anonymous_7)
FNF:8
FNH:7
FNDA:13,(anonymous_0)
FNDA:13,(anonymous_1)
FNDA:8,(anonymous_2)
FNDA:8,(anonymous_3)
FNDA:3,(anonymous_4)
FNDA:8,(anonymous_5)
FNDA:0,(anonymous_6)
FNDA:21,(anonymous_7)
DA:40,13
DA:42,13
DA:48,13
DA:50,13
DA:51,8
DA:52,8
DA:58,3
DA:59,3
DA:63,8
DA:64,0
DA:65,0
DA:70,21
DA:71,21
DA:73,21
DA:74,11
DA:77,10
LF:16
LH:14
BRDA:70,0,0,21
BRDA:73,1,0,11
BRDA:73,1,1,10
BRDA:73,2,0,21
BRDA:73,2,1,13
BRF:5
BRH:5
end_of_record
TN:
SF:/home/travis/build/zendeskgarden/react-components/packages/loaders/src/utils/animations.js
FN:12,easeInCubic
FN:20,easeOutCubic
FN:30,easeInOutCubic
FNF:3
FNH:3
FNDA:2,easeInCubic
FNDA:2,easeOutCubic
FNDA:3,easeInOutCubic
DA:13,2
DA:21,2
DA:23,2
DA:31,3
LF:4
LH:4
BRDA:31,0,0,1
BRDA:31,0,1,2
BRF:2
BRH:2
end_of_record
TN:
SF:/home/travis/build/zendeskgarden/react-components/packages/loaders/src/utils/dot-coordinates.js
FN:28,retrieveXCoordinate
FN:61,retrieveYCoordinate
FNF:2
FNH:2
FNDA:15,retrieveXCoordinate
FNDA:14,retrieveYCoordinate
DA:10,3
DA:11,3
DA:12,3
DA:13,3
DA:14,3
DA:15,3
DA:17,3
DA:18,3
DA:19,3
DA:20,3
DA:21,3
DA:22,3
DA:31,15
DA:33,15
DA:34,5
DA:35,10
DA:36,1
DA:37,1
DA:38,1
DA:40,1
DA:41,9
DA:42,8
DA:44,1
DA:45,1
DA:47,1
DA:50,10
DA:51,4
DA:54,10
DA:62,14
DA:64,14
DA:65,4
DA:66,10
DA:67,4
DA:68,6
DA:69,4
DA:70,4
DA:72,4
DA:73,2
DA:74,1
DA:75,1
DA:76,1
DA:78,1
DA:80,1
DA:81,1
DA:82,1
DA:84,1
LF:46
LH:46
BRDA:33,0,0,5
BRDA:33,0,1,10
BRDA:35,1,0,1
BRDA:35,1,1,9
BRDA:41,2,0,8
BRDA:41,2,1,1
BRDA:50,3,0,4
BRDA:50,3,1,6
BRDA:64,4,0,4
BRDA:64,4,1,10
BRDA:66,5,0,4
BRDA:66,5,1,6
BRDA:68,6,0,4
BRDA:68,6,1,2
BRDA:73,7,0,1
BRDA:73,7,1,1
BRF:16
BRH:16
end_of_record
TN:
SF:/home/travis/build/zendeskgarden/react-components/packages/loaders/src/utils/spinner-coordinates.js
FNF:0
FNH:0
DA:8,2
DA:20,2
DA:48,2
LF:3
LH:3
BRF:0
BRH:0
end_of_record
TN:
SF:/home/travis/build/zendeskgarden/react-components/packages/menus/src/containers/MenuContainer.js
FN:33,(anonymous_0)
FN:143,(anonymous_1)
FN:157,(anonymous_2)
FN:158,(anonymous_3)
FN:163,(anonymous_4)
FN:164,(anonymous_5)
FN:169,(anonymous_6)
FN:173,(anonymous_7)
FN:202,(anonymous_8)
FN:210,(anonymous_9)
FN:215,(anonymous_10)
FN:231,(anonymous_11)
FN:247,(anonymous_12)
FN:263,(anonymous_13)
FN:270,(anonymous_14)
FN:271,(anonymous_15)
FN:293,(anonymous_16)
FN:299,(anonymous_17)
FN:308,(anonymous_18)
FN:317,(anonymous_19)
FN:326,(anonymous_20)
FN:335,(anonymous_21)
FN:414,(anonymous_22)
FN:445,(anonymous_23)
FN:459,(anonymous_24)
FN:472,(anonymous_25)
FN:485,(anonymous_26)
FN:495,(anonymous_27)
FN:526,(anonymous_28)
FN:532,(anonymous_29)
FN:533,(anonymous_30)
FN:548,(anonymous_31)
FN:555,(anonymous_32)
FN:562,(anonymous_33)
FN:587,(anonymous_34)
FN:594,(anonymous_35)
FN:598,(anonymous_36)
FN:602,(anonymous_37)
FN:606,(anonymous_38)
FN:610,(anonymous_39)
FNF:40
FNH:39
FNDA:114,(anonymous_0)
FNDA:74,(anonymous_1)
FNDA:49,(anonymous_2)
FNDA:49,(anonymous_3)
FNDA:20,(anonymous_4)
FNDA:20,(anonymous_5)
FNDA:7,(anonymous_6)
FNDA:132,(anonymous_7)
FNDA:47,(anonymous_8)
FNDA:69,(anonymous_9)
FNDA:0,(anonymous_10)
FNDA:1,(anonymous_11)
FNDA:56,(anonymous_12)
FNDA:206,(anonymous_13)
FNDA:49,(anonymous_14)
FNDA:7,(anonymous_15)
FNDA:341,(anonymous_16)
FNDA:193,(anonymous_17)
FNDA:19,(anonymous_18)
FNDA:114,(anonymous_19)
FNDA:39,(anonymous_20)
FNDA:44,(anonymous_21)
FNDA:504,(anonymous_22)
FNDA:1,(anonymous_23)
FNDA:110,(anonymous_24)
FNDA:110,(anonymous_25)
FNDA:114,(anonymous_26)
FNDA:206,(anonymous_27)
FNDA:206,(anonymous_28)
FNDA:206,(anonymous_29)
FNDA:341,(anonymous_30)
FNDA:114,(anonymous_31)
FNDA:114,(anonymous_32)
FNDA:63,(anonymous_33)
FNDA:114,(anonymous_34)
FNDA:114,(anonymous_35)
FNDA:284,(anonymous_36)
FNDA:110,(anonymous_37)
FNDA:110,(anonymous_38)
FNDA:193,(anonymous_39)
DA:32,21
DA:33,114
DA:144,74
DA:146,74
DA:158,49
DA:159,49
DA:164,20
DA:165,20
DA:170,7
DA:174,132
DA:175,132
DA:180,132
DA:181,13
DA:182,12
DA:185,13
DA:191,132
DA:192,50
DA:193,1
DA:202,49
DA:203,47
DA:206,49
DA:211,69
DA:212,69
DA:214,69
DA:216,0
DA:217,0
DA:218,0
DA:222,0
DA:232,1
DA:233,1
DA:234,1
DA:236,1
DA:237,0
DA:240,1
DA:241,1
DA:242,1
DA:248,56
DA:249,56
DA:251,56
DA:264,206
DA:266,206
DA:270,49
DA:272,7
DA:279,7
DA:280,4
DA:285,4
DA:286,4
DA:294,341
DA:295,204
DA:300,193
DA:301,113
DA:309,19
DA:311,19
DA:321,114
DA:323,114
DA:331,39
DA:332,35
DA:336,44
DA:338,44
DA:339,2
DA:340,1
DA:342,1
DA:345,2
DA:346,2
DA:348,2
DA:354,42
DA:355,2
DA:356,2
DA:357,2
DA:359,2
DA:362,40
DA:363,5
DA:367,5
DA:368,4
DA:369,4
DA:370,4
DA:372,4
DA:376,36
DA:377,5
DA:381,5
DA:382,4
DA:383,4
DA:384,4
DA:386,4
DA:390,32
DA:391,32
DA:392,32
DA:396,32
DA:397,7
DA:399,7
DA:401,7
DA:415,504
DA:417,504
DA:418,504
DA:420,504
DA:421,334
DA:427,504
DA:429,504
DA:430,504
DA:432,504
DA:433,35
DA:435,35
DA:439,504
DA:446,1
DA:447,1
DA:460,110
DA:462,110
DA:473,110
DA:475,110
DA:486,114
DA:488,114
DA:489,12
DA:492,102
DA:504,206
DA:511,206
DA:513,206
DA:514,206
DA:515,206
DA:520,206
DA:522,206
DA:527,206
DA:529,206
DA:532,206
DA:534,341
DA:535,341
DA:549,114
DA:550,114
DA:553,114
DA:556,114
DA:566,63
DA:567,11
DA:569,11
DA:570,0
DA:573,11
DA:575,11
DA:576,0
DA:578,11
DA:584,63
DA:593,114
DA:595,114
DA:599,284
DA:603,110
DA:607,110
DA:611,193
DA:612,193
DA:626,114
DA:627,1
DA:630,113
LF:148
LH:141
BRDA:175,0,0,45
BRDA:175,0,1,87
BRDA:180,1,0,13
BRDA:180,1,1,119
BRDA:180,2,0,132
BRDA:180,2,1,18
BRDA:181,3,0,12
BRDA:181,3,1,1
BRDA:182,4,0,12
BRDA:182,4,1,12
BRDA:191,5,0,50
BRDA:191,5,1,82
BRDA:191,6,0,132
BRDA:191,6,1,114
BRDA:192,7,0,1
BRDA:192,7,1,49
BRDA:203,8,0,47
BRDA:203,8,1,47
BRDA:211,9,0,69
BRDA:211,9,1,0
BRDA:217,10,0,0
BRDA:217,10,1,0
BRDA:236,11,0,0
BRDA:236,11,1,1
BRDA:236,12,0,1
BRDA:236,12,1,1
BRDA:240,13,0,1
BRDA:240,13,1,0
BRDA:240,14,0,1
BRDA:240,14,1,1
BRDA:241,15,0,1
BRDA:241,15,1,0
BRDA:241,16,0,1
BRDA:241,16,1,1
BRDA:247,17,0,51
BRDA:252,18,0,1
BRDA:252,18,1,55
BRDA:263,19,0,0
BRDA:263,20,0,206
BRDA:279,21,0,4
BRDA:279,21,1,3
BRDA:281,22,0,1
BRDA:281,22,1,3
BRDA:294,23,0,204
BRDA:294,23,1,137
BRDA:300,24,0,113
BRDA:300,24,1,80
BRDA:311,25,0,19
BRDA:311,25,1,19
BRDA:318,26,0,0
BRDA:318,27,0,114
BRDA:318,28,0,96
BRDA:331,29,0,35
BRDA:331,29,1,4
BRDA:338,30,0,2
BRDA:338,30,1,42
BRDA:339,31,0,1
BRDA:339,31,1,1
BRDA:354,32,0,2
BRDA:354,32,1,40
BRDA:362,33,0,5
BRDA:362,33,1,35
BRDA:363,34,0,1
BRDA:363,34,1,4
BRDA:365,35,0,4
BRDA:365,35,1,3
BRDA:367,36,0,4
BRDA:367,36,1,1
BRDA:376,37,0,5
BRDA:376,37,1,31
BRDA:377,38,0,2
BRDA:377,38,1,3
BRDA:378,39,0,2
BRDA:378,39,1,1
BRDA:381,40,0,4
BRDA:381,40,1,1
BRDA:390,41,0,32
BRDA:390,41,1,0
BRDA:396,42,0,7
BRDA:396,42,1,25
BRDA:414,43,0,504
BRDA:417,44,0,504
BRDA:417,44,1,0
BRDA:417,45,0,504
BRDA:417,45,1,504
BRDA:420,46,0,334
BRDA:420,46,1,170
BRDA:432,47,0,35
BRDA:432,47,1,469
BRDA:446,48,0,1
BRDA:446,48,1,0
BRDA:459,49,0,0
BRDA:472,50,0,0
BRDA:488,51,0,12
BRDA:488,51,1,102
BRDA:498,52,0,206
BRDA:520,53,0,40
BRDA:520,53,1,166
BRDA:530,54,0,206
BRDA:530,54,1,206
BRDA:537,55,0,0
BRDA:537,55,1,206
BRDA:542,56,0,206
BRDA:542,56,1,114
BRDA:566,57,0,11
BRDA:566,57,1,52
BRDA:569,58,0,0
BRDA:569,58,1,11
BRDA:575,59,0,0
BRDA:575,59,1,11
BRDA:579,60,0,11
BRDA:579,60,1,11
BRDA:626,61,0,1
BRDA:626,61,1,113
BRF:114
BRH:98
end_of_record
TN:
SF:/home/travis/build/zendeskgarden/react-components/packages/menus/src/elements/Menu.js
FN:24,(anonymous_0)
FN:124,(anonymous_1)
FN:153,(anonymous_2)
FN:162,(anonymous_3)
FN:173,(anonymous_4)
FNF:5
FNH:5
FNDA:19,(anonymous_0)
FNDA:30,(anonymous_1)
FNDA:30,(anonymous_2)
FNDA:19,(anonymous_3)
FNDA:95,(anonymous_4)
DA:22,20
DA:25,19
DA:137,30
DA:139,30
DA:141,30
DA:154,30
DA:159,30
DA:170,19
DA:174,95
DA:175,0
DA:178,95
DA:179,95
DA:184,95
DA:185,19
DA:188,76
DA:199,57
DA:201,57
DA:203,57
DA:204,19
DA:205,38
DA:206,19
DA:209,57
DA:221,19
LF:23
LH:22
BRDA:25,0,0,1
BRDA:25,0,1,18
BRDA:156,1,0,0
BRDA:156,1,1,30
BRDA:174,2,0,0
BRDA:174,2,1,95
BRDA:184,3,0,19
BRDA:184,3,1,76
BRDA:188,4,0,57
BRDA:188,4,1,19
BRDA:189,5,0,76
BRDA:189,5,1,76
BRDA:189,5,2,57
BRDA:189,5,3,57
BRDA:189,5,4,38
BRDA:199,6,0,57
BRDA:199,6,1,0
BRDA:203,7,0,19
BRDA:203,7,1,38
BRDA:205,8,0,19
BRDA:205,8,1,19
BRDA:213,9,0,57
BRDA:213,9,1,38
BRF:23
BRH:20
end_of_record
TN:
SF:/home/travis/build/zendeskgarden/react-components/packages/menus/src/views/MenuView.js
FN:34,(anonymous_0)
FN:38,(anonymous_1)
FN:82,(anonymous_2)
FN:136,(anonymous_3)
FN:143,(anonymous_4)
FNF:5
FNH:5
FNDA:156,(anonymous_0)
FNDA:78,(anonymous_1)
FNDA:78,(anonymous_2)
FNDA:78,(anonymous_3)
FNDA:78,(anonymous_4)
DA:16,21
DA:18,21
DA:34,21
DA:35,156
DA:38,21
DA:39,78
DA:41,78
DA:46,6
DA:49,72
DA:54,9
DA:57,63
DA:62,4
DA:65,59
DA:70,6
DA:73,53
DA:79,21
DA:83,78
DA:136,78
DA:139,21
DA:143,21
DA:144,78
DA:145,78
DA:147,78
DA:154,21
LF:24
LH:24
BRDA:35,0,0,156
BRDA:35,0,1,20
BRDA:39,1,0,10
BRDA:39,1,1,68
BRDA:41,2,0,6
BRDA:41,2,1,72
BRDA:42,3,0,78
BRDA:42,3,1,76
BRDA:42,3,2,74
BRDA:49,4,0,9
BRDA:49,4,1,63
BRDA:50,5,0,72
BRDA:50,5,1,69
BRDA:50,5,2,66
BRDA:57,6,0,4
BRDA:57,6,1,59
BRDA:58,7,0,63
BRDA:58,7,1,61
BRDA:58,7,2,60
BRDA:65,8,0,6
BRDA:65,8,1,53
BRDA:66,9,0,59
BRDA:66,9,1,56
BRDA:66,9,2,54
BRDA:89,10,0,78
BRDA:89,10,1,75
BRDA:89,10,2,72
BRDA:93,11,0,78
BRDA:93,11,1,75
BRDA:93,11,2,73
BRDA:97,12,0,78
BRDA:97,12,1,76
BRDA:97,12,2,75
BRDA:101,13,0,78
BRDA:101,13,1,76
BRDA:101,13,2,74
BRF:36
BRH:36
end_of_record
TN:
SF:/home/travis/build/zendeskgarden/react-components/packages/menus/src/views/Separator.js
FN:23,(anonymous_0)
FNF:1
FNH:1
FNDA:1,(anonymous_0)
DA:12,20
DA:17,20
DA:23,1
LF:3
LH:3
BRF:0
BRH:0
end_of_record
TN:
SF:/home/travis/build/zendeskgarden/react-components/packages/menus/src/views/items/AddItem.js
FN:25,(anonymous_0)
FN:35,(anonymous_1)
FNF:2
FNH:1
FNDA:1,(anonymous_0)
FNDA:0,(anonymous_1)
DA:15,21
DA:20,21
DA:25,1
DA:28,21
DA:35,21
LF:5
LH:5
BRF:0
BRH:0
end_of_record
TN:
SF:/home/travis/build/zendeskgarden/react-components/packages/menus/src/views/items/Item.js
FN:22,(anonymous_0)
FN:33,(anonymous_1)
FN:40,(anonymous_2)
FN:52,(anonymous_3)
FNF:4
FNH:4
FNDA:206,(anonymous_0)
FNDA:206,(anonymous_1)
FNDA:206,(anonymous_2)
FNDA:76,(anonymous_3)
DA:14,26
DA:19,26
DA:23,206
DA:34,206
DA:40,206
DA:44,26
DA:52,76
LF:7
LH:7
BRDA:34,0,0,206
BRDA:34,0,1,192
BRF:2
BRH:2
end_of_record
TN:
SF:/home/travis/build/zendeskgarden/react-components/packages/menus/src/views/items/ItemMeta.js
FN:22,(anonymous_0)
FNF:1
FNH:1
FNDA:1,(anonymous_0)
DA:12,20
DA:17,20
DA:22,1
LF:3
LH:3
BRF:0
BRH:0
end_of_record
TN:
SF:/home/travis/build/zendeskgarden/react-components/packages/menus/src/views/items/NextItem.js
FN:25,(anonymous_0)
FN:35,(anonymous_1)
FNF:2
FNH:2
FNDA:36,(anonymous_0)
FNDA:95,(anonymous_1)
DA:15,21
DA:20,21
DA:25,36
DA:28,21
DA:35,95
LF:5
LH:5
BRF:0
BRH:0
end_of_record
TN:
SF:/home/travis/build/zendeskgarden/react-components/packages/menus/src/views/items/PreviousItem.js
FN:25,(anonymous_0)
FN:35,(anonymous_1)
FNF:2
FNH:2
FNDA:36,(anonymous_0)
FNDA:133,(anonymous_1)
DA:15,21
DA:20,21
DA:25,36
DA:28,21
DA:35,133
LF:5
LH:5
BRF:0
BRH:0
end_of_record
TN:
SF:/home/travis/build/zendeskgarden/react-components/packages/menus/src/views/items/header/HeaderIcon.js
FN:13,(anonymous_0)
FNF:1
FNH:1
FNDA:2,(anonymous_0)
DA:11,20
DA:13,20
DA:14,2
LF:3
LH:3
BRF:0
BRH:0
end_of_record
TN:
SF:/home/travis/build/zendeskgarden/react-components/packages/menus/src/views/items/header/HeaderItem.js
FN:24,(anonymous_0)
FN:29,(anonymous_1)
FN:42,(anonymous_2)
FNF:3
FNH:3
FNDA:37,(anonymous_0)
FNDA:37,(anonymous_1)
FNDA:305,(anonymous_2)
DA:16,21
DA:21,21
DA:25,37
DA:29,37
DA:32,21
DA:42,305
LF:6
LH:6
BRF:0
BRH:0
end_of_record
TN:
SF:/home/travis/build/zendeskgarden/react-components/packages/menus/src/views/items/media/MediaBody.js
FN:22,(anonymous_0)
FNF:1
FNH:1
FNDA:1,(anonymous_0)
DA:12,20
DA:17,20
DA:22,1
LF:3
LH:3
BRF:0
BRH:0
end_of_record
TN:
SF:/home/travis/build/zendeskgarden/react-components/packages/menus/src/views/items/media/MediaFigure.js
FN:13,(anonymous_0)
FNF:1
FNH:1
FNDA:2,(anonymous_0)
DA:11,20
DA:13,20
DA:14,2
LF:3
LH:3
BRF:0
BRH:0
end_of_record
TN:
SF:/home/travis/build/zendeskgarden/react-components/packages/menus/src/views/items/media/MediaItem.js
FN:25,(anonymous_0)
FNF:1
FNH:1
FNDA:1,(anonymous_0)
DA:15,21
DA:20,21
DA:25,1
DA:28,21
LF:4
LH:4
BRF:0
BRH:0
end_of_record
TN:
SF:/home/travis/build/zendeskgarden/react-components/packages/modals/src/containers/FocusJailContainer.js
FN:40,(anonymous_0)
FN:52,(anonymous_1)
FN:57,(anonymous_2)
FN:65,(anonymous_3)
FN:67,(anonymous_4)
FN:93,(anonymous_5)
FN:102,(anonymous_6)
FN:109,(anonymous_7)
FN:113,(anonymous_8)
FNF:9
FNH:9
FNDA:85,(anonymous_0)
FNDA:22,(anonymous_1)
FNDA:89,(anonymous_2)
FNDA:149,(anonymous_3)
FNDA:17,(anonymous_4)
FNDA:4,(anonymous_5)
FNDA:2,(anonymous_6)
FNDA:228,(anonymous_7)
FNDA:149,(anonymous_8)
DA:41,85
DA:43,85
DA:45,83
DA:46,33
DA:53,22
DA:58,89
DA:59,2
DA:66,149
DA:68,17
DA:69,13
DA:72,4
DA:74,4
DA:76,4
DA:80,1
DA:81,1
DA:84,4
DA:85,1
DA:86,1
DA:94,4
DA:96,4
DA:103,2
DA:104,2
DA:106,2
DA:110,228
DA:114,149
DA:116,149
LF:26
LH:26
BRDA:45,0,0,33
BRDA:45,0,1,50
BRDA:53,1,0,22
BRDA:53,1,1,22
BRDA:58,2,0,2
BRDA:58,2,1,87
BRDA:65,3,0,0
BRDA:68,4,0,13
BRDA:68,4,1,4
BRDA:76,5,0,1
BRDA:76,5,1,3
BRDA:77,6,0,4
BRDA:77,6,1,1
BRDA:77,6,2,1
BRDA:84,7,0,1
BRDA:84,7,1,3
BRDA:84,8,0,4
BRDA:84,8,1,3
BRDA:97,9,0,4
BRDA:97,9,1,1
BRDA:98,10,0,4
BRDA:98,10,1,1
BRDA:103,11,0,2
BRDA:103,11,1,0
BRDA:106,12,0,0
BRDA:106,12,1,2
BRDA:114,13,0,149
BRF:27
BRH:24
end_of_record
TN:
SF:/home/travis/build/zendeskgarden/react-components/packages/modals/src/containers/ModalContainer.js
FN:50,(anonymous_0)
FN:52,(anonymous_1)
FN:54,(anonymous_2)
FN:60,(anonymous_3)
FN:62,(anonymous_4)
FN:69,(anonymous_5)
FN:76,(anonymous_6)
FN:83,(anonymous_7)
FN:92,(anonymous_8)
FN:99,(anonymous_9)
FN:106,(anonymous_10)
FN:109,(anonymous_11)
FN:116,(anonymous_12)
FN:121,(anonymous_13)
FN:124,(anonymous_14)
FNF:15
FNH:15
FNDA:42,(anonymous_0)
FNDA:42,(anonymous_1)
FNDA:7,(anonymous_2)
FNDA:21,(anonymous_3)
FNDA:2,(anonymous_4)
FNDA:21,(anonymous_5)
FNDA:4,(anonymous_6)
FNDA:3,(anonymous_7)
FNDA:21,(anonymous_8)
FNDA:21,(anonymous_9)
FNDA:21,(anonymous_10)
FNDA:2,(anonymous_11)
FNDA:21,(anonymous_12)
FNDA:21,(anonymous_13)
FNDA:21,(anonymous_14)
DA:50,42
DA:52,42
DA:55,7
DA:57,7
DA:61,21
DA:63,2
DA:70,21
DA:81,4
DA:84,3
DA:85,2
DA:93,21
DA:100,21
DA:107,21
DA:110,2
DA:117,21
DA:119,21
DA:122,21
DA:124,21
LF:18
LH:18
BRDA:57,0,0,7
BRDA:57,0,1,7
BRDA:60,1,0,0
BRDA:69,2,0,0
BRDA:69,3,0,21
BRDA:84,4,0,2
BRDA:84,4,1,1
BRDA:92,5,0,0
BRDA:92,6,0,21
BRDA:99,7,0,0
BRDA:99,8,0,21
BRDA:106,9,0,0
BRDA:117,10,0,21
BRF:13
BRH:8
end_of_record
TN:
SF:/home/travis/build/zendeskgarden/react-components/packages/modals/src/elements/Modal.js
FN:69,(anonymous_0)
FN:84,(anonymous_1)
FN:91,(anonymous_2)
FN:109,(anonymous_3)
FN:115,(anonymous_4)
FN:126,(anonymous_5)
FNF:6
FNH:6
FNDA:11,(anonymous_0)
FNDA:1,(anonymous_1)
FNDA:11,(anonymous_2)
FNDA:11,(anonymous_3)
FNDA:11,(anonymous_4)
FNDA:44,(anonymous_5)
DA:70,11
DA:72,11
DA:73,11
DA:74,11
DA:76,11
DA:77,11
DA:80,11
DA:81,11
DA:85,1
DA:87,1
DA:88,1
DA:92,11
DA:93,11
DA:95,11
DA:102,11
DA:103,11
DA:104,11
DA:106,11
DA:110,11
DA:111,11
DA:113,11
DA:123,11
DA:127,44
DA:128,0
DA:131,44
DA:132,11
DA:135,33
DA:136,11
DA:139,22
DA:140,11
DA:143,11
LF:31
LH:30
BRDA:72,0,0,11
BRDA:72,0,1,0
BRDA:74,1,0,11
BRDA:74,1,1,1
BRDA:95,2,0,11
BRDA:95,2,1,11
BRDA:127,3,0,0
BRDA:127,3,1,44
BRDA:131,4,0,11
BRDA:131,4,1,33
BRDA:135,5,0,11
BRDA:135,5,1,22
BRDA:139,6,0,11
BRDA:139,6,1,11
BRF:14
BRH:12
end_of_record
TN:
SF:/home/travis/build/zendeskgarden/react-components/packages/modals/src/views/Backdrop.js
FN:22,(anonymous_0)
FN:31,(anonymous_1)
FNF:2
FNH:2
FNDA:15,(anonymous_0)
FNDA:15,(anonymous_1)
DA:14,24
DA:19,24
DA:23,15
DA:31,15
DA:34,24
LF:5
LH:5
BRF:0
BRH:0
end_of_record
TN:
SF:/home/travis/build/zendeskgarden/react-components/packages/modals/src/views/Body.js
FN:22,(anonymous_0)
FN:25,(anonymous_1)
FNF:2
FNH:2
FNDA:12,(anonymous_0)
FNDA:22,(anonymous_1)
DA:12,24
DA:17,24
DA:22,12
DA:25,24
LF:4
LH:4
BRF:0
BRH:0
end_of_record
TN:
SF:/home/travis/build/zendeskgarden/react-components/packages/modals/src/views/Close.js
FN:21,(anonymous_0)
FN:28,(anonymous_1)
FN:40,(anonymous_2)
FN:46,(anonymous_3)
FN:53,(anonymous_4)
FN:54,(anonymous_5)
FNF:6
FNH:6
FNDA:19,(anonymous_0)
FNDA:19,(anonymous_1)
FNDA:33,(anonymous_2)
FNDA:19,(anonymous_3)
FNDA:2,(anonymous_4)
FNDA:1,(anonymous_5)
DA:16,24
DA:18,24
DA:22,19
DA:28,19
DA:40,33
DA:47,19
DA:48,19
DA:50,19
DA:53,2
DA:54,1
LF:10
LH:10
BRF:0
BRH:0
end_of_record
TN:
SF:/home/travis/build/zendeskgarden/react-components/packages/modals/src/views/Footer.js
FN:22,(anonymous_0)
FNF:1
FNH:1
FNDA:12,(anonymous_0)
DA:12,24
DA:17,24
DA:22,12
LF:3
LH:3
BRF:0
BRH:0
end_of_record
TN:
SF:/home/travis/build/zendeskgarden/react-components/packages/modals/src/views/FooterItem.js
FN:22,(anonymous_0)
FNF:1
FNH:1
FNDA:1,(anonymous_0)
DA:12,23
DA:17,23
DA:22,1
LF:3
LH:3
BRF:0
BRH:0
end_of_record
TN:
SF:/home/travis/build/zendeskgarden/react-components/packages/modals/src/views/Header.js
FN:21,(anonymous_0)
FN:27,(anonymous_1)
FN:30,(anonymous_2)
FNF:3
FNH:3
FNDA:13,(anonymous_0)
FNDA:13,(anonymous_1)
FNDA:11,(anonymous_2)
DA:13,24
DA:18,24
DA:22,13
DA:27,13
DA:30,24
LF:5
LH:5
BRF:0
BRH:0
end_of_record
TN:
SF:/home/travis/build/zendeskgarden/react-components/packages/modals/src/views/ModalView.js
FN:22,(anonymous_0)
FN:34,(anonymous_1)
FNF:2
FNH:2
FNDA:15,(anonymous_0)
FNDA:15,(anonymous_1)
DA:14,24
DA:19,24
DA:23,15
DA:34,15
DA:37,24
LF:5
LH:5
BRF:0
BRH:0
end_of_record
TN:
SF:/home/travis/build/zendeskgarden/react-components/packages/notifications/src/Alert.js
FN:29,(anonymous_0)
FN:37,(anonymous_1)
FNF:2
FNH:2
FNDA:3,(anonymous_0)
FNDA:3,(anonymous_1)
DA:15,2
DA:17,2
DA:26,2
DA:30,3
DA:37,3
DA:40,2
LF:6
LH:6
BRF:0
BRH:0
end_of_record
TN:
SF:/home/travis/build/zendeskgarden/react-components/packages/notifications/src/Notification.js
FN:30,(anonymous_0)
FN:38,(anonymous_1)
FNF:2
FNH:2
FNDA:3,(anonymous_0)
FNDA:3,(anonymous_1)
DA:15,2
DA:17,2
DA:26,2
DA:31,3
DA:38,3
DA:41,2
LF:6
LH:6
BRF:0
BRH:0
end_of_record
TN:
SF:/home/travis/build/zendeskgarden/react-components/packages/notifications/src/Well.js
FN:22,(anonymous_0)
FN:32,(anonymous_1)
FNF:2
FNH:2
FNDA:4,(anonymous_0)
FNDA:4,(anonymous_1)
DA:14,4
DA:19,4
DA:23,4
DA:32,4
DA:35,4
LF:5
LH:5
BRF:0
BRH:0
end_of_record
TN:
SF:/home/travis/build/zendeskgarden/react-components/packages/notifications/src/content/Close.js
FN:23,(anonymous_0)
FN:30,(anonymous_1)
FNF:2
FNH:2
FNDA:3,(anonymous_0)
FNDA:3,(anonymous_1)
DA:14,2
DA:19,2
DA:24,3
DA:30,3
DA:33,2
LF:5
LH:5
BRF:0
BRH:0
end_of_record
TN:
SF:/home/travis/build/zendeskgarden/react-components/packages/notifications/src/content/Paragraph.js
FN:23,(anonymous_0)
FNF:1
FNH:1
FNDA:1,(anonymous_0)
DA:13,2
DA:18,2
DA:23,1
LF:3
LH:3
BRF:0
BRH:0
end_of_record
TN:
SF:/home/travis/build/zendeskgarden/react-components/packages/notifications/src/content/Title.js
FN:23,(anonymous_0)
FNF:1
FNH:1
FNDA:1,(anonymous_0)
DA:13,2
DA:18,2
DA:23,1
LF:3
LH:3
BRF:0
BRH:0
end_of_record
TN:
SF:/home/travis/build/zendeskgarden/react-components/packages/pagination/src/containers/PaginationContainer.js
FN:44,(anonymous_0)
FN:54,(anonymous_1)
FN:61,(anonymous_2)
FN:75,(anonymous_3)
FN:89,(anonymous_4)
FN:111,(anonymous_5)
FN:122,(anonymous_6)
FN:124,(anonymous_7)
FN:125,(anonymous_8)
FN:126,(anonymous_9)
FN:127,(anonymous_10)
FNF:11
FNH:11
FNDA:28,(anonymous_0)
FNDA:38,(anonymous_1)
FNDA:30,(anonymous_2)
FNDA:38,(anonymous_3)
FNDA:209,(anonymous_4)
FNDA:41,(anonymous_5)
FNDA:44,(anonymous_6)
FNDA:38,(anonymous_7)
FNDA:209,(anonymous_8)
FNDA:30,(anonymous_9)
FNDA:38,(anonymous_10)
DA:45,28
DA:47,28
DA:55,38
DA:62,30
DA:63,2
DA:68,28
DA:76,38
DA:77,2
DA:82,36
DA:90,209
DA:91,2
DA:96,207
DA:97,207
DA:98,207
DA:100,207
DA:101,30
DA:104,207
DA:112,41
DA:113,41
DA:115,41
DA:123,44
DA:124,38
DA:125,209
DA:126,30
DA:127,38
LF:25
LH:25
BRDA:54,0,0,29
BRDA:61,1,0,2
BRDA:62,2,0,2
BRDA:62,2,1,28
BRDA:62,3,0,30
BRDA:62,3,1,28
BRDA:75,4,0,2
BRDA:76,5,0,2
BRDA:76,5,1,36
BRDA:76,6,0,38
BRDA:76,6,1,36
BRDA:89,7,0,2
BRDA:90,8,0,2
BRDA:90,8,1,207
BRDA:90,9,0,209
BRDA:90,9,1,207
BRDA:100,10,0,30
BRDA:100,10,1,177
BRDA:112,11,0,41
BRF:19
BRH:19
end_of_record
TN:
SF:/home/travis/build/zendeskgarden/react-components/packages/pagination/src/elements/Pagination.js
FN:74,(anonymous_0)
FN:84,(anonymous_1)
FN:94,(anonymous_2)
FN:115,(anonymous_3)
FN:135,(anonymous_4)
FN:157,(anonymous_5)
FN:223,(anonymous_6)
FN:252,(anonymous_7)
FN:262,(anonymous_8)
FNF:9
FNH:9
FNDA:17,(anonymous_0)
FNDA:225,(anonymous_1)
FNDA:29,(anonymous_2)
FNDA:29,(anonymous_3)
FNDA:162,(anonymous_4)
FNDA:29,(anonymous_5)
FNDA:12,(anonymous_6)
FNDA:29,(anonymous_7)
FNDA:29,(anonymous_8)
DA:19,2
DA:20,2
DA:22,2
DA:75,17
DA:77,17
DA:85,225
DA:87,225
DA:88,33
DA:91,192
DA:95,29
DA:96,29
DA:99,29
DA:100,10
DA:105,19
DA:116,29
DA:117,29
DA:118,29
DA:121,29
DA:122,2
DA:125,27
DA:136,162
DA:138,162
DA:158,29
DA:159,29
DA:161,29
DA:163,29
DA:165,169
DA:166,29
DA:167,29
DA:171,140
DA:172,46
DA:173,46
DA:177,94
DA:178,60
DA:179,60
DA:183,34
DA:184,23
DA:185,23
DA:189,11
DA:193,4
DA:194,4
DA:198,7
DA:199,2
DA:203,2
DA:204,1
DA:206,1
DA:209,5
DA:212,5
DA:216,29
DA:224,12
DA:225,12
DA:227,12
DA:228,2
DA:231,2
DA:232,1
DA:234,10
DA:235,2
DA:238,2
DA:239,1
DA:241,8
DA:242,2
DA:245,12
DA:246,6
DA:249,12
DA:253,29
DA:255,29
DA:263,29
LF:67
LH:67
BRDA:84,0,0,0
BRDA:87,1,0,33
BRDA:87,1,1,192
BRDA:99,2,0,10
BRDA:99,2,1,19
BRDA:121,3,0,2
BRDA:121,3,1,27
BRDA:165,4,0,29
BRDA:165,4,1,140
BRDA:171,5,0,46
BRDA:171,5,1,94
BRDA:171,6,0,140
BRDA:171,6,1,121
BRDA:177,7,0,60
BRDA:177,7,1,34
BRDA:177,8,0,94
BRDA:177,8,1,87
BRDA:183,9,0,23
BRDA:183,9,1,11
BRDA:183,10,0,34
BRDA:183,10,1,27
BRDA:189,11,0,4
BRDA:189,11,1,7
BRDA:190,12,0,11
BRDA:190,12,1,5
BRDA:198,13,0,2
BRDA:198,13,1,5
BRDA:203,14,0,1
BRDA:203,14,1,1
BRDA:227,15,0,2
BRDA:227,15,1,10
BRDA:227,16,0,12
BRDA:227,16,1,2
BRDA:231,17,0,1
BRDA:231,17,1,1
BRDA:231,18,0,2
BRDA:231,18,1,1
BRDA:234,19,0,2
BRDA:234,19,1,8
BRDA:234,20,0,10
BRDA:234,20,1,2
BRDA:238,21,0,1
BRDA:238,21,1,1
BRDA:238,22,0,2
BRDA:238,22,1,1
BRDA:241,23,0,2
BRDA:241,23,1,6
BRDA:245,24,0,6
BRDA:245,24,1,6
BRDA:246,25,0,6
BRDA:246,25,1,4
BRF:51
BRH:50
end_of_record
TN:
SF:/home/travis/build/zendeskgarden/react-components/packages/pagination/src/views/Gap.js
FN:24,(anonymous_0)
FNF:1
FNH:1
FNDA:8,(anonymous_0)
DA:14,3
DA:19,3
DA:24,8
DA:27,3
LF:4
LH:4
BRF:0
BRH:0
end_of_record
TN:
SF:/home/travis/build/zendeskgarden/react-components/packages/pagination/src/views/NextPage.js
FN:24,(anonymous_0)
FNF:1
FNH:1
FNDA:30,(anonymous_0)
DA:14,3
DA:19,3
DA:24,30
DA:27,3
LF:4
LH:4
BRF:0
BRH:0
end_of_record
TN:
SF:/home/travis/build/zendeskgarden/react-components/packages/pagination/src/views/Page.js
FN:22,(anonymous_0)
FN:40,(anonymous_1)
FNF:2
FNH:2
FNDA:232,(anonymous_0)
FNDA:232,(anonymous_1)
DA:14,6
DA:19,6
DA:23,232
DA:40,232
DA:43,6
LF:5
LH:5
BRF:0
BRH:0
end_of_record
TN:
SF:/home/travis/build/zendeskgarden/react-components/packages/pagination/src/views/PaginationView.js
FN:21,(anonymous_0)
FN:37,(anonymous_1)
FNF:2
FNH:2
FNDA:31,(anonymous_0)
FNDA:31,(anonymous_1)
DA:13,3
DA:18,3
DA:22,31
DA:37,31
LF:4
LH:4
BRF:0
BRH:0
end_of_record
TN:
SF:/home/travis/build/zendeskgarden/react-components/packages/pagination/src/views/PreviousPage.js
FN:24,(anonymous_0)
FNF:1
FNH:1
FNDA:30,(anonymous_0)
DA:14,3
DA:19,3
DA:24,30
DA:27,3
LF:4
LH:4
BRF:0
BRH:0
end_of_record
TN:
SF:/home/travis/build/zendeskgarden/react-components/packages/radios/src/elements/Radio.js
FN:40,(anonymous_0)
FN:48,(anonymous_1)
FN:68,(anonymous_2)
FN:77,(anonymous_3)
FN:106,(anonymous_4)
FN:111,(anonymous_5)
FN:113,(anonymous_6)
FNF:7
FNH:7
FNDA:6,(anonymous_0)
FNDA:7,(anonymous_1)
FNDA:28,(anonymous_2)
FNDA:28,(anonymous_3)
FNDA:6,(anonymous_4)
FNDA:6,(anonymous_5)
FNDA:7,(anonymous_6)
DA:41,6
DA:43,6
DA:55,7
DA:64,7
DA:66,7
DA:68,7
DA:69,28
DA:70,7
DA:74,7
DA:78,28
DA:79,0
DA:82,28
DA:83,7
DA:85,7
DA:96,21
DA:97,7
DA:100,14
DA:107,6
DA:109,6
DA:112,6
DA:114,7
LF:21
LH:20
BRDA:48,0,0,0
BRDA:69,1,0,7
BRDA:69,1,1,21
BRDA:78,2,0,0
BRDA:78,2,1,28
BRDA:82,3,0,7
BRDA:82,3,1,21
BRDA:96,4,0,7
BRDA:96,4,1,14
BRF:9
BRH:7
end_of_record
TN:
SF:/home/travis/build/zendeskgarden/react-components/packages/radios/src/views/Hint.js
FN:21,(anonymous_0)
FN:27,(anonymous_1)
FN:30,(anonymous_2)
FNF:3
FNH:3
FNDA:9,(anonymous_0)
FNDA:9,(anonymous_1)
FNDA:14,(anonymous_2)
DA:13,3
DA:18,3
DA:22,9
DA:27,9
DA:30,14
LF:5
LH:5
BRF:0
BRH:0
end_of_record
TN:
SF:/home/travis/build/zendeskgarden/react-components/packages/radios/src/views/Input.js
FN:24,(anonymous_0)
FNF:1
FNH:1
FNDA:8,(anonymous_0)
DA:12,3
DA:17,3
DA:24,8
LF:3
LH:3
BRF:0
BRH:0
end_of_record
TN:
SF:/home/travis/build/zendeskgarden/react-components/packages/radios/src/views/Label.js
FN:22,(anonymous_0)
FN:39,(anonymous_1)
FN:51,(anonymous_2)
FNF:3
FNH:3
FNDA:14,(anonymous_0)
FNDA:14,(anonymous_1)
FNDA:14,(anonymous_2)
DA:14,3
DA:19,3
DA:23,14
DA:39,14
DA:42,3
DA:51,14
LF:6
LH:6
BRF:0
BRH:0
end_of_record
TN:
SF:/home/travis/build/zendeskgarden/react-components/packages/radios/src/views/Message.js
FN:28,(anonymous_0)
FN:38,(anonymous_1)
FN:50,(anonymous_2)
FNF:3
FNH:3
FNDA:12,(anonymous_0)
FNDA:12,(anonymous_1)
FNDA:14,(anonymous_2)
DA:14,3
DA:15,3
DA:25,3
DA:29,12
DA:38,12
DA:41,3
DA:50,14
LF:7
LH:7
BRF:0
BRH:0
end_of_record
TN:
SF:/home/travis/build/zendeskgarden/react-components/packages/radios/src/views/RadioView.js
FN:21,(anonymous_0)
FN:27,(anonymous_1)
FNF:2
FNH:2
FNDA:9,(anonymous_0)
FNDA:9,(anonymous_1)
DA:13,3
DA:18,3
DA:22,9
DA:27,9
LF:4
LH:4
BRF:0
BRH:0
end_of_record
TN:
SF:/home/travis/build/zendeskgarden/react-components/packages/ranges/src/elements/MultiThumbRange.js
FN:32,(anonymous_0)
FN:44,(anonymous_1)
FN:53,(anonymous_2)
FN:62,(anonymous_3)
FN:69,(anonymous_4)
FN:74,(anonymous_5)
FN:96,(anonymous_6)
FN:104,(anonymous_7)
FN:111,(anonymous_8)
FN:115,(anonymous_9)
FN:119,(anonymous_10)
FN:123,(anonymous_11)
FN:130,(anonymous_12)
FN:140,(anonymous_13)
FN:147,(anonymous_14)
FN:175,(anonymous_15)
FN:188,(anonymous_16)
FN:201,(anonymous_17)
FN:214,(anonymous_18)
FN:214,(anonymous_19)
FN:219,(anonymous_20)
FN:227,(anonymous_21)
FN:296,(anonymous_22)
FN:313,(anonymous_23)
FN:330,(anonymous_24)
FN:354,(anonymous_25)
FN:367,(anonymous_26)
FN:370,(anonymous_27)
FN:371,(anonymous_28)
FN:374,(anonymous_29)
FN:377,(anonymous_30)
FN:395,(anonymous_31)
FN:396,(anonymous_32)
FN:399,(anonymous_33)
FN:402,(anonymous_34)
FN:405,(anonymous_35)
FNF:36
FNH:33
FNDA:128,(anonymous_0)
FNDA:128,(anonymous_1)
FNDA:128,(anonymous_2)
FNDA:128,(anonymous_3)
FNDA:256,(anonymous_4)
FNDA:256,(anonymous_5)
FNDA:0,(anonymous_6)
FNDA:45,(anonymous_7)
FNDA:1,(anonymous_8)
FNDA:45,(anonymous_9)
FNDA:1,(anonymous_10)
FNDA:16,(anonymous_11)
FNDA:2,(anonymous_12)
FNDA:45,(anonymous_13)
FNDA:6,(anonymous_14)
FNDA:22,(anonymous_15)
FNDA:11,(anonymous_16)
FNDA:11,(anonymous_17)
FNDA:16,(anonymous_18)
FNDA:16,(anonymous_19)
FNDA:6,(anonymous_20)
FNDA:6,(anonymous_21)
FNDA:128,(anonymous_22)
FNDA:128,(anonymous_23)
FNDA:128,(anonymous_24)
FNDA:212,(anonymous_25)
FNDA:212,(anonymous_26)
FNDA:8,(anonymous_27)
FNDA:8,(anonymous_28)
FNDA:0,(anonymous_29)
FNDA:8,(anonymous_30)
FNDA:8,(anonymous_31)
FNDA:212,(anonymous_32)
FNDA:8,(anonymous_33)
FNDA:0,(anonymous_34)
FNDA:8,(anonymous_35)
DA:19,3
DA:20,3
DA:21,3
DA:22,3
DA:28,3
DA:33,128
DA:44,128
DA:47,3
DA:53,128
DA:56,3
DA:62,128
DA:65,3
DA:70,256
DA:74,256
DA:96,0
DA:106,45
DA:108,45
DA:112,1
DA:116,45
DA:120,1
DA:124,16
DA:126,16
DA:127,16
DA:131,2
DA:133,2
DA:134,2
DA:141,45
DA:148,6
DA:149,6
DA:150,6
DA:151,6
DA:152,6
DA:154,6
DA:156,6
DA:157,2
DA:160,6
DA:163,6
DA:165,6
DA:166,3
DA:168,3
DA:176,22
DA:178,22
DA:179,2
DA:182,20
DA:183,20
DA:184,20
DA:189,11
DA:190,11
DA:192,11
DA:193,0
DA:194,11
DA:195,2
DA:198,11
DA:202,11
DA:203,11
DA:205,11
DA:206,3
DA:207,8
DA:208,0
DA:211,11
DA:214,16
DA:215,16
DA:216,16
DA:217,16
DA:219,16
DA:220,6
DA:221,3
DA:223,3
DA:227,16
DA:228,6
DA:229,3
DA:231,3
DA:235,16
DA:237,4
DA:238,2
DA:240,2
DA:243,4
DA:244,4
DA:247,2
DA:248,2
DA:249,2
DA:252,4
DA:253,2
DA:255,2
DA:258,4
DA:259,4
DA:262,2
DA:263,2
DA:264,2
DA:267,2
DA:268,1
DA:270,1
DA:273,2
DA:274,2
DA:277,2
DA:278,1
DA:280,1
DA:283,2
DA:284,2
DA:287,0
DA:290,16
DA:291,16
DA:292,16
DA:297,128
DA:298,128
DA:300,128
DA:302,128
DA:303,0
DA:304,128
DA:305,0
DA:306,128
DA:307,0
DA:310,128
DA:314,128
DA:315,128
DA:317,128
DA:319,128
DA:320,0
DA:321,128
DA:322,0
DA:323,128
DA:324,0
DA:327,128
DA:331,128
DA:332,128
DA:335,128
DA:337,128
DA:338,128
DA:339,128
DA:341,128
DA:346,128
DA:347,128
DA:348,128
DA:350,128
DA:355,212
DA:368,212
DA:370,8
DA:372,8
DA:375,0
DA:378,8
DA:380,8
DA:381,8
DA:383,8
DA:395,8
DA:397,212
DA:400,8
DA:403,0
DA:406,8
DA:408,8
DA:409,8
DA:411,8
LF:151
LH:139
BRDA:154,0,0,2
BRDA:154,0,1,4
BRDA:156,1,0,2
BRDA:156,1,1,4
BRDA:165,2,0,3
BRDA:165,2,1,3
BRDA:175,3,0,0
BRDA:178,4,0,2
BRDA:178,4,1,20
BRDA:182,5,0,20
BRDA:182,5,1,0
BRDA:182,6,0,20
BRDA:182,6,1,10
BRDA:183,7,0,20
BRDA:183,7,1,20
BRDA:192,8,0,0
BRDA:192,8,1,11
BRDA:194,9,0,2
BRDA:194,9,1,9
BRDA:205,10,0,3
BRDA:205,10,1,8
BRDA:207,11,0,0
BRDA:207,11,1,8
BRDA:220,12,0,3
BRDA:220,12,1,3
BRDA:228,13,0,3
BRDA:228,13,1,3
BRDA:235,14,0,4
BRDA:235,14,1,2
BRDA:235,14,2,4
BRDA:235,14,3,2
BRDA:235,14,4,2
BRDA:235,14,5,2
BRDA:235,14,6,0
BRDA:237,15,0,2
BRDA:237,15,1,2
BRDA:252,16,0,2
BRDA:252,16,1,2
BRDA:267,17,0,1
BRDA:267,17,1,1
BRDA:277,18,0,1
BRDA:277,18,1,1
BRDA:290,19,0,16
BRDA:290,19,1,0
BRDA:302,20,0,0
BRDA:302,20,1,128
BRDA:304,21,0,0
BRDA:304,21,1,128
BRDA:306,22,0,0
BRDA:306,22,1,128
BRDA:319,23,0,0
BRDA:319,23,1,128
BRDA:321,24,0,0
BRDA:321,24,1,128
BRDA:323,25,0,0
BRDA:323,25,1,128
BRDA:343,26,0,29
BRDA:343,26,1,99
BRDA:346,27,0,29
BRDA:346,27,1,99
BRDA:360,28,0,12
BRDA:360,28,1,116
BRDA:388,29,0,12
BRDA:388,29,1,116
BRF:64
BRH:52
end_of_record
TN:
SF:/home/travis/build/zendeskgarden/react-components/packages/ranges/src/elements/Range.js
FN:36,(anonymous_0)
FN:47,(anonymous_1)
FN:51,(anonymous_2)
FN:61,(anonymous_3)
FN:75,(anonymous_4)
FN:86,(anonymous_5)
FN:89,(anonymous_6)
FN:92,(anonymous_7)
FN:95,(anonymous_8)
FNF:9
FNH:9
FNDA:12,(anonymous_0)
FNDA:10,(anonymous_1)
FNDA:11,(anonymous_2)
FNDA:11,(anonymous_3)
FNDA:24,(anonymous_4)
FNDA:2,(anonymous_5)
FNDA:1,(anonymous_6)
FNDA:1,(anonymous_7)
FNDA:38,(anonymous_8)
DA:36,12
DA:48,10
DA:52,11
DA:62,11
DA:63,11
DA:64,11
DA:66,11
DA:67,1
DA:70,11
DA:72,11
DA:76,24
DA:77,24
DA:79,24
DA:87,2
DA:90,1
DA:93,1
DA:96,38
DA:97,38
LF:18
LH:18
BRDA:66,0,0,1
BRDA:66,0,1,10
BRDA:97,1,0,38
BRDA:97,1,1,0
BRF:4
BRH:3
end_of_record
TN:
SF:/home/travis/build/zendeskgarden/react-components/packages/ranges/src/elements/RangeField.js
FN:33,(anonymous_0)
FN:41,(anonymous_1)
FN:47,(anonymous_2)
FN:55,(anonymous_3)
FN:57,(anonymous_4)
FNF:5
FNH:5
FNDA:4,(anonymous_0)
FNDA:4,(anonymous_1)
FNDA:20,(anonymous_2)
FNDA:4,(anonymous_3)
FNDA:20,(anonymous_4)
DA:34,4
DA:36,4
DA:42,4
DA:43,4
DA:45,4
DA:47,4
DA:48,20
DA:49,4
DA:53,4
DA:56,4
DA:58,20
DA:59,0
DA:62,20
DA:63,4
DA:66,16
DA:67,4
DA:70,12
DA:71,4
DA:74,8
LF:19
LH:18
BRDA:48,0,0,4
BRDA:48,0,1,16
BRDA:58,1,0,0
BRDA:58,1,1,20
BRDA:62,2,0,4
BRDA:62,2,1,16
BRDA:66,3,0,4
BRDA:66,3,1,12
BRDA:66,4,0,16
BRDA:66,4,1,12
BRDA:70,5,0,4
BRDA:70,5,1,8
BRF:12
BRH:11
end_of_record
TN:
SF:/home/travis/build/zendeskgarden/react-components/packages/ranges/src/views/Hint.js
FN:22,(anonymous_0)
FN:30,(anonymous_1)
FN:37,(anonymous_2)
FNF:3
FNH:3
FNDA:7,(anonymous_0)
FNDA:7,(anonymous_1)
FNDA:20,(anonymous_2)
DA:14,3
DA:19,3
DA:23,7
DA:30,7
DA:33,3
DA:37,20
LF:6
LH:6
BRF:0
BRH:0
end_of_record
TN:
SF:/home/travis/build/zendeskgarden/react-components/packages/ranges/src/views/Label.js
FN:22,(anonymous_0)
FN:31,(anonymous_1)
FN:39,(anonymous_2)
FNF:3
FNH:3
FNDA:8,(anonymous_0)
FNDA:8,(anonymous_1)
FNDA:8,(anonymous_2)
DA:14,3
DA:19,3
DA:23,8
DA:31,8
DA:34,3
DA:39,8
LF:6
LH:6
BRF:0
BRH:0
end_of_record
TN:
SF:/home/travis/build/zendeskgarden/react-components/packages/ranges/src/views/Message.js
FN:28,(anonymous_0)
FN:38,(anonymous_1)
FN:50,(anonymous_2)
FNF:3
FNH:3
FNDA:10,(anonymous_0)
FNDA:10,(anonymous_1)
FNDA:20,(anonymous_2)
DA:14,3
DA:15,3
DA:25,3
DA:29,10
DA:38,10
DA:41,3
DA:50,20
LF:7
LH:7
BRF:0
BRH:0
end_of_record
TN:
SF:/home/travis/build/zendeskgarden/react-components/packages/ranges/src/views/RangeGroup.js
FN:22,(anonymous_0)
FN:30,(anonymous_1)
FNF:2
FNH:2
FNDA:7,(anonymous_0)
FNDA:7,(anonymous_1)
DA:14,3
DA:19,3
DA:23,7
DA:30,7
DA:33,3
LF:5
LH:5
BRF:0
BRH:0
end_of_record
TN:
SF:/home/travis/build/zendeskgarden/react-components/packages/ranges/src/views/SingleThumbView.js
FN:23,(anonymous_0)
FN:34,(anonymous_1)
FN:37,(anonymous_2)
FNF:3
FNH:3
FNDA:30,(anonymous_0)
FNDA:30,(anonymous_1)
FNDA:30,(anonymous_2)
DA:14,4
DA:19,4
DA:24,30
DA:34,30
DA:37,30
DA:40,4
DA:47,4
LF:7
LH:7
BRF:0
BRH:0
end_of_record
TN:
SF:/home/travis/build/zendeskgarden/react-components/packages/select/src/containers/SelectContainer.js
FN:114,(anonymous_0)
FN:126,(anonymous_1)
FN:133,(anonymous_2)
FN:140,(anonymous_3)
FN:163,(anonymous_4)
FN:166,(anonymous_5)
FN:169,(anonymous_6)
FN:172,(anonymous_7)
FN:181,(anonymous_8)
FN:192,(anonymous_9)
FNF:10
FNH:10
FNDA:16,(anonymous_0)
FNDA:40,(anonymous_1)
FNDA:18,(anonymous_2)
FNDA:40,(anonymous_3)
FNDA:21,(anonymous_4)
FNDA:6,(anonymous_5)
FNDA:40,(anonymous_6)
FNDA:40,(anonymous_7)
FNDA:18,(anonymous_8)
FNDA:18,(anonymous_9)
DA:115,16
DA:117,16
DA:127,40
DA:134,18
DA:151,40
DA:152,40
DA:154,40
DA:164,21
DA:167,6
DA:170,40
DA:172,40
DA:191,18
DA:192,18
LF:13
LH:13
BRDA:126,0,0,0
BRDA:126,1,0,40
BRDA:133,2,0,0
BRDA:133,3,0,18
BRDA:143,4,0,40
BRDA:167,5,0,6
BRDA:167,5,1,6
BRDA:170,6,0,40
BRDA:170,6,1,40
BRF:9
BRH:7
end_of_record
TN:
SF:/home/travis/build/zendeskgarden/react-components/packages/select/src/elements/Select.js
FN:31,(anonymous_0)
FN:117,(anonymous_1)
FN:126,(anonymous_2)
FN:130,(anonymous_3)
FN:134,(anonymous_4)
FN:140,(anonymous_5)
FN:192,(anonymous_6)
FN:198,(anonymous_7)
FN:234,(anonymous_8)
FN:242,(anonymous_9)
FN:247,(anonymous_10)
FN:271,(anonymous_11)
FN:293,(anonymous_12)
FNF:13
FNH:13
FNDA:16,(anonymous_0)
FNDA:24,(anonymous_1)
FNDA:13,(anonymous_2)
FNDA:21,(anonymous_3)
FNDA:34,(anonymous_4)
FNDA:172,(anonymous_5)
FNDA:8,(anonymous_6)
FNDA:34,(anonymous_7)
FNDA:34,(anonymous_8)
FNDA:55,(anonymous_9)
FNDA:3,(anonymous_10)
FNDA:16,(anonymous_11)
FNDA:96,(anonymous_12)
DA:29,3
DA:31,16
DA:117,24
DA:127,13
DA:131,21
DA:135,34
DA:136,34
DA:138,34
DA:140,34
DA:141,172
DA:142,172
DA:144,172
DA:145,26
DA:148,146
DA:158,120
DA:160,120
DA:161,68
DA:167,120
DA:168,120
DA:170,120
DA:171,86
DA:177,120
DA:179,120
DA:180,120
DA:182,120
DA:183,4
DA:185,4
DA:193,8
DA:195,8
DA:215,34
DA:216,34
DA:217,34
DA:219,34
DA:221,34
DA:235,34
DA:243,55
DA:244,55
DA:245,55
DA:248,3
DA:249,3
DA:250,3
DA:254,3
DA:255,3
DA:257,3
DA:261,3
DA:279,16
DA:294,96
DA:295,0
DA:298,96
DA:299,96
DA:304,96
DA:305,16
DA:308,80
DA:319,64
DA:321,64
DA:323,64
DA:324,16
DA:325,48
DA:326,16
DA:329,64
DA:342,16
LF:61
LH:60
BRDA:31,0,0,16
BRDA:31,0,1,16
BRDA:144,1,0,26
BRDA:144,1,1,146
BRDA:148,2,0,120
BRDA:148,2,1,26
BRDA:149,3,0,146
BRDA:149,3,1,146
BRDA:149,3,2,78
BRDA:149,3,3,78
BRDA:149,3,4,52
BRDA:160,4,0,68
BRDA:160,4,1,52
BRDA:161,5,0,68
BRDA:161,5,1,0
BRDA:167,6,0,120
BRDA:167,6,1,0
BRDA:167,7,0,120
BRDA:167,7,1,120
BRDA:170,8,0,86
BRDA:170,8,1,34
BRDA:182,9,0,4
BRDA:182,9,1,116
BRDA:195,10,0,8
BRDA:195,10,1,8
BRDA:210,11,0,34
BRDA:225,12,0,0
BRDA:225,12,1,34
BRDA:245,13,0,55
BRDA:245,13,1,11
BRDA:248,14,0,3
BRDA:248,14,1,0
BRDA:254,15,0,3
BRDA:254,15,1,0
BRDA:286,16,0,16
BRDA:286,16,1,16
BRDA:294,17,0,0
BRDA:294,17,1,96
BRDA:304,18,0,16
BRDA:304,18,1,80
BRDA:308,19,0,64
BRDA:308,19,1,16
BRDA:309,20,0,80
BRDA:309,20,1,80
BRDA:309,20,2,48
BRDA:309,20,3,48
BRDA:309,20,4,32
BRDA:319,21,0,64
BRDA:319,21,1,0
BRDA:323,22,0,16
BRDA:323,22,1,48
BRDA:325,23,0,16
BRDA:325,23,1,32
BRDA:333,24,0,64
BRDA:333,24,1,32
BRF:55
BRH:48
end_of_record
TN:
SF:/home/travis/build/zendeskgarden/react-components/packages/select/src/elements/SelectField.js
FN:26,(anonymous_0)
FN:28,(anonymous_1)
FN:31,(anonymous_2)
FN:34,(anonymous_3)
FN:41,(anonymous_4)
FN:46,(anonymous_5)
FN:54,(anonymous_6)
FN:61,(anonymous_7)
FN:67,(anonymous_8)
FNF:9
FNH:9
FNDA:8,(anonymous_0)
FNDA:2,(anonymous_1)
FNDA:1,(anonymous_2)
FNDA:1,(anonymous_3)
FNDA:8,(anonymous_4)
FNDA:11,(anonymous_5)
FNDA:8,(anonymous_6)
FNDA:8,(anonymous_7)
FNDA:39,(anonymous_8)
DA:27,8
DA:29,2
DA:32,1
DA:35,1
DA:42,8
DA:44,8
DA:47,11
DA:48,11
DA:55,8
DA:57,8
DA:59,8
DA:66,8
DA:68,39
DA:69,1
DA:72,38
DA:73,8
DA:76,30
DA:77,7
DA:80,23
DA:81,8
DA:84,15
LF:21
LH:21
BRDA:35,0,0,1
BRDA:35,0,1,1
BRDA:47,1,0,11
BRDA:47,1,1,0
BRDA:68,2,0,1
BRDA:68,2,1,38
BRDA:72,3,0,8
BRDA:72,3,1,30
BRDA:76,4,0,7
BRDA:76,4,1,23
BRDA:80,5,0,8
BRDA:80,5,1,15
BRF:12
BRH:11
end_of_record
TN:
SF:/home/travis/build/zendeskgarden/react-components/packages/select/src/views/Dropdown.js
FN:36,(anonymous_0)
FN:39,(anonymous_1)
FNF:2
FNH:2
FNDA:17,(anonymous_0)
FNDA:17,(anonymous_1)
DA:14,4
DA:16,4
DA:32,4
DA:36,17
DA:39,4
DA:40,17
DA:42,17
DA:45,4
LF:8
LH:8
BRF:0
BRH:0
end_of_record
TN:
SF:/home/travis/build/zendeskgarden/react-components/packages/select/src/views/SelectGroup.js
FN:22,(anonymous_0)
FNF:1
FNH:1
FNDA:9,(anonymous_0)
DA:13,3
DA:18,3
DA:22,9
DA:25,3
LF:4
LH:4
BRF:0
BRH:0
end_of_record
TN:
SF:/home/travis/build/zendeskgarden/react-components/packages/select/src/views/SelectView.js
FN:28,(anonymous_0)
FNF:1
FNH:1
FNDA:36,(anonymous_0)
DA:13,4
DA:14,4
DA:21,4
DA:28,36
DA:31,4
LF:5
LH:5
BRF:0
BRH:0
end_of_record
TN:
SF:/home/travis/build/zendeskgarden/react-components/packages/select/src/views/Separator.js
FN:21,(anonymous_0)
FNF:1
FNH:1
FNDA:1,(anonymous_0)
DA:12,2
DA:17,2
DA:21,1
LF:3
LH:3
BRF:0
BRH:0
end_of_record
TN:
SF:/home/travis/build/zendeskgarden/react-components/packages/select/src/views/fields/Hint.js
FN:22,(anonymous_0)
FN:29,(anonymous_1)
FNF:2
FNH:2
FNDA:8,(anonymous_0)
FNDA:14,(anonymous_1)
DA:13,3
DA:18,3
DA:22,8
DA:25,3
DA:29,14
LF:5
LH:5
BRF:0
BRH:0
end_of_record
TN:
SF:/home/travis/build/zendeskgarden/react-components/packages/select/src/views/fields/Label.js
FN:22,(anonymous_0)
FN:30,(anonymous_1)
FNF:2
FNH:2
FNDA:9,(anonymous_0)
FNDA:8,(anonymous_1)
DA:13,3
DA:18,3
DA:22,9
DA:25,3
DA:30,8
LF:5
LH:5
BRF:0
BRH:0
end_of_record
TN:
SF:/home/travis/build/zendeskgarden/react-components/packages/select/src/views/fields/Message.js
FN:28,(anonymous_0)
FN:40,(anonymous_1)
FNF:2
FNH:2
FNDA:6,(anonymous_0)
FNDA:24,(anonymous_1)
DA:13,3
DA:14,3
DA:24,3
DA:28,6
DA:31,3
DA:40,24
LF:6
LH:6
BRF:0
BRH:0
end_of_record
TN:
SF:/home/travis/build/zendeskgarden/react-components/packages/select/src/views/items/AddItem.js
FN:22,(anonymous_0)
FN:32,(anonymous_1)
FNF:2
FNH:1
FNDA:1,(anonymous_0)
FNDA:0,(anonymous_1)
DA:13,4
DA:18,4
DA:22,1
DA:25,4
DA:32,4
LF:5
LH:5
BRF:0
BRH:0
end_of_record
TN:
SF:/home/travis/build/zendeskgarden/react-components/packages/select/src/views/items/Item.js
FN:22,(anonymous_0)
FN:33,(anonymous_1)
FNF:2
FNH:2
FNDA:49,(anonymous_0)
FNDA:264,(anonymous_1)
DA:13,4
DA:18,4
DA:22,49
DA:25,4
DA:33,264
LF:5
LH:5
BRF:0
BRH:0
end_of_record
TN:
SF:/home/travis/build/zendeskgarden/react-components/packages/select/src/views/items/ItemMeta.js
FN:21,(anonymous_0)
FNF:1
FNH:1
FNDA:1,(anonymous_0)
DA:12,2
DA:17,2
DA:21,1
LF:3
LH:3
BRF:0
BRH:0
end_of_record
TN:
SF:/home/travis/build/zendeskgarden/react-components/packages/select/src/views/items/NextItem.js
FN:22,(anonymous_0)
FN:32,(anonymous_1)
FNF:2
FNH:2
FNDA:17,(anonymous_0)
FNDA:184,(anonymous_1)
DA:13,4
DA:18,4
DA:22,17
DA:25,4
DA:32,184
LF:5
LH:5
BRF:0
BRH:0
end_of_record
TN:
SF:/home/travis/build/zendeskgarden/react-components/packages/select/src/views/items/PreviousItem.js
FN:22,(anonymous_0)
FN:32,(anonymous_1)
FNF:2
FNH:2
FNDA:17,(anonymous_0)
FNDA:242,(anonymous_1)
DA:13,4
DA:18,4
DA:22,17
DA:25,4
DA:32,242
LF:5
LH:5
BRF:0
BRH:0
end_of_record
TN:
SF:/home/travis/build/zendeskgarden/react-components/packages/select/src/views/items/header/HeaderIcon.js
FNF:0
FNH:0
LF:0
LH:0
BRF:0
BRH:0
end_of_record
TN:
SF:/home/travis/build/zendeskgarden/react-components/packages/select/src/views/items/header/HeaderItem.js
FN:22,(anonymous_0)
FNF:1
FNH:1
FNDA:17,(anonymous_0)
DA:13,3
DA:18,3
DA:22,17
DA:25,3
LF:4
LH:4
BRF:0
BRH:0
end_of_record
TN:
SF:/home/travis/build/zendeskgarden/react-components/packages/select/src/views/items/media/MediaBody.js
FN:21,(anonymous_0)
FNF:1
FNH:1
FNDA:1,(anonymous_0)
DA:12,2
DA:17,2
DA:21,1
LF:3
LH:3
BRF:0
BRH:0
end_of_record
TN:
SF:/home/travis/build/zendeskgarden/react-components/packages/select/src/views/items/media/MediaFigure.js
FNF:0
FNH:0
LF:0
LH:0
BRF:0
BRH:0
end_of_record
TN:
SF:/home/travis/build/zendeskgarden/react-components/packages/select/src/views/items/media/MediaItem.js
FN:22,(anonymous_0)
FNF:1
FNH:1
FNDA:1,(anonymous_0)
DA:13,4
DA:18,4
DA:22,1
DA:25,4
LF:4
LH:4
BRF:0
BRH:0
end_of_record
TN:
SF:/home/travis/build/zendeskgarden/react-components/packages/selection/src/constants/KEY_CODES.js
FNF:0
FNH:0
LF:0
LH:0
BRF:0
BRH:0
end_of_record
TN:
SF:/home/travis/build/zendeskgarden/react-components/packages/selection/src/containers/FieldContainer.js
FN:31,(anonymous_0)
FN:39,(anonymous_1)
FN:41,(anonymous_2)
FN:43,(anonymous_3)
FN:45,(anonymous_4)
FN:57,(anonymous_5)
FN:69,(anonymous_6)
FN:76,(anonymous_7)
FN:88,(anonymous_8)
FNF:9
FNH:9
FNDA:53,(anonymous_0)
FNDA:116,(anonymous_1)
FNDA:116,(anonymous_2)
FNDA:76,(anonymous_3)
FNDA:46,(anonymous_4)
FNDA:70,(anonymous_5)
FNDA:44,(anonymous_6)
FNDA:1,(anonymous_7)
FNDA:67,(anonymous_8)
DA:32,53
DA:34,53
DA:39,116
DA:41,116
DA:43,76
DA:50,46
DA:61,70
DA:70,44
DA:77,1
DA:79,1
DA:85,1
DA:89,67
DA:91,67
LF:13
LH:13
BRDA:45,0,0,0
BRDA:46,1,0,46
BRDA:47,2,0,46
BRDA:58,3,0,0
BRDA:58,4,0,70
BRDA:59,5,0,14
BRDA:59,6,0,14
BRDA:64,7,0,32
BRDA:64,7,1,38
BRDA:69,8,0,0
BRDA:69,9,0,44
BRDA:77,10,0,1
BRDA:77,10,1,0
BRDA:89,11,0,67
BRF:14
BRH:10
end_of_record
TN:
SF:/home/travis/build/zendeskgarden/react-components/packages/selection/src/containers/KeyboardFocusContainer.js
FN:25,(anonymous_0)
FN:35,(anonymous_1)
FN:42,(anonymous_2)
FN:47,(anonymous_3)
FN:53,(anonymous_4)
FN:57,(anonymous_5)
FN:67,(anonymous_6)
FNF:7
FNH:7
FNDA:94,(anonymous_0)
FNDA:2,(anonymous_1)
FNDA:2,(anonymous_2)
FNDA:7,(anonymous_3)
FNDA:1,(anonymous_4)
FNDA:115,(anonymous_5)
FNDA:115,(anonymous_6)
DA:26,94
DA:28,94
DA:32,94
DA:36,2
DA:42,2
DA:43,2
DA:48,7
DA:49,7
DA:54,1
DA:58,115
DA:68,115
DA:69,115
DA:71,115
LF:13
LH:13
BRDA:48,0,0,7
BRDA:48,0,1,0
BRDA:57,1,0,0
BRDA:57,2,0,81
BRDA:68,3,0,115
BRF:5
BRH:3
end_of_record
TN:
SF:/home/travis/build/zendeskgarden/react-components/packages/selection/src/containers/SelectionContainer.js
FN:74,(anonymous_0)
FN:87,(anonymous_1)
FN:107,(anonymous_2)
FN:113,(anonymous_3)
FN:119,(anonymous_4)
FN:123,(anonymous_5)
FN:127,(anonymous_6)
FN:140,(anonymous_7)
FN:153,(anonymous_8)
FN:161,(anonymous_9)
FN:171,(anonymous_10)
FN:177,(anonymous_11)
FN:181,(anonymous_12)
FN:183,(anonymous_13)
FN:201,(anonymous_14)
FN:206,(anonymous_15)
FN:222,(anonymous_16)
FN:229,(anonymous_17)
FN:233,(anonymous_18)
FN:240,(anonymous_19)
FN:243,(anonymous_20)
FN:273,(anonymous_21)
FN:280,(anonymous_22)
FNF:23
FNH:23
FNDA:174,(anonymous_0)
FNDA:148,(anonymous_1)
FNDA:9,(anonymous_2)
FNDA:1,(anonymous_3)
FNDA:1,(anonymous_4)
FNDA:1,(anonymous_5)
FNDA:8,(anonymous_6)
FNDA:11,(anonymous_7)
FNDA:3,(anonymous_8)
FNDA:20,(anonymous_9)
FNDA:90,(anonymous_10)
FNDA:46,(anonymous_11)
FNDA:310,(anonymous_12)
FNDA:310,(anonymous_13)
FNDA:61,(anonymous_14)
FNDA:19,(anonymous_15)
FNDA:1,(anonymous_16)
FNDA:1,(anonymous_17)
FNDA:31,(anonymous_18)
FNDA:1567,(anonymous_19)
FNDA:1189,(anonymous_20)
FNDA:36,(anonymous_21)
FNDA:322,(anonymous_22)
DA:18,77
DA:75,174
DA:77,174
DA:83,174
DA:84,174
DA:88,148
DA:89,148
DA:90,148
DA:96,148
DA:97,68
DA:100,68
DA:108,9
DA:109,9
DA:111,9
DA:114,1
DA:115,1
DA:117,1
DA:120,1
DA:121,1
DA:124,1
DA:125,1
DA:128,8
DA:130,8
DA:131,6
DA:133,6
DA:134,2
DA:136,4
DA:141,11
DA:143,11
DA:144,9
DA:146,9
DA:147,2
DA:149,7
DA:154,3
DA:156,3
DA:157,2
DA:158,2
DA:162,20
DA:164,20
DA:165,19
DA:166,19
DA:172,90
DA:174,90
DA:178,46
DA:181,310
DA:193,310
DA:194,310
DA:196,310
DA:202,61
DA:204,61
DA:207,19
DA:208,19
DA:209,19
DA:211,19
DA:212,13
DA:218,19
DA:223,1
DA:229,1
DA:230,1
DA:234,31
DA:241,1567
DA:247,1189
DA:248,2
DA:253,1187
DA:254,1187
DA:255,1187
DA:257,1187
DA:259,1187
DA:260,1187
DA:262,1187
DA:263,136
DA:266,1187
DA:268,1187
DA:274,36
DA:281,322
DA:282,322
DA:284,322
DA:285,322
DA:286,322
DA:287,322
DA:289,322
LF:81
LH:81
BRDA:88,0,0,101
BRDA:88,0,1,47
BRDA:89,1,0,110
BRDA:89,1,1,38
BRDA:90,2,0,148
BRDA:90,2,1,0
BRDA:96,3,0,68
BRDA:96,3,1,80
BRDA:96,4,0,148
BRDA:96,4,1,75
BRDA:100,5,0,37
BRDA:130,6,0,6
BRDA:130,6,1,2
BRDA:133,7,0,2
BRDA:133,7,1,4
BRDA:143,8,0,9
BRDA:143,8,1,2
BRDA:146,9,0,2
BRDA:146,9,1,7
BRDA:156,10,0,2
BRDA:156,10,1,1
BRDA:164,11,0,19
BRDA:164,11,1,1
BRDA:183,12,0,2
BRDA:184,13,0,310
BRDA:185,14,0,140
BRDA:186,15,0,196
BRDA:204,16,0,61
BRDA:204,16,1,54
BRDA:207,17,0,19
BRDA:207,17,1,0
BRDA:208,18,0,19
BRDA:208,18,1,0
BRDA:211,19,0,13
BRDA:211,19,1,6
BRDA:213,20,0,2
BRDA:213,20,1,11
BRDA:241,21,0,237
BRDA:241,21,1,1330
BRDA:244,22,0,2
BRDA:244,23,0,1189
BRDA:244,24,0,573
BRDA:245,25,0,569
BRDA:245,26,0,854
BRDA:247,27,0,2
BRDA:247,27,1,1187
BRDA:257,28,0,1175
BRDA:257,28,1,12
BRDA:262,29,0,136
BRDA:262,29,1,1051
BRDA:262,30,0,1187
BRDA:262,30,1,1112
BRDA:262,30,2,883
BRDA:281,31,0,322
BRF:54
BRH:51
end_of_record
TN:
SF:/home/travis/build/zendeskgarden/react-components/packages/selection/src/utils/ControlledComponent.js
FN:17,(anonymous_0)
FN:24,(anonymous_1)
FN:25,(anonymous_2)
FN:35,(anonymous_3)
FNF:4
FNH:4
FNDA:29627,(anonymous_0)
FNDA:7814,(anonymous_1)
FNDA:28900,(anonymous_2)
FNDA:440,(anonymous_3)
DA:18,29627
DA:25,7814
DA:26,28900
DA:28,28900
DA:36,440
DA:38,440
DA:39,181
DA:40,181
DA:42,181
DA:43,324
DA:44,255
DA:46,69
DA:50,181
DA:51,181
DA:53,259
LF:15
LH:15
BRDA:24,0,0,7814
BRDA:26,1,0,13896
BRDA:26,1,1,15004
BRDA:35,2,0,0
BRDA:38,3,0,181
BRDA:38,3,1,259
BRDA:43,4,0,255
BRDA:43,4,1,69
BRF:8
BRH:7
end_of_record
TN:
SF:/home/travis/build/zendeskgarden/react-components/packages/selection/src/utils/IdManager.js
FN:15,generateId
FN:23,setIdCounter
FNF:2
FNH:2
FNDA:626,generateId
FNDA:4,setIdCounter
DA:8,79
DA:16,626
DA:24,4
LF:3
LH:3
BRDA:15,0,0,2
BRF:1
BRH:1
end_of_record
TN:
SF:/home/travis/build/zendeskgarden/react-components/packages/selection/src/utils/SingleSelectionModel.js
FN:13,(anonymous_0)
FN:19,(anonymous_1)
FN:27,(anonymous_2)
FN:39,(anonymous_3)
FN:65,(anonymous_4)
FN:91,(anonymous_5)
FN:101,(anonymous_6)
FN:111,(anonymous_7)
FN:115,(anonymous_8)
FN:120,(anonymous_9)
FNF:10
FNH:10
FNDA:755,(anonymous_0)
FNDA:174,(anonymous_1)
FNDA:174,(anonymous_2)
FNDA:50,(anonymous_3)
FNDA:15,(anonymous_4)
FNDA:23,(anonymous_5)
FNDA:6,(anonymous_6)
FNDA:38,(anonymous_7)
FNDA:558,(anonymous_8)
FNDA:66,(anonymous_9)
DA:14,755
DA:15,755
DA:16,755
DA:20,174
DA:28,174
DA:30,174
DA:32,174
DA:33,4
DA:36,174
DA:40,50
DA:41,49
DA:42,19
DA:45,30
DA:47,30
DA:48,7
DA:49,1
DA:50,6
DA:51,5
DA:52,1
DA:53,1
DA:57,30
DA:59,30
DA:62,1
DA:66,15
DA:67,14
DA:68,2
DA:71,12
DA:73,12
DA:74,6
DA:75,1
DA:76,5
DA:77,4
DA:78,1
DA:79,1
DA:83,12
DA:85,12
DA:88,1
DA:92,23
DA:93,22
DA:95,22
DA:98,1
DA:102,6
DA:103,5
DA:105,5
DA:108,1
DA:112,38
DA:116,558
DA:117,558
DA:121,66
LF:49
LH:49
BRDA:13,0,0,755
BRDA:13,1,0,755
BRDA:20,2,0,174
BRDA:20,2,1,125
BRDA:32,3,0,4
BRDA:32,3,1,170
BRDA:40,4,0,49
BRDA:40,4,1,1
BRDA:41,5,0,19
BRDA:41,5,1,30
BRDA:47,6,0,7
BRDA:47,6,1,23
BRDA:48,7,0,1
BRDA:48,7,1,6
BRDA:50,8,0,5
BRDA:50,8,1,1
BRDA:52,9,0,1
BRDA:52,9,1,0
BRDA:66,10,0,14
BRDA:66,10,1,1
BRDA:67,11,0,2
BRDA:67,11,1,12
BRDA:73,12,0,6
BRDA:73,12,1,6
BRDA:74,13,0,1
BRDA:74,13,1,5
BRDA:76,14,0,4
BRDA:76,14,1,1
BRDA:78,15,0,1
BRDA:78,15,1,0
BRDA:92,16,0,22
BRDA:92,16,1,1
BRDA:102,17,0,5
BRDA:102,17,1,1
BRDA:115,18,0,558
BRDA:115,19,0,558
BRF:36
BRH:34
end_of_record
TN:
SF:/home/travis/build/zendeskgarden/react-components/packages/selection/src/utils/composeEventHandlers.js
FN:24,composeEventHandlers
FN:25,(anonymous_1)
FN:26,(anonymous_2)
FNF:3
FNH:3
FNDA:7319,composeEventHandlers
FNDA:519,(anonymous_1)
FNDA:951,(anonymous_2)
DA:25,7319
DA:26,519
DA:27,951
DA:29,951
LF:4
LH:4
BRDA:27,0,0,951
BRDA:27,0,1,571
BRDA:29,1,0,951
BRDA:29,1,1,945
BRF:4
BRH:4
end_of_record
TN:
SF:/home/travis/build/zendeskgarden/react-components/packages/tables/src/views/Body.js
FN:20,(anonymous_0)
FNF:1
FNH:1
FNDA:1,(anonymous_0)
DA:11,3
DA:16,3
DA:20,1
LF:3
LH:3
BRF:0
BRH:0
end_of_record
TN:
SF:/home/travis/build/zendeskgarden/react-components/packages/tables/src/views/Caption.js
FN:26,(anonymous_0)
FNF:1
FNH:1
FNDA:1,(anonymous_0)
DA:12,2
DA:17,2
DA:26,1
LF:3
LH:3
BRF:0
BRH:0
end_of_record
TN:
SF:/home/travis/build/zendeskgarden/react-components/packages/tables/src/views/Cell.js
FN:23,(anonymous_0)
FN:32,(anonymous_1)
FN:35,(anonymous_2)
FNF:3
FNH:3
FNDA:11,(anonymous_0)
FNDA:11,(anonymous_1)
FNDA:11,(anonymous_2)
DA:14,4
DA:19,4
DA:24,11
DA:32,11
DA:35,11
DA:38,4
LF:6
LH:6
BRF:0
BRH:0
end_of_record
TN:
SF:/home/travis/build/zendeskgarden/react-components/packages/tables/src/views/GroupRow.js
FN:25,(anonymous_0)
FNF:1
FNH:1
FNDA:1,(anonymous_0)
DA:13,2
DA:15,2
DA:25,1
LF:3
LH:3
BRF:0
BRH:0
end_of_record
TN:
SF:/home/travis/build/zendeskgarden/react-components/packages/tables/src/views/Head.js
FN:20,(anonymous_0)
FNF:1
FNH:1
FNDA:1,(anonymous_0)
DA:11,3
DA:16,3
DA:20,1
LF:3
LH:3
BRF:0
BRH:0
end_of_record
TN:
SF:/home/travis/build/zendeskgarden/react-components/packages/tables/src/views/HeaderCell.js
FN:21,(anonymous_0)
FNF:1
FNH:1
FNDA:11,(anonymous_0)
DA:13,3
DA:16,3
DA:21,11
DA:24,3
LF:4
LH:4
BRF:0
BRH:0
end_of_record
TN:
SF:/home/travis/build/zendeskgarden/react-components/packages/tables/src/views/HeaderRow.js
FN:33,(anonymous_0)
FNF:1
FNH:1
FNDA:1,(anonymous_0)
DA:15,2
DA:17,2
DA:33,1
LF:3
LH:3
BRF:0
BRH:0
end_of_record
TN:
SF:/home/travis/build/zendeskgarden/react-components/packages/tables/src/views/OverflowButton.js
FN:25,(anonymous_0)
FN:32,(anonymous_1)
FN:46,(anonymous_2)
FN:52,(anonymous_3)
FN:55,(anonymous_4)
FNF:5
FNH:5
FNDA:4,(anonymous_0)
FNDA:4,(anonymous_1)
FNDA:9,(anonymous_2)
FNDA:2,(anonymous_3)
FNDA:1,(anonymous_4)
DA:16,3
DA:21,3
DA:26,4
DA:32,4
DA:47,9
DA:48,9
DA:50,9
DA:53,2
DA:56,1
LF:9
LH:9
BRF:0
BRH:0
end_of_record
TN:
SF:/home/travis/build/zendeskgarden/react-components/packages/tables/src/views/Row.js
FN:23,(anonymous_0)
FN:37,(anonymous_1)
FN:60,(anonymous_2)
FN:67,(anonymous_3)
FN:70,(anonymous_4)
FNF:5
FNH:5
FNDA:10,(anonymous_0)
FNDA:10,(anonymous_1)
FNDA:10,(anonymous_2)
FNDA:2,(anonymous_3)
FNDA:1,(anonymous_4)
DA:16,3
DA:18,3
DA:24,10
DA:37,10
DA:62,10
DA:63,10
DA:65,10
DA:68,2
DA:71,1
LF:9
LH:9
BRDA:73,0,0,9
BRDA:73,0,1,1
BRF:2
BRH:2
end_of_record
TN:
SF:/home/travis/build/zendeskgarden/react-components/packages/tables/src/views/SortableCell.js
FN:30,(anonymous_0)
FN:41,(anonymous_1)
FN:44,(anonymous_2)
FNF:3
FNH:3
FNDA:7,(anonymous_0)
FNDA:7,(anonymous_1)
FNDA:7,(anonymous_2)
DA:17,2
DA:18,2
DA:26,2
DA:31,7
DA:41,7
DA:44,2
DA:45,7
DA:47,7
DA:48,1
DA:49,6
DA:50,1
DA:53,7
DA:66,2
LF:13
LH:13
BRDA:47,0,0,1
BRDA:47,0,1,6
BRDA:49,1,0,1
BRDA:49,1,1,5
BRF:4
BRH:4
end_of_record
TN:
SF:/home/travis/build/zendeskgarden/react-components/packages/tables/src/views/Table.js
FN:27,(anonymous_0)
FN:49,(anonymous_1)
FN:68,(anonymous_2)
FN:78,(anonymous_3)
FN:79,(anonymous_4)
FN:82,(anonymous_5)
FNF:6
FNH:6
FNDA:5,(anonymous_0)
FNDA:5,(anonymous_1)
FNDA:5,(anonymous_2)
FNDA:5,(anonymous_3)
FNDA:5,(anonymous_4)
FNDA:5,(anonymous_5)
DA:19,2
DA:20,2
DA:21,2
DA:27,2
DA:28,5
DA:29,4
DA:32,1
DA:49,2
DA:50,5
DA:51,1
DA:54,4
DA:55,1
DA:58,3
DA:64,2
DA:69,5
DA:78,5
DA:79,5
DA:82,5
DA:86,2
LF:19
LH:19
BRDA:28,0,0,4
BRDA:28,0,1,1
BRDA:40,1,0,0
BRDA:40,1,1,1
BRDA:50,2,0,1
BRDA:50,2,1,4
BRDA:54,3,0,1
BRDA:54,3,1,3
BRF:8
BRH:7
end_of_record
TN:
SF:/home/travis/build/zendeskgarden/react-components/packages/tabs/src/containers/TabsContainer.js
FN:60,(anonymous_0)
FN:70,(anonymous_1)
FN:76,(anonymous_2)
FN:83,(anonymous_3)
FN:97,(anonymous_4)
FN:115,(anonymous_5)
FN:125,(anonymous_6)
FN:136,(anonymous_7)
FN:138,(anonymous_8)
FN:139,(anonymous_9)
FNF:10
FNH:10
FNDA:22,(anonymous_0)
FNDA:4,(anonymous_1)
FNDA:32,(anonymous_2)
FNDA:68,(anonymous_3)
FNDA:66,(anonymous_4)
FNDA:33,(anonymous_5)
FNDA:5,(anonymous_6)
FNDA:36,(anonymous_7)
FNDA:32,(anonymous_8)
FNDA:68,(anonymous_9)
DA:61,22
DA:63,22
DA:71,4
DA:73,4
DA:77,32
DA:84,68
DA:85,4
DA:90,64
DA:98,66
DA:99,2
DA:104,64
DA:105,64
DA:107,64
DA:116,33
DA:117,33
DA:119,33
DA:129,5
DA:130,4
DA:133,5
DA:137,36
DA:138,32
DA:139,68
LF:22
LH:22
BRDA:73,0,0,4
BRDA:73,0,1,3
BRDA:76,1,0,18
BRDA:76,2,0,32
BRDA:83,3,0,2
BRDA:83,4,0,68
BRDA:84,5,0,4
BRDA:84,5,1,64
BRDA:84,6,0,68
BRDA:84,6,1,66
BRDA:97,7,0,2
BRDA:97,8,0,66
BRDA:98,9,0,2
BRDA:98,9,1,64
BRDA:98,10,0,66
BRDA:98,10,1,64
BRDA:116,11,0,33
BRDA:122,12,0,2
BRDA:122,12,1,31
BRDA:129,13,0,4
BRDA:129,13,1,1
BRF:21
BRH:21
end_of_record
TN:
SF:/home/travis/build/zendeskgarden/react-components/packages/tabs/src/elements/Tabs.js
FN:47,(anonymous_0)
FN:58,(anonymous_1)
FN:67,(anonymous_2)
FN:79,(anonymous_3)
FN:82,(anonymous_4)
FN:112,(anonymous_5)
FNF:6
FNH:6
FNDA:9,(anonymous_0)
FNDA:8,(anonymous_1)
FNDA:17,(anonymous_2)
FNDA:18,(anonymous_3)
FNDA:26,(anonymous_4)
FNDA:24,(anonymous_5)
DA:48,9
DA:50,9
DA:55,9
DA:62,8
DA:63,6
DA:68,17
DA:69,17
DA:71,17
DA:80,18
DA:83,26
DA:84,0
DA:87,26
DA:88,26
DA:90,26
DA:91,2
DA:94,24
DA:95,7
DA:98,24
DA:113,24
DA:114,0
DA:117,24
DA:118,2
DA:122,22
DA:124,22
LF:24
LH:22
BRDA:62,0,0,6
BRDA:62,0,1,2
BRDA:62,1,0,8
BRDA:62,1,1,8
BRDA:83,2,0,0
BRDA:83,2,1,26
BRDA:90,3,0,2
BRDA:90,3,1,24
BRDA:94,4,0,7
BRDA:94,4,1,17
BRDA:113,5,0,0
BRDA:113,5,1,24
BRDA:117,6,0,2
BRDA:117,6,1,22
BRF:14
BRH:12
end_of_record
TN:
SF:/home/travis/build/zendeskgarden/react-components/packages/tabs/src/views/Tab.js
FN:22,(anonymous_0)
FN:32,(anonymous_1)
FNF:2
FNH:2
FNDA:30,(anonymous_0)
FNDA:30,(anonymous_1)
DA:14,3
DA:19,3
DA:23,30
DA:32,30
DA:35,3
LF:5
LH:5
BRF:0
BRH:0
end_of_record
TN:
SF:/home/travis/build/zendeskgarden/react-components/packages/tabs/src/views/TabList.js
FN:26,(anonymous_0)
FNF:1
FNH:1
FNDA:17,(anonymous_0)
DA:12,3
DA:17,3
DA:26,17
LF:3
LH:3
BRF:0
BRH:0
end_of_record
TN:
SF:/home/travis/build/zendeskgarden/react-components/packages/tabs/src/views/TabPanel.js
FN:22,(anonymous_0)
FNF:1
FNH:1
FNDA:23,(anonymous_0)
DA:12,3
DA:17,3
DA:22,23
LF:3
LH:3
BRF:0
BRH:0
end_of_record
TN:
SF:/home/travis/build/zendeskgarden/react-components/packages/tabs/src/views/TabsView.js
FN:22,(anonymous_0)
FN:31,(anonymous_1)
FNF:2
FNH:2
FNDA:19,(anonymous_0)
FNDA:19,(anonymous_1)
DA:14,3
DA:19,3
DA:23,19
DA:31,19
DA:34,3
LF:5
LH:5
BRF:0
BRH:0
end_of_record
TN:
SF:/home/travis/build/zendeskgarden/react-components/packages/tags/src/views/Avatar.js
FN:14,(anonymous_0)
FNF:1
FNH:1
FNDA:1,(anonymous_0)
DA:12,2
DA:14,2
DA:15,1
LF:3
LH:3
BRF:0
BRH:0
end_of_record
TN:
SF:/home/travis/build/zendeskgarden/react-components/packages/tags/src/views/Close.js
FN:23,(anonymous_0)
FN:28,(anonymous_1)
FNF:2
FNH:2
FNDA:2,(anonymous_0)
FNDA:2,(anonymous_1)
DA:14,2
DA:19,2
DA:24,2
DA:28,2
DA:31,2
LF:5
LH:5
BRF:0
BRH:0
end_of_record
TN:
SF:/home/travis/build/zendeskgarden/react-components/packages/tags/src/views/Tag.js
FN:37,(anonymous_0)
FN:62,(anonymous_1)
FNF:2
FNH:2
FNDA:13,(anonymous_0)
FNDA:13,(anonymous_1)
DA:15,2
DA:17,2
DA:26,2
DA:34,2
DA:38,13
DA:62,13
DA:65,2
LF:7
LH:7
BRF:0
BRH:0
end_of_record
TN:
SF:/home/travis/build/zendeskgarden/react-components/packages/testing/src/utils/getExports.js
FN:14,defaultFileMapper
FN:16,(anonymous_1)
FN:29,getExports
FN:34,(anonymous_3)
FN:35,(anonymous_4)
FNF:5
FNH:5
FNDA:25,defaultFileMapper
FNDA:181,(anonymous_1)
FNDA:26,getExports
FNDA:26,(anonymous_3)
FNDA:26,(anonymous_4)
DA:15,25
DA:17,181
DA:34,26
DA:35,26
DA:36,26
DA:37,0
DA:40,26
LF:7
LH:6
BRDA:29,0,0,0
BRDA:30,1,0,24
BRDA:32,2,0,25
BRDA:36,3,0,0
BRDA:36,3,1,26
BRF:5
BRH:3
end_of_record
TN:
SF:/home/travis/build/zendeskgarden/react-components/packages/testing/src/utils/mountWithTheme.js
FN:18,(anonymous_0)
FNF:1
FNH:1
FNDA:496,(anonymous_0)
DA:18,100
DA:19,496
DA:24,496
LF:3
LH:3
BRDA:18,0,0,449
BRDA:18,1,0,496
BRF:2
BRH:2
end_of_record
TN:
SF:/home/travis/build/zendeskgarden/react-components/packages/testing/src/utils/renderWithTheme.js
FN:18,(anonymous_0)
FNF:1
FNH:0
FNDA:0,(anonymous_0)
DA:18,100
DA:19,0
DA:24,0
LF:3
LH:1
BRDA:18,0,0,0
BRF:1
BRH:0
end_of_record
TN:
SF:/home/travis/build/zendeskgarden/react-components/packages/testing/src/utils/shallowWithTheme.js
FN:17,(anonymous_0)
FNF:1
FNH:1
FNDA:35,(anonymous_0)
DA:17,100
DA:18,35
DA:23,35
LF:3
LH:3
BRDA:17,0,0,0
BRF:1
BRH:0
end_of_record
TN:
SF:/home/travis/build/zendeskgarden/react-components/packages/textfields/src/elements/FauxInput.js
FN:51,(anonymous_0)
FN:59,(anonymous_1)
FN:67,(anonymous_2)
FN:70,(anonymous_3)
FNF:4
FNH:4
FNDA:29,(anonymous_0)
FNDA:64,(anonymous_1)
FNDA:3,(anonymous_2)
FNDA:2,(anonymous_3)
DA:13,12
DA:14,12
DA:52,29
DA:54,29
DA:60,64
DA:61,64
DA:63,64
DA:68,3
DA:71,2
LF:9
LH:9
BRF:0
BRH:0
end_of_record
TN:
SF:/home/travis/build/zendeskgarden/react-components/packages/textfields/src/elements/TextField.js
FN:33,(anonymous_0)
FN:41,(anonymous_1)
FN:47,(anonymous_2)
FN:55,(anonymous_3)
FN:57,(anonymous_4)
FNF:5
FNH:5
FNDA:6,(anonymous_0)
FNDA:6,(anonymous_1)
FNDA:30,(anonymous_2)
FNDA:6,(anonymous_3)
FNDA:30,(anonymous_4)
DA:34,6
DA:36,6
DA:42,6
DA:43,6
DA:45,6
DA:47,6
DA:48,30
DA:49,6
DA:53,6
DA:56,6
DA:58,30
DA:59,0
DA:62,30
DA:63,6
DA:66,24
DA:67,6
DA:70,18
DA:71,6
DA:74,12
LF:19
LH:18
BRDA:48,0,0,6
BRDA:48,0,1,24
BRDA:58,1,0,0
BRDA:58,1,1,30
BRDA:62,2,0,6
BRDA:62,2,1,24
BRDA:66,3,0,6
BRDA:66,3,1,18
BRDA:66,4,0,24
BRDA:66,4,1,19
BRDA:70,5,0,6
BRDA:70,5,1,12
BRF:12
BRH:11
end_of_record
TN:
SF:/home/travis/build/zendeskgarden/react-components/packages/textfields/src/views/Hint.js
FN:22,(anonymous_0)
FN:30,(anonymous_1)
FN:37,(anonymous_2)
FNF:3
FNH:3
FNDA:16,(anonymous_0)
FNDA:16,(anonymous_1)
FNDA:30,(anonymous_2)
DA:14,13
DA:19,13
DA:23,16
DA:30,16
DA:33,13
DA:37,30
LF:6
LH:6
BRF:0
BRH:0
end_of_record
TN:
SF:/home/travis/build/zendeskgarden/react-components/packages/textfields/src/views/Input.js
FN:22,(anonymous_0)
FN:32,(anonymous_1)
FN:33,(anonymous_2)
FN:58,(anonymous_3)
FN:86,(anonymous_4)
FNF:5
FNH:5
FNDA:123,(anonymous_0)
FNDA:123,(anonymous_1)
FNDA:123,(anonymous_2)
FNDA:123,(anonymous_3)
FNDA:15,(anonymous_4)
DA:14,16
DA:15,16
DA:22,16
DA:23,123
DA:29,16
DA:32,123
DA:34,123
DA:58,123
DA:61,16
DA:86,16
LF:10
LH:10
BRDA:23,0,0,123
BRDA:23,0,1,120
BRF:2
BRH:2
end_of_record
TN:
SF:/home/travis/build/zendeskgarden/react-components/packages/textfields/src/views/Label.js
FN:22,(anonymous_0)
FN:31,(anonymous_1)
FN:39,(anonymous_2)
FNF:3
FNH:3
FNDA:19,(anonymous_0)
FNDA:19,(anonymous_1)
FNDA:12,(anonymous_2)
DA:14,13
DA:19,13
DA:23,19
DA:31,19
DA:34,13
DA:39,13
LF:6
LH:6
BRF:0
BRH:0
end_of_record
TN:
SF:/home/travis/build/zendeskgarden/react-components/packages/textfields/src/views/MediaFigure.js
FN:22,(anonymous_0)
FNF:1
FNH:1
FNDA:1,(anonymous_0)
DA:12,12
DA:17,12
DA:22,1
LF:3
LH:3
BRF:0
BRH:0
end_of_record
TN:
SF:/home/travis/build/zendeskgarden/react-components/packages/textfields/src/views/MediaInput.js
FN:31,(anonymous_0)
FNF:1
FNH:1
FNDA:1,(anonymous_0)
DA:15,12
DA:16,12
DA:26,12
DA:31,1
DA:34,12
DA:48,12
LF:6
LH:6
BRF:0
BRH:0
end_of_record
TN:
SF:/home/travis/build/zendeskgarden/react-components/packages/textfields/src/views/Message.js
FN:28,(anonymous_0)
FN:38,(anonymous_1)
FN:50,(anonymous_2)
FNF:3
FNH:3
FNDA:17,(anonymous_0)
FNDA:17,(anonymous_1)
FNDA:30,(anonymous_2)
DA:14,13
DA:15,13
DA:25,13
DA:29,17
DA:38,17
DA:41,13
DA:50,30
LF:7
LH:7
BRF:0
BRH:0
end_of_record
TN:
SF:/home/travis/build/zendeskgarden/react-components/packages/textfields/src/views/TextGroup.js
FN:22,(anonymous_0)
FN:30,(anonymous_1)
FNF:2
FNH:2
FNDA:41,(anonymous_0)
FNDA:41,(anonymous_1)
DA:14,13
DA:19,13
DA:23,41
DA:30,41
DA:33,13
LF:5
LH:5
BRF:0
BRH:0
end_of_record
TN:
SF:/home/travis/build/zendeskgarden/react-components/packages/textfields/src/views/Textarea.js
FN:30,(anonymous_0)
FN:38,(anonymous_1)
FN:58,(anonymous_2)
FNF:3
FNH:3
FNDA:14,(anonymous_0)
FNDA:14,(anonymous_1)
FNDA:4,(anonymous_2)
DA:16,13
DA:17,13
DA:27,13
DA:31,14
DA:38,14
DA:41,13
DA:58,13
LF:7
LH:7
BRF:0
BRH:0
end_of_record
TN:
SF:/home/travis/build/zendeskgarden/react-components/packages/theming/src/ThemeProvider/ThemeProvider.js
FN:12,(anonymous_0)
FNF:1
FNH:1
FNDA:531,(anonymous_0)
DA:12,194
DA:13,531
DA:19,531
DA:22,194
LF:4
LH:4
BRF:0
BRH:0
end_of_record
TN:
SF:/home/travis/build/zendeskgarden/react-components/packages/theming/src/utils/getDocument.js
FN:9,getDocument
FNF:1
FNH:1
FNDA:245,getDocument
DA:10,245
LF:1
LH:1
BRDA:9,0,0,1
BRDA:10,1,0,245
BRDA:10,1,1,241
BRDA:10,1,2,244
BRF:4
BRH:4
end_of_record
TN:
SF:/home/travis/build/zendeskgarden/react-components/packages/theming/src/utils/isRtl.js
FN:9,isRtl
FNF:1
FNH:1
FNDA:1405,isRtl
DA:10,1405
LF:1
LH:1
BRDA:9,0,0,1
BRDA:10,1,0,1405
BRDA:10,1,1,1403
BRF:3
BRH:3
end_of_record
TN:
SF:/home/travis/build/zendeskgarden/react-components/packages/theming/src/utils/retrieveTheme.js
FN:9,retrieveTheme
FNF:1
FNH:1
FNDA:2554,retrieveTheme
DA:10,2554
DA:12,2554
DA:13,499
DA:16,2055
DA:18,2055
DA:19,1
DA:22,2054
LF:7
LH:7
BRDA:12,0,0,499
BRDA:12,0,1,2055
BRDA:18,1,0,1
BRDA:18,1,1,2054
BRF:4
BRH:4
end_of_record
TN:
SF:/home/travis/build/zendeskgarden/react-components/packages/theming/src/utils/withTheme.js
FN:11,withTheme
FNF:1
FNH:1
FNDA:156,withTheme
DA:12,156
LF:1
LH:1
BRF:0
BRH:0
end_of_record
TN:
SF:/home/travis/build/zendeskgarden/react-components/packages/toggles/src/elements/Toggle.js
FN:40,(anonymous_0)
FN:48,(anonymous_1)
FN:68,(anonymous_2)
FN:77,(anonymous_3)
FN:106,(anonymous_4)
FN:111,(anonymous_5)
FN:113,(anonymous_6)
FNF:7
FNH:7
FNDA:6,(anonymous_0)
FNDA:7,(anonymous_1)
FNDA:28,(anonymous_2)
FNDA:28,(anonymous_3)
FNDA:6,(anonymous_4)
FNDA:6,(anonymous_5)
FNDA:7,(anonymous_6)
DA:41,6
DA:43,6
DA:55,7
DA:64,7
DA:66,7
DA:68,7
DA:69,28
DA:70,7
DA:74,7
DA:78,28
DA:79,0
DA:82,28
DA:83,7
DA:85,7
DA:96,21
DA:97,7
DA:100,14
DA:107,6
DA:109,6
DA:112,6
DA:114,7
LF:21
LH:20
BRDA:48,0,0,0
BRDA:69,1,0,7
BRDA:69,1,1,21
BRDA:78,2,0,0
BRDA:78,2,1,28
BRDA:82,3,0,7
BRDA:82,3,1,21
BRDA:96,4,0,7
BRDA:96,4,1,14
BRF:9
BRH:7
end_of_record
TN:
SF:/home/travis/build/zendeskgarden/react-components/packages/toggles/src/views/Hint.js
FN:21,(anonymous_0)
FN:27,(anonymous_1)
FN:30,(anonymous_2)
FNF:3
FNH:3
FNDA:9,(anonymous_0)
FNDA:9,(anonymous_1)
FNDA:21,(anonymous_2)
DA:13,3
DA:18,3
DA:22,9
DA:27,9
DA:30,21
LF:5
LH:5
BRF:0
BRH:0
end_of_record
TN:
SF:/home/travis/build/zendeskgarden/react-components/packages/toggles/src/views/Input.js
FN:24,(anonymous_0)
FNF:1
FNH:1
FNDA:8,(anonymous_0)
DA:12,3
DA:17,3
DA:24,8
LF:3
LH:3
BRF:0
BRH:0
end_of_record
TN:
SF:/home/travis/build/zendeskgarden/react-components/packages/toggles/src/views/Label.js
FN:22,(anonymous_0)
FN:39,(anonymous_1)
FN:51,(anonymous_2)
FNF:3
FNH:3
FNDA:14,(anonymous_0)
FNDA:14,(anonymous_1)
FNDA:14,(anonymous_2)
DA:14,3
DA:19,3
DA:23,14
DA:39,14
DA:42,3
DA:51,14
LF:6
LH:6
BRF:0
BRH:0
end_of_record
TN:
SF:/home/travis/build/zendeskgarden/react-components/packages/toggles/src/views/Message.js
FN:28,(anonymous_0)
FN:38,(anonymous_1)
FN:50,(anonymous_2)
FNF:3
FNH:3
FNDA:12,(anonymous_0)
FNDA:12,(anonymous_1)
FNDA:21,(anonymous_2)
DA:14,3
DA:15,3
DA:25,3
DA:29,12
DA:38,12
DA:41,3
DA:50,21
LF:7
LH:7
BRF:0
BRH:0
end_of_record
TN:
SF:/home/travis/build/zendeskgarden/react-components/packages/toggles/src/views/ToggleView.js
FN:21,(anonymous_0)
FN:27,(anonymous_1)
FNF:2
FNH:2
FNDA:9,(anonymous_0)
FNDA:9,(anonymous_1)
DA:13,3
DA:18,3
DA:22,9
DA:27,9
LF:4
LH:4
BRF:0
BRH:0
end_of_record
TN:
SF:/home/travis/build/zendeskgarden/react-components/packages/tooltips/src/containers/TooltipContainer.js
FN:29,(anonymous_0)
FN:101,(anonymous_1)
FN:112,(anonymous_2)
FN:117,(anonymous_3)
FN:120,(anonymous_4)
FN:125,(anonymous_5)
FN:128,(anonymous_6)
FN:133,(anonymous_7)
FN:143,(anonymous_8)
FN:144,(anonymous_9)
FN:145,(anonymous_10)
FN:147,(anonymous_11)
FN:152,(anonymous_12)
FN:155,(anonymous_13)
FN:156,(anonymous_14)
FN:161,(anonymous_15)
FN:171,(anonymous_16)
FN:187,(anonymous_17)
FN:191,(anonymous_18)
FN:203,(anonymous_19)
FN:218,(anonymous_20)
FNF:21
FNH:21
FNDA:13,(anonymous_0)
FNDA:47,(anonymous_1)
FNDA:1,(anonymous_2)
FNDA:15,(anonymous_3)
FNDA:11,(anonymous_4)
FNDA:5,(anonymous_5)
FNDA:4,(anonymous_6)
FNDA:62,(anonymous_7)
FNDA:7,(anonymous_8)
FNDA:3,(anonymous_9)
FNDA:6,(anonymous_10)
FNDA:1,(anonymous_11)
FNDA:13,(anonymous_12)
FNDA:2,(anonymous_13)
FNDA:1,(anonymous_14)
FNDA:62,(anonymous_15)
FNDA:62,(anonymous_16)
FNDA:62,(anonymous_17)
FNDA:62,(anonymous_18)
FNDA:62,(anonymous_19)
FNDA:13,(anonymous_20)
DA:28,26
DA:29,13
DA:102,47
DA:104,47
DA:109,47
DA:113,1
DA:114,1
DA:118,15
DA:120,15
DA:121,11
DA:126,5
DA:128,5
DA:129,4
DA:141,62
DA:143,7
DA:144,3
DA:145,6
DA:147,1
DA:153,13
DA:155,2
DA:156,1
DA:162,62
DA:164,62
DA:165,13
DA:168,49
DA:180,62
DA:181,62
DA:183,62
DA:188,62
DA:191,62
DA:204,62
DA:205,62
DA:207,62
DA:208,49
DA:212,13
DA:218,13
DA:227,13
DA:228,1
DA:231,12
LF:39
LH:39
BRDA:117,0,0,15
BRDA:125,1,0,4
BRDA:133,2,0,0
BRDA:134,3,0,62
BRDA:152,4,0,0
BRDA:152,5,0,13
BRDA:164,6,0,13
BRDA:164,6,1,49
BRDA:174,7,0,62
BRDA:189,8,0,62
BRDA:189,8,1,62
BRDA:207,9,0,49
BRDA:207,9,1,13
BRDA:227,10,0,1
BRDA:227,10,1,12
BRF:15
BRH:13
end_of_record
TN:
SF:/home/travis/build/zendeskgarden/react-components/packages/tooltips/src/elements/Tooltip.js
FN:88,(anonymous_0)
FN:115,(anonymous_1)
FN:121,(anonymous_2)
FNF:3
FNH:3
FNDA:2,(anonymous_0)
FNDA:4,(anonymous_1)
FNDA:2,(anonymous_2)
DA:17,25
DA:24,25
DA:33,25
DA:102,2
DA:104,2
DA:106,2
DA:116,4
DA:118,4
DA:122,2
DA:123,2
DA:125,2
LF:11
LH:11
BRDA:123,0,0,1
BRDA:123,0,1,1
BRF:2
BRH:2
end_of_record
TN:
SF:/home/travis/build/zendeskgarden/react-components/packages/tooltips/src/utils/gardenPlacements.js
FN:42,getPopperPlacement
FN:70,getRtlPopperPlacement
FNF:2
FNH:2
FNDA:346,getPopperPlacement
FNDA:55,getRtlPopperPlacement
DA:8,27
DA:18,27
DA:28,27
DA:43,346
DA:45,346
DA:46,2422
DA:47,2422
DA:49,2422
DA:53,346
DA:63,346
DA:71,55
DA:84,55
DA:86,55
LF:13
LH:13
BRDA:46,0,0,2422
BRDA:46,0,1,0
BRDA:86,1,0,55
BRDA:86,1,1,9
BRF:4
BRH:3
end_of_record
TN:
SF:/home/travis/build/zendeskgarden/react-components/packages/tooltips/src/views/LightTooltip.js
FN:48,(anonymous_0)
FNF:1
FNH:1
FNDA:2,(anonymous_0)
DA:16,26
DA:18,26
DA:25,26
DA:43,26
DA:48,2
DA:51,26
DA:71,26
LF:7
LH:7
BRF:0
BRH:0
end_of_record
TN:
SF:/home/travis/build/zendeskgarden/react-components/packages/tooltips/src/views/TooltipView.js
FN:39,(anonymous_0)
FN:43,(anonymous_1)
FN:61,(anonymous_2)
FN:88,(anonymous_3)
FN:89,(anonymous_4)
FNF:5
FNH:5
FNDA:40,(anonymous_0)
FNDA:20,(anonymous_1)
FNDA:20,(anonymous_2)
FNDA:20,(anonymous_3)
FNDA:20,(anonymous_4)
DA:15,27
DA:17,27
DA:24,27
DA:39,27
DA:40,40
DA:43,27
DA:44,20
DA:45,19
DA:46,2
DA:47,17
DA:48,1
DA:52,17
DA:58,27
DA:62,20
DA:88,20
DA:89,20
DA:92,27
DA:112,27
LF:18
LH:18
BRDA:40,0,0,40
BRDA:40,0,1,38
BRDA:44,1,0,19
BRDA:44,1,1,1
BRDA:45,2,0,2
BRDA:45,2,1,17
BRDA:47,3,0,1
BRDA:47,3,1,16
BRF:8
BRH:8
end_of_record
TN:
SF:/home/travis/build/zendeskgarden/react-components/packages/tooltips/src/views/content/Paragraph.js
FN:22,(anonymous_0)
FNF:1
FNH:1
FNDA:1,(anonymous_0)
DA:12,25
DA:17,25
DA:22,1
LF:3
LH:3
BRF:0
BRH:0
end_of_record
TN:
SF:/home/travis/build/zendeskgarden/react-components/packages/tooltips/src/views/content/Title.js
FN:22,(anonymous_0)
FNF:1
FNH:1
FNDA:1,(anonymous_0)
DA:12,25
DA:17,25
DA:22,1
LF:3
LH:3
BRF:0
BRH:0
end_of_record
TN:
SF:/home/travis/build/zendeskgarden/react-components/packages/typography/src/views/Ellipsis.js
FN:23,(anonymous_0)
FN:25,(anonymous_1)
FN:36,Ellipsis
FNF:3
FNH:3
FNDA:3,(anonymous_0)
FNDA:3,(anonymous_1)
FNDA:3,Ellipsis
DA:13,2
DA:15,2
DA:23,3
DA:25,3
DA:37,3
DA:39,3
DA:41,3
DA:42,1
DA:43,2
DA:44,2
DA:47,3
DA:54,2
DA:64,2
LF:13
LH:13
BRDA:23,0,0,1
BRDA:23,0,1,2
BRDA:41,1,0,1
BRDA:41,1,1,2
BRDA:43,2,0,2
BRDA:43,2,1,0
BRF:6
BRH:5
end_of_record
TN:
SF:/home/travis/build/zendeskgarden/react-components/packages/typography/src/views/LG.js
FN:23,(anonymous_0)
FN:25,(anonymous_1)
FN:31,(anonymous_2)
FNF:3
FNH:3
FNDA:2,(anonymous_0)
FNDA:2,(anonymous_1)
FNDA:2,(anonymous_2)
DA:14,2
DA:16,2
DA:23,2
DA:25,2
DA:31,2
DA:32,2
DA:34,2
DA:37,2
DA:42,2
LF:9
LH:9
BRDA:23,0,0,1
BRDA:23,0,1,1
BRF:2
BRH:2
end_of_record
TN:
SF:/home/travis/build/zendeskgarden/react-components/packages/typography/src/views/MD.js
FN:23,(anonymous_0)
FN:25,(anonymous_1)
FN:31,(anonymous_2)
FNF:3
FNH:3
FNDA:2,(anonymous_0)
FNDA:2,(anonymous_1)
FNDA:2,(anonymous_2)
DA:14,2
DA:16,2
DA:23,2
DA:25,2
DA:31,2
DA:32,2
DA:34,2
DA:37,2
DA:42,2
LF:9
LH:9
BRDA:23,0,0,1
BRDA:23,0,1,1
BRF:2
BRH:2
end_of_record
TN:
SF:/home/travis/build/zendeskgarden/react-components/packages/typography/src/views/SM.js
FN:23,(anonymous_0)
FN:25,(anonymous_1)
FN:31,(anonymous_2)
FNF:3
FNH:3
FNDA:2,(anonymous_0)
FNDA:2,(anonymous_1)
FNDA:2,(anonymous_2)
DA:14,2
DA:16,2
DA:23,2
DA:25,2
DA:31,2
DA:32,2
DA:34,2
DA:37,2
DA:42,2
LF:9
LH:9
BRDA:23,0,0,1
BRDA:23,0,1,1
BRF:2
BRH:2
end_of_record
TN:
SF:/home/travis/build/zendeskgarden/react-components/packages/typography/src/views/XL.js
FN:23,(anonymous_0)
FN:25,(anonymous_1)
FN:31,(anonymous_2)
FNF:3
FNH:3
FNDA:2,(anonymous_0)
FNDA:2,(anonymous_1)
FNDA:2,(anonymous_2)
DA:14,2
DA:16,2
DA:23,2
DA:25,2
DA:31,2
DA:32,2
DA:34,2
DA:37,2
DA:42,2
LF:9
LH:9
BRDA:23,0,0,1
BRDA:23,0,1,1
BRF:2
BRH:2
end_of_record
TN:
SF:/home/travis/build/zendeskgarden/react-components/packages/typography/src/views/XXL.js
FN:23,(anonymous_0)
FN:25,(anonymous_1)
FN:31,(anonymous_2)
FNF:3
FNH:3
FNDA:2,(anonymous_0)
FNDA:2,(anonymous_1)
FNDA:2,(anonymous_2)
DA:14,2
DA:16,2
DA:23,2
DA:25,2
DA:31,2
DA:32,2
DA:34,2
DA:37,2
DA:42,2
LF:9
LH:9
BRDA:23,0,0,1
BRDA:23,0,1,1
BRF:2
BRH:2
end_of_record
TN:
SF:/home/travis/build/zendeskgarden/react-components/packages/typography/src/views/XXXL.js
FN:23,(anonymous_0)
FN:25,(anonymous_1)
FN:31,(anonymous_2)
FNF:3
FNH:3
FNDA:2,(anonymous_0)
FNDA:2,(anonymous_1)
FNDA:2,(anonymous_2)
DA:14,2
DA:16,2
DA:23,2
DA:25,2
DA:31,2
DA:32,2
DA:34,2
DA:37,2
DA:42,2
LF:9
LH:9
BRDA:23,0,0,1
BRDA:23,0,1,1
BRF:2
BRH:2
end_of_record
TN:
SF:/home/travis/build/zendeskgarden/react-components/packages/utilities/src/utils/hasType.js
FN:14,(anonymous_0)
FNF:1
FNH:1
FNDA:1956,(anonymous_0)
DA:15,1956
DA:16,1955
DA:17,1955
DA:21,1955
DA:22,1776
DA:23,179
DA:24,0
DA:27,1955
LF:8
LH:7
BRDA:14,0,0,0
BRDA:15,1,0,1
BRDA:15,1,1,1955
BRDA:16,2,0,0
BRDA:21,3,0,1776
BRDA:21,3,1,179
BRDA:23,4,0,0
BRDA:23,4,1,179
BRDA:23,5,0,179
BRDA:23,5,1,33
BRF:10
BRH:7
end_of_record
TN:
SF:/home/travis/build/zendeskgarden/react-components/packages/utilities/src/utils/requiredParam.js
FN:14,(anonymous_0)
FNF:1
FNH:1
FNDA:2,(anonymous_0)
DA:15,2
DA:16,1
DA:19,1
LF:3
LH:3
BRDA:15,0,0,1
BRDA:15,0,1,1
BRF:2
BRH:2
end_of_record
